2024-02-28 15:39:12 |WARN  |main |LoadBalancerCacheAutoConfiguration.java:82 |org.springframework.cloud.loadbalancer.config.LoadBalancerCacheAutoConfiguration$LoadBalancerCaffeineWarnLogger |Spring Cloud LoadBalancer is currently working with the default cache. While this cache implementation is useful for development and tests, it's recommended to use Caffeine cache in production.You can switch to using Caffeine cache, by adding it and org.springframework.cache.caffeine.CaffeineCacheManager to the classpath.
2024-02-28 15:39:13 |WARN  |main |TableInfoHelper.java:423 |com.baomidou.mybatisplus.core.metadata.TableInfoHelper |This primary key of "id" is primitive !不建议如此请使用包装类 in Class: "ljl.entity.notice.dynamic.DynamicToUser"
2024-02-28 15:52:54 |WARN  |Thread-52 |NotifyCenter.java:136 |com.alibaba.nacos.common.notify.NotifyCenter |[NotifyCenter] Start destroying Publisher
2024-02-28 15:52:54 |WARN  |Thread-55 |HttpClientBeanHolder.java:108 |com.alibaba.nacos.common.http.HttpClientBeanHolder |[HttpClientBeanHolder] Start destroying common HttpClient
2024-02-28 15:52:54 |WARN  |Thread-52 |NotifyCenter.java:153 |com.alibaba.nacos.common.notify.NotifyCenter |[NotifyCenter] Destruction of the end
2024-02-28 15:52:54 |WARN  |Thread-55 |HttpClientBeanHolder.java:114 |com.alibaba.nacos.common.http.HttpClientBeanHolder |[HttpClientBeanHolder] Destruction of the end
2024-02-28 15:53:24 |WARN  |main |LoadBalancerCacheAutoConfiguration.java:82 |org.springframework.cloud.loadbalancer.config.LoadBalancerCacheAutoConfiguration$LoadBalancerCaffeineWarnLogger |Spring Cloud LoadBalancer is currently working with the default cache. While this cache implementation is useful for development and tests, it's recommended to use Caffeine cache in production.You can switch to using Caffeine cache, by adding it and org.springframework.cache.caffeine.CaffeineCacheManager to the classpath.
2024-02-28 15:53:25 |WARN  |main |TableInfoHelper.java:423 |com.baomidou.mybatisplus.core.metadata.TableInfoHelper |This primary key of "id" is primitive !不建议如此请使用包装类 in Class: "ljl.entity.notice.dynamic.DynamicToUser"
2024-02-28 16:04:40 |WARN  |Thread-29 |HttpClientBeanHolder.java:108 |com.alibaba.nacos.common.http.HttpClientBeanHolder |[HttpClientBeanHolder] Start destroying common HttpClient
2024-02-28 16:04:40 |WARN  |Thread-26 |NotifyCenter.java:136 |com.alibaba.nacos.common.notify.NotifyCenter |[NotifyCenter] Start destroying Publisher
2024-02-28 16:04:40 |WARN  |Thread-26 |NotifyCenter.java:153 |com.alibaba.nacos.common.notify.NotifyCenter |[NotifyCenter] Destruction of the end
2024-02-28 16:04:40 |WARN  |Thread-29 |HttpClientBeanHolder.java:114 |com.alibaba.nacos.common.http.HttpClientBeanHolder |[HttpClientBeanHolder] Destruction of the end
2024-02-28 16:05:11 |WARN  |main |LoadBalancerCacheAutoConfiguration.java:82 |org.springframework.cloud.loadbalancer.config.LoadBalancerCacheAutoConfiguration$LoadBalancerCaffeineWarnLogger |Spring Cloud LoadBalancer is currently working with the default cache. While this cache implementation is useful for development and tests, it's recommended to use Caffeine cache in production.You can switch to using Caffeine cache, by adding it and org.springframework.cache.caffeine.CaffeineCacheManager to the classpath.
2024-02-28 16:05:11 |WARN  |main |TableInfoHelper.java:423 |com.baomidou.mybatisplus.core.metadata.TableInfoHelper |This primary key of "id" is primitive !不建议如此请使用包装类 in Class: "ljl.entity.notice.dynamic.DynamicToUser"
2024-02-28 16:28:48 |WARN  |Thread-27 |HttpClientBeanHolder.java:108 |com.alibaba.nacos.common.http.HttpClientBeanHolder |[HttpClientBeanHolder] Start destroying common HttpClient
2024-02-28 16:28:48 |WARN  |Thread-24 |NotifyCenter.java:136 |com.alibaba.nacos.common.notify.NotifyCenter |[NotifyCenter] Start destroying Publisher
2024-02-28 16:28:48 |WARN  |Thread-24 |NotifyCenter.java:153 |com.alibaba.nacos.common.notify.NotifyCenter |[NotifyCenter] Destruction of the end
2024-02-28 16:28:48 |WARN  |Thread-27 |HttpClientBeanHolder.java:114 |com.alibaba.nacos.common.http.HttpClientBeanHolder |[HttpClientBeanHolder] Destruction of the end
2024-02-28 16:48:26 |WARN  |main |LoadBalancerCacheAutoConfiguration.java:82 |org.springframework.cloud.loadbalancer.config.LoadBalancerCacheAutoConfiguration$LoadBalancerCaffeineWarnLogger |Spring Cloud LoadBalancer is currently working with the default cache. While this cache implementation is useful for development and tests, it's recommended to use Caffeine cache in production.You can switch to using Caffeine cache, by adding it and org.springframework.cache.caffeine.CaffeineCacheManager to the classpath.
2024-02-28 16:48:27 |WARN  |main |TableInfoHelper.java:423 |com.baomidou.mybatisplus.core.metadata.TableInfoHelper |This primary key of "id" is primitive !不建议如此请使用包装类 in Class: "ljl.entity.notice.dynamic.DynamicToUser"
2024-02-28 17:04:24 |WARN  |Thread-51 |HttpClientBeanHolder.java:108 |com.alibaba.nacos.common.http.HttpClientBeanHolder |[HttpClientBeanHolder] Start destroying common HttpClient
2024-02-28 17:04:24 |WARN  |Thread-48 |NotifyCenter.java:136 |com.alibaba.nacos.common.notify.NotifyCenter |[NotifyCenter] Start destroying Publisher
2024-02-28 17:04:24 |WARN  |Thread-48 |NotifyCenter.java:153 |com.alibaba.nacos.common.notify.NotifyCenter |[NotifyCenter] Destruction of the end
2024-02-28 17:04:24 |WARN  |Thread-51 |HttpClientBeanHolder.java:114 |com.alibaba.nacos.common.http.HttpClientBeanHolder |[HttpClientBeanHolder] Destruction of the end
2024-02-28 17:04:27 |WARN  |nacos-grpc-client-executor-15 |LoggerUtils.java:86 |com.alibaba.nacos.common.remote.client.grpc.GrpcClient |[1709110104738_120.227.129.112_46639]Ignore error event,isRunning:true,isAbandon=true
2024-02-28 17:05:13 |WARN  |main |LoadBalancerCacheAutoConfiguration.java:82 |org.springframework.cloud.loadbalancer.config.LoadBalancerCacheAutoConfiguration$LoadBalancerCaffeineWarnLogger |Spring Cloud LoadBalancer is currently working with the default cache. While this cache implementation is useful for development and tests, it's recommended to use Caffeine cache in production.You can switch to using Caffeine cache, by adding it and org.springframework.cache.caffeine.CaffeineCacheManager to the classpath.
2024-02-28 17:05:13 |WARN  |main |TableInfoHelper.java:423 |com.baomidou.mybatisplus.core.metadata.TableInfoHelper |This primary key of "id" is primitive !不建议如此请使用包装类 in Class: "ljl.entity.notice.dynamic.DynamicToUser"
2024-02-28 17:06:00 |WARN  |Thread-33 |HttpClientBeanHolder.java:108 |com.alibaba.nacos.common.http.HttpClientBeanHolder |[HttpClientBeanHolder] Start destroying common HttpClient
2024-02-28 17:06:00 |WARN  |Thread-33 |HttpClientBeanHolder.java:114 |com.alibaba.nacos.common.http.HttpClientBeanHolder |[HttpClientBeanHolder] Destruction of the end
2024-02-28 17:06:00 |WARN  |Thread-30 |NotifyCenter.java:136 |com.alibaba.nacos.common.notify.NotifyCenter |[NotifyCenter] Start destroying Publisher
2024-02-28 17:06:00 |WARN  |Thread-30 |NotifyCenter.java:153 |com.alibaba.nacos.common.notify.NotifyCenter |[NotifyCenter] Destruction of the end
2024-02-28 17:06:26 |WARN  |main |LoadBalancerCacheAutoConfiguration.java:82 |org.springframework.cloud.loadbalancer.config.LoadBalancerCacheAutoConfiguration$LoadBalancerCaffeineWarnLogger |Spring Cloud LoadBalancer is currently working with the default cache. While this cache implementation is useful for development and tests, it's recommended to use Caffeine cache in production.You can switch to using Caffeine cache, by adding it and org.springframework.cache.caffeine.CaffeineCacheManager to the classpath.
2024-02-28 17:06:27 |WARN  |main |TableInfoHelper.java:423 |com.baomidou.mybatisplus.core.metadata.TableInfoHelper |This primary key of "id" is primitive !不建议如此请使用包装类 in Class: "ljl.entity.notice.dynamic.DynamicToUser"
2024-02-28 18:18:33 |WARN  |Thread-26 |HttpClientBeanHolder.java:108 |com.alibaba.nacos.common.http.HttpClientBeanHolder |[HttpClientBeanHolder] Start destroying common HttpClient
2024-02-28 18:18:33 |WARN  |Thread-23 |NotifyCenter.java:136 |com.alibaba.nacos.common.notify.NotifyCenter |[NotifyCenter] Start destroying Publisher
2024-02-28 18:18:33 |WARN  |Thread-23 |NotifyCenter.java:153 |com.alibaba.nacos.common.notify.NotifyCenter |[NotifyCenter] Destruction of the end
2024-02-28 18:18:33 |WARN  |Thread-26 |HttpClientBeanHolder.java:114 |com.alibaba.nacos.common.http.HttpClientBeanHolder |[HttpClientBeanHolder] Destruction of the end
2024-02-28 18:19:21 |WARN  |main |LoadBalancerCacheAutoConfiguration.java:82 |org.springframework.cloud.loadbalancer.config.LoadBalancerCacheAutoConfiguration$LoadBalancerCaffeineWarnLogger |Spring Cloud LoadBalancer is currently working with the default cache. While this cache implementation is useful for development and tests, it's recommended to use Caffeine cache in production.You can switch to using Caffeine cache, by adding it and org.springframework.cache.caffeine.CaffeineCacheManager to the classpath.
2024-02-28 18:19:22 |WARN  |main |TableInfoHelper.java:423 |com.baomidou.mybatisplus.core.metadata.TableInfoHelper |This primary key of "id" is primitive !不建议如此请使用包装类 in Class: "ljl.entity.notice.dynamic.DynamicToUser"
2024-02-28 18:22:12 |WARN  |Thread-29 |NotifyCenter.java:136 |com.alibaba.nacos.common.notify.NotifyCenter |[NotifyCenter] Start destroying Publisher
2024-02-28 18:22:12 |WARN  |Thread-29 |NotifyCenter.java:153 |com.alibaba.nacos.common.notify.NotifyCenter |[NotifyCenter] Destruction of the end
2024-02-28 18:22:12 |WARN  |Thread-32 |HttpClientBeanHolder.java:108 |com.alibaba.nacos.common.http.HttpClientBeanHolder |[HttpClientBeanHolder] Start destroying common HttpClient
2024-02-28 18:22:12 |WARN  |Thread-32 |HttpClientBeanHolder.java:114 |com.alibaba.nacos.common.http.HttpClientBeanHolder |[HttpClientBeanHolder] Destruction of the end
2024-02-28 18:22:40 |WARN  |main |LoadBalancerCacheAutoConfiguration.java:82 |org.springframework.cloud.loadbalancer.config.LoadBalancerCacheAutoConfiguration$LoadBalancerCaffeineWarnLogger |Spring Cloud LoadBalancer is currently working with the default cache. While this cache implementation is useful for development and tests, it's recommended to use Caffeine cache in production.You can switch to using Caffeine cache, by adding it and org.springframework.cache.caffeine.CaffeineCacheManager to the classpath.
2024-02-28 18:22:41 |WARN  |main |TableInfoHelper.java:423 |com.baomidou.mybatisplus.core.metadata.TableInfoHelper |This primary key of "id" is primitive !不建议如此请使用包装类 in Class: "ljl.entity.notice.dynamic.DynamicToUser"
2024-02-28 19:14:57 |WARN  |Thread-26 |NotifyCenter.java:136 |com.alibaba.nacos.common.notify.NotifyCenter |[NotifyCenter] Start destroying Publisher
2024-02-28 19:14:57 |WARN  |Thread-26 |NotifyCenter.java:153 |com.alibaba.nacos.common.notify.NotifyCenter |[NotifyCenter] Destruction of the end
2024-02-28 19:14:57 |WARN  |Thread-29 |HttpClientBeanHolder.java:108 |com.alibaba.nacos.common.http.HttpClientBeanHolder |[HttpClientBeanHolder] Start destroying common HttpClient
2024-02-28 19:14:58 |WARN  |Thread-29 |HttpClientBeanHolder.java:114 |com.alibaba.nacos.common.http.HttpClientBeanHolder |[HttpClientBeanHolder] Destruction of the end
2024-02-28 19:16:19 |WARN  |main |LoadBalancerCacheAutoConfiguration.java:82 |org.springframework.cloud.loadbalancer.config.LoadBalancerCacheAutoConfiguration$LoadBalancerCaffeineWarnLogger |Spring Cloud LoadBalancer is currently working with the default cache. While this cache implementation is useful for development and tests, it's recommended to use Caffeine cache in production.You can switch to using Caffeine cache, by adding it and org.springframework.cache.caffeine.CaffeineCacheManager to the classpath.
2024-02-28 19:16:20 |WARN  |main |TableInfoHelper.java:423 |com.baomidou.mybatisplus.core.metadata.TableInfoHelper |This primary key of "id" is primitive !不建议如此请使用包装类 in Class: "ljl.entity.notice.dynamic.DynamicToUser"
2024-02-28 19:33:04 |WARN  |Thread-41 |HttpClientBeanHolder.java:108 |com.alibaba.nacos.common.http.HttpClientBeanHolder |[HttpClientBeanHolder] Start destroying common HttpClient
2024-02-28 19:33:04 |WARN  |Thread-38 |NotifyCenter.java:136 |com.alibaba.nacos.common.notify.NotifyCenter |[NotifyCenter] Start destroying Publisher
2024-02-28 19:33:04 |WARN  |Thread-38 |NotifyCenter.java:153 |com.alibaba.nacos.common.notify.NotifyCenter |[NotifyCenter] Destruction of the end
2024-02-28 19:33:04 |WARN  |Thread-41 |HttpClientBeanHolder.java:114 |com.alibaba.nacos.common.http.HttpClientBeanHolder |[HttpClientBeanHolder] Destruction of the end
2024-02-28 19:33:41 |WARN  |main |LoadBalancerCacheAutoConfiguration.java:82 |org.springframework.cloud.loadbalancer.config.LoadBalancerCacheAutoConfiguration$LoadBalancerCaffeineWarnLogger |Spring Cloud LoadBalancer is currently working with the default cache. While this cache implementation is useful for development and tests, it's recommended to use Caffeine cache in production.You can switch to using Caffeine cache, by adding it and org.springframework.cache.caffeine.CaffeineCacheManager to the classpath.
2024-02-28 19:33:42 |WARN  |main |TableInfoHelper.java:423 |com.baomidou.mybatisplus.core.metadata.TableInfoHelper |This primary key of "id" is primitive !不建议如此请使用包装类 in Class: "ljl.entity.notice.dynamic.DynamicToUser"
2024-02-28 19:50:40 |WARN  |Thread-29 |NotifyCenter.java:136 |com.alibaba.nacos.common.notify.NotifyCenter |[NotifyCenter] Start destroying Publisher
2024-02-28 19:50:40 |WARN  |Thread-29 |NotifyCenter.java:153 |com.alibaba.nacos.common.notify.NotifyCenter |[NotifyCenter] Destruction of the end
2024-02-28 19:50:40 |WARN  |Thread-32 |HttpClientBeanHolder.java:108 |com.alibaba.nacos.common.http.HttpClientBeanHolder |[HttpClientBeanHolder] Start destroying common HttpClient
2024-02-28 19:50:40 |WARN  |Thread-32 |HttpClientBeanHolder.java:114 |com.alibaba.nacos.common.http.HttpClientBeanHolder |[HttpClientBeanHolder] Destruction of the end
2024-02-28 19:51:14 |WARN  |main |LoadBalancerCacheAutoConfiguration.java:82 |org.springframework.cloud.loadbalancer.config.LoadBalancerCacheAutoConfiguration$LoadBalancerCaffeineWarnLogger |Spring Cloud LoadBalancer is currently working with the default cache. While this cache implementation is useful for development and tests, it's recommended to use Caffeine cache in production.You can switch to using Caffeine cache, by adding it and org.springframework.cache.caffeine.CaffeineCacheManager to the classpath.
2024-02-28 19:51:14 |WARN  |main |TableInfoHelper.java:423 |com.baomidou.mybatisplus.core.metadata.TableInfoHelper |This primary key of "id" is primitive !不建议如此请使用包装类 in Class: "ljl.entity.notice.dynamic.DynamicToUser"
2024-02-28 19:51:57 |WARN  |Thread-27 |NotifyCenter.java:136 |com.alibaba.nacos.common.notify.NotifyCenter |[NotifyCenter] Start destroying Publisher
2024-02-28 19:51:57 |WARN  |Thread-27 |NotifyCenter.java:153 |com.alibaba.nacos.common.notify.NotifyCenter |[NotifyCenter] Destruction of the end
2024-02-28 19:51:57 |WARN  |Thread-30 |HttpClientBeanHolder.java:108 |com.alibaba.nacos.common.http.HttpClientBeanHolder |[HttpClientBeanHolder] Start destroying common HttpClient
2024-02-28 19:51:57 |WARN  |Thread-30 |HttpClientBeanHolder.java:114 |com.alibaba.nacos.common.http.HttpClientBeanHolder |[HttpClientBeanHolder] Destruction of the end
2024-02-28 19:52:22 |WARN  |main |LoadBalancerCacheAutoConfiguration.java:82 |org.springframework.cloud.loadbalancer.config.LoadBalancerCacheAutoConfiguration$LoadBalancerCaffeineWarnLogger |Spring Cloud LoadBalancer is currently working with the default cache. While this cache implementation is useful for development and tests, it's recommended to use Caffeine cache in production.You can switch to using Caffeine cache, by adding it and org.springframework.cache.caffeine.CaffeineCacheManager to the classpath.
2024-02-28 19:52:22 |WARN  |main |TableInfoHelper.java:423 |com.baomidou.mybatisplus.core.metadata.TableInfoHelper |This primary key of "id" is primitive !不建议如此请使用包装类 in Class: "ljl.entity.notice.dynamic.DynamicToUser"
2024-02-28 19:55:27 |WARN  |Thread-23 |NotifyCenter.java:136 |com.alibaba.nacos.common.notify.NotifyCenter |[NotifyCenter] Start destroying Publisher
2024-02-28 19:55:27 |WARN  |Thread-26 |HttpClientBeanHolder.java:108 |com.alibaba.nacos.common.http.HttpClientBeanHolder |[HttpClientBeanHolder] Start destroying common HttpClient
2024-02-28 19:55:27 |WARN  |Thread-23 |NotifyCenter.java:153 |com.alibaba.nacos.common.notify.NotifyCenter |[NotifyCenter] Destruction of the end
2024-02-28 19:55:27 |WARN  |Thread-26 |HttpClientBeanHolder.java:114 |com.alibaba.nacos.common.http.HttpClientBeanHolder |[HttpClientBeanHolder] Destruction of the end
2024-02-28 19:56:07 |WARN  |main |LoadBalancerCacheAutoConfiguration.java:82 |org.springframework.cloud.loadbalancer.config.LoadBalancerCacheAutoConfiguration$LoadBalancerCaffeineWarnLogger |Spring Cloud LoadBalancer is currently working with the default cache. While this cache implementation is useful for development and tests, it's recommended to use Caffeine cache in production.You can switch to using Caffeine cache, by adding it and org.springframework.cache.caffeine.CaffeineCacheManager to the classpath.
2024-02-28 19:56:07 |WARN  |main |TableInfoHelper.java:423 |com.baomidou.mybatisplus.core.metadata.TableInfoHelper |This primary key of "id" is primitive !不建议如此请使用包装类 in Class: "ljl.entity.notice.dynamic.DynamicToUser"
2024-02-28 19:57:11 |WARN  |Thread-26 |NotifyCenter.java:136 |com.alibaba.nacos.common.notify.NotifyCenter |[NotifyCenter] Start destroying Publisher
2024-02-28 19:57:11 |WARN  |Thread-29 |HttpClientBeanHolder.java:108 |com.alibaba.nacos.common.http.HttpClientBeanHolder |[HttpClientBeanHolder] Start destroying common HttpClient
2024-02-28 19:57:11 |WARN  |Thread-26 |NotifyCenter.java:153 |com.alibaba.nacos.common.notify.NotifyCenter |[NotifyCenter] Destruction of the end
2024-02-28 19:57:11 |WARN  |Thread-29 |HttpClientBeanHolder.java:114 |com.alibaba.nacos.common.http.HttpClientBeanHolder |[HttpClientBeanHolder] Destruction of the end
2024-02-28 19:57:36 |WARN  |main |LoadBalancerCacheAutoConfiguration.java:82 |org.springframework.cloud.loadbalancer.config.LoadBalancerCacheAutoConfiguration$LoadBalancerCaffeineWarnLogger |Spring Cloud LoadBalancer is currently working with the default cache. While this cache implementation is useful for development and tests, it's recommended to use Caffeine cache in production.You can switch to using Caffeine cache, by adding it and org.springframework.cache.caffeine.CaffeineCacheManager to the classpath.
2024-02-28 19:57:36 |WARN  |main |TableInfoHelper.java:423 |com.baomidou.mybatisplus.core.metadata.TableInfoHelper |This primary key of "id" is primitive !不建议如此请使用包装类 in Class: "ljl.entity.notice.dynamic.DynamicToUser"
2024-02-28 20:09:49 |WARN  |Thread-26 |HttpClientBeanHolder.java:108 |com.alibaba.nacos.common.http.HttpClientBeanHolder |[HttpClientBeanHolder] Start destroying common HttpClient
2024-02-28 20:09:49 |WARN  |Thread-23 |NotifyCenter.java:136 |com.alibaba.nacos.common.notify.NotifyCenter |[NotifyCenter] Start destroying Publisher
2024-02-28 20:09:49 |WARN  |Thread-23 |NotifyCenter.java:153 |com.alibaba.nacos.common.notify.NotifyCenter |[NotifyCenter] Destruction of the end
2024-02-28 20:09:49 |WARN  |Thread-26 |HttpClientBeanHolder.java:114 |com.alibaba.nacos.common.http.HttpClientBeanHolder |[HttpClientBeanHolder] Destruction of the end
2024-02-28 20:10:32 |WARN  |main |LoadBalancerCacheAutoConfiguration.java:82 |org.springframework.cloud.loadbalancer.config.LoadBalancerCacheAutoConfiguration$LoadBalancerCaffeineWarnLogger |Spring Cloud LoadBalancer is currently working with the default cache. While this cache implementation is useful for development and tests, it's recommended to use Caffeine cache in production.You can switch to using Caffeine cache, by adding it and org.springframework.cache.caffeine.CaffeineCacheManager to the classpath.
2024-02-28 20:10:32 |WARN  |main |TableInfoHelper.java:423 |com.baomidou.mybatisplus.core.metadata.TableInfoHelper |This primary key of "id" is primitive !不建议如此请使用包装类 in Class: "ljl.entity.notice.dynamic.DynamicToUser"
2024-02-28 20:11:40 |WARN  |Thread-26 |NotifyCenter.java:136 |com.alibaba.nacos.common.notify.NotifyCenter |[NotifyCenter] Start destroying Publisher
2024-02-28 20:11:40 |WARN  |Thread-26 |NotifyCenter.java:153 |com.alibaba.nacos.common.notify.NotifyCenter |[NotifyCenter] Destruction of the end
2024-02-28 20:11:40 |WARN  |Thread-29 |HttpClientBeanHolder.java:108 |com.alibaba.nacos.common.http.HttpClientBeanHolder |[HttpClientBeanHolder] Start destroying common HttpClient
2024-02-28 20:11:40 |WARN  |Thread-29 |HttpClientBeanHolder.java:114 |com.alibaba.nacos.common.http.HttpClientBeanHolder |[HttpClientBeanHolder] Destruction of the end
