2024-02-27 00:06:31 |WARN  |nacos-grpc-client-executor-504 |LoggerUtils.java:86 |com.alibaba.nacos.common.remote.client.grpc.GrpcClient |[1708962986987_120.227.129.112_46758]Ignore error event,isRunning:true,isAbandon=true
2024-02-27 00:12:45 |WARN  |ConsumeMessageThread_2 |DefaultRocketMQListenerContainer.java:354 |org.apache.rocketmq.spring.support.DefaultRocketMQListenerContainer |consume message failed. messageExt:MessageExt [queueId=0, storeSize=511, queueOffset=8, sysFlag=0, bornTimestamp=1708963884688, bornHost=/120.227.129.112:46428, storeTimestamp=1708963884837, storeHost=/120.55.183.155:10911, msgId=7837B79B00002A9F0000000000167488, commitLogOffset=1471624, bodyCRC=436855113, reconsumeTimes=0, preparedTransactionOffset=0, toString()=Message{topic='mysqlToEs', flag=0, properties={MIN_OFFSET=0, MAX_OFFSET=9, CONSUME_START_TIME=1708963884728, id=98170233-abc0-e237-1dd9-49837f542438, UNIQ_KEY=C0A80065465014DAD5DC85EFCA90000F, CLUSTER=DefaultCluster, contentType=text/plain;charset=UTF-8, timestamp=1708963884671}, body=[123, 34, 105, 100, 34, 58, 49, 52, 48, 44, 34, 99, 114, 101, 97, 116, 101, 95, 116, 105, 109, 101, 34, 58, 34, 50, 48, 50, 52, 45, 48, 50, 45, 50, 55, 84, 48, 48, 58, 49, 49, 58, 50, 52, 46, 49, 51, 53, 34, 44, 34, 117, 115, 101, 114, 95, 105, 100, 34, 58, 54, 44, 34, 105, 110, 116, 114, 111, 34, 58, 34, -27, -111, -125, -27, -111, -125, -27, -111, -125, 34, 44, 34, 108, 101, 110, 103, 116, 104, 34, 58, 110, 117, 108, 108, 44, 34, 110, 97, 109, 101, 34, 58, 34, 101, 101, 101, 34, 44, 34, 117, 114, 108, 34, 58, 34, 104, 116, 116, 112, 58, 47, 47, 49, 50, 48, 46, 53, 53, 46, 49, 56, 51, 46, 49, 53, 53, 58, 57, 48, 48, 48, 47, 118, 105, 100, 101, 111, 47, 101, 101, 101, 49, 57, 99, 53, 52, 50, 56, 49, 45, 50, 34, 44, 34, 99, 111, 118, 101, 114, 34, 58, 34, 104, 116, 116, 112, 58, 47, 47, 49, 50, 48, 46, 53, 53, 46, 49, 56, 51, 46, 49, 53, 53, 58, 57, 48, 48, 48, 47, 105, 109, 103, 47, 100, 101, 102, 117, 97, 108, 116, 46, 112, 110, 103, 34, 44, 34, 116, 97, 98, 108, 101, 34, 58, 34, 118, 105, 100, 101, 111, 34, 44, 34, 116, 121, 112, 101, 34, 58, 34, 97, 100, 100, 34, 125], transactionId='null'}]
org.springframework.dao.QueryTimeoutException: Redis command timed out; nested exception is io.lettuce.core.RedisCommandTimeoutException: Command timed out after 1 minute(s)
	at org.springframework.data.redis.connection.lettuce.LettuceExceptionConverter.convert(LettuceExceptionConverter.java:70)
	at org.springframework.data.redis.connection.lettuce.LettuceExceptionConverter.convert(LettuceExceptionConverter.java:41)
	at org.springframework.data.redis.PassThroughExceptionTranslationStrategy.translate(PassThroughExceptionTranslationStrategy.java:44)
	at org.springframework.data.redis.FallbackExceptionTranslationStrategy.translate(FallbackExceptionTranslationStrategy.java:42)
	at org.springframework.data.redis.connection.lettuce.LettuceConnection.convertLettuceAccessException(LettuceConnection.java:272)
	at org.springframework.data.redis.connection.lettuce.LettuceConnection.await(LettuceConnection.java:1063)
	at org.springframework.data.redis.connection.lettuce.LettuceConnection.lambda$doInvoke$4(LettuceConnection.java:920)
	at org.springframework.data.redis.connection.lettuce.LettuceInvoker$Synchronizer.invoke(LettuceInvoker.java:665)
	at org.springframework.data.redis.connection.lettuce.LettuceInvoker.just(LettuceInvoker.java:109)
	at org.springframework.data.redis.connection.lettuce.LettuceListCommands.rPush(LettuceListCommands.java:53)
	at org.springframework.data.redis.connection.DefaultedRedisConnection.rPush(DefaultedRedisConnection.java:653)
	at org.springframework.data.redis.core.DefaultListOperations.lambda$rightPush$12(DefaultListOperations.java:280)
	at org.springframework.data.redis.core.RedisTemplate.execute(RedisTemplate.java:223)
	at org.springframework.data.redis.core.RedisTemplate.execute(RedisTemplate.java:190)
	at org.springframework.data.redis.core.AbstractOperations.execute(AbstractOperations.java:97)
	at org.springframework.data.redis.core.DefaultListOperations.rightPush(DefaultListOperations.java:280)
	at ljl.consumer.mysql_es.MysqlToEsConsumer.onMessage(MysqlToEsConsumer.java:43)
	at ljl.consumer.mysql_es.MysqlToEsConsumer.onMessage(MysqlToEsConsumer.java:18)
	at org.apache.rocketmq.spring.support.DefaultRocketMQListenerContainer$DefaultMessageListenerConcurrently.consumeMessage(DefaultRocketMQListenerContainer.java:350)
	at org.apache.rocketmq.client.impl.consumer.ConsumeMessageConcurrentlyService$ConsumeRequest.run(ConsumeMessageConcurrentlyService.java:411)
	at java.util.concurrent.Executors$RunnableAdapter.call(Executors.java:511)
	at java.util.concurrent.FutureTask.run$$$capture(FutureTask.java:266)
	at java.util.concurrent.FutureTask.run(FutureTask.java)
	at java.util.concurrent.ThreadPoolExecutor.runWorker(ThreadPoolExecutor.java:1142)
	at java.util.concurrent.ThreadPoolExecutor$Worker.run(ThreadPoolExecutor.java:617)
	at java.lang.Thread.run(Thread.java:745)
Caused by: io.lettuce.core.RedisCommandTimeoutException: Command timed out after 1 minute(s)
	at io.lettuce.core.internal.ExceptionFactory.createTimeoutException(ExceptionFactory.java:59)
	at io.lettuce.core.internal.Futures.awaitOrCancel(Futures.java:246)
	at io.lettuce.core.LettuceFutures.awaitOrCancel(LettuceFutures.java:74)
	at org.springframework.data.redis.connection.lettuce.LettuceConnection.await(LettuceConnection.java:1061)
	... 20 common frames omitted
2024-02-27 00:12:45 |WARN  |Thread-46 |HttpClientBeanHolder.java:108 |com.alibaba.nacos.common.http.HttpClientBeanHolder |[HttpClientBeanHolder] Start destroying common HttpClient
2024-02-27 00:12:45 |WARN  |Thread-43 |NotifyCenter.java:136 |com.alibaba.nacos.common.notify.NotifyCenter |[NotifyCenter] Start destroying Publisher
2024-02-27 00:12:45 |WARN  |Thread-46 |HttpClientBeanHolder.java:114 |com.alibaba.nacos.common.http.HttpClientBeanHolder |[HttpClientBeanHolder] Destruction of the end
2024-02-27 00:12:45 |WARN  |Thread-43 |NotifyCenter.java:153 |com.alibaba.nacos.common.notify.NotifyCenter |[NotifyCenter] Destruction of the end
2024-02-27 00:12:45 |WARN  |nacos-grpc-client-executor-570 |LoggerUtils.java:86 |com.alibaba.nacos.common.remote.client.grpc.GrpcClient |[1708963591342_120.227.129.112_46108]Ignore error event,isRunning:true,isAbandon=true
2024-02-27 00:12:47 |WARN  |SpringApplicationShutdownHook |DisposableBeanAdapter.java:222 |org.springframework.beans.factory.support.DisposableBeanAdapter |Invocation of destroy method failed on bean with name 'rocketMQTemplate': java.lang.IllegalStateException: Shutdown in progress
2024-02-27 00:12:47 |WARN  |SpringApplicationShutdownHook |DisposableBeanAdapter.java:329 |org.springframework.beans.factory.support.DisposableBeanAdapter |Custom destroy method 'shutdown' on bean with name 'defaultMQProducer' threw an exception: java.lang.IllegalStateException: Shutdown in progress
2024-02-27 00:13:20 |WARN  |main |TableInfoHelper.java:423 |com.baomidou.mybatisplus.core.metadata.TableInfoHelper |This primary key of "id" is primitive !不建议如此请使用包装类 in Class: "ljl.entity.notice.dynamic.DynamicToUser"
2024-02-27 00:13:28 |WARN  |main |LoadBalancerCacheAutoConfiguration.java:82 |org.springframework.cloud.loadbalancer.config.LoadBalancerCacheAutoConfiguration$LoadBalancerCaffeineWarnLogger |Spring Cloud LoadBalancer is currently working with the default cache. While this cache implementation is useful for development and tests, it's recommended to use Caffeine cache in production.You can switch to using Caffeine cache, by adding it and org.springframework.cache.caffeine.CaffeineCacheManager to the classpath.
2024-02-27 00:14:20 |WARN  |Thread-36 |NotifyCenter.java:136 |com.alibaba.nacos.common.notify.NotifyCenter |[NotifyCenter] Start destroying Publisher
2024-02-27 00:14:20 |WARN  |Thread-36 |NotifyCenter.java:153 |com.alibaba.nacos.common.notify.NotifyCenter |[NotifyCenter] Destruction of the end
2024-02-27 00:14:20 |WARN  |Thread-39 |HttpClientBeanHolder.java:108 |com.alibaba.nacos.common.http.HttpClientBeanHolder |[HttpClientBeanHolder] Start destroying common HttpClient
2024-02-27 00:14:20 |WARN  |Thread-39 |HttpClientBeanHolder.java:114 |com.alibaba.nacos.common.http.HttpClientBeanHolder |[HttpClientBeanHolder] Destruction of the end
2024-02-27 00:14:21 |WARN  |nacos-grpc-client-executor-13 |LoggerUtils.java:86 |com.alibaba.nacos.common.remote.client.grpc.GrpcClient |[1708964007998_120.227.129.112_46371]Ignore error event,isRunning:true,isAbandon=true
2024-02-27 00:14:21 |WARN  |ConsumeMessageThread_1 |DefaultRocketMQListenerContainer.java:354 |org.apache.rocketmq.spring.support.DefaultRocketMQListenerContainer |consume message failed. messageExt:MessageExt [queueId=1, storeSize=395, queueOffset=28, sysFlag=0, bornTimestamp=1708964020221, bornHost=/120.227.129.112:46360, storeTimestamp=1708964020369, storeHost=/120.55.183.155:10911, msgId=7837B79B00002A9F00000000001684C8, commitLogOffset=1475784, bodyCRC=781232544, reconsumeTimes=0, preparedTransactionOffset=0, toString()=Message{topic='dynamic', flag=0, properties={MIN_OFFSET=0, MAX_OFFSET=29, CONSUME_START_TIME=1708964020270, id=824529a7-3e23-c3e4-c344-466003c77fae, UNIQ_KEY=C0A80065357814DAD5DC85F1DBFD0004, CLUSTER=DefaultCluster, contentType=text/plain;charset=UTF-8, timestamp=1708964020191}, body=[123, 34, 105, 100, 34, 58, 110, 117, 108, 108, 44, 34, 118, 105, 100, 101, 111, 78, 97, 109, 101, 34, 58, 34, 101, 101, 101, 34, 44, 34, 99, 114, 101, 97, 116, 101, 84, 105, 109, 101, 34, 58, 110, 117, 108, 108, 44, 34, 118, 105, 100, 101, 111, 67, 111, 118, 101, 114, 34, 58, 34, 104, 116, 116, 112, 58, 47, 47, 49, 50, 48, 46, 53, 53, 46, 49, 56, 51, 46, 49, 53, 53, 58, 57, 48, 48, 48, 47, 105, 109, 103, 47, 100, 101, 102, 117, 97, 108, 116, 46, 112, 110, 103, 34, 44, 34, 118, 105, 100, 101, 111, 73, 100, 34, 58, 49, 52, 49, 44, 34, 97, 117, 116, 104, 111, 114, 73, 100, 34, 58, 54, 125], transactionId='null'}]
org.springframework.beans.factory.BeanCreationNotAllowedException: Error creating bean with name 'transactionManager': Singleton bean creation not allowed while singletons of this factory are in destruction (Do not request a bean from a BeanFactory in a destroy method implementation!)
	at org.springframework.beans.factory.support.DefaultSingletonBeanRegistry.getSingleton(DefaultSingletonBeanRegistry.java:220)
	at org.springframework.beans.factory.support.AbstractBeanFactory.doGetBean(AbstractBeanFactory.java:333)
	at org.springframework.beans.factory.support.AbstractBeanFactory.getBean(AbstractBeanFactory.java:233)
	at org.springframework.beans.factory.support.DefaultListableBeanFactory.resolveNamedBean(DefaultListableBeanFactory.java:1284)
	at org.springframework.beans.factory.support.DefaultListableBeanFactory.resolveNamedBean(DefaultListableBeanFactory.java:1245)
	at org.springframework.beans.factory.support.DefaultListableBeanFactory.resolveBean(DefaultListableBeanFactory.java:494)
	at org.springframework.beans.factory.support.DefaultListableBeanFactory.getBean(DefaultListableBeanFactory.java:349)
	at org.springframework.beans.factory.support.DefaultListableBeanFactory.getBean(DefaultListableBeanFactory.java:342)
	at org.springframework.transaction.interceptor.TransactionAspectSupport.determineTransactionManager(TransactionAspectSupport.java:503)
	at org.springframework.transaction.interceptor.TransactionAspectSupport.invokeWithinTransaction(TransactionAspectSupport.java:342)
	at org.springframework.transaction.interceptor.TransactionInterceptor.invoke(TransactionInterceptor.java:119)
	at org.springframework.aop.framework.ReflectiveMethodInvocation.proceed(ReflectiveMethodInvocation.java:186)
	at org.springframework.aop.framework.CglibAopProxy$CglibMethodInvocation.proceed(CglibAopProxy.java:763)
	at org.springframework.aop.framework.CglibAopProxy$DynamicAdvisedInterceptor.intercept(CglibAopProxy.java:708)
	at ljl.service.send_notice.impl.DynamicToUserToUserServiceImpl$$EnhancerBySpringCGLIB$$cb77d97c.saveBatch(<generated>)
	at ljl.consumer.dynamic.DynamicConsumer.onMessage(DynamicConsumer.java:63)
	at ljl.consumer.dynamic.DynamicConsumer.onMessage(DynamicConsumer.java:26)
	at org.apache.rocketmq.spring.support.DefaultRocketMQListenerContainer$DefaultMessageListenerConcurrently.consumeMessage(DefaultRocketMQListenerContainer.java:350)
	at org.apache.rocketmq.client.impl.consumer.ConsumeMessageConcurrentlyService$ConsumeRequest.run(ConsumeMessageConcurrentlyService.java:411)
	at java.util.concurrent.Executors$RunnableAdapter.call(Executors.java:511)
	at java.util.concurrent.FutureTask.run$$$capture(FutureTask.java:266)
	at java.util.concurrent.FutureTask.run(FutureTask.java)
	at java.util.concurrent.ThreadPoolExecutor.runWorker(ThreadPoolExecutor.java:1142)
	at java.util.concurrent.ThreadPoolExecutor$Worker.run(ThreadPoolExecutor.java:617)
	at java.lang.Thread.run(Thread.java:745)
2024-02-27 00:14:23 |WARN  |SpringApplicationShutdownHook |DisposableBeanAdapter.java:222 |org.springframework.beans.factory.support.DisposableBeanAdapter |Invocation of destroy method failed on bean with name 'rocketMQTemplate': java.lang.IllegalStateException: Shutdown in progress
2024-02-27 00:14:23 |WARN  |SpringApplicationShutdownHook |DisposableBeanAdapter.java:329 |org.springframework.beans.factory.support.DisposableBeanAdapter |Custom destroy method 'shutdown' on bean with name 'defaultMQProducer' threw an exception: java.lang.IllegalStateException: Shutdown in progress
2024-02-27 00:14:50 |WARN  |main |TableInfoHelper.java:423 |com.baomidou.mybatisplus.core.metadata.TableInfoHelper |This primary key of "id" is primitive !不建议如此请使用包装类 in Class: "ljl.entity.notice.dynamic.DynamicToUser"
2024-02-27 00:14:58 |WARN  |main |LoadBalancerCacheAutoConfiguration.java:82 |org.springframework.cloud.loadbalancer.config.LoadBalancerCacheAutoConfiguration$LoadBalancerCaffeineWarnLogger |Spring Cloud LoadBalancer is currently working with the default cache. While this cache implementation is useful for development and tests, it's recommended to use Caffeine cache in production.You can switch to using Caffeine cache, by adding it and org.springframework.cache.caffeine.CaffeineCacheManager to the classpath.
2024-02-27 00:16:33 |WARN  |Thread-41 |HttpClientBeanHolder.java:108 |com.alibaba.nacos.common.http.HttpClientBeanHolder |[HttpClientBeanHolder] Start destroying common HttpClient
2024-02-27 00:16:33 |WARN  |Thread-38 |NotifyCenter.java:136 |com.alibaba.nacos.common.notify.NotifyCenter |[NotifyCenter] Start destroying Publisher
2024-02-27 00:16:33 |WARN  |Thread-38 |NotifyCenter.java:153 |com.alibaba.nacos.common.notify.NotifyCenter |[NotifyCenter] Destruction of the end
2024-02-27 00:16:33 |WARN  |Thread-41 |HttpClientBeanHolder.java:114 |com.alibaba.nacos.common.http.HttpClientBeanHolder |[HttpClientBeanHolder] Destruction of the end
2024-02-27 00:16:39 |WARN  |nacos-grpc-client-executor-20 |LoggerUtils.java:86 |com.alibaba.nacos.common.remote.client.grpc.GrpcClient |[1708964097856_120.227.129.112_46445]Ignore error event,isRunning:true,isAbandon=true
2024-02-27 00:16:40 |WARN  |ConsumeMessageThread_1 |DefaultRocketMQListenerContainer.java:354 |org.apache.rocketmq.spring.support.DefaultRocketMQListenerContainer |consume message failed. messageExt:MessageExt [queueId=0, storeSize=509, queueOffset=9, sysFlag=0, bornTimestamp=1708964124150, bornHost=/120.227.129.112:46434, storeTimestamp=1708964124303, storeHost=/120.55.183.155:10911, msgId=7837B79B00002A9F0000000000168D98, commitLogOffset=1478040, bodyCRC=1088228349, reconsumeTimes=0, preparedTransactionOffset=0, toString()=Message{topic='mysqlToEs', flag=0, properties={MIN_OFFSET=0, MAX_OFFSET=10, CONSUME_START_TIME=1708964127290, id=42014888-fb87-0830-a2c1-a9fc8e79dcdd, UNIQ_KEY=C0A800653FE814DAD5DC85F371F30002, CLUSTER=DefaultCluster, contentType=text/plain;charset=UTF-8, timestamp=1708964124144}, body=[123, 34, 105, 100, 34, 58, 49, 52, 50, 44, 34, 99, 114, 101, 97, 116, 101, 95, 116, 105, 109, 101, 34, 58, 34, 50, 48, 50, 52, 45, 48, 50, 45, 50, 55, 84, 48, 48, 58, 49, 53, 58, 50, 51, 46, 55, 34, 44, 34, 117, 115, 101, 114, 95, 105, 100, 34, 58, 54, 44, 34, 105, 110, 116, 114, 111, 34, 58, 34, -27, -111, -125, -27, -111, -125, -27, -111, -125, 34, 44, 34, 108, 101, 110, 103, 116, 104, 34, 58, 110, 117, 108, 108, 44, 34, 110, 97, 109, 101, 34, 58, 34, 101, 101, 101, 34, 44, 34, 117, 114, 108, 34, 58, 34, 104, 116, 116, 112, 58, 47, 47, 49, 50, 48, 46, 53, 53, 46, 49, 56, 51, 46, 49, 53, 53, 58, 57, 48, 48, 48, 47, 118, 105, 100, 101, 111, 47, 101, 101, 101, 52, 99, 100, 51, 54, 49, 55, 55, 45, 99, 34, 44, 34, 99, 111, 118, 101, 114, 34, 58, 34, 104, 116, 116, 112, 58, 47, 47, 49, 50, 48, 46, 53, 53, 46, 49, 56, 51, 46, 49, 53, 53, 58, 57, 48, 48, 48, 47, 105, 109, 103, 47, 100, 101, 102, 117, 97, 108, 116, 46, 112, 110, 103, 34, 44, 34, 116, 97, 98, 108, 101, 34, 58, 34, 118, 105, 100, 101, 111, 34, 44, 34, 116, 121, 112, 101, 34, 58, 34, 97, 100, 100, 34, 125], transactionId='null'}]
org.springframework.data.redis.RedisConnectionFailureException: Unable to connect to Redis; nested exception is io.lettuce.core.RedisConnectionException: Unable to connect to 116.62.71.84:6379
	at org.springframework.data.redis.connection.lettuce.LettuceConnectionFactory$ExceptionTranslatingConnectionProvider.translateException(LettuceConnectionFactory.java:1689)
	at org.springframework.data.redis.connection.lettuce.LettuceConnectionFactory$ExceptionTranslatingConnectionProvider.getConnection(LettuceConnectionFactory.java:1597)
	at org.springframework.data.redis.connection.lettuce.LettuceConnectionFactory$SharedConnection.getNativeConnection(LettuceConnectionFactory.java:1383)
	at org.springframework.data.redis.connection.lettuce.LettuceConnectionFactory$SharedConnection.getConnection(LettuceConnectionFactory.java:1366)
	at org.springframework.data.redis.connection.lettuce.LettuceConnectionFactory.getSharedConnection(LettuceConnectionFactory.java:1093)
	at org.springframework.data.redis.connection.lettuce.LettuceConnectionFactory.getConnection(LettuceConnectionFactory.java:421)
	at org.springframework.data.redis.core.RedisConnectionUtils.fetchConnection(RedisConnectionUtils.java:193)
	at org.springframework.data.redis.core.RedisConnectionUtils.doGetConnection(RedisConnectionUtils.java:144)
	at org.springframework.data.redis.core.RedisConnectionUtils.getConnection(RedisConnectionUtils.java:105)
	at org.springframework.data.redis.core.RedisTemplate.execute(RedisTemplate.java:210)
	at org.springframework.data.redis.core.RedisTemplate.execute(RedisTemplate.java:190)
	at org.springframework.data.redis.core.AbstractOperations.execute(AbstractOperations.java:97)
	at org.springframework.data.redis.core.DefaultListOperations.rightPush(DefaultListOperations.java:280)
	at ljl.consumer.mysql_es.MysqlToEsConsumer.onMessage(MysqlToEsConsumer.java:43)
	at ljl.consumer.mysql_es.MysqlToEsConsumer.onMessage(MysqlToEsConsumer.java:18)
	at org.apache.rocketmq.spring.support.DefaultRocketMQListenerContainer$DefaultMessageListenerConcurrently.consumeMessage(DefaultRocketMQListenerContainer.java:350)
	at org.apache.rocketmq.client.impl.consumer.ConsumeMessageConcurrentlyService$ConsumeRequest.run(ConsumeMessageConcurrentlyService.java:411)
	at java.util.concurrent.Executors$RunnableAdapter.call(Executors.java:511)
	at java.util.concurrent.FutureTask.run$$$capture(FutureTask.java:266)
	at java.util.concurrent.FutureTask.run(FutureTask.java)
	at java.util.concurrent.ThreadPoolExecutor.runWorker(ThreadPoolExecutor.java:1142)
	at java.util.concurrent.ThreadPoolExecutor$Worker.run(ThreadPoolExecutor.java:617)
	at java.lang.Thread.run(Thread.java:745)
Caused by: io.lettuce.core.RedisConnectionException: Unable to connect to 116.62.71.84:6379
	at io.lettuce.core.RedisConnectionException.create(RedisConnectionException.java:78)
	at io.lettuce.core.RedisConnectionException.create(RedisConnectionException.java:56)
	at io.lettuce.core.AbstractRedisClient.getConnection(AbstractRedisClient.java:330)
	at io.lettuce.core.RedisClient.connect(RedisClient.java:216)
	at org.springframework.data.redis.connection.lettuce.StandaloneConnectionProvider.lambda$getConnection$1(StandaloneConnectionProvider.java:115)
	at java.util.Optional.orElseGet(Optional.java:267)
	at org.springframework.data.redis.connection.lettuce.StandaloneConnectionProvider.getConnection(StandaloneConnectionProvider.java:115)
	at org.springframework.data.redis.connection.lettuce.LettuceConnectionFactory$ExceptionTranslatingConnectionProvider.getConnection(LettuceConnectionFactory.java:1595)
	... 21 common frames omitted
Caused by: java.nio.channels.ClosedChannelException: null
	at io.netty.channel.nio.AbstractNioChannel.doClose(AbstractNioChannel.java:502)
	at io.netty.channel.socket.nio.NioSocketChannel.doClose(NioSocketChannel.java:349)
	at io.netty.channel.AbstractChannel$AbstractUnsafe.doClose0(AbstractChannel.java:754)
	at io.netty.channel.AbstractChannel$AbstractUnsafe.close(AbstractChannel.java:731)
	at io.netty.channel.AbstractChannel$AbstractUnsafe.close(AbstractChannel.java:620)
	at io.netty.channel.DefaultChannelPipeline$HeadContext.close(DefaultChannelPipeline.java:1352)
	at io.netty.channel.AbstractChannelHandlerContext.invokeClose(AbstractChannelHandlerContext.java:622)
	at io.netty.channel.AbstractChannelHandlerContext.access$1200(AbstractChannelHandlerContext.java:61)
	at io.netty.channel.AbstractChannelHandlerContext$11.run(AbstractChannelHandlerContext.java:611)
	at io.netty.util.concurrent.AbstractEventExecutor.runTask$$$capture(AbstractEventExecutor.java:174)
	at io.netty.util.concurrent.AbstractEventExecutor.runTask(AbstractEventExecutor.java)
	at io.netty.util.concurrent.AbstractEventExecutor.safeExecute$$$capture(AbstractEventExecutor.java:167)
	at io.netty.util.concurrent.AbstractEventExecutor.safeExecute(AbstractEventExecutor.java)
	at io.netty.util.concurrent.SingleThreadEventExecutor.runAllTasks(SingleThreadEventExecutor.java:470)
	at io.netty.channel.nio.NioEventLoop.run(NioEventLoop.java:503)
	at io.netty.util.concurrent.SingleThreadEventExecutor$4.run(SingleThreadEventExecutor.java:997)
	at io.netty.util.internal.ThreadExecutorMap$2.run(ThreadExecutorMap.java:74)
	at io.netty.util.concurrent.FastThreadLocalRunnable.run(FastThreadLocalRunnable.java:30)
	... 1 common frames omitted
2024-02-27 00:16:42 |WARN  |SpringApplicationShutdownHook |DisposableBeanAdapter.java:222 |org.springframework.beans.factory.support.DisposableBeanAdapter |Invocation of destroy method failed on bean with name 'rocketMQTemplate': java.lang.IllegalStateException: Shutdown in progress
2024-02-27 00:16:42 |WARN  |SpringApplicationShutdownHook |DisposableBeanAdapter.java:329 |org.springframework.beans.factory.support.DisposableBeanAdapter |Custom destroy method 'shutdown' on bean with name 'defaultMQProducer' threw an exception: java.lang.IllegalStateException: Shutdown in progress
2024-02-27 00:17:11 |WARN  |main |TableInfoHelper.java:423 |com.baomidou.mybatisplus.core.metadata.TableInfoHelper |This primary key of "id" is primitive !不建议如此请使用包装类 in Class: "ljl.entity.notice.dynamic.DynamicToUser"
2024-02-27 00:17:23 |WARN  |main |LoadBalancerCacheAutoConfiguration.java:82 |org.springframework.cloud.loadbalancer.config.LoadBalancerCacheAutoConfiguration$LoadBalancerCaffeineWarnLogger |Spring Cloud LoadBalancer is currently working with the default cache. While this cache implementation is useful for development and tests, it's recommended to use Caffeine cache in production.You can switch to using Caffeine cache, by adding it and org.springframework.cache.caffeine.CaffeineCacheManager to the classpath.
2024-02-27 00:18:29 |WARN  |nacos-grpc-client-executor-20 |LoggerUtils.java:86 |com.alibaba.nacos.common.remote.client.grpc.GrpcClient |[1708964242104_120.227.129.112_46573]Ignore error event,isRunning:true,isAbandon=true
2024-02-27 00:19:02 |WARN  |Thread-41 |NotifyCenter.java:136 |com.alibaba.nacos.common.notify.NotifyCenter |[NotifyCenter] Start destroying Publisher
2024-02-27 00:19:02 |WARN  |Thread-44 |HttpClientBeanHolder.java:108 |com.alibaba.nacos.common.http.HttpClientBeanHolder |[HttpClientBeanHolder] Start destroying common HttpClient
2024-02-27 00:19:02 |WARN  |Thread-41 |NotifyCenter.java:153 |com.alibaba.nacos.common.notify.NotifyCenter |[NotifyCenter] Destruction of the end
2024-02-27 00:19:02 |WARN  |Thread-44 |HttpClientBeanHolder.java:114 |com.alibaba.nacos.common.http.HttpClientBeanHolder |[HttpClientBeanHolder] Destruction of the end
2024-02-27 00:19:03 |WARN  |SpringApplicationShutdownHook |DisposableBeanAdapter.java:222 |org.springframework.beans.factory.support.DisposableBeanAdapter |Invocation of destroy method failed on bean with name 'rocketMQTemplate': java.lang.IllegalStateException: Shutdown in progress
2024-02-27 00:19:03 |WARN  |SpringApplicationShutdownHook |DisposableBeanAdapter.java:329 |org.springframework.beans.factory.support.DisposableBeanAdapter |Custom destroy method 'shutdown' on bean with name 'defaultMQProducer' threw an exception: java.lang.IllegalStateException: Shutdown in progress
2024-02-27 00:19:26 |WARN  |main |TableInfoHelper.java:423 |com.baomidou.mybatisplus.core.metadata.TableInfoHelper |This primary key of "id" is primitive !不建议如此请使用包装类 in Class: "ljl.entity.notice.dynamic.DynamicToUser"
2024-02-27 00:19:30 |WARN  |main |LoadBalancerCacheAutoConfiguration.java:82 |org.springframework.cloud.loadbalancer.config.LoadBalancerCacheAutoConfiguration$LoadBalancerCaffeineWarnLogger |Spring Cloud LoadBalancer is currently working with the default cache. While this cache implementation is useful for development and tests, it's recommended to use Caffeine cache in production.You can switch to using Caffeine cache, by adding it and org.springframework.cache.caffeine.CaffeineCacheManager to the classpath.
2024-02-27 00:20:20 |WARN  |Thread-33 |NotifyCenter.java:136 |com.alibaba.nacos.common.notify.NotifyCenter |[NotifyCenter] Start destroying Publisher
2024-02-27 00:20:20 |WARN  |Thread-33 |NotifyCenter.java:153 |com.alibaba.nacos.common.notify.NotifyCenter |[NotifyCenter] Destruction of the end
2024-02-27 00:20:20 |WARN  |Thread-36 |HttpClientBeanHolder.java:108 |com.alibaba.nacos.common.http.HttpClientBeanHolder |[HttpClientBeanHolder] Start destroying common HttpClient
2024-02-27 00:20:20 |WARN  |Thread-36 |HttpClientBeanHolder.java:114 |com.alibaba.nacos.common.http.HttpClientBeanHolder |[HttpClientBeanHolder] Destruction of the end
2024-02-27 00:20:21 |WARN  |SpringApplicationShutdownHook |DisposableBeanAdapter.java:222 |org.springframework.beans.factory.support.DisposableBeanAdapter |Invocation of destroy method failed on bean with name 'rocketMQTemplate': java.lang.IllegalStateException: Shutdown in progress
2024-02-27 00:20:21 |WARN  |SpringApplicationShutdownHook |DisposableBeanAdapter.java:329 |org.springframework.beans.factory.support.DisposableBeanAdapter |Custom destroy method 'shutdown' on bean with name 'defaultMQProducer' threw an exception: java.lang.IllegalStateException: Shutdown in progress
2024-02-27 00:20:42 |WARN  |main |TableInfoHelper.java:423 |com.baomidou.mybatisplus.core.metadata.TableInfoHelper |This primary key of "id" is primitive !不建议如此请使用包装类 in Class: "ljl.entity.notice.dynamic.DynamicToUser"
2024-02-27 00:20:47 |WARN  |main |LoadBalancerCacheAutoConfiguration.java:82 |org.springframework.cloud.loadbalancer.config.LoadBalancerCacheAutoConfiguration$LoadBalancerCaffeineWarnLogger |Spring Cloud LoadBalancer is currently working with the default cache. While this cache implementation is useful for development and tests, it's recommended to use Caffeine cache in production.You can switch to using Caffeine cache, by adding it and org.springframework.cache.caffeine.CaffeineCacheManager to the classpath.
2024-02-27 00:21:47 |WARN  |Thread-31 |NotifyCenter.java:136 |com.alibaba.nacos.common.notify.NotifyCenter |[NotifyCenter] Start destroying Publisher
2024-02-27 00:21:47 |WARN  |Thread-31 |NotifyCenter.java:153 |com.alibaba.nacos.common.notify.NotifyCenter |[NotifyCenter] Destruction of the end
2024-02-27 00:21:47 |WARN  |Thread-34 |HttpClientBeanHolder.java:108 |com.alibaba.nacos.common.http.HttpClientBeanHolder |[HttpClientBeanHolder] Start destroying common HttpClient
2024-02-27 00:21:47 |WARN  |Thread-34 |HttpClientBeanHolder.java:114 |com.alibaba.nacos.common.http.HttpClientBeanHolder |[HttpClientBeanHolder] Destruction of the end
2024-02-27 00:21:48 |WARN  |SpringApplicationShutdownHook |DisposableBeanAdapter.java:222 |org.springframework.beans.factory.support.DisposableBeanAdapter |Invocation of destroy method failed on bean with name 'rocketMQTemplate': java.lang.IllegalStateException: Shutdown in progress
2024-02-27 00:21:48 |WARN  |SpringApplicationShutdownHook |DisposableBeanAdapter.java:329 |org.springframework.beans.factory.support.DisposableBeanAdapter |Custom destroy method 'shutdown' on bean with name 'defaultMQProducer' threw an exception: java.lang.IllegalStateException: Shutdown in progress
2024-02-27 00:22:09 |WARN  |main |TableInfoHelper.java:423 |com.baomidou.mybatisplus.core.metadata.TableInfoHelper |This primary key of "id" is primitive !不建议如此请使用包装类 in Class: "ljl.entity.notice.dynamic.DynamicToUser"
2024-02-27 00:22:15 |WARN  |main |LoadBalancerCacheAutoConfiguration.java:82 |org.springframework.cloud.loadbalancer.config.LoadBalancerCacheAutoConfiguration$LoadBalancerCaffeineWarnLogger |Spring Cloud LoadBalancer is currently working with the default cache. While this cache implementation is useful for development and tests, it's recommended to use Caffeine cache in production.You can switch to using Caffeine cache, by adding it and org.springframework.cache.caffeine.CaffeineCacheManager to the classpath.
2024-02-27 00:26:45 |WARN  |nacos-grpc-client-executor-67 |LoggerUtils.java:86 |com.alibaba.nacos.common.remote.client.grpc.GrpcClient |[1708964534257_120.227.129.112_46859]Ignore error event,isRunning:true,isAbandon=true
2024-02-27 00:51:46 |WARN  |ConsumeMessageThread_4 |DefaultRocketMQListenerContainer.java:354 |org.apache.rocketmq.spring.support.DefaultRocketMQListenerContainer |consume message failed. messageExt:MessageExt [queueId=0, storeSize=511, queueOffset=13, sysFlag=0, bornTimestamp=1708966286684, bornHost=/120.227.129.112:46846, storeTimestamp=1708966286855, storeHost=/120.55.183.155:10911, msgId=7837B79B00002A9F000000000016D0AB, commitLogOffset=1495211, bodyCRC=1454623517, reconsumeTimes=0, preparedTransactionOffset=0, toString()=Message{topic='mysqlToEs', flag=0, properties={MIN_OFFSET=0, MAX_OFFSET=14, CONSUME_START_TIME=1708966286805, id=31e1e191-350a-811f-75b2-b843bafb5ebf, UNIQ_KEY=C0A800652F8414DAD5DC8614714D002D, CLUSTER=DefaultCluster, contentType=text/plain;charset=UTF-8, timestamp=1708966286655}, body=[123, 34, 105, 100, 34, 58, 49, 52, 57, 44, 34, 99, 114, 101, 97, 116, 101, 95, 116, 105, 109, 101, 34, 58, 34, 50, 48, 50, 52, 45, 48, 50, 45, 50, 55, 84, 48, 48, 58, 53, 49, 58, 50, 54, 46, 49, 56, 49, 34, 44, 34, 117, 115, 101, 114, 95, 105, 100, 34, 58, 54, 44, 34, 105, 110, 116, 114, 111, 34, 58, 34, -27, -111, -125, -27, -111, -125, -27, -111, -125, 34, 44, 34, 108, 101, 110, 103, 116, 104, 34, 58, 110, 117, 108, 108, 44, 34, 110, 97, 109, 101, 34, 58, 34, 101, 101, 101, 34, 44, 34, 117, 114, 108, 34, 58, 34, 104, 116, 116, 112, 58, 47, 47, 49, 50, 48, 46, 53, 53, 46, 49, 56, 51, 46, 49, 53, 53, 58, 57, 48, 48, 48, 47, 118, 105, 100, 101, 111, 47, 101, 101, 101, 50, 56, 56, 98, 52, 101, 98, 99, 45, 54, 34, 44, 34, 99, 111, 118, 101, 114, 34, 58, 34, 104, 116, 116, 112, 58, 47, 47, 49, 50, 48, 46, 53, 53, 46, 49, 56, 51, 46, 49, 53, 53, 58, 57, 48, 48, 48, 47, 105, 109, 103, 47, 100, 101, 102, 117, 97, 108, 116, 46, 112, 110, 103, 34, 44, 34, 116, 97, 98, 108, 101, 34, 58, 34, 118, 105, 100, 101, 111, 34, 44, 34, 116, 121, 112, 101, 34, 58, 34, 97, 100, 100, 34, 125], transactionId='null'}]
org.springframework.data.redis.RedisSystemException: Redis exception; nested exception is io.lettuce.core.RedisException: java.io.IOException: 远程主机强迫关闭了一个现有的连接。
	at org.springframework.data.redis.connection.lettuce.LettuceExceptionConverter.convert(LettuceExceptionConverter.java:74)
	at org.springframework.data.redis.connection.lettuce.LettuceExceptionConverter.convert(LettuceExceptionConverter.java:41)
	at org.springframework.data.redis.PassThroughExceptionTranslationStrategy.translate(PassThroughExceptionTranslationStrategy.java:44)
	at org.springframework.data.redis.FallbackExceptionTranslationStrategy.translate(FallbackExceptionTranslationStrategy.java:42)
	at org.springframework.data.redis.connection.lettuce.LettuceConnection.convertLettuceAccessException(LettuceConnection.java:272)
	at org.springframework.data.redis.connection.lettuce.LettuceConnection.await(LettuceConnection.java:1063)
	at org.springframework.data.redis.connection.lettuce.LettuceConnection.lambda$doInvoke$4(LettuceConnection.java:920)
	at org.springframework.data.redis.connection.lettuce.LettuceInvoker$Synchronizer.invoke(LettuceInvoker.java:665)
	at org.springframework.data.redis.connection.lettuce.LettuceInvoker.just(LettuceInvoker.java:109)
	at org.springframework.data.redis.connection.lettuce.LettuceListCommands.rPush(LettuceListCommands.java:53)
	at org.springframework.data.redis.connection.DefaultedRedisConnection.rPush(DefaultedRedisConnection.java:653)
	at org.springframework.data.redis.core.DefaultListOperations.lambda$rightPush$12(DefaultListOperations.java:280)
	at org.springframework.data.redis.core.RedisTemplate.execute(RedisTemplate.java:223)
	at org.springframework.data.redis.core.RedisTemplate.execute(RedisTemplate.java:190)
	at org.springframework.data.redis.core.AbstractOperations.execute(AbstractOperations.java:97)
	at org.springframework.data.redis.core.DefaultListOperations.rightPush(DefaultListOperations.java:280)
	at ljl.consumer.mysql_es.MysqlToEsConsumer.onMessage(MysqlToEsConsumer.java:43)
	at ljl.consumer.mysql_es.MysqlToEsConsumer.onMessage(MysqlToEsConsumer.java:18)
	at org.apache.rocketmq.spring.support.DefaultRocketMQListenerContainer$DefaultMessageListenerConcurrently.consumeMessage(DefaultRocketMQListenerContainer.java:350)
	at org.apache.rocketmq.client.impl.consumer.ConsumeMessageConcurrentlyService$ConsumeRequest.run(ConsumeMessageConcurrentlyService.java:411)
	at java.util.concurrent.Executors$RunnableAdapter.call(Executors.java:511)
	at java.util.concurrent.FutureTask.run(FutureTask.java:266)
	at java.util.concurrent.ThreadPoolExecutor.runWorker(ThreadPoolExecutor.java:1142)
	at java.util.concurrent.ThreadPoolExecutor$Worker.run(ThreadPoolExecutor.java:617)
	at java.lang.Thread.run(Thread.java:745)
Caused by: io.lettuce.core.RedisException: java.io.IOException: 远程主机强迫关闭了一个现有的连接。
	at io.lettuce.core.internal.Exceptions.bubble(Exceptions.java:83)
	at io.lettuce.core.internal.Futures.awaitOrCancel(Futures.java:250)
	at io.lettuce.core.LettuceFutures.awaitOrCancel(LettuceFutures.java:74)
	at org.springframework.data.redis.connection.lettuce.LettuceConnection.await(LettuceConnection.java:1061)
	... 19 common frames omitted
Caused by: java.io.IOException: 远程主机强迫关闭了一个现有的连接。
	at sun.nio.ch.SocketDispatcher.read0(Native Method)
	at sun.nio.ch.SocketDispatcher.read(SocketDispatcher.java:43)
	at sun.nio.ch.IOUtil.readIntoNativeBuffer(IOUtil.java:223)
	at sun.nio.ch.IOUtil.read(IOUtil.java:192)
	at sun.nio.ch.SocketChannelImpl.read(SocketChannelImpl.java:380)
	at io.netty.buffer.PooledByteBuf.setBytes(PooledByteBuf.java:258)
	at io.netty.buffer.AbstractByteBuf.writeBytes(AbstractByteBuf.java:1132)
	at io.netty.channel.socket.nio.NioSocketChannel.doReadBytes(NioSocketChannel.java:357)
	at io.netty.channel.nio.AbstractNioByteChannel$NioByteUnsafe.read(AbstractNioByteChannel.java:151)
	at io.netty.channel.nio.NioEventLoop.processSelectedKey(NioEventLoop.java:722)
	at io.netty.channel.nio.NioEventLoop.processSelectedKeysOptimized(NioEventLoop.java:658)
	at io.netty.channel.nio.NioEventLoop.processSelectedKeys(NioEventLoop.java:584)
	at io.netty.channel.nio.NioEventLoop.run(NioEventLoop.java:496)
	at io.netty.util.concurrent.SingleThreadEventExecutor$4.run(SingleThreadEventExecutor.java:997)
	at io.netty.util.internal.ThreadExecutorMap$2.run(ThreadExecutorMap.java:74)
	at io.netty.util.concurrent.FastThreadLocalRunnable.run(FastThreadLocalRunnable.java:30)
	... 1 common frames omitted
2024-02-27 01:16:25 |WARN  |nacos-grpc-client-executor-663 |LoggerUtils.java:86 |com.alibaba.nacos.common.remote.client.grpc.GrpcClient |[1708964805352_120.227.129.112_47095]Ignore error event,isRunning:true,isAbandon=true
2024-02-27 01:26:30 |WARN  |nacos-grpc-client-executor-789 |LoggerUtils.java:86 |com.alibaba.nacos.common.remote.client.grpc.GrpcClient |[1708967785418_120.227.129.112_46803]Ignore error event,isRunning:true,isAbandon=true
2024-02-27 01:36:36 |WARN  |nacos-grpc-client-executor-914 |LoggerUtils.java:86 |com.alibaba.nacos.common.remote.client.grpc.GrpcClient |[1708968390645_120.227.129.112_47054]Ignore error event,isRunning:true,isAbandon=true
2024-02-27 01:46:42 |WARN  |nacos-grpc-client-executor-1038 |LoggerUtils.java:86 |com.alibaba.nacos.common.remote.client.grpc.GrpcClient |[1708968996475_120.227.129.112_46207]Ignore error event,isRunning:true,isAbandon=true
2024-02-27 02:03:01 |WARN  |Thread-31 |NotifyCenter.java:136 |com.alibaba.nacos.common.notify.NotifyCenter |[NotifyCenter] Start destroying Publisher
2024-02-27 02:03:01 |WARN  |Thread-31 |NotifyCenter.java:153 |com.alibaba.nacos.common.notify.NotifyCenter |[NotifyCenter] Destruction of the end
2024-02-27 02:03:01 |WARN  |Thread-35 |HttpClientBeanHolder.java:108 |com.alibaba.nacos.common.http.HttpClientBeanHolder |[HttpClientBeanHolder] Start destroying common HttpClient
2024-02-27 02:03:01 |WARN  |Thread-35 |HttpClientBeanHolder.java:114 |com.alibaba.nacos.common.http.HttpClientBeanHolder |[HttpClientBeanHolder] Destruction of the end
2024-02-27 02:03:03 |WARN  |SpringApplicationShutdownHook |DisposableBeanAdapter.java:222 |org.springframework.beans.factory.support.DisposableBeanAdapter |Invocation of destroy method failed on bean with name 'rocketMQTemplate': java.lang.IllegalStateException: Shutdown in progress
2024-02-27 02:03:03 |WARN  |SpringApplicationShutdownHook |DisposableBeanAdapter.java:329 |org.springframework.beans.factory.support.DisposableBeanAdapter |Custom destroy method 'shutdown' on bean with name 'defaultMQProducer' threw an exception: java.lang.IllegalStateException: Shutdown in progress
2024-02-27 02:03:28 |WARN  |main |TableInfoHelper.java:423 |com.baomidou.mybatisplus.core.metadata.TableInfoHelper |This primary key of "id" is primitive !不建议如此请使用包装类 in Class: "ljl.entity.notice.dynamic.DynamicToUser"
2024-02-27 02:03:34 |WARN  |main |LoadBalancerCacheAutoConfiguration.java:82 |org.springframework.cloud.loadbalancer.config.LoadBalancerCacheAutoConfiguration$LoadBalancerCaffeineWarnLogger |Spring Cloud LoadBalancer is currently working with the default cache. While this cache implementation is useful for development and tests, it's recommended to use Caffeine cache in production.You can switch to using Caffeine cache, by adding it and org.springframework.cache.caffeine.CaffeineCacheManager to the classpath.
2024-02-27 02:05:24 |WARN  |nacos-grpc-client-executor-19 |LoggerUtils.java:86 |com.alibaba.nacos.common.remote.client.grpc.GrpcClient |[1708970613673_120.227.129.112_46676]Ignore error event,isRunning:true,isAbandon=true
2024-02-27 02:16:57 |WARN  |nacos-grpc-client-executor-159 |LoggerUtils.java:86 |com.alibaba.nacos.common.remote.client.grpc.GrpcClient |[1708970724401_120.227.129.112_46712]Ignore error event,isRunning:true,isAbandon=true
2024-02-27 02:27:03 |WARN  |nacos-grpc-client-executor-282 |LoggerUtils.java:86 |com.alibaba.nacos.common.remote.client.grpc.GrpcClient |[1708971417868_120.227.129.112_46962]Ignore error event,isRunning:true,isAbandon=true
2024-02-27 02:29:16 |WARN  |Thread-37 |NotifyCenter.java:136 |com.alibaba.nacos.common.notify.NotifyCenter |[NotifyCenter] Start destroying Publisher
2024-02-27 02:29:16 |WARN  |Thread-40 |HttpClientBeanHolder.java:108 |com.alibaba.nacos.common.http.HttpClientBeanHolder |[HttpClientBeanHolder] Start destroying common HttpClient
2024-02-27 02:29:16 |WARN  |Thread-37 |NotifyCenter.java:153 |com.alibaba.nacos.common.notify.NotifyCenter |[NotifyCenter] Destruction of the end
2024-02-27 02:29:16 |WARN  |Thread-40 |HttpClientBeanHolder.java:114 |com.alibaba.nacos.common.http.HttpClientBeanHolder |[HttpClientBeanHolder] Destruction of the end
2024-02-27 02:29:18 |WARN  |SpringApplicationShutdownHook |DisposableBeanAdapter.java:222 |org.springframework.beans.factory.support.DisposableBeanAdapter |Invocation of destroy method failed on bean with name 'rocketMQTemplate': java.lang.IllegalStateException: Shutdown in progress
2024-02-27 02:29:18 |WARN  |SpringApplicationShutdownHook |DisposableBeanAdapter.java:329 |org.springframework.beans.factory.support.DisposableBeanAdapter |Custom destroy method 'shutdown' on bean with name 'defaultMQProducer' threw an exception: java.lang.IllegalStateException: Shutdown in progress
