2024-03-05 10:43:32 |WARN  |main |TableInfoHelper.java:423 |com.baomidou.mybatisplus.core.metadata.TableInfoHelper |This primary key of "id" is primitive !不建议如此请使用包装类 in Class: "ljl.bilibili.entity.notice.dynamic.DynamicToUser"
2024-03-05 10:43:47 |WARN  |main |LoadBalancerCacheAutoConfiguration.java:82 |org.springframework.cloud.loadbalancer.config.LoadBalancerCacheAutoConfiguration$LoadBalancerCaffeineWarnLogger |Spring Cloud LoadBalancer is currently working with the default cache. While this cache implementation is useful for development and tests, it's recommended to use Caffeine cache in production.You can switch to using Caffeine cache, by adding it and org.springframework.cache.caffeine.CaffeineCacheManager to the classpath.
2024-03-05 10:50:36 |WARN  |Thread-56 |NotifyCenter.java:136 |com.alibaba.nacos.common.notify.NotifyCenter |[NotifyCenter] Start destroying Publisher
2024-03-05 10:50:36 |WARN  |Thread-56 |NotifyCenter.java:153 |com.alibaba.nacos.common.notify.NotifyCenter |[NotifyCenter] Destruction of the end
2024-03-05 10:50:36 |WARN  |Thread-60 |HttpClientBeanHolder.java:108 |com.alibaba.nacos.common.http.HttpClientBeanHolder |[HttpClientBeanHolder] Start destroying common HttpClient
2024-03-05 10:50:36 |WARN  |Thread-60 |HttpClientBeanHolder.java:114 |com.alibaba.nacos.common.http.HttpClientBeanHolder |[HttpClientBeanHolder] Destruction of the end
2024-03-05 10:50:38 |WARN  |SpringApplicationShutdownHook |DisposableBeanAdapter.java:222 |org.springframework.beans.factory.support.DisposableBeanAdapter |Invocation of destroy method failed on bean with name 'rocketMQTemplate': java.lang.IllegalStateException: Shutdown in progress
2024-03-05 10:50:38 |WARN  |SpringApplicationShutdownHook |DisposableBeanAdapter.java:329 |org.springframework.beans.factory.support.DisposableBeanAdapter |Custom destroy method 'shutdown' on bean with name 'defaultMQProducer' threw an exception: java.lang.IllegalStateException: Shutdown in progress
2024-03-05 10:51:03 |WARN  |main |TableInfoHelper.java:423 |com.baomidou.mybatisplus.core.metadata.TableInfoHelper |This primary key of "id" is primitive !不建议如此请使用包装类 in Class: "ljl.bilibili.entity.notice.dynamic.DynamicToUser"
2024-03-05 10:51:08 |WARN  |main |LoadBalancerCacheAutoConfiguration.java:82 |org.springframework.cloud.loadbalancer.config.LoadBalancerCacheAutoConfiguration$LoadBalancerCaffeineWarnLogger |Spring Cloud LoadBalancer is currently working with the default cache. While this cache implementation is useful for development and tests, it's recommended to use Caffeine cache in production.You can switch to using Caffeine cache, by adding it and org.springframework.cache.caffeine.CaffeineCacheManager to the classpath.
2024-03-05 10:55:43 |WARN  |Thread-38 |HttpClientBeanHolder.java:108 |com.alibaba.nacos.common.http.HttpClientBeanHolder |[HttpClientBeanHolder] Start destroying common HttpClient
2024-03-05 10:55:43 |WARN  |Thread-35 |NotifyCenter.java:136 |com.alibaba.nacos.common.notify.NotifyCenter |[NotifyCenter] Start destroying Publisher
2024-03-05 10:55:43 |WARN  |Thread-38 |HttpClientBeanHolder.java:114 |com.alibaba.nacos.common.http.HttpClientBeanHolder |[HttpClientBeanHolder] Destruction of the end
2024-03-05 10:55:43 |WARN  |Thread-35 |NotifyCenter.java:153 |com.alibaba.nacos.common.notify.NotifyCenter |[NotifyCenter] Destruction of the end
2024-03-05 10:55:45 |WARN  |SpringApplicationShutdownHook |DisposableBeanAdapter.java:222 |org.springframework.beans.factory.support.DisposableBeanAdapter |Invocation of destroy method failed on bean with name 'rocketMQTemplate': java.lang.IllegalStateException: Shutdown in progress
2024-03-05 10:55:45 |WARN  |SpringApplicationShutdownHook |DisposableBeanAdapter.java:329 |org.springframework.beans.factory.support.DisposableBeanAdapter |Custom destroy method 'shutdown' on bean with name 'defaultMQProducer' threw an exception: java.lang.IllegalStateException: Shutdown in progress
2024-03-05 10:56:07 |WARN  |main |TableInfoHelper.java:423 |com.baomidou.mybatisplus.core.metadata.TableInfoHelper |This primary key of "id" is primitive !不建议如此请使用包装类 in Class: "ljl.bilibili.entity.notice.dynamic.DynamicToUser"
2024-03-05 10:56:13 |WARN  |main |LoadBalancerCacheAutoConfiguration.java:82 |org.springframework.cloud.loadbalancer.config.LoadBalancerCacheAutoConfiguration$LoadBalancerCaffeineWarnLogger |Spring Cloud LoadBalancer is currently working with the default cache. While this cache implementation is useful for development and tests, it's recommended to use Caffeine cache in production.You can switch to using Caffeine cache, by adding it and org.springframework.cache.caffeine.CaffeineCacheManager to the classpath.
2024-03-05 10:57:52 |WARN  |Thread-37 |HttpClientBeanHolder.java:108 |com.alibaba.nacos.common.http.HttpClientBeanHolder |[HttpClientBeanHolder] Start destroying common HttpClient
2024-03-05 10:57:52 |WARN  |Thread-37 |HttpClientBeanHolder.java:114 |com.alibaba.nacos.common.http.HttpClientBeanHolder |[HttpClientBeanHolder] Destruction of the end
2024-03-05 10:57:52 |WARN  |Thread-34 |NotifyCenter.java:136 |com.alibaba.nacos.common.notify.NotifyCenter |[NotifyCenter] Start destroying Publisher
2024-03-05 10:57:52 |WARN  |Thread-34 |NotifyCenter.java:153 |com.alibaba.nacos.common.notify.NotifyCenter |[NotifyCenter] Destruction of the end
2024-03-05 10:57:55 |WARN  |SpringApplicationShutdownHook |DisposableBeanAdapter.java:222 |org.springframework.beans.factory.support.DisposableBeanAdapter |Invocation of destroy method failed on bean with name 'rocketMQTemplate': java.lang.IllegalStateException: Shutdown in progress
2024-03-05 10:57:55 |WARN  |SpringApplicationShutdownHook |DisposableBeanAdapter.java:329 |org.springframework.beans.factory.support.DisposableBeanAdapter |Custom destroy method 'shutdown' on bean with name 'defaultMQProducer' threw an exception: java.lang.IllegalStateException: Shutdown in progress
2024-03-05 18:20:01 |WARN  |main |LoadBalancerCacheAutoConfiguration.java:82 |org.springframework.cloud.loadbalancer.config.LoadBalancerCacheAutoConfiguration$LoadBalancerCaffeineWarnLogger |Spring Cloud LoadBalancer is currently working with the default cache. While this cache implementation is useful for development and tests, it's recommended to use Caffeine cache in production.You can switch to using Caffeine cache, by adding it and org.springframework.cache.caffeine.CaffeineCacheManager to the classpath.
2024-03-05 18:29:48 |WARN  |AsyncReporter{RestTemplateSender{http://114.55.116.140:9411/api/v2/spans}} |AsyncReporter.java:310 |zipkin2.reporter.AsyncReporter$BoundedAsyncReporter |Spans were dropped due to exceptions. All subsequent errors will be logged at FINE level.
2024-03-05 18:29:48 |WARN  |AsyncReporter{RestTemplateSender{http://114.55.116.140:9411/api/v2/spans}} |AsyncReporter.java:317 |zipkin2.reporter.AsyncReporter$BoundedAsyncReporter |Dropped 1 spans due to ResourceAccessException(I/O error on POST request for "http://114.55.116.140:9411/api/v2/spans": Unexpected end of file from server; nested exception is java.net.SocketException: Unexpected end of file from server)
org.springframework.web.client.ResourceAccessException: I/O error on POST request for "http://114.55.116.140:9411/api/v2/spans": Unexpected end of file from server; nested exception is java.net.SocketException: Unexpected end of file from server
	at org.springframework.web.client.RestTemplate.doExecute(RestTemplate.java:785)
	at org.springframework.cloud.sleuth.zipkin2.ZipkinRestTemplateWrapper.doExecute(ZipkinRestTemplateWrapper.java:67)
	at org.springframework.web.client.RestTemplate.exchange(RestTemplate.java:660)
	at org.springframework.cloud.sleuth.zipkin2.RestTemplateSender.post(RestTemplateSender.java:51)
	at org.springframework.cloud.sleuth.zipkin2.RestTemplateSender.lambda$new$0(RestTemplateSender.java:44)
	at org.springframework.cloud.sleuth.zipkin2.HttpSender.post(HttpSender.java:137)
	at org.springframework.cloud.sleuth.zipkin2.HttpSender$HttpPostCall.doExecute(HttpSender.java:150)
	at org.springframework.cloud.sleuth.zipkin2.HttpSender$HttpPostCall.doExecute(HttpSender.java:140)
	at zipkin2.Call$Base.execute(Call.java:391)
	at zipkin2.reporter.AsyncReporter$BoundedAsyncReporter.flush(AsyncReporter.java:299)
	at zipkin2.reporter.AsyncReporter$Flusher.run(AsyncReporter.java:378)
	at java.lang.Thread.run(Thread.java:745)
Caused by: java.net.SocketException: Unexpected end of file from server
	at sun.net.www.http.HttpClient.parseHTTPHeader(HttpClient.java:792)
	at sun.net.www.http.HttpClient.parseHTTP(HttpClient.java:647)
	at sun.net.www.protocol.http.HttpURLConnection.getInputStream0(HttpURLConnection.java:1536)
	at sun.net.www.protocol.http.HttpURLConnection.getInputStream(HttpURLConnection.java:1441)
	at java.net.HttpURLConnection.getResponseCode(HttpURLConnection.java:480)
	at org.springframework.http.client.SimpleClientHttpResponse.getRawStatusCode(SimpleClientHttpResponse.java:55)
	at org.springframework.web.client.DefaultResponseErrorHandler.hasError(DefaultResponseErrorHandler.java:61)
	at org.springframework.web.client.RestTemplate.handleResponse(RestTemplate.java:807)
	at org.springframework.web.client.RestTemplate.doExecute(RestTemplate.java:777)
	... 11 common frames omitted
2024-03-05 18:29:48 |WARN  |nacos-grpc-client-executor-117 |LoggerUtils.java:86 |com.alibaba.nacos.common.remote.client.grpc.GrpcClient |[1709633997859_120.227.131.104_44732]Ignore error event,isRunning:true,isAbandon=true
2024-03-05 18:42:03 |WARN  |ConsumeMessageThread_3 |DefaultRocketMQListenerContainer.java:354 |org.apache.rocketmq.spring.support.DefaultRocketMQListenerContainer |consume message failed. messageExt:MessageExt [queueId=0, storeSize=278, queueOffset=33, sysFlag=0, bornTimestamp=1709635300374, bornHost=/120.227.131.104:44504, storeTimestamp=1709635301434, storeHost=/120.55.183.155:10911, msgId=7837B79B00002A9F00000000001E1DC6, commitLogOffset=1973702, bodyCRC=89115090, reconsumeTimes=0, preparedTransactionOffset=0, toString()=Message{topic='mysqlToEs', flag=0, properties={MIN_OFFSET=0, MAX_OFFSET=34, CONSUME_START_TIME=1709635300438, id=580eaf5b-95e0-875b-ac84-b6d2f15a9271, UNIQ_KEY=C0A80A093CB014DAD5DC189C5C0E0015, CLUSTER=DefaultCluster, contentType=text/plain;charset=UTF-8, timestamp=1709635300311}, body=[123, 34, 117, 115, 101, 114, 73, 100, 34, 58, 52, 53, 125], transactionId='null'}]
java.lang.NullPointerException: null
	at ljl.bilibili.notice.consumer.mysql_es.MysqlToEsConsumer.onMessage(MysqlToEsConsumer.java:38)
	at ljl.bilibili.notice.consumer.mysql_es.MysqlToEsConsumer.onMessage(MysqlToEsConsumer.java:18)
	at org.apache.rocketmq.spring.support.DefaultRocketMQListenerContainer$DefaultMessageListenerConcurrently.consumeMessage(DefaultRocketMQListenerContainer.java:350)
	at org.apache.rocketmq.client.impl.consumer.ConsumeMessageConcurrentlyService$ConsumeRequest.run(ConsumeMessageConcurrentlyService.java:411)
	at java.util.concurrent.Executors$RunnableAdapter.call(Executors.java:511)
	at java.util.concurrent.FutureTask.run$$$capture(FutureTask.java:266)
	at java.util.concurrent.FutureTask.run(FutureTask.java)
	at java.util.concurrent.ThreadPoolExecutor.runWorker(ThreadPoolExecutor.java:1142)
	at java.util.concurrent.ThreadPoolExecutor$Worker.run(ThreadPoolExecutor.java:617)
	at java.lang.Thread.run(Thread.java:745)
2024-03-05 18:42:17 |WARN  |ConsumeMessageThread_4 |DefaultRocketMQListenerContainer.java:354 |org.apache.rocketmq.spring.support.DefaultRocketMQListenerContainer |consume message failed. messageExt:MessageExt [queueId=0, storeSize=426, queueOffset=4, sysFlag=0, bornTimestamp=1709635300374, bornHost=/120.227.131.104:44504, storeTimestamp=1709635334940, storeHost=/120.55.183.155:10911, msgId=7837B79B00002A9F00000000001E21F5, commitLogOffset=1974773, bodyCRC=89115090, reconsumeTimes=1, preparedTransactionOffset=0, toString()=Message{topic='mysqlToEs', flag=0, properties={CONSUME_START_TIME=1709635333917, MIN_OFFSET=0, REAL_TOPIC=%RETRY%mysql-es-group, ORIGIN_MESSAGE_ID=7837B79B00002A9F00000000001E1DC6, RETRY_TOPIC=mysqlToEs, MAX_OFFSET=5, id=580eaf5b-95e0-875b-ac84-b6d2f15a9271, UNIQ_KEY=C0A80A093CB014DAD5DC189C5C0E0015, CLUSTER=DefaultCluster, contentType=text/plain;charset=UTF-8, WAIT=false, DELAY=3, timestamp=1709635300311, REAL_QID=0}, body=[123, 34, 117, 115, 101, 114, 73, 100, 34, 58, 52, 53, 125], transactionId='null'}]
java.lang.NullPointerException: null
	at ljl.bilibili.notice.consumer.mysql_es.MysqlToEsConsumer.onMessage(MysqlToEsConsumer.java:38)
	at ljl.bilibili.notice.consumer.mysql_es.MysqlToEsConsumer.onMessage(MysqlToEsConsumer.java:18)
	at org.apache.rocketmq.spring.support.DefaultRocketMQListenerContainer$DefaultMessageListenerConcurrently.consumeMessage(DefaultRocketMQListenerContainer.java:350)
	at org.apache.rocketmq.client.impl.consumer.ConsumeMessageConcurrentlyService$ConsumeRequest.run(ConsumeMessageConcurrentlyService.java:411)
	at java.util.concurrent.Executors$RunnableAdapter.call(Executors.java:511)
	at java.util.concurrent.FutureTask.run$$$capture(FutureTask.java:266)
	at java.util.concurrent.FutureTask.run(FutureTask.java)
	at java.util.concurrent.ThreadPoolExecutor.runWorker(ThreadPoolExecutor.java:1142)
	at java.util.concurrent.ThreadPoolExecutor$Worker.run(ThreadPoolExecutor.java:617)
	at java.lang.Thread.run(Thread.java:745)
2024-03-05 18:42:52 |WARN  |ConsumeMessageThread_5 |DefaultRocketMQListenerContainer.java:354 |org.apache.rocketmq.spring.support.DefaultRocketMQListenerContainer |consume message failed. messageExt:MessageExt [queueId=0, storeSize=426, queueOffset=5, sysFlag=0, bornTimestamp=1709635300374, bornHost=/120.227.131.104:44504, storeTimestamp=1709635368270, storeHost=/120.55.183.155:10911, msgId=7837B79B00002A9F00000000001E2547, commitLogOffset=1975623, bodyCRC=89115090, reconsumeTimes=2, preparedTransactionOffset=0, toString()=Message{topic='mysqlToEs', flag=0, properties={CONSUME_START_TIME=1709635367340, MIN_OFFSET=0, REAL_TOPIC=%RETRY%mysql-es-group, ORIGIN_MESSAGE_ID=7837B79B00002A9F00000000001E1DC6, RETRY_TOPIC=mysqlToEs, MAX_OFFSET=6, id=580eaf5b-95e0-875b-ac84-b6d2f15a9271, UNIQ_KEY=C0A80A093CB014DAD5DC189C5C0E0015, CLUSTER=DefaultCluster, contentType=text/plain;charset=UTF-8, WAIT=false, DELAY=4, timestamp=1709635300311, REAL_QID=0}, body=[123, 34, 117, 115, 101, 114, 73, 100, 34, 58, 52, 53, 125], transactionId='null'}]
java.lang.NullPointerException: null
	at ljl.bilibili.notice.consumer.mysql_es.MysqlToEsConsumer.onMessage(MysqlToEsConsumer.java:38)
	at ljl.bilibili.notice.consumer.mysql_es.MysqlToEsConsumer.onMessage(MysqlToEsConsumer.java:18)
	at org.apache.rocketmq.spring.support.DefaultRocketMQListenerContainer$DefaultMessageListenerConcurrently.consumeMessage(DefaultRocketMQListenerContainer.java:350)
	at org.apache.rocketmq.client.impl.consumer.ConsumeMessageConcurrentlyService$ConsumeRequest.run(ConsumeMessageConcurrentlyService.java:411)
	at java.util.concurrent.Executors$RunnableAdapter.call(Executors.java:511)
	at java.util.concurrent.FutureTask.run$$$capture(FutureTask.java:266)
	at java.util.concurrent.FutureTask.run(FutureTask.java)
	at java.util.concurrent.ThreadPoolExecutor.runWorker(ThreadPoolExecutor.java:1142)
	at java.util.concurrent.ThreadPoolExecutor$Worker.run(ThreadPoolExecutor.java:617)
	at java.lang.Thread.run(Thread.java:745)
2024-03-05 18:44:40 |WARN  |ConsumeMessageThread_6 |DefaultRocketMQListenerContainer.java:354 |org.apache.rocketmq.spring.support.DefaultRocketMQListenerContainer |consume message failed. messageExt:MessageExt [queueId=2, storeSize=278, queueOffset=27, sysFlag=0, bornTimestamp=1709635386476, bornHost=/120.227.131.104:44504, storeTimestamp=1709635387534, storeHost=/120.55.183.155:10911, msgId=7837B79B00002A9F00000000001E2899, commitLogOffset=1976473, bodyCRC=778213905, reconsumeTimes=0, preparedTransactionOffset=0, toString()=Message{topic='mysqlToEs', flag=0, properties={MIN_OFFSET=0, MAX_OFFSET=28, CONSUME_START_TIME=1709635386513, id=ea62cf7e-3ac5-ae16-d413-ced231dfa3cb, UNIQ_KEY=C0A80A093CB014DAD5DC189DAC6C001E, CLUSTER=DefaultCluster, contentType=text/plain;charset=UTF-8, timestamp=1709635386460}, body=[123, 34, 117, 115, 101, 114, 73, 100, 34, 58, 52, 54, 125], transactionId='null'}]
java.lang.NullPointerException: null
	at ljl.bilibili.notice.consumer.mysql_es.MysqlToEsConsumer.onMessage(MysqlToEsConsumer.java:38)
	at ljl.bilibili.notice.consumer.mysql_es.MysqlToEsConsumer.onMessage(MysqlToEsConsumer.java:18)
	at org.apache.rocketmq.spring.support.DefaultRocketMQListenerContainer$DefaultMessageListenerConcurrently.consumeMessage(DefaultRocketMQListenerContainer.java:350)
	at org.apache.rocketmq.client.impl.consumer.ConsumeMessageConcurrentlyService$ConsumeRequest.run(ConsumeMessageConcurrentlyService.java:411)
	at java.util.concurrent.Executors$RunnableAdapter.call(Executors.java:511)
	at java.util.concurrent.FutureTask.run$$$capture(FutureTask.java:266)
	at java.util.concurrent.FutureTask.run(FutureTask.java)
	at java.util.concurrent.ThreadPoolExecutor.runWorker(ThreadPoolExecutor.java:1142)
	at java.util.concurrent.ThreadPoolExecutor$Worker.run(ThreadPoolExecutor.java:617)
	at java.lang.Thread.run(Thread.java:745)
2024-03-05 18:44:40 |WARN  |Thread-56 |NotifyCenter.java:136 |com.alibaba.nacos.common.notify.NotifyCenter |[NotifyCenter] Start destroying Publisher
2024-03-05 18:44:40 |WARN  |Thread-59 |HttpClientBeanHolder.java:108 |com.alibaba.nacos.common.http.HttpClientBeanHolder |[HttpClientBeanHolder] Start destroying common HttpClient
2024-03-05 18:44:40 |WARN  |Thread-56 |NotifyCenter.java:153 |com.alibaba.nacos.common.notify.NotifyCenter |[NotifyCenter] Destruction of the end
2024-03-05 18:44:40 |WARN  |Thread-59 |HttpClientBeanHolder.java:114 |com.alibaba.nacos.common.http.HttpClientBeanHolder |[HttpClientBeanHolder] Destruction of the end
2024-03-05 18:44:43 |WARN  |SpringApplicationShutdownHook |DisposableBeanAdapter.java:222 |org.springframework.beans.factory.support.DisposableBeanAdapter |Invocation of destroy method failed on bean with name 'rocketMQTemplate': java.lang.IllegalStateException: Shutdown in progress
2024-03-05 18:44:43 |WARN  |SpringApplicationShutdownHook |DisposableBeanAdapter.java:329 |org.springframework.beans.factory.support.DisposableBeanAdapter |Custom destroy method 'shutdown' on bean with name 'defaultMQProducer' threw an exception: java.lang.IllegalStateException: Shutdown in progress
2024-03-05 18:46:01 |WARN  |main |LoadBalancerCacheAutoConfiguration.java:82 |org.springframework.cloud.loadbalancer.config.LoadBalancerCacheAutoConfiguration$LoadBalancerCaffeineWarnLogger |Spring Cloud LoadBalancer is currently working with the default cache. While this cache implementation is useful for development and tests, it's recommended to use Caffeine cache in production.You can switch to using Caffeine cache, by adding it and org.springframework.cache.caffeine.CaffeineCacheManager to the classpath.
2024-03-05 18:46:13 |WARN  |ConsumeMessageThread_2 |DefaultRocketMQListenerContainer.java:354 |org.apache.rocketmq.spring.support.DefaultRocketMQListenerContainer |consume message failed. messageExt:MessageExt [queueId=0, storeSize=426, queueOffset=7, sysFlag=0, bornTimestamp=1709635386476, bornHost=/120.227.131.104:44504, storeTimestamp=1709635491606, storeHost=/120.55.183.155:10911, msgId=7837B79B00002A9F00000000001E2E72, commitLogOffset=1977970, bodyCRC=778213905, reconsumeTimes=1, preparedTransactionOffset=0, toString()=Message{topic='mysqlToEs', flag=0, properties={CONSUME_START_TIME=1709635567340, MIN_OFFSET=0, REAL_TOPIC=%RETRY%mysql-es-group, ORIGIN_MESSAGE_ID=7837B79B00002A9F00000000001E2899, RETRY_TOPIC=mysqlToEs, MAX_OFFSET=8, id=ea62cf7e-3ac5-ae16-d413-ced231dfa3cb, UNIQ_KEY=C0A80A093CB014DAD5DC189DAC6C001E, CLUSTER=DefaultCluster, contentType=text/plain;charset=UTF-8, WAIT=false, DELAY=3, timestamp=1709635386460, REAL_QID=0}, body=[123, 34, 117, 115, 101, 114, 73, 100, 34, 58, 52, 54, 125], transactionId='null'}]
java.lang.NullPointerException: null
	at ljl.bilibili.notice.consumer.mysql_es.MysqlToEsConsumer.onMessage(MysqlToEsConsumer.java:38)
	at ljl.bilibili.notice.consumer.mysql_es.MysqlToEsConsumer.onMessage(MysqlToEsConsumer.java:18)
	at org.apache.rocketmq.spring.support.DefaultRocketMQListenerContainer$DefaultMessageListenerConcurrently.consumeMessage(DefaultRocketMQListenerContainer.java:350)
	at org.apache.rocketmq.client.impl.consumer.ConsumeMessageConcurrentlyService$ConsumeRequest.run(ConsumeMessageConcurrentlyService.java:411)
	at java.util.concurrent.Executors$RunnableAdapter.call(Executors.java:511)
	at java.util.concurrent.FutureTask.run$$$capture(FutureTask.java:266)
	at java.util.concurrent.FutureTask.run(FutureTask.java)
	at java.util.concurrent.ThreadPoolExecutor.runWorker(ThreadPoolExecutor.java:1142)
	at java.util.concurrent.ThreadPoolExecutor$Worker.run(ThreadPoolExecutor.java:617)
	at java.lang.Thread.run(Thread.java:745)
2024-03-05 18:46:13 |WARN  |ConsumeMessageThread_1 |DefaultRocketMQListenerContainer.java:354 |org.apache.rocketmq.spring.support.DefaultRocketMQListenerContainer |consume message failed. messageExt:MessageExt [queueId=0, storeSize=426, queueOffset=6, sysFlag=0, bornTimestamp=1709635300374, bornHost=/120.227.131.104:44504, storeTimestamp=1709635433345, storeHost=/120.55.183.155:10911, msgId=7837B79B00002A9F00000000001E29AF, commitLogOffset=1976751, bodyCRC=89115090, reconsumeTimes=3, preparedTransactionOffset=0, toString()=Message{topic='mysqlToEs', flag=0, properties={CONSUME_START_TIME=1709635567340, MIN_OFFSET=0, REAL_TOPIC=%RETRY%mysql-es-group, ORIGIN_MESSAGE_ID=7837B79B00002A9F00000000001E1DC6, RETRY_TOPIC=mysqlToEs, MAX_OFFSET=8, id=580eaf5b-95e0-875b-ac84-b6d2f15a9271, UNIQ_KEY=C0A80A093CB014DAD5DC189C5C0E0015, CLUSTER=DefaultCluster, contentType=text/plain;charset=UTF-8, WAIT=false, DELAY=5, timestamp=1709635300311, REAL_QID=0}, body=[123, 34, 117, 115, 101, 114, 73, 100, 34, 58, 52, 53, 125], transactionId='null'}]
java.lang.NullPointerException: null
	at ljl.bilibili.notice.consumer.mysql_es.MysqlToEsConsumer.onMessage(MysqlToEsConsumer.java:38)
	at ljl.bilibili.notice.consumer.mysql_es.MysqlToEsConsumer.onMessage(MysqlToEsConsumer.java:18)
	at org.apache.rocketmq.spring.support.DefaultRocketMQListenerContainer$DefaultMessageListenerConcurrently.consumeMessage(DefaultRocketMQListenerContainer.java:350)
	at org.apache.rocketmq.client.impl.consumer.ConsumeMessageConcurrentlyService$ConsumeRequest.run(ConsumeMessageConcurrentlyService.java:411)
	at java.util.concurrent.Executors$RunnableAdapter.call(Executors.java:511)
	at java.util.concurrent.FutureTask.run$$$capture(FutureTask.java:266)
	at java.util.concurrent.FutureTask.run(FutureTask.java)
	at java.util.concurrent.ThreadPoolExecutor.runWorker(ThreadPoolExecutor.java:1142)
	at java.util.concurrent.ThreadPoolExecutor$Worker.run(ThreadPoolExecutor.java:617)
	at java.lang.Thread.run(Thread.java:745)
2024-03-05 18:46:49 |WARN  |ConsumeMessageThread_3 |DefaultRocketMQListenerContainer.java:354 |org.apache.rocketmq.spring.support.DefaultRocketMQListenerContainer |consume message failed. messageExt:MessageExt [queueId=0, storeSize=426, queueOffset=8, sysFlag=0, bornTimestamp=1709635386476, bornHost=/120.227.131.104:44504, storeTimestamp=1709635604629, storeHost=/120.55.183.155:10911, msgId=7837B79B00002A9F00000000001E336C, commitLogOffset=1979244, bodyCRC=778213905, reconsumeTimes=2, preparedTransactionOffset=0, toString()=Message{topic='mysqlToEs', flag=0, properties={CONSUME_START_TIME=1709635603600, MIN_OFFSET=0, REAL_TOPIC=%RETRY%mysql-es-group, ORIGIN_MESSAGE_ID=7837B79B00002A9F00000000001E2899, RETRY_TOPIC=mysqlToEs, MAX_OFFSET=9, id=ea62cf7e-3ac5-ae16-d413-ced231dfa3cb, UNIQ_KEY=C0A80A093CB014DAD5DC189DAC6C001E, CLUSTER=DefaultCluster, contentType=text/plain;charset=UTF-8, WAIT=false, DELAY=4, timestamp=1709635386460, REAL_QID=0}, body=[123, 34, 117, 115, 101, 114, 73, 100, 34, 58, 52, 54, 125], transactionId='null'}]
java.lang.NullPointerException: null
	at ljl.bilibili.notice.consumer.mysql_es.MysqlToEsConsumer.onMessage(MysqlToEsConsumer.java:38)
	at ljl.bilibili.notice.consumer.mysql_es.MysqlToEsConsumer.onMessage(MysqlToEsConsumer.java:18)
	at org.apache.rocketmq.spring.support.DefaultRocketMQListenerContainer$DefaultMessageListenerConcurrently.consumeMessage(DefaultRocketMQListenerContainer.java:350)
	at org.apache.rocketmq.client.impl.consumer.ConsumeMessageConcurrentlyService$ConsumeRequest.run(ConsumeMessageConcurrentlyService.java:411)
	at java.util.concurrent.Executors$RunnableAdapter.call(Executors.java:511)
	at java.util.concurrent.FutureTask.run$$$capture(FutureTask.java:266)
	at java.util.concurrent.FutureTask.run(FutureTask.java)
	at java.util.concurrent.ThreadPoolExecutor.runWorker(ThreadPoolExecutor.java:1142)
	at java.util.concurrent.ThreadPoolExecutor$Worker.run(ThreadPoolExecutor.java:617)
	at java.lang.Thread.run(Thread.java:745)
2024-03-05 18:48:13 |WARN  |ConsumeMessageThread_4 |DefaultRocketMQListenerContainer.java:354 |org.apache.rocketmq.spring.support.DefaultRocketMQListenerContainer |consume message failed. messageExt:MessageExt [queueId=2, storeSize=278, queueOffset=28, sysFlag=0, bornTimestamp=1709635642346, bornHost=/120.227.131.104:44411, storeTimestamp=1709635643417, storeHost=/120.55.183.155:10911, msgId=7837B79B00002A9F00000000001E36BE, commitLogOffset=1980094, bodyCRC=930720592, reconsumeTimes=0, preparedTransactionOffset=0, toString()=Message{topic='mysqlToEs', flag=0, properties={MIN_OFFSET=0, MAX_OFFSET=29, CONSUME_START_TIME=1709635642390, id=866a0de3-8ee6-1fa0-4329-0f9a7c2a9e1a, UNIQ_KEY=C0A80A09396814DAD5DC18A193E70006, CLUSTER=DefaultCluster, contentType=text/plain;charset=UTF-8, timestamp=1709635642334}, body=[123, 34, 117, 115, 101, 114, 73, 100, 34, 58, 52, 55, 125], transactionId='null'}]
java.lang.NullPointerException: null
	at ljl.bilibili.notice.consumer.mysql_es.MysqlToEsConsumer.onMessage(MysqlToEsConsumer.java:38)
	at ljl.bilibili.notice.consumer.mysql_es.MysqlToEsConsumer.onMessage(MysqlToEsConsumer.java:18)
	at org.apache.rocketmq.spring.support.DefaultRocketMQListenerContainer$DefaultMessageListenerConcurrently.consumeMessage(DefaultRocketMQListenerContainer.java:350)
	at org.apache.rocketmq.client.impl.consumer.ConsumeMessageConcurrentlyService$ConsumeRequest.run(ConsumeMessageConcurrentlyService.java:411)
	at java.util.concurrent.Executors$RunnableAdapter.call(Executors.java:511)
	at java.util.concurrent.FutureTask.run$$$capture(FutureTask.java:266)
	at java.util.concurrent.FutureTask.run(FutureTask.java)
	at java.util.concurrent.ThreadPoolExecutor.runWorker(ThreadPoolExecutor.java:1142)
	at java.util.concurrent.ThreadPoolExecutor$Worker.run(ThreadPoolExecutor.java:617)
	at java.lang.Thread.run(Thread.java:745)
2024-03-05 18:48:17 |WARN  |ConsumeMessageThread_6 |DefaultRocketMQListenerContainer.java:354 |org.apache.rocketmq.spring.support.DefaultRocketMQListenerContainer |consume message failed. messageExt:MessageExt [queueId=0, storeSize=426, queueOffset=10, sysFlag=0, bornTimestamp=1709635300374, bornHost=/120.227.131.104:44504, storeTimestamp=1709635694614, storeHost=/120.55.183.155:10911, msgId=7837B79B00002A9F00000000001E397E, commitLogOffset=1980798, bodyCRC=89115090, reconsumeTimes=4, preparedTransactionOffset=0, toString()=Message{topic='mysqlToEs', flag=0, properties={CONSUME_START_TIME=1709635696863, MIN_OFFSET=0, REAL_TOPIC=%RETRY%mysql-es-group, ORIGIN_MESSAGE_ID=7837B79B00002A9F00000000001E1DC6, RETRY_TOPIC=mysqlToEs, MAX_OFFSET=11, id=580eaf5b-95e0-875b-ac84-b6d2f15a9271, UNIQ_KEY=C0A80A093CB014DAD5DC189C5C0E0015, CLUSTER=DefaultCluster, contentType=text/plain;charset=UTF-8, WAIT=false, DELAY=6, timestamp=1709635300311, REAL_QID=0}, body=[123, 34, 117, 115, 101, 114, 73, 100, 34, 58, 52, 53, 125], transactionId='null'}]
java.lang.NullPointerException: null
	at ljl.bilibili.notice.consumer.mysql_es.MysqlToEsConsumer.onMessage(MysqlToEsConsumer.java:38)
	at ljl.bilibili.notice.consumer.mysql_es.MysqlToEsConsumer.onMessage(MysqlToEsConsumer.java:18)
	at org.apache.rocketmq.spring.support.DefaultRocketMQListenerContainer$DefaultMessageListenerConcurrently.consumeMessage(DefaultRocketMQListenerContainer.java:350)
	at org.apache.rocketmq.client.impl.consumer.ConsumeMessageConcurrentlyService$ConsumeRequest.run(ConsumeMessageConcurrentlyService.java:411)
	at java.util.concurrent.Executors$RunnableAdapter.call(Executors.java:511)
	at java.util.concurrent.FutureTask.run$$$capture(FutureTask.java:266)
	at java.util.concurrent.FutureTask.run(FutureTask.java)
	at java.util.concurrent.ThreadPoolExecutor.runWorker(ThreadPoolExecutor.java:1142)
	at java.util.concurrent.ThreadPoolExecutor$Worker.run(ThreadPoolExecutor.java:617)
	at java.lang.Thread.run(Thread.java:745)
2024-03-05 18:48:17 |WARN  |ConsumeMessageThread_5 |DefaultRocketMQListenerContainer.java:354 |org.apache.rocketmq.spring.support.DefaultRocketMQListenerContainer |consume message failed. messageExt:MessageExt [queueId=0, storeSize=426, queueOffset=9, sysFlag=0, bornTimestamp=1709635386476, bornHost=/120.227.131.104:44504, storeTimestamp=1709635670693, storeHost=/120.55.183.155:10911, msgId=7837B79B00002A9F00000000001E37D4, commitLogOffset=1980372, bodyCRC=778213905, reconsumeTimes=3, preparedTransactionOffset=0, toString()=Message{topic='mysqlToEs', flag=0, properties={CONSUME_START_TIME=1709635696863, MIN_OFFSET=0, REAL_TOPIC=%RETRY%mysql-es-group, ORIGIN_MESSAGE_ID=7837B79B00002A9F00000000001E2899, RETRY_TOPIC=mysqlToEs, MAX_OFFSET=11, id=ea62cf7e-3ac5-ae16-d413-ced231dfa3cb, UNIQ_KEY=C0A80A093CB014DAD5DC189DAC6C001E, CLUSTER=DefaultCluster, contentType=text/plain;charset=UTF-8, WAIT=false, DELAY=5, timestamp=1709635386460, REAL_QID=0}, body=[123, 34, 117, 115, 101, 114, 73, 100, 34, 58, 52, 54, 125], transactionId='null'}]
java.lang.NullPointerException: null
	at ljl.bilibili.notice.consumer.mysql_es.MysqlToEsConsumer.onMessage(MysqlToEsConsumer.java:38)
	at ljl.bilibili.notice.consumer.mysql_es.MysqlToEsConsumer.onMessage(MysqlToEsConsumer.java:18)
	at org.apache.rocketmq.spring.support.DefaultRocketMQListenerContainer$DefaultMessageListenerConcurrently.consumeMessage(DefaultRocketMQListenerContainer.java:350)
	at org.apache.rocketmq.client.impl.consumer.ConsumeMessageConcurrentlyService$ConsumeRequest.run(ConsumeMessageConcurrentlyService.java:411)
	at java.util.concurrent.Executors$RunnableAdapter.call(Executors.java:511)
	at java.util.concurrent.FutureTask.run$$$capture(FutureTask.java:266)
	at java.util.concurrent.FutureTask.run(FutureTask.java)
	at java.util.concurrent.ThreadPoolExecutor.runWorker(ThreadPoolExecutor.java:1142)
	at java.util.concurrent.ThreadPoolExecutor$Worker.run(ThreadPoolExecutor.java:617)
	at java.lang.Thread.run(Thread.java:745)
2024-03-05 18:48:17 |WARN  |Thread-49 |HttpClientBeanHolder.java:108 |com.alibaba.nacos.common.http.HttpClientBeanHolder |[HttpClientBeanHolder] Start destroying common HttpClient
2024-03-05 18:48:17 |WARN  |Thread-46 |NotifyCenter.java:136 |com.alibaba.nacos.common.notify.NotifyCenter |[NotifyCenter] Start destroying Publisher
2024-03-05 18:48:17 |WARN  |Thread-46 |NotifyCenter.java:153 |com.alibaba.nacos.common.notify.NotifyCenter |[NotifyCenter] Destruction of the end
2024-03-05 18:48:17 |WARN  |Thread-49 |HttpClientBeanHolder.java:114 |com.alibaba.nacos.common.http.HttpClientBeanHolder |[HttpClientBeanHolder] Destruction of the end
2024-03-05 18:48:18 |WARN  |SpringApplicationShutdownHook |DisposableBeanAdapter.java:222 |org.springframework.beans.factory.support.DisposableBeanAdapter |Invocation of destroy method failed on bean with name 'rocketMQTemplate': java.lang.IllegalStateException: Shutdown in progress
2024-03-05 18:48:18 |WARN  |SpringApplicationShutdownHook |DisposableBeanAdapter.java:329 |org.springframework.beans.factory.support.DisposableBeanAdapter |Custom destroy method 'shutdown' on bean with name 'defaultMQProducer' threw an exception: java.lang.IllegalStateException: Shutdown in progress
2024-03-05 18:49:14 |WARN  |main |LoadBalancerCacheAutoConfiguration.java:82 |org.springframework.cloud.loadbalancer.config.LoadBalancerCacheAutoConfiguration$LoadBalancerCaffeineWarnLogger |Spring Cloud LoadBalancer is currently working with the default cache. While this cache implementation is useful for development and tests, it's recommended to use Caffeine cache in production.You can switch to using Caffeine cache, by adding it and org.springframework.cache.caffeine.CaffeineCacheManager to the classpath.
2024-03-05 18:54:45 |WARN  |Thread-47 |HttpClientBeanHolder.java:108 |com.alibaba.nacos.common.http.HttpClientBeanHolder |[HttpClientBeanHolder] Start destroying common HttpClient
2024-03-05 18:54:45 |WARN  |Thread-47 |HttpClientBeanHolder.java:114 |com.alibaba.nacos.common.http.HttpClientBeanHolder |[HttpClientBeanHolder] Destruction of the end
2024-03-05 18:54:45 |WARN  |Thread-44 |NotifyCenter.java:136 |com.alibaba.nacos.common.notify.NotifyCenter |[NotifyCenter] Start destroying Publisher
2024-03-05 18:54:45 |WARN  |Thread-44 |NotifyCenter.java:153 |com.alibaba.nacos.common.notify.NotifyCenter |[NotifyCenter] Destruction of the end
2024-03-05 18:54:46 |WARN  |SpringApplicationShutdownHook |DisposableBeanAdapter.java:222 |org.springframework.beans.factory.support.DisposableBeanAdapter |Invocation of destroy method failed on bean with name 'rocketMQTemplate': java.lang.IllegalStateException: Shutdown in progress
2024-03-05 18:54:46 |WARN  |SpringApplicationShutdownHook |DisposableBeanAdapter.java:329 |org.springframework.beans.factory.support.DisposableBeanAdapter |Custom destroy method 'shutdown' on bean with name 'defaultMQProducer' threw an exception: java.lang.IllegalStateException: Shutdown in progress
2024-03-05 18:55:28 |WARN  |main |LoadBalancerCacheAutoConfiguration.java:82 |org.springframework.cloud.loadbalancer.config.LoadBalancerCacheAutoConfiguration$LoadBalancerCaffeineWarnLogger |Spring Cloud LoadBalancer is currently working with the default cache. While this cache implementation is useful for development and tests, it's recommended to use Caffeine cache in production.You can switch to using Caffeine cache, by adding it and org.springframework.cache.caffeine.CaffeineCacheManager to the classpath.
2024-03-05 18:56:42 |WARN  |nacos-grpc-client-executor-20 |LoggerUtils.java:86 |com.alibaba.nacos.common.remote.client.grpc.GrpcClient |[1709636127390_120.227.131.104_44350]Ignore error event,isRunning:true,isAbandon=true
2024-03-05 18:56:52 |WARN  |Thread-50 |HttpClientBeanHolder.java:108 |com.alibaba.nacos.common.http.HttpClientBeanHolder |[HttpClientBeanHolder] Start destroying common HttpClient
2024-03-05 18:56:52 |WARN  |Thread-47 |NotifyCenter.java:136 |com.alibaba.nacos.common.notify.NotifyCenter |[NotifyCenter] Start destroying Publisher
2024-03-05 18:56:52 |WARN  |Thread-47 |NotifyCenter.java:153 |com.alibaba.nacos.common.notify.NotifyCenter |[NotifyCenter] Destruction of the end
2024-03-05 18:56:52 |WARN  |Thread-50 |HttpClientBeanHolder.java:114 |com.alibaba.nacos.common.http.HttpClientBeanHolder |[HttpClientBeanHolder] Destruction of the end
2024-03-05 18:56:55 |WARN  |SpringApplicationShutdownHook |DisposableBeanAdapter.java:222 |org.springframework.beans.factory.support.DisposableBeanAdapter |Invocation of destroy method failed on bean with name 'rocketMQTemplate': java.lang.IllegalStateException: Shutdown in progress
2024-03-05 18:56:55 |WARN  |SpringApplicationShutdownHook |DisposableBeanAdapter.java:329 |org.springframework.beans.factory.support.DisposableBeanAdapter |Custom destroy method 'shutdown' on bean with name 'defaultMQProducer' threw an exception: java.lang.IllegalStateException: Shutdown in progress
2024-03-05 18:58:24 |WARN  |main |LoadBalancerCacheAutoConfiguration.java:82 |org.springframework.cloud.loadbalancer.config.LoadBalancerCacheAutoConfiguration$LoadBalancerCaffeineWarnLogger |Spring Cloud LoadBalancer is currently working with the default cache. While this cache implementation is useful for development and tests, it's recommended to use Caffeine cache in production.You can switch to using Caffeine cache, by adding it and org.springframework.cache.caffeine.CaffeineCacheManager to the classpath.
2024-03-05 19:07:38 |WARN  |ConsumeMessageThread_3 |DefaultRocketMQListenerContainer.java:354 |org.apache.rocketmq.spring.support.DefaultRocketMQListenerContainer |consume message failed. messageExt:MessageExt [queueId=1, storeSize=307, queueOffset=28, sysFlag=0, bornTimestamp=1709636839274, bornHost=/120.227.131.104:44610, storeTimestamp=1709636840351, storeHost=/120.55.183.155:10911, msgId=7837B79B00002A9F00000000001E5476, commitLogOffset=1987702, bodyCRC=1476059084, reconsumeTimes=0, preparedTransactionOffset=0, toString()=Message{topic='mysqlToEs', flag=0, properties={MIN_OFFSET=0, MAX_OFFSET=29, CONSUME_START_TIME=1709636839317, id=6fb13f77-bbe9-4daa-b7a8-a40eb03c3cf7, UNIQ_KEY=C0A80A09339C14DAD5DC18B3D76A000F, CLUSTER=DefaultCluster, contentType=text/plain;charset=UTF-8, timestamp=1709636839274}, body=[123, 34, 116, 121, 112, 101, 34, 58, 34, 100, 101, 108, 101, 116, 101, 34, 44, 34, 116, 97, 98, 108, 101, 34, 58, 34, 118, 105, 100, 101, 111, 34, 44, 34, 105, 100, 34, 58, 50, 49, 50, 125], transactionId='null'}]
org.springframework.data.redis.RedisSystemException: Redis exception; nested exception is io.lettuce.core.RedisException: java.io.IOException: 远程主机强迫关闭了一个现有的连接。
	at org.springframework.data.redis.connection.lettuce.LettuceExceptionConverter.convert(LettuceExceptionConverter.java:74)
	at org.springframework.data.redis.connection.lettuce.LettuceExceptionConverter.convert(LettuceExceptionConverter.java:41)
	at org.springframework.data.redis.PassThroughExceptionTranslationStrategy.translate(PassThroughExceptionTranslationStrategy.java:44)
	at org.springframework.data.redis.FallbackExceptionTranslationStrategy.translate(FallbackExceptionTranslationStrategy.java:42)
	at org.springframework.data.redis.connection.lettuce.LettuceConnection.convertLettuceAccessException(LettuceConnection.java:272)
	at org.springframework.data.redis.connection.lettuce.LettuceConnection.await(LettuceConnection.java:1063)
	at org.springframework.data.redis.connection.lettuce.LettuceConnection.lambda$doInvoke$4(LettuceConnection.java:920)
	at org.springframework.data.redis.connection.lettuce.LettuceInvoker$Synchronizer.invoke(LettuceInvoker.java:665)
	at org.springframework.data.redis.connection.lettuce.LettuceInvoker.just(LettuceInvoker.java:109)
	at org.springframework.data.redis.connection.lettuce.LettuceListCommands.rPush(LettuceListCommands.java:53)
	at org.springframework.data.redis.connection.DefaultedRedisConnection.rPush(DefaultedRedisConnection.java:653)
	at org.springframework.data.redis.core.DefaultListOperations.lambda$rightPush$12(DefaultListOperations.java:280)
	at org.springframework.data.redis.core.RedisTemplate.execute(RedisTemplate.java:223)
	at org.springframework.data.redis.core.RedisTemplate.execute(RedisTemplate.java:190)
	at org.springframework.data.redis.core.AbstractOperations.execute(AbstractOperations.java:97)
	at org.springframework.data.redis.core.DefaultListOperations.rightPush(DefaultListOperations.java:280)
	at ljl.bilibili.notice.consumer.mysql_es.MysqlToEsConsumer.onMessage(MysqlToEsConsumer.java:53)
	at ljl.bilibili.notice.consumer.mysql_es.MysqlToEsConsumer.onMessage(MysqlToEsConsumer.java:18)
	at org.apache.rocketmq.spring.support.DefaultRocketMQListenerContainer$DefaultMessageListenerConcurrently.consumeMessage(DefaultRocketMQListenerContainer.java:350)
	at org.apache.rocketmq.client.impl.consumer.ConsumeMessageConcurrentlyService$ConsumeRequest.run(ConsumeMessageConcurrentlyService.java:411)
	at java.util.concurrent.Executors$RunnableAdapter.call(Executors.java:511)
	at java.util.concurrent.FutureTask.run(FutureTask.java:266)
	at java.util.concurrent.ThreadPoolExecutor.runWorker(ThreadPoolExecutor.java:1142)
	at java.util.concurrent.ThreadPoolExecutor$Worker.run(ThreadPoolExecutor.java:617)
	at java.lang.Thread.run(Thread.java:745)
Caused by: io.lettuce.core.RedisException: java.io.IOException: 远程主机强迫关闭了一个现有的连接。
	at io.lettuce.core.internal.Exceptions.bubble(Exceptions.java:83)
	at io.lettuce.core.internal.Futures.awaitOrCancel(Futures.java:250)
	at io.lettuce.core.LettuceFutures.awaitOrCancel(LettuceFutures.java:74)
	at org.springframework.data.redis.connection.lettuce.LettuceConnection.await(LettuceConnection.java:1061)
	... 19 common frames omitted
Caused by: java.io.IOException: 远程主机强迫关闭了一个现有的连接。
	at sun.nio.ch.SocketDispatcher.read0(Native Method)
	at sun.nio.ch.SocketDispatcher.read(SocketDispatcher.java:43)
	at sun.nio.ch.IOUtil.readIntoNativeBuffer(IOUtil.java:223)
	at sun.nio.ch.IOUtil.read(IOUtil.java:192)
	at sun.nio.ch.SocketChannelImpl.read(SocketChannelImpl.java:380)
	at io.netty.buffer.PooledByteBuf.setBytes(PooledByteBuf.java:258)
	at io.netty.buffer.AbstractByteBuf.writeBytes(AbstractByteBuf.java:1132)
	at io.netty.channel.socket.nio.NioSocketChannel.doReadBytes(NioSocketChannel.java:357)
	at io.netty.channel.nio.AbstractNioByteChannel$NioByteUnsafe.read(AbstractNioByteChannel.java:151)
	at io.netty.channel.nio.NioEventLoop.processSelectedKey(NioEventLoop.java:722)
	at io.netty.channel.nio.NioEventLoop.processSelectedKeysOptimized(NioEventLoop.java:658)
	at io.netty.channel.nio.NioEventLoop.processSelectedKeys(NioEventLoop.java:584)
	at io.netty.channel.nio.NioEventLoop.run(NioEventLoop.java:496)
	at io.netty.util.concurrent.SingleThreadEventExecutor$4.run(SingleThreadEventExecutor.java:997)
	at io.netty.util.internal.ThreadExecutorMap$2.run(ThreadExecutorMap.java:74)
	at io.netty.util.concurrent.FastThreadLocalRunnable.run(FastThreadLocalRunnable.java:30)
	... 1 common frames omitted
2024-03-05 19:11:51 |WARN  |Thread-46 |HttpClientBeanHolder.java:108 |com.alibaba.nacos.common.http.HttpClientBeanHolder |[HttpClientBeanHolder] Start destroying common HttpClient
2024-03-05 19:11:51 |WARN  |Thread-43 |NotifyCenter.java:136 |com.alibaba.nacos.common.notify.NotifyCenter |[NotifyCenter] Start destroying Publisher
2024-03-05 19:11:51 |WARN  |Thread-43 |NotifyCenter.java:153 |com.alibaba.nacos.common.notify.NotifyCenter |[NotifyCenter] Destruction of the end
2024-03-05 19:11:51 |WARN  |Thread-46 |HttpClientBeanHolder.java:114 |com.alibaba.nacos.common.http.HttpClientBeanHolder |[HttpClientBeanHolder] Destruction of the end
2024-03-05 19:11:53 |WARN  |SpringApplicationShutdownHook |DisposableBeanAdapter.java:222 |org.springframework.beans.factory.support.DisposableBeanAdapter |Invocation of destroy method failed on bean with name 'rocketMQTemplate': java.lang.IllegalStateException: Shutdown in progress
2024-03-05 19:11:53 |WARN  |SpringApplicationShutdownHook |DisposableBeanAdapter.java:329 |org.springframework.beans.factory.support.DisposableBeanAdapter |Custom destroy method 'shutdown' on bean with name 'defaultMQProducer' threw an exception: java.lang.IllegalStateException: Shutdown in progress
2024-03-05 19:12:34 |WARN  |main |LoadBalancerCacheAutoConfiguration.java:82 |org.springframework.cloud.loadbalancer.config.LoadBalancerCacheAutoConfiguration$LoadBalancerCaffeineWarnLogger |Spring Cloud LoadBalancer is currently working with the default cache. While this cache implementation is useful for development and tests, it's recommended to use Caffeine cache in production.You can switch to using Caffeine cache, by adding it and org.springframework.cache.caffeine.CaffeineCacheManager to the classpath.
2024-03-05 19:13:32 |WARN  |nacos-grpc-client-executor-15 |LoggerUtils.java:86 |com.alibaba.nacos.common.remote.client.grpc.GrpcClient |[1709637153287_120.227.131.104_44465]Ignore error event,isRunning:true,isAbandon=true
2024-03-05 19:21:48 |WARN  |Thread-49 |NotifyCenter.java:136 |com.alibaba.nacos.common.notify.NotifyCenter |[NotifyCenter] Start destroying Publisher
2024-03-05 19:21:48 |WARN  |Thread-49 |NotifyCenter.java:153 |com.alibaba.nacos.common.notify.NotifyCenter |[NotifyCenter] Destruction of the end
2024-03-05 19:21:48 |WARN  |Thread-52 |HttpClientBeanHolder.java:108 |com.alibaba.nacos.common.http.HttpClientBeanHolder |[HttpClientBeanHolder] Start destroying common HttpClient
2024-03-05 19:21:48 |WARN  |Thread-52 |HttpClientBeanHolder.java:114 |com.alibaba.nacos.common.http.HttpClientBeanHolder |[HttpClientBeanHolder] Destruction of the end
2024-03-05 19:21:52 |WARN  |SpringApplicationShutdownHook |DisposableBeanAdapter.java:222 |org.springframework.beans.factory.support.DisposableBeanAdapter |Invocation of destroy method failed on bean with name 'rocketMQTemplate': java.lang.IllegalStateException: Shutdown in progress
2024-03-05 19:21:52 |WARN  |SpringApplicationShutdownHook |DisposableBeanAdapter.java:329 |org.springframework.beans.factory.support.DisposableBeanAdapter |Custom destroy method 'shutdown' on bean with name 'defaultMQProducer' threw an exception: java.lang.IllegalStateException: Shutdown in progress
