2024-06-17 22:02:11 |INFO  |main |SpringApplication.java:645 |ljl.bilibili.video.VideoApplication |No active profile set, falling back to 1 default profile: "default"
2024-06-17 22:02:17 |INFO  |main |RepositoryConfigurationDelegate.java:262 |org.springframework.data.repository.config.RepositoryConfigurationDelegate |Multiple Spring Data modules found, entering strict repository configuration mode
2024-06-17 22:02:17 |INFO  |main |RepositoryConfigurationDelegate.java:132 |org.springframework.data.repository.config.RepositoryConfigurationDelegate |Bootstrapping Spring Data Redis repositories in DEFAULT mode.
2024-06-17 22:02:17 |INFO  |main |RepositoryConfigurationDelegate.java:201 |org.springframework.data.repository.config.RepositoryConfigurationDelegate |Finished Spring Data repository scanning in 25 ms. Found 0 Redis repository interfaces.
2024-06-17 22:02:19 |INFO  |main |GenericScope.java:283 |org.springframework.cloud.context.scope.GenericScope |BeanFactory id=4b299e4b-bb04-3a74-9659-8f5263a2fa1e
2024-06-17 22:02:23 |INFO  |main |TomcatWebServer.java:108 |org.springframework.boot.web.embedded.tomcat.TomcatWebServer |Tomcat initialized with port(s): 10201 (http)
2024-06-17 22:02:23 |INFO  |main |DirectJDKLog.java:173 |org.apache.coyote.http11.Http11NioProtocol |Initializing ProtocolHandler ["http-nio-10201"]
2024-06-17 22:02:23 |INFO  |main |DirectJDKLog.java:173 |org.apache.catalina.core.StandardService |Starting service [Tomcat]
2024-06-17 22:02:23 |INFO  |main |DirectJDKLog.java:173 |org.apache.catalina.core.StandardEngine |Starting Servlet engine: [Apache Tomcat/9.0.65]
2024-06-17 22:02:23 |INFO  |main |DirectJDKLog.java:173 |org.apache.catalina.core.ContainerBase.[Tomcat].[localhost].[/] |Initializing Spring embedded WebApplicationContext
2024-06-17 22:02:23 |INFO  |main |ServletWebServerApplicationContext.java:290 |org.springframework.boot.web.servlet.context.ServletWebServerApplicationContext |Root WebApplicationContext: initialization completed in 12133 ms
2024-06-17 22:02:26 |INFO  |main |MybatisPlusJoinAutoConfiguration.java:140 |com.github.yulichang.autoconfigure.MybatisPlusJoinAutoConfiguration |mybatis plus join properties config complete
2024-06-17 22:02:26 |INFO  |main |MybatisPlusJoinAutoConfiguration.java:140 |com.github.yulichang.autoconfigure.MybatisPlusJoinAutoConfiguration |mybatis plus join SqlInjector init
2024-06-17 22:02:34 |INFO  |main |WebMvcPropertySourcedRequestMappingHandlerMapping.java:69 |springfox.documentation.spring.web.WebMvcPropertySourcedRequestMappingHandlerMapping |Mapped URL path [/v2/api-docs] onto method [springfox.documentation.swagger2.web.Swagger2ControllerWebMvc#getDocumentation(String, HttpServletRequest)]
2024-06-17 22:02:38 |WARN  |main |LoadBalancerCacheAutoConfiguration.java:82 |org.springframework.cloud.loadbalancer.config.LoadBalancerCacheAutoConfiguration$LoadBalancerCaffeineWarnLogger |Spring Cloud LoadBalancer is currently working with the default cache. While this cache implementation is useful for development and tests, it's recommended to use Caffeine cache in production.You can switch to using Caffeine cache, by adding it and org.springframework.cache.caffeine.CaffeineCacheManager to the classpath.
2024-06-17 22:02:39 |INFO  |main |DirectJDKLog.java:173 |org.apache.coyote.http11.Http11NioProtocol |Starting ProtocolHandler ["http-nio-10201"]
2024-06-17 22:02:39 |INFO  |main |TomcatWebServer.java:220 |org.springframework.boot.web.embedded.tomcat.TomcatWebServer |Tomcat started on port(s): 10201 (http) with context path ''
2024-06-17 22:02:39 |INFO  |main |DocumentationPluginsBootstrapper.java:93 |springfox.documentation.spring.web.plugins.DocumentationPluginsBootstrapper |Documentation plugins bootstrapped
2024-06-17 22:02:39 |INFO  |main |AbstractDocumentationPluginsBootstrapper.java:79 |springfox.documentation.spring.web.plugins.DocumentationPluginsBootstrapper |Found 1 custom documentation plugin(s)
2024-06-17 22:02:39 |INFO  |main |ApiListingReferenceScanner.java:44 |springfox.documentation.spring.web.scanners.ApiListingReferenceScanner |Scanning for api listing references
2024-06-17 22:02:40 |INFO  |main |CachingOperationNameGenerator.java:41 |springfox.documentation.spring.web.readers.operation.CachingOperationNameGenerator |Generating unique operation named: getCollectGroupUsingGET_1
2024-06-17 22:02:40 |INFO  |main |CachingOperationNameGenerator.java:41 |springfox.documentation.spring.web.readers.operation.CachingOperationNameGenerator |Generating unique operation named: getCommentUsingGET_1
2024-06-17 22:02:40 |INFO  |main |CachingOperationNameGenerator.java:41 |springfox.documentation.spring.web.readers.operation.CachingOperationNameGenerator |Generating unique operation named: getDanmakuUsingGET_1
2024-06-17 22:02:41 |INFO  |main |StartupInfoLogger.java:61 |ljl.bilibili.video.VideoApplication |Started VideoApplication in 33.929 seconds (JVM running for 38.534)
2024-06-17 22:02:54 |INFO  |http-nio-10201-exec-1 |DirectJDKLog.java:173 |org.apache.catalina.core.ContainerBase.[Tomcat].[localhost].[/] |Initializing Spring DispatcherServlet 'dispatcherServlet'
2024-06-17 22:02:54 |INFO  |http-nio-10201-exec-1 |FrameworkServlet.java:525 |org.springframework.web.servlet.DispatcherServlet |Initializing Servlet 'dispatcherServlet'
2024-06-17 22:02:54 |INFO  |http-nio-10201-exec-1 |FrameworkServlet.java:547 |org.springframework.web.servlet.DispatcherServlet |Completed initialization in 5 ms
2024-06-17 22:03:12 |INFO  |http-nio-10201-exec-6 |CommentController.java:36 |ljl.bilibili.video.controller.audience_reactions.comment.CommentController |获取评论
2024-06-17 22:03:12 |INFO  |http-nio-10201-exec-6 |CommentController.java:37 |ljl.bilibili.video.controller.audience_reactions.comment.CommentController |1
2024-06-17 22:03:12 |INFO  |http-nio-10201-exec-6 |CommentController.java:38 |ljl.bilibili.video.controller.audience_reactions.comment.CommentController |

2024-06-17 22:03:12 |INFO  |http-nio-10201-exec-6 |CommentController.java:39 |ljl.bilibili.video.controller.audience_reactions.comment.CommentController |

2024-06-17 22:03:12 |INFO  |http-nio-10201-exec-6 |CommentController.java:40 |ljl.bilibili.video.controller.audience_reactions.comment.CommentController |

2024-06-17 22:03:12 |INFO  |http-nio-10201-exec-6 |DruidDataSource.java:975 |com.alibaba.druid.pool.DruidDataSource |{dataSource-1} inited
2024-06-17 22:03:40 |ERROR |http-nio-10201-exec-6 |GlobalExceptionHandler.java:22 |ljl.bilibili.handler.GlobalExceptionHandler |
java.lang.NullPointerException: null
	at ljl.bilibili.video.service.audience_reactions.comment.impl.CommentServiceImpl.getComment(CommentServiceImpl.java:91)
	at ljl.bilibili.video.controller.audience_reactions.comment.CommentController.getComment(CommentController.java:41)
	at sun.reflect.NativeMethodAccessorImpl.invoke0(Native Method)
	at sun.reflect.NativeMethodAccessorImpl.invoke(NativeMethodAccessorImpl.java:62)
	at sun.reflect.DelegatingMethodAccessorImpl.invoke(DelegatingMethodAccessorImpl.java:43)
	at java.lang.reflect.Method.invoke(Method.java:497)
	at org.springframework.web.method.support.InvocableHandlerMethod.doInvoke(InvocableHandlerMethod.java:205)
	at org.springframework.web.method.support.InvocableHandlerMethod.invokeForRequest(InvocableHandlerMethod.java:150)
	at org.springframework.web.servlet.mvc.method.annotation.ServletInvocableHandlerMethod.invokeAndHandle(ServletInvocableHandlerMethod.java:117)
	at org.springframework.web.servlet.mvc.method.annotation.RequestMappingHandlerAdapter.invokeHandlerMethod(RequestMappingHandlerAdapter.java:895)
	at org.springframework.web.servlet.mvc.method.annotation.RequestMappingHandlerAdapter.handleInternal(RequestMappingHandlerAdapter.java:808)
	at org.springframework.web.servlet.mvc.method.AbstractHandlerMethodAdapter.handle(AbstractHandlerMethodAdapter.java:87)
	at org.springframework.web.servlet.DispatcherServlet.doDispatch(DispatcherServlet.java:1070)
	at org.springframework.web.servlet.DispatcherServlet.doService(DispatcherServlet.java:963)
	at org.springframework.web.servlet.FrameworkServlet.processRequest(FrameworkServlet.java:1006)
	at org.springframework.web.servlet.FrameworkServlet.doGet(FrameworkServlet.java:898)
	at javax.servlet.http.HttpServlet.service(HttpServlet.java:655)
	at org.springframework.web.servlet.FrameworkServlet.service(FrameworkServlet.java:883)
	at javax.servlet.http.HttpServlet.service(HttpServlet.java:764)
	at org.apache.catalina.core.ApplicationFilterChain.internalDoFilter(ApplicationFilterChain.java:227)
	at org.apache.catalina.core.ApplicationFilterChain.doFilter(ApplicationFilterChain.java:162)
	at org.apache.tomcat.websocket.server.WsFilter.doFilter(WsFilter.java:53)
	at org.apache.catalina.core.ApplicationFilterChain.internalDoFilter(ApplicationFilterChain.java:189)
	at org.apache.catalina.core.ApplicationFilterChain.doFilter(ApplicationFilterChain.java:162)
	at org.springframework.web.filter.RequestContextFilter.doFilterInternal(RequestContextFilter.java:100)
	at org.springframework.web.filter.OncePerRequestFilter.doFilter(OncePerRequestFilter.java:117)
	at org.apache.catalina.core.ApplicationFilterChain.internalDoFilter(ApplicationFilterChain.java:189)
	at org.apache.catalina.core.ApplicationFilterChain.doFilter(ApplicationFilterChain.java:162)
	at org.springframework.web.filter.FormContentFilter.doFilterInternal(FormContentFilter.java:93)
	at org.springframework.web.filter.OncePerRequestFilter.doFilter(OncePerRequestFilter.java:117)
	at org.apache.catalina.core.ApplicationFilterChain.internalDoFilter(ApplicationFilterChain.java:189)
	at org.apache.catalina.core.ApplicationFilterChain.doFilter(ApplicationFilterChain.java:162)
	at org.springframework.cloud.sleuth.instrument.web.servlet.TracingFilter.doFilter(TracingFilter.java:68)
	at org.springframework.cloud.sleuth.autoconfig.instrument.web.TraceWebServletConfiguration$LazyTracingFilter.doFilter(TraceWebServletConfiguration.java:131)
	at org.apache.catalina.core.ApplicationFilterChain.internalDoFilter(ApplicationFilterChain.java:189)
	at org.apache.catalina.core.ApplicationFilterChain.doFilter(ApplicationFilterChain.java:162)
	at org.springframework.web.filter.CharacterEncodingFilter.doFilterInternal(CharacterEncodingFilter.java:201)
	at org.springframework.web.filter.OncePerRequestFilter.doFilter(OncePerRequestFilter.java:117)
	at org.apache.catalina.core.ApplicationFilterChain.internalDoFilter(ApplicationFilterChain.java:189)
	at org.apache.catalina.core.ApplicationFilterChain.doFilter(ApplicationFilterChain.java:162)
	at org.apache.catalina.core.StandardWrapperValve.invoke(StandardWrapperValve.java:197)
	at org.apache.catalina.core.StandardContextValve.invoke(StandardContextValve.java:97)
	at org.apache.catalina.authenticator.AuthenticatorBase.invoke(AuthenticatorBase.java:541)
	at org.apache.catalina.core.StandardHostValve.invoke(StandardHostValve.java:135)
	at org.apache.catalina.valves.ErrorReportValve.invoke(ErrorReportValve.java:92)
	at org.apache.catalina.core.StandardEngineValve.invoke(StandardEngineValve.java:78)
	at org.springframework.cloud.sleuth.instrument.web.tomcat.TraceValve.invoke(TraceValve.java:103)
	at org.apache.catalina.connector.CoyoteAdapter.service(CoyoteAdapter.java:360)
	at org.apache.coyote.http11.Http11Processor.service(Http11Processor.java:399)
	at org.apache.coyote.AbstractProcessorLight.process(AbstractProcessorLight.java:65)
	at org.apache.coyote.AbstractProtocol$ConnectionHandler.process(AbstractProtocol.java:890)
	at org.apache.tomcat.util.net.NioEndpoint$SocketProcessor.doRun(NioEndpoint.java:1789)
	at org.apache.tomcat.util.net.SocketProcessorBase.run(SocketProcessorBase.java:49)
	at org.apache.tomcat.util.threads.ThreadPoolExecutor.runWorker(ThreadPoolExecutor.java:1191)
	at org.apache.tomcat.util.threads.ThreadPoolExecutor$Worker.run(ThreadPoolExecutor.java:659)
	at org.apache.tomcat.util.threads.TaskThread$WrappingRunnable.run(TaskThread.java:61)
	at java.lang.Thread.run(Thread.java:745)
2024-06-17 22:03:52 |INFO  |http-nio-10201-exec-4 |CommentController.java:36 |ljl.bilibili.video.controller.audience_reactions.comment.CommentController |获取评论
2024-06-17 22:03:52 |INFO  |http-nio-10201-exec-4 |CommentController.java:37 |ljl.bilibili.video.controller.audience_reactions.comment.CommentController |1
2024-06-17 22:03:52 |INFO  |http-nio-10201-exec-4 |CommentController.java:38 |ljl.bilibili.video.controller.audience_reactions.comment.CommentController |

2024-06-17 22:03:52 |INFO  |http-nio-10201-exec-4 |CommentController.java:39 |ljl.bilibili.video.controller.audience_reactions.comment.CommentController |

2024-06-17 22:03:52 |INFO  |http-nio-10201-exec-4 |CommentController.java:40 |ljl.bilibili.video.controller.audience_reactions.comment.CommentController |

2024-06-17 22:12:27 |INFO  |http-nio-10201-exec-4 |TimeBasedFilter.java:24 |ljl.bilibili.filter.TimeBasedFilter |






2024-06-17 22:12:27 |ERROR |http-nio-10201-exec-4 |GlobalExceptionHandler.java:22 |ljl.bilibili.handler.GlobalExceptionHandler |
java.lang.NullPointerException: null
	at ljl.bilibili.video.service.audience_reactions.comment.impl.CommentServiceImpl.getComment(CommentServiceImpl.java:91)
	at ljl.bilibili.video.controller.audience_reactions.comment.CommentController.getComment(CommentController.java:41)
	at sun.reflect.NativeMethodAccessorImpl.invoke0(Native Method)
	at sun.reflect.NativeMethodAccessorImpl.invoke(NativeMethodAccessorImpl.java:62)
	at sun.reflect.DelegatingMethodAccessorImpl.invoke(DelegatingMethodAccessorImpl.java:43)
	at java.lang.reflect.Method.invoke(Method.java:497)
	at org.springframework.web.method.support.InvocableHandlerMethod.doInvoke(InvocableHandlerMethod.java:205)
	at org.springframework.web.method.support.InvocableHandlerMethod.invokeForRequest(InvocableHandlerMethod.java:150)
	at org.springframework.web.servlet.mvc.method.annotation.ServletInvocableHandlerMethod.invokeAndHandle(ServletInvocableHandlerMethod.java:117)
	at org.springframework.web.servlet.mvc.method.annotation.RequestMappingHandlerAdapter.invokeHandlerMethod(RequestMappingHandlerAdapter.java:895)
	at org.springframework.web.servlet.mvc.method.annotation.RequestMappingHandlerAdapter.handleInternal(RequestMappingHandlerAdapter.java:808)
	at org.springframework.web.servlet.mvc.method.AbstractHandlerMethodAdapter.handle(AbstractHandlerMethodAdapter.java:87)
	at org.springframework.web.servlet.DispatcherServlet.doDispatch(DispatcherServlet.java:1070)
	at org.springframework.web.servlet.DispatcherServlet.doService(DispatcherServlet.java:963)
	at org.springframework.web.servlet.FrameworkServlet.processRequest(FrameworkServlet.java:1006)
	at org.springframework.web.servlet.FrameworkServlet.doGet(FrameworkServlet.java:898)
	at javax.servlet.http.HttpServlet.service(HttpServlet.java:655)
	at org.springframework.web.servlet.FrameworkServlet.service(FrameworkServlet.java:883)
	at javax.servlet.http.HttpServlet.service(HttpServlet.java:764)
	at org.apache.catalina.core.ApplicationFilterChain.internalDoFilter(ApplicationFilterChain.java:227)
	at org.apache.catalina.core.ApplicationFilterChain.doFilter(ApplicationFilterChain.java:162)
	at org.apache.tomcat.websocket.server.WsFilter.doFilter(WsFilter.java:53)
	at org.apache.catalina.core.ApplicationFilterChain.internalDoFilter(ApplicationFilterChain.java:189)
	at org.apache.catalina.core.ApplicationFilterChain.doFilter(ApplicationFilterChain.java:162)
	at org.springframework.web.filter.RequestContextFilter.doFilterInternal(RequestContextFilter.java:100)
	at org.springframework.web.filter.OncePerRequestFilter.doFilter(OncePerRequestFilter.java:117)
	at org.apache.catalina.core.ApplicationFilterChain.internalDoFilter(ApplicationFilterChain.java:189)
	at org.apache.catalina.core.ApplicationFilterChain.doFilter(ApplicationFilterChain.java:162)
	at org.springframework.web.filter.FormContentFilter.doFilterInternal(FormContentFilter.java:93)
	at org.springframework.web.filter.OncePerRequestFilter.doFilter(OncePerRequestFilter.java:117)
	at org.apache.catalina.core.ApplicationFilterChain.internalDoFilter(ApplicationFilterChain.java:189)
	at org.apache.catalina.core.ApplicationFilterChain.doFilter(ApplicationFilterChain.java:162)
	at org.springframework.cloud.sleuth.instrument.web.servlet.TracingFilter.doFilter(TracingFilter.java:68)
	at org.springframework.cloud.sleuth.autoconfig.instrument.web.TraceWebServletConfiguration$LazyTracingFilter.doFilter(TraceWebServletConfiguration.java:131)
	at org.apache.catalina.core.ApplicationFilterChain.internalDoFilter(ApplicationFilterChain.java:189)
	at org.apache.catalina.core.ApplicationFilterChain.doFilter(ApplicationFilterChain.java:162)
	at org.springframework.web.filter.CharacterEncodingFilter.doFilterInternal(CharacterEncodingFilter.java:201)
	at org.springframework.web.filter.OncePerRequestFilter.doFilter(OncePerRequestFilter.java:117)
	at org.apache.catalina.core.ApplicationFilterChain.internalDoFilter(ApplicationFilterChain.java:189)
	at org.apache.catalina.core.ApplicationFilterChain.doFilter(ApplicationFilterChain.java:162)
	at org.apache.catalina.core.StandardWrapperValve.invoke(StandardWrapperValve.java:197)
	at org.apache.catalina.core.StandardContextValve.invoke(StandardContextValve.java:97)
	at org.apache.catalina.authenticator.AuthenticatorBase.invoke(AuthenticatorBase.java:541)
	at org.apache.catalina.core.StandardHostValve.invoke(StandardHostValve.java:135)
	at org.apache.catalina.valves.ErrorReportValve.invoke(ErrorReportValve.java:92)
	at org.apache.catalina.core.StandardEngineValve.invoke(StandardEngineValve.java:78)
	at org.springframework.cloud.sleuth.instrument.web.tomcat.TraceValve.invoke(TraceValve.java:103)
	at org.apache.catalina.connector.CoyoteAdapter.service(CoyoteAdapter.java:360)
	at org.apache.coyote.http11.Http11Processor.service(Http11Processor.java:399)
	at org.apache.coyote.AbstractProcessorLight.process(AbstractProcessorLight.java:65)
	at org.apache.coyote.AbstractProtocol$ConnectionHandler.process(AbstractProtocol.java:890)
	at org.apache.tomcat.util.net.NioEndpoint$SocketProcessor.doRun(NioEndpoint.java:1789)
	at org.apache.tomcat.util.net.SocketProcessorBase.run(SocketProcessorBase.java:49)
	at org.apache.tomcat.util.threads.ThreadPoolExecutor.runWorker(ThreadPoolExecutor.java:1191)
	at org.apache.tomcat.util.threads.ThreadPoolExecutor$Worker.run(ThreadPoolExecutor.java:659)
	at org.apache.tomcat.util.threads.TaskThread$WrappingRunnable.run(TaskThread.java:61)
	at java.lang.Thread.run(Thread.java:745)
2024-06-17 22:12:33 |INFO  |http-nio-10201-exec-1 |CommentController.java:36 |ljl.bilibili.video.controller.audience_reactions.comment.CommentController |获取评论
2024-06-17 22:12:33 |INFO  |http-nio-10201-exec-1 |CommentController.java:37 |ljl.bilibili.video.controller.audience_reactions.comment.CommentController |1
2024-06-17 22:12:33 |INFO  |http-nio-10201-exec-1 |CommentController.java:38 |ljl.bilibili.video.controller.audience_reactions.comment.CommentController |

2024-06-17 22:12:33 |INFO  |http-nio-10201-exec-1 |CommentController.java:39 |ljl.bilibili.video.controller.audience_reactions.comment.CommentController |

2024-06-17 22:12:33 |INFO  |http-nio-10201-exec-1 |CommentController.java:40 |ljl.bilibili.video.controller.audience_reactions.comment.CommentController |

2024-06-17 22:13:38 |ERROR |http-nio-10201-exec-1 |GlobalExceptionHandler.java:22 |ljl.bilibili.handler.GlobalExceptionHandler |
java.lang.NullPointerException: null
	at ljl.bilibili.video.service.audience_reactions.comment.impl.CommentServiceImpl.getComment(CommentServiceImpl.java:97)
	at ljl.bilibili.video.controller.audience_reactions.comment.CommentController.getComment(CommentController.java:41)
	at sun.reflect.NativeMethodAccessorImpl.invoke0(Native Method)
	at sun.reflect.NativeMethodAccessorImpl.invoke(NativeMethodAccessorImpl.java:62)
	at sun.reflect.DelegatingMethodAccessorImpl.invoke(DelegatingMethodAccessorImpl.java:43)
	at java.lang.reflect.Method.invoke(Method.java:497)
	at org.springframework.web.method.support.InvocableHandlerMethod.doInvoke(InvocableHandlerMethod.java:205)
	at org.springframework.web.method.support.InvocableHandlerMethod.invokeForRequest(InvocableHandlerMethod.java:150)
	at org.springframework.web.servlet.mvc.method.annotation.ServletInvocableHandlerMethod.invokeAndHandle(ServletInvocableHandlerMethod.java:117)
	at org.springframework.web.servlet.mvc.method.annotation.RequestMappingHandlerAdapter.invokeHandlerMethod(RequestMappingHandlerAdapter.java:895)
	at org.springframework.web.servlet.mvc.method.annotation.RequestMappingHandlerAdapter.handleInternal(RequestMappingHandlerAdapter.java:808)
	at org.springframework.web.servlet.mvc.method.AbstractHandlerMethodAdapter.handle(AbstractHandlerMethodAdapter.java:87)
	at org.springframework.web.servlet.DispatcherServlet.doDispatch(DispatcherServlet.java:1070)
	at org.springframework.web.servlet.DispatcherServlet.doService(DispatcherServlet.java:963)
	at org.springframework.web.servlet.FrameworkServlet.processRequest(FrameworkServlet.java:1006)
	at org.springframework.web.servlet.FrameworkServlet.doGet(FrameworkServlet.java:898)
	at javax.servlet.http.HttpServlet.service(HttpServlet.java:655)
	at org.springframework.web.servlet.FrameworkServlet.service(FrameworkServlet.java:883)
	at javax.servlet.http.HttpServlet.service(HttpServlet.java:764)
	at org.apache.catalina.core.ApplicationFilterChain.internalDoFilter(ApplicationFilterChain.java:227)
	at org.apache.catalina.core.ApplicationFilterChain.doFilter(ApplicationFilterChain.java:162)
	at org.apache.tomcat.websocket.server.WsFilter.doFilter(WsFilter.java:53)
	at org.apache.catalina.core.ApplicationFilterChain.internalDoFilter(ApplicationFilterChain.java:189)
	at org.apache.catalina.core.ApplicationFilterChain.doFilter(ApplicationFilterChain.java:162)
	at org.springframework.web.filter.RequestContextFilter.doFilterInternal(RequestContextFilter.java:100)
	at org.springframework.web.filter.OncePerRequestFilter.doFilter(OncePerRequestFilter.java:117)
	at org.apache.catalina.core.ApplicationFilterChain.internalDoFilter(ApplicationFilterChain.java:189)
	at org.apache.catalina.core.ApplicationFilterChain.doFilter(ApplicationFilterChain.java:162)
	at org.springframework.web.filter.FormContentFilter.doFilterInternal(FormContentFilter.java:93)
	at org.springframework.web.filter.OncePerRequestFilter.doFilter(OncePerRequestFilter.java:117)
	at org.apache.catalina.core.ApplicationFilterChain.internalDoFilter(ApplicationFilterChain.java:189)
	at org.apache.catalina.core.ApplicationFilterChain.doFilter(ApplicationFilterChain.java:162)
	at org.springframework.cloud.sleuth.instrument.web.servlet.TracingFilter.doFilter(TracingFilter.java:68)
	at org.springframework.cloud.sleuth.autoconfig.instrument.web.TraceWebServletConfiguration$LazyTracingFilter.doFilter(TraceWebServletConfiguration.java:131)
	at org.apache.catalina.core.ApplicationFilterChain.internalDoFilter(ApplicationFilterChain.java:189)
	at org.apache.catalina.core.ApplicationFilterChain.doFilter(ApplicationFilterChain.java:162)
	at org.springframework.web.filter.CharacterEncodingFilter.doFilterInternal(CharacterEncodingFilter.java:201)
	at org.springframework.web.filter.OncePerRequestFilter.doFilter(OncePerRequestFilter.java:117)
	at org.apache.catalina.core.ApplicationFilterChain.internalDoFilter(ApplicationFilterChain.java:189)
	at org.apache.catalina.core.ApplicationFilterChain.doFilter(ApplicationFilterChain.java:162)
	at org.apache.catalina.core.StandardWrapperValve.invoke(StandardWrapperValve.java:197)
	at org.apache.catalina.core.StandardContextValve.invoke(StandardContextValve.java:97)
	at org.apache.catalina.authenticator.AuthenticatorBase.invoke(AuthenticatorBase.java:541)
	at org.apache.catalina.core.StandardHostValve.invoke(StandardHostValve.java:135)
	at org.apache.catalina.valves.ErrorReportValve.invoke(ErrorReportValve.java:92)
	at org.apache.catalina.core.StandardEngineValve.invoke(StandardEngineValve.java:78)
	at org.springframework.cloud.sleuth.instrument.web.tomcat.TraceValve.invoke(TraceValve.java:103)
	at org.apache.catalina.connector.CoyoteAdapter.service(CoyoteAdapter.java:360)
	at org.apache.coyote.http11.Http11Processor.service(Http11Processor.java:399)
	at org.apache.coyote.AbstractProcessorLight.process(AbstractProcessorLight.java:65)
	at org.apache.coyote.AbstractProtocol$ConnectionHandler.process(AbstractProtocol.java:890)
	at org.apache.tomcat.util.net.NioEndpoint$SocketProcessor.doRun(NioEndpoint.java:1789)
	at org.apache.tomcat.util.net.SocketProcessorBase.run(SocketProcessorBase.java:49)
	at org.apache.tomcat.util.threads.ThreadPoolExecutor.runWorker(ThreadPoolExecutor.java:1191)
	at org.apache.tomcat.util.threads.ThreadPoolExecutor$Worker.run(ThreadPoolExecutor.java:659)
	at org.apache.tomcat.util.threads.TaskThread$WrappingRunnable.run(TaskThread.java:61)
	at java.lang.Thread.run(Thread.java:745)
2024-06-17 22:13:38 |INFO  |Thread-24 |ZipkinAutoConfiguration.java:144 |org.springframework.cloud.sleuth.autoconfig.zipkin2.ZipkinAutoConfiguration |Flushing remaining spans on shutdown
2024-06-17 22:13:39 |INFO  |SpringApplicationShutdownHook |DruidDataSource.java:2063 |com.alibaba.druid.pool.DruidDataSource |{dataSource-1} closing ...
2024-06-17 22:13:39 |INFO  |SpringApplicationShutdownHook |DruidDataSource.java:2136 |com.alibaba.druid.pool.DruidDataSource |{dataSource-1} closed
2024-06-17 22:13:56 |INFO  |main |SpringApplication.java:645 |ljl.bilibili.video.VideoApplication |No active profile set, falling back to 1 default profile: "default"
2024-06-17 22:13:58 |INFO  |main |RepositoryConfigurationDelegate.java:262 |org.springframework.data.repository.config.RepositoryConfigurationDelegate |Multiple Spring Data modules found, entering strict repository configuration mode
2024-06-17 22:13:58 |INFO  |main |RepositoryConfigurationDelegate.java:132 |org.springframework.data.repository.config.RepositoryConfigurationDelegate |Bootstrapping Spring Data Redis repositories in DEFAULT mode.
2024-06-17 22:13:58 |INFO  |main |RepositoryConfigurationDelegate.java:201 |org.springframework.data.repository.config.RepositoryConfigurationDelegate |Finished Spring Data repository scanning in 18 ms. Found 0 Redis repository interfaces.
2024-06-17 22:13:59 |INFO  |main |GenericScope.java:283 |org.springframework.cloud.context.scope.GenericScope |BeanFactory id=4b299e4b-bb04-3a74-9659-8f5263a2fa1e
2024-06-17 22:14:00 |INFO  |main |TomcatWebServer.java:108 |org.springframework.boot.web.embedded.tomcat.TomcatWebServer |Tomcat initialized with port(s): 10201 (http)
2024-06-17 22:14:00 |INFO  |main |DirectJDKLog.java:173 |org.apache.coyote.http11.Http11NioProtocol |Initializing ProtocolHandler ["http-nio-10201"]
2024-06-17 22:14:00 |INFO  |main |DirectJDKLog.java:173 |org.apache.catalina.core.StandardService |Starting service [Tomcat]
2024-06-17 22:14:00 |INFO  |main |DirectJDKLog.java:173 |org.apache.catalina.core.StandardEngine |Starting Servlet engine: [Apache Tomcat/9.0.65]
2024-06-17 22:14:01 |INFO  |main |DirectJDKLog.java:173 |org.apache.catalina.core.ContainerBase.[Tomcat].[localhost].[/] |Initializing Spring embedded WebApplicationContext
2024-06-17 22:14:01 |INFO  |main |ServletWebServerApplicationContext.java:290 |org.springframework.boot.web.servlet.context.ServletWebServerApplicationContext |Root WebApplicationContext: initialization completed in 4839 ms
2024-06-17 22:14:02 |INFO  |main |MybatisPlusJoinAutoConfiguration.java:140 |com.github.yulichang.autoconfigure.MybatisPlusJoinAutoConfiguration |mybatis plus join properties config complete
2024-06-17 22:14:02 |INFO  |main |MybatisPlusJoinAutoConfiguration.java:140 |com.github.yulichang.autoconfigure.MybatisPlusJoinAutoConfiguration |mybatis plus join SqlInjector init
2024-06-17 22:14:07 |INFO  |main |WebMvcPropertySourcedRequestMappingHandlerMapping.java:69 |springfox.documentation.spring.web.WebMvcPropertySourcedRequestMappingHandlerMapping |Mapped URL path [/v2/api-docs] onto method [springfox.documentation.swagger2.web.Swagger2ControllerWebMvc#getDocumentation(String, HttpServletRequest)]
2024-06-17 22:14:09 |WARN  |main |LoadBalancerCacheAutoConfiguration.java:82 |org.springframework.cloud.loadbalancer.config.LoadBalancerCacheAutoConfiguration$LoadBalancerCaffeineWarnLogger |Spring Cloud LoadBalancer is currently working with the default cache. While this cache implementation is useful for development and tests, it's recommended to use Caffeine cache in production.You can switch to using Caffeine cache, by adding it and org.springframework.cache.caffeine.CaffeineCacheManager to the classpath.
2024-06-17 22:14:10 |INFO  |main |DirectJDKLog.java:173 |org.apache.coyote.http11.Http11NioProtocol |Starting ProtocolHandler ["http-nio-10201"]
2024-06-17 22:14:10 |INFO  |main |TomcatWebServer.java:220 |org.springframework.boot.web.embedded.tomcat.TomcatWebServer |Tomcat started on port(s): 10201 (http) with context path ''
2024-06-17 22:14:10 |INFO  |main |DocumentationPluginsBootstrapper.java:93 |springfox.documentation.spring.web.plugins.DocumentationPluginsBootstrapper |Documentation plugins bootstrapped
2024-06-17 22:14:10 |INFO  |main |AbstractDocumentationPluginsBootstrapper.java:79 |springfox.documentation.spring.web.plugins.DocumentationPluginsBootstrapper |Found 1 custom documentation plugin(s)
2024-06-17 22:14:10 |INFO  |main |ApiListingReferenceScanner.java:44 |springfox.documentation.spring.web.scanners.ApiListingReferenceScanner |Scanning for api listing references
2024-06-17 22:14:11 |INFO  |main |CachingOperationNameGenerator.java:41 |springfox.documentation.spring.web.readers.operation.CachingOperationNameGenerator |Generating unique operation named: getCollectGroupUsingGET_1
2024-06-17 22:14:11 |INFO  |main |CachingOperationNameGenerator.java:41 |springfox.documentation.spring.web.readers.operation.CachingOperationNameGenerator |Generating unique operation named: getCommentUsingGET_1
2024-06-17 22:14:11 |INFO  |main |CachingOperationNameGenerator.java:41 |springfox.documentation.spring.web.readers.operation.CachingOperationNameGenerator |Generating unique operation named: getDanmakuUsingGET_1
2024-06-17 22:14:11 |INFO  |main |StartupInfoLogger.java:61 |ljl.bilibili.video.VideoApplication |Started VideoApplication in 17.249 seconds (JVM running for 19.253)
2024-06-17 22:14:57 |INFO  |http-nio-10201-exec-1 |DirectJDKLog.java:173 |org.apache.catalina.core.ContainerBase.[Tomcat].[localhost].[/] |Initializing Spring DispatcherServlet 'dispatcherServlet'
2024-06-17 22:14:57 |INFO  |http-nio-10201-exec-1 |FrameworkServlet.java:525 |org.springframework.web.servlet.DispatcherServlet |Initializing Servlet 'dispatcherServlet'
2024-06-17 22:14:57 |INFO  |http-nio-10201-exec-1 |FrameworkServlet.java:547 |org.springframework.web.servlet.DispatcherServlet |Completed initialization in 2 ms
2024-06-17 22:14:57 |INFO  |http-nio-10201-exec-1 |CommentController.java:36 |ljl.bilibili.video.controller.audience_reactions.comment.CommentController |获取评论
2024-06-17 22:14:57 |INFO  |http-nio-10201-exec-1 |CommentController.java:37 |ljl.bilibili.video.controller.audience_reactions.comment.CommentController |1
2024-06-17 22:14:57 |INFO  |http-nio-10201-exec-1 |CommentController.java:38 |ljl.bilibili.video.controller.audience_reactions.comment.CommentController |

2024-06-17 22:14:57 |INFO  |http-nio-10201-exec-1 |CommentController.java:39 |ljl.bilibili.video.controller.audience_reactions.comment.CommentController |

2024-06-17 22:14:57 |INFO  |http-nio-10201-exec-1 |CommentController.java:40 |ljl.bilibili.video.controller.audience_reactions.comment.CommentController |

2024-06-17 22:14:57 |INFO  |http-nio-10201-exec-1 |DruidDataSource.java:975 |com.alibaba.druid.pool.DruidDataSource |{dataSource-1} inited
2024-06-17 22:15:00 |ERROR |http-nio-10201-exec-1 |GlobalExceptionHandler.java:22 |ljl.bilibili.handler.GlobalExceptionHandler |
java.lang.NullPointerException: null
	at ljl.bilibili.video.service.audience_reactions.comment.impl.CommentServiceImpl.getComment(CommentServiceImpl.java:97)
	at ljl.bilibili.video.controller.audience_reactions.comment.CommentController.getComment(CommentController.java:41)
	at sun.reflect.NativeMethodAccessorImpl.invoke0(Native Method)
	at sun.reflect.NativeMethodAccessorImpl.invoke(NativeMethodAccessorImpl.java:62)
	at sun.reflect.DelegatingMethodAccessorImpl.invoke(DelegatingMethodAccessorImpl.java:43)
	at java.lang.reflect.Method.invoke(Method.java:497)
	at org.springframework.web.method.support.InvocableHandlerMethod.doInvoke(InvocableHandlerMethod.java:205)
	at org.springframework.web.method.support.InvocableHandlerMethod.invokeForRequest(InvocableHandlerMethod.java:150)
	at org.springframework.web.servlet.mvc.method.annotation.ServletInvocableHandlerMethod.invokeAndHandle(ServletInvocableHandlerMethod.java:117)
	at org.springframework.web.servlet.mvc.method.annotation.RequestMappingHandlerAdapter.invokeHandlerMethod(RequestMappingHandlerAdapter.java:895)
	at org.springframework.web.servlet.mvc.method.annotation.RequestMappingHandlerAdapter.handleInternal(RequestMappingHandlerAdapter.java:808)
	at org.springframework.web.servlet.mvc.method.AbstractHandlerMethodAdapter.handle(AbstractHandlerMethodAdapter.java:87)
	at org.springframework.web.servlet.DispatcherServlet.doDispatch(DispatcherServlet.java:1070)
	at org.springframework.web.servlet.DispatcherServlet.doService(DispatcherServlet.java:963)
	at org.springframework.web.servlet.FrameworkServlet.processRequest(FrameworkServlet.java:1006)
	at org.springframework.web.servlet.FrameworkServlet.doGet(FrameworkServlet.java:898)
	at javax.servlet.http.HttpServlet.service(HttpServlet.java:655)
	at org.springframework.web.servlet.FrameworkServlet.service(FrameworkServlet.java:883)
	at javax.servlet.http.HttpServlet.service(HttpServlet.java:764)
	at org.apache.catalina.core.ApplicationFilterChain.internalDoFilter(ApplicationFilterChain.java:227)
	at org.apache.catalina.core.ApplicationFilterChain.doFilter(ApplicationFilterChain.java:162)
	at org.apache.tomcat.websocket.server.WsFilter.doFilter(WsFilter.java:53)
	at org.apache.catalina.core.ApplicationFilterChain.internalDoFilter(ApplicationFilterChain.java:189)
	at org.apache.catalina.core.ApplicationFilterChain.doFilter(ApplicationFilterChain.java:162)
	at org.springframework.web.filter.RequestContextFilter.doFilterInternal(RequestContextFilter.java:100)
	at org.springframework.web.filter.OncePerRequestFilter.doFilter(OncePerRequestFilter.java:117)
	at org.apache.catalina.core.ApplicationFilterChain.internalDoFilter(ApplicationFilterChain.java:189)
	at org.apache.catalina.core.ApplicationFilterChain.doFilter(ApplicationFilterChain.java:162)
	at org.springframework.web.filter.FormContentFilter.doFilterInternal(FormContentFilter.java:93)
	at org.springframework.web.filter.OncePerRequestFilter.doFilter(OncePerRequestFilter.java:117)
	at org.apache.catalina.core.ApplicationFilterChain.internalDoFilter(ApplicationFilterChain.java:189)
	at org.apache.catalina.core.ApplicationFilterChain.doFilter(ApplicationFilterChain.java:162)
	at org.springframework.cloud.sleuth.instrument.web.servlet.TracingFilter.doFilter(TracingFilter.java:68)
	at org.springframework.cloud.sleuth.autoconfig.instrument.web.TraceWebServletConfiguration$LazyTracingFilter.doFilter(TraceWebServletConfiguration.java:131)
	at org.apache.catalina.core.ApplicationFilterChain.internalDoFilter(ApplicationFilterChain.java:189)
	at org.apache.catalina.core.ApplicationFilterChain.doFilter(ApplicationFilterChain.java:162)
	at org.springframework.web.filter.CharacterEncodingFilter.doFilterInternal(CharacterEncodingFilter.java:201)
	at org.springframework.web.filter.OncePerRequestFilter.doFilter(OncePerRequestFilter.java:117)
	at org.apache.catalina.core.ApplicationFilterChain.internalDoFilter(ApplicationFilterChain.java:189)
	at org.apache.catalina.core.ApplicationFilterChain.doFilter(ApplicationFilterChain.java:162)
	at org.apache.catalina.core.StandardWrapperValve.invoke(StandardWrapperValve.java:197)
	at org.apache.catalina.core.StandardContextValve.invoke(StandardContextValve.java:97)
	at org.apache.catalina.authenticator.AuthenticatorBase.invoke(AuthenticatorBase.java:541)
	at org.apache.catalina.core.StandardHostValve.invoke(StandardHostValve.java:135)
	at org.apache.catalina.valves.ErrorReportValve.invoke(ErrorReportValve.java:92)
	at org.apache.catalina.core.StandardEngineValve.invoke(StandardEngineValve.java:78)
	at org.springframework.cloud.sleuth.instrument.web.tomcat.TraceValve.invoke(TraceValve.java:103)
	at org.apache.catalina.connector.CoyoteAdapter.service(CoyoteAdapter.java:360)
	at org.apache.coyote.http11.Http11Processor.service(Http11Processor.java:399)
	at org.apache.coyote.AbstractProcessorLight.process(AbstractProcessorLight.java:65)
	at org.apache.coyote.AbstractProtocol$ConnectionHandler.process(AbstractProtocol.java:890)
	at org.apache.tomcat.util.net.NioEndpoint$SocketProcessor.doRun(NioEndpoint.java:1789)
	at org.apache.tomcat.util.net.SocketProcessorBase.run(SocketProcessorBase.java:49)
	at org.apache.tomcat.util.threads.ThreadPoolExecutor.runWorker(ThreadPoolExecutor.java:1191)
	at org.apache.tomcat.util.threads.ThreadPoolExecutor$Worker.run(ThreadPoolExecutor.java:659)
	at org.apache.tomcat.util.threads.TaskThread$WrappingRunnable.run(TaskThread.java:61)
	at java.lang.Thread.run(Thread.java:745)
2024-06-17 22:15:28 |INFO  |Thread-20 |ZipkinAutoConfiguration.java:144 |org.springframework.cloud.sleuth.autoconfig.zipkin2.ZipkinAutoConfiguration |Flushing remaining spans on shutdown
2024-06-17 22:15:29 |INFO  |SpringApplicationShutdownHook |DruidDataSource.java:2063 |com.alibaba.druid.pool.DruidDataSource |{dataSource-1} closing ...
2024-06-17 22:15:29 |INFO  |SpringApplicationShutdownHook |DruidDataSource.java:2136 |com.alibaba.druid.pool.DruidDataSource |{dataSource-1} closed
2024-06-17 22:15:46 |INFO  |main |SpringApplication.java:645 |ljl.bilibili.video.VideoApplication |No active profile set, falling back to 1 default profile: "default"
2024-06-17 22:15:48 |INFO  |main |RepositoryConfigurationDelegate.java:262 |org.springframework.data.repository.config.RepositoryConfigurationDelegate |Multiple Spring Data modules found, entering strict repository configuration mode
2024-06-17 22:15:48 |INFO  |main |RepositoryConfigurationDelegate.java:132 |org.springframework.data.repository.config.RepositoryConfigurationDelegate |Bootstrapping Spring Data Redis repositories in DEFAULT mode.
2024-06-17 22:15:48 |INFO  |main |RepositoryConfigurationDelegate.java:201 |org.springframework.data.repository.config.RepositoryConfigurationDelegate |Finished Spring Data repository scanning in 16 ms. Found 0 Redis repository interfaces.
2024-06-17 22:15:48 |INFO  |main |GenericScope.java:283 |org.springframework.cloud.context.scope.GenericScope |BeanFactory id=4b299e4b-bb04-3a74-9659-8f5263a2fa1e
2024-06-17 22:15:50 |INFO  |main |TomcatWebServer.java:108 |org.springframework.boot.web.embedded.tomcat.TomcatWebServer |Tomcat initialized with port(s): 10201 (http)
2024-06-17 22:15:50 |INFO  |main |DirectJDKLog.java:173 |org.apache.coyote.http11.Http11NioProtocol |Initializing ProtocolHandler ["http-nio-10201"]
2024-06-17 22:15:50 |INFO  |main |DirectJDKLog.java:173 |org.apache.catalina.core.StandardService |Starting service [Tomcat]
2024-06-17 22:15:50 |INFO  |main |DirectJDKLog.java:173 |org.apache.catalina.core.StandardEngine |Starting Servlet engine: [Apache Tomcat/9.0.65]
2024-06-17 22:15:50 |INFO  |main |DirectJDKLog.java:173 |org.apache.catalina.core.ContainerBase.[Tomcat].[localhost].[/] |Initializing Spring embedded WebApplicationContext
2024-06-17 22:15:50 |INFO  |main |ServletWebServerApplicationContext.java:290 |org.springframework.boot.web.servlet.context.ServletWebServerApplicationContext |Root WebApplicationContext: initialization completed in 4027 ms
2024-06-17 22:15:51 |INFO  |main |MybatisPlusJoinAutoConfiguration.java:140 |com.github.yulichang.autoconfigure.MybatisPlusJoinAutoConfiguration |mybatis plus join properties config complete
2024-06-17 22:15:51 |INFO  |main |MybatisPlusJoinAutoConfiguration.java:140 |com.github.yulichang.autoconfigure.MybatisPlusJoinAutoConfiguration |mybatis plus join SqlInjector init
2024-06-17 22:15:55 |INFO  |main |WebMvcPropertySourcedRequestMappingHandlerMapping.java:69 |springfox.documentation.spring.web.WebMvcPropertySourcedRequestMappingHandlerMapping |Mapped URL path [/v2/api-docs] onto method [springfox.documentation.swagger2.web.Swagger2ControllerWebMvc#getDocumentation(String, HttpServletRequest)]
2024-06-17 22:15:57 |WARN  |main |LoadBalancerCacheAutoConfiguration.java:82 |org.springframework.cloud.loadbalancer.config.LoadBalancerCacheAutoConfiguration$LoadBalancerCaffeineWarnLogger |Spring Cloud LoadBalancer is currently working with the default cache. While this cache implementation is useful for development and tests, it's recommended to use Caffeine cache in production.You can switch to using Caffeine cache, by adding it and org.springframework.cache.caffeine.CaffeineCacheManager to the classpath.
2024-06-17 22:15:57 |INFO  |main |DirectJDKLog.java:173 |org.apache.coyote.http11.Http11NioProtocol |Starting ProtocolHandler ["http-nio-10201"]
2024-06-17 22:15:57 |INFO  |main |TomcatWebServer.java:220 |org.springframework.boot.web.embedded.tomcat.TomcatWebServer |Tomcat started on port(s): 10201 (http) with context path ''
2024-06-17 22:15:57 |INFO  |main |DocumentationPluginsBootstrapper.java:93 |springfox.documentation.spring.web.plugins.DocumentationPluginsBootstrapper |Documentation plugins bootstrapped
2024-06-17 22:15:57 |INFO  |main |AbstractDocumentationPluginsBootstrapper.java:79 |springfox.documentation.spring.web.plugins.DocumentationPluginsBootstrapper |Found 1 custom documentation plugin(s)
2024-06-17 22:15:58 |INFO  |main |ApiListingReferenceScanner.java:44 |springfox.documentation.spring.web.scanners.ApiListingReferenceScanner |Scanning for api listing references
2024-06-17 22:15:58 |INFO  |main |CachingOperationNameGenerator.java:41 |springfox.documentation.spring.web.readers.operation.CachingOperationNameGenerator |Generating unique operation named: getCollectGroupUsingGET_1
2024-06-17 22:15:58 |INFO  |main |CachingOperationNameGenerator.java:41 |springfox.documentation.spring.web.readers.operation.CachingOperationNameGenerator |Generating unique operation named: getCommentUsingGET_1
2024-06-17 22:15:58 |INFO  |main |CachingOperationNameGenerator.java:41 |springfox.documentation.spring.web.readers.operation.CachingOperationNameGenerator |Generating unique operation named: getDanmakuUsingGET_1
2024-06-17 22:15:58 |INFO  |main |StartupInfoLogger.java:61 |ljl.bilibili.video.VideoApplication |Started VideoApplication in 14.934 seconds (JVM running for 16.784)
2024-06-17 22:16:40 |INFO  |http-nio-10201-exec-1 |DirectJDKLog.java:173 |org.apache.catalina.core.ContainerBase.[Tomcat].[localhost].[/] |Initializing Spring DispatcherServlet 'dispatcherServlet'
2024-06-17 22:16:40 |INFO  |http-nio-10201-exec-1 |FrameworkServlet.java:525 |org.springframework.web.servlet.DispatcherServlet |Initializing Servlet 'dispatcherServlet'
2024-06-17 22:16:40 |INFO  |http-nio-10201-exec-1 |FrameworkServlet.java:547 |org.springframework.web.servlet.DispatcherServlet |Completed initialization in 2 ms
2024-06-17 22:16:40 |INFO  |http-nio-10201-exec-1 |CommentController.java:36 |ljl.bilibili.video.controller.audience_reactions.comment.CommentController |获取评论
2024-06-17 22:16:40 |INFO  |http-nio-10201-exec-1 |CommentController.java:37 |ljl.bilibili.video.controller.audience_reactions.comment.CommentController |1
2024-06-17 22:16:40 |INFO  |http-nio-10201-exec-1 |CommentController.java:38 |ljl.bilibili.video.controller.audience_reactions.comment.CommentController |

2024-06-17 22:16:40 |INFO  |http-nio-10201-exec-1 |CommentController.java:39 |ljl.bilibili.video.controller.audience_reactions.comment.CommentController |

2024-06-17 22:16:40 |INFO  |http-nio-10201-exec-1 |CommentController.java:40 |ljl.bilibili.video.controller.audience_reactions.comment.CommentController |

2024-06-17 22:16:40 |INFO  |http-nio-10201-exec-1 |DruidDataSource.java:975 |com.alibaba.druid.pool.DruidDataSource |{dataSource-1} inited
2024-06-17 22:16:42 |ERROR |http-nio-10201-exec-1 |GlobalExceptionHandler.java:22 |ljl.bilibili.handler.GlobalExceptionHandler |
java.lang.NullPointerException: null
	at ljl.bilibili.video.service.audience_reactions.comment.impl.CommentServiceImpl.getComment(CommentServiceImpl.java:97)
	at ljl.bilibili.video.controller.audience_reactions.comment.CommentController.getComment(CommentController.java:41)
	at sun.reflect.NativeMethodAccessorImpl.invoke0(Native Method)
	at sun.reflect.NativeMethodAccessorImpl.invoke(NativeMethodAccessorImpl.java:62)
	at sun.reflect.DelegatingMethodAccessorImpl.invoke(DelegatingMethodAccessorImpl.java:43)
	at java.lang.reflect.Method.invoke(Method.java:497)
	at org.springframework.web.method.support.InvocableHandlerMethod.doInvoke(InvocableHandlerMethod.java:205)
	at org.springframework.web.method.support.InvocableHandlerMethod.invokeForRequest(InvocableHandlerMethod.java:150)
	at org.springframework.web.servlet.mvc.method.annotation.ServletInvocableHandlerMethod.invokeAndHandle(ServletInvocableHandlerMethod.java:117)
	at org.springframework.web.servlet.mvc.method.annotation.RequestMappingHandlerAdapter.invokeHandlerMethod(RequestMappingHandlerAdapter.java:895)
	at org.springframework.web.servlet.mvc.method.annotation.RequestMappingHandlerAdapter.handleInternal(RequestMappingHandlerAdapter.java:808)
	at org.springframework.web.servlet.mvc.method.AbstractHandlerMethodAdapter.handle(AbstractHandlerMethodAdapter.java:87)
	at org.springframework.web.servlet.DispatcherServlet.doDispatch(DispatcherServlet.java:1070)
	at org.springframework.web.servlet.DispatcherServlet.doService(DispatcherServlet.java:963)
	at org.springframework.web.servlet.FrameworkServlet.processRequest(FrameworkServlet.java:1006)
	at org.springframework.web.servlet.FrameworkServlet.doGet(FrameworkServlet.java:898)
	at javax.servlet.http.HttpServlet.service(HttpServlet.java:655)
	at org.springframework.web.servlet.FrameworkServlet.service(FrameworkServlet.java:883)
	at javax.servlet.http.HttpServlet.service(HttpServlet.java:764)
	at org.apache.catalina.core.ApplicationFilterChain.internalDoFilter(ApplicationFilterChain.java:227)
	at org.apache.catalina.core.ApplicationFilterChain.doFilter(ApplicationFilterChain.java:162)
	at org.apache.tomcat.websocket.server.WsFilter.doFilter(WsFilter.java:53)
	at org.apache.catalina.core.ApplicationFilterChain.internalDoFilter(ApplicationFilterChain.java:189)
	at org.apache.catalina.core.ApplicationFilterChain.doFilter(ApplicationFilterChain.java:162)
	at org.springframework.web.filter.RequestContextFilter.doFilterInternal(RequestContextFilter.java:100)
	at org.springframework.web.filter.OncePerRequestFilter.doFilter(OncePerRequestFilter.java:117)
	at org.apache.catalina.core.ApplicationFilterChain.internalDoFilter(ApplicationFilterChain.java:189)
	at org.apache.catalina.core.ApplicationFilterChain.doFilter(ApplicationFilterChain.java:162)
	at org.springframework.web.filter.FormContentFilter.doFilterInternal(FormContentFilter.java:93)
	at org.springframework.web.filter.OncePerRequestFilter.doFilter(OncePerRequestFilter.java:117)
	at org.apache.catalina.core.ApplicationFilterChain.internalDoFilter(ApplicationFilterChain.java:189)
	at org.apache.catalina.core.ApplicationFilterChain.doFilter(ApplicationFilterChain.java:162)
	at org.springframework.cloud.sleuth.instrument.web.servlet.TracingFilter.doFilter(TracingFilter.java:68)
	at org.springframework.cloud.sleuth.autoconfig.instrument.web.TraceWebServletConfiguration$LazyTracingFilter.doFilter(TraceWebServletConfiguration.java:131)
	at org.apache.catalina.core.ApplicationFilterChain.internalDoFilter(ApplicationFilterChain.java:189)
	at org.apache.catalina.core.ApplicationFilterChain.doFilter(ApplicationFilterChain.java:162)
	at org.springframework.web.filter.CharacterEncodingFilter.doFilterInternal(CharacterEncodingFilter.java:201)
	at org.springframework.web.filter.OncePerRequestFilter.doFilter(OncePerRequestFilter.java:117)
	at org.apache.catalina.core.ApplicationFilterChain.internalDoFilter(ApplicationFilterChain.java:189)
	at org.apache.catalina.core.ApplicationFilterChain.doFilter(ApplicationFilterChain.java:162)
	at org.apache.catalina.core.StandardWrapperValve.invoke(StandardWrapperValve.java:197)
	at org.apache.catalina.core.StandardContextValve.invoke(StandardContextValve.java:97)
	at org.apache.catalina.authenticator.AuthenticatorBase.invoke(AuthenticatorBase.java:541)
	at org.apache.catalina.core.StandardHostValve.invoke(StandardHostValve.java:135)
	at org.apache.catalina.valves.ErrorReportValve.invoke(ErrorReportValve.java:92)
	at org.apache.catalina.core.StandardEngineValve.invoke(StandardEngineValve.java:78)
	at org.springframework.cloud.sleuth.instrument.web.tomcat.TraceValve.invoke(TraceValve.java:103)
	at org.apache.catalina.connector.CoyoteAdapter.service(CoyoteAdapter.java:360)
	at org.apache.coyote.http11.Http11Processor.service(Http11Processor.java:399)
	at org.apache.coyote.AbstractProcessorLight.process(AbstractProcessorLight.java:65)
	at org.apache.coyote.AbstractProtocol$ConnectionHandler.process(AbstractProtocol.java:890)
	at org.apache.tomcat.util.net.NioEndpoint$SocketProcessor.doRun(NioEndpoint.java:1789)
	at org.apache.tomcat.util.net.SocketProcessorBase.run(SocketProcessorBase.java:49)
	at org.apache.tomcat.util.threads.ThreadPoolExecutor.runWorker(ThreadPoolExecutor.java:1191)
	at org.apache.tomcat.util.threads.ThreadPoolExecutor$Worker.run(ThreadPoolExecutor.java:659)
	at org.apache.tomcat.util.threads.TaskThread$WrappingRunnable.run(TaskThread.java:61)
	at java.lang.Thread.run(Thread.java:745)
2024-06-17 22:17:00 |INFO  |http-nio-10201-exec-2 |CommentController.java:36 |ljl.bilibili.video.controller.audience_reactions.comment.CommentController |获取评论
2024-06-17 22:17:00 |INFO  |http-nio-10201-exec-2 |CommentController.java:37 |ljl.bilibili.video.controller.audience_reactions.comment.CommentController |1
2024-06-17 22:17:00 |INFO  |http-nio-10201-exec-2 |CommentController.java:38 |ljl.bilibili.video.controller.audience_reactions.comment.CommentController |

2024-06-17 22:17:00 |INFO  |http-nio-10201-exec-2 |CommentController.java:39 |ljl.bilibili.video.controller.audience_reactions.comment.CommentController |

2024-06-17 22:17:00 |INFO  |http-nio-10201-exec-2 |CommentController.java:40 |ljl.bilibili.video.controller.audience_reactions.comment.CommentController |

2024-06-17 22:18:55 |ERROR |http-nio-10201-exec-2 |GlobalExceptionHandler.java:22 |ljl.bilibili.handler.GlobalExceptionHandler |
java.lang.NullPointerException: null
	at ljl.bilibili.video.service.audience_reactions.comment.impl.CommentServiceImpl.getComment(CommentServiceImpl.java:97)
	at ljl.bilibili.video.controller.audience_reactions.comment.CommentController.getComment(CommentController.java:41)
	at sun.reflect.NativeMethodAccessorImpl.invoke0(Native Method)
	at sun.reflect.NativeMethodAccessorImpl.invoke(NativeMethodAccessorImpl.java:62)
	at sun.reflect.DelegatingMethodAccessorImpl.invoke(DelegatingMethodAccessorImpl.java:43)
	at java.lang.reflect.Method.invoke(Method.java:497)
	at org.springframework.web.method.support.InvocableHandlerMethod.doInvoke(InvocableHandlerMethod.java:205)
	at org.springframework.web.method.support.InvocableHandlerMethod.invokeForRequest(InvocableHandlerMethod.java:150)
	at org.springframework.web.servlet.mvc.method.annotation.ServletInvocableHandlerMethod.invokeAndHandle(ServletInvocableHandlerMethod.java:117)
	at org.springframework.web.servlet.mvc.method.annotation.RequestMappingHandlerAdapter.invokeHandlerMethod(RequestMappingHandlerAdapter.java:895)
	at org.springframework.web.servlet.mvc.method.annotation.RequestMappingHandlerAdapter.handleInternal(RequestMappingHandlerAdapter.java:808)
	at org.springframework.web.servlet.mvc.method.AbstractHandlerMethodAdapter.handle(AbstractHandlerMethodAdapter.java:87)
	at org.springframework.web.servlet.DispatcherServlet.doDispatch(DispatcherServlet.java:1070)
	at org.springframework.web.servlet.DispatcherServlet.doService(DispatcherServlet.java:963)
	at org.springframework.web.servlet.FrameworkServlet.processRequest(FrameworkServlet.java:1006)
	at org.springframework.web.servlet.FrameworkServlet.doGet(FrameworkServlet.java:898)
	at javax.servlet.http.HttpServlet.service(HttpServlet.java:655)
	at org.springframework.web.servlet.FrameworkServlet.service(FrameworkServlet.java:883)
	at javax.servlet.http.HttpServlet.service(HttpServlet.java:764)
	at org.apache.catalina.core.ApplicationFilterChain.internalDoFilter(ApplicationFilterChain.java:227)
	at org.apache.catalina.core.ApplicationFilterChain.doFilter(ApplicationFilterChain.java:162)
	at org.apache.tomcat.websocket.server.WsFilter.doFilter(WsFilter.java:53)
	at org.apache.catalina.core.ApplicationFilterChain.internalDoFilter(ApplicationFilterChain.java:189)
	at org.apache.catalina.core.ApplicationFilterChain.doFilter(ApplicationFilterChain.java:162)
	at org.springframework.web.filter.RequestContextFilter.doFilterInternal(RequestContextFilter.java:100)
	at org.springframework.web.filter.OncePerRequestFilter.doFilter(OncePerRequestFilter.java:117)
	at org.apache.catalina.core.ApplicationFilterChain.internalDoFilter(ApplicationFilterChain.java:189)
	at org.apache.catalina.core.ApplicationFilterChain.doFilter(ApplicationFilterChain.java:162)
	at org.springframework.web.filter.FormContentFilter.doFilterInternal(FormContentFilter.java:93)
	at org.springframework.web.filter.OncePerRequestFilter.doFilter(OncePerRequestFilter.java:117)
	at org.apache.catalina.core.ApplicationFilterChain.internalDoFilter(ApplicationFilterChain.java:189)
	at org.apache.catalina.core.ApplicationFilterChain.doFilter(ApplicationFilterChain.java:162)
	at org.springframework.cloud.sleuth.instrument.web.servlet.TracingFilter.doFilter(TracingFilter.java:68)
	at org.springframework.cloud.sleuth.autoconfig.instrument.web.TraceWebServletConfiguration$LazyTracingFilter.doFilter(TraceWebServletConfiguration.java:131)
	at org.apache.catalina.core.ApplicationFilterChain.internalDoFilter(ApplicationFilterChain.java:189)
	at org.apache.catalina.core.ApplicationFilterChain.doFilter(ApplicationFilterChain.java:162)
	at org.springframework.web.filter.CharacterEncodingFilter.doFilterInternal(CharacterEncodingFilter.java:201)
	at org.springframework.web.filter.OncePerRequestFilter.doFilter(OncePerRequestFilter.java:117)
	at org.apache.catalina.core.ApplicationFilterChain.internalDoFilter(ApplicationFilterChain.java:189)
	at org.apache.catalina.core.ApplicationFilterChain.doFilter(ApplicationFilterChain.java:162)
	at org.apache.catalina.core.StandardWrapperValve.invoke(StandardWrapperValve.java:197)
	at org.apache.catalina.core.StandardContextValve.invoke(StandardContextValve.java:97)
	at org.apache.catalina.authenticator.AuthenticatorBase.invoke(AuthenticatorBase.java:541)
	at org.apache.catalina.core.StandardHostValve.invoke(StandardHostValve.java:135)
	at org.apache.catalina.valves.ErrorReportValve.invoke(ErrorReportValve.java:92)
	at org.apache.catalina.core.StandardEngineValve.invoke(StandardEngineValve.java:78)
	at org.springframework.cloud.sleuth.instrument.web.tomcat.TraceValve.invoke(TraceValve.java:103)
	at org.apache.catalina.connector.CoyoteAdapter.service(CoyoteAdapter.java:360)
	at org.apache.coyote.http11.Http11Processor.service(Http11Processor.java:399)
	at org.apache.coyote.AbstractProcessorLight.process(AbstractProcessorLight.java:65)
	at org.apache.coyote.AbstractProtocol$ConnectionHandler.process(AbstractProtocol.java:890)
	at org.apache.tomcat.util.net.NioEndpoint$SocketProcessor.doRun(NioEndpoint.java:1789)
	at org.apache.tomcat.util.net.SocketProcessorBase.run(SocketProcessorBase.java:49)
	at org.apache.tomcat.util.threads.ThreadPoolExecutor.runWorker(ThreadPoolExecutor.java:1191)
	at org.apache.tomcat.util.threads.ThreadPoolExecutor$Worker.run(ThreadPoolExecutor.java:659)
	at org.apache.tomcat.util.threads.TaskThread$WrappingRunnable.run(TaskThread.java:61)
	at java.lang.Thread.run(Thread.java:745)
2024-06-17 22:18:55 |INFO  |Thread-19 |ZipkinAutoConfiguration.java:144 |org.springframework.cloud.sleuth.autoconfig.zipkin2.ZipkinAutoConfiguration |Flushing remaining spans on shutdown
2024-06-17 22:18:56 |INFO  |SpringApplicationShutdownHook |DruidDataSource.java:2063 |com.alibaba.druid.pool.DruidDataSource |{dataSource-1} closing ...
2024-06-17 22:18:56 |INFO  |SpringApplicationShutdownHook |DruidDataSource.java:2136 |com.alibaba.druid.pool.DruidDataSource |{dataSource-1} closed
2024-06-17 22:19:13 |INFO  |main |SpringApplication.java:645 |ljl.bilibili.video.VideoApplication |No active profile set, falling back to 1 default profile: "default"
2024-06-17 22:19:14 |INFO  |main |RepositoryConfigurationDelegate.java:262 |org.springframework.data.repository.config.RepositoryConfigurationDelegate |Multiple Spring Data modules found, entering strict repository configuration mode
2024-06-17 22:19:14 |INFO  |main |RepositoryConfigurationDelegate.java:132 |org.springframework.data.repository.config.RepositoryConfigurationDelegate |Bootstrapping Spring Data Redis repositories in DEFAULT mode.
2024-06-17 22:19:14 |INFO  |main |RepositoryConfigurationDelegate.java:201 |org.springframework.data.repository.config.RepositoryConfigurationDelegate |Finished Spring Data repository scanning in 13 ms. Found 0 Redis repository interfaces.
2024-06-17 22:19:15 |INFO  |main |GenericScope.java:283 |org.springframework.cloud.context.scope.GenericScope |BeanFactory id=4b299e4b-bb04-3a74-9659-8f5263a2fa1e
2024-06-17 22:19:16 |INFO  |main |TomcatWebServer.java:108 |org.springframework.boot.web.embedded.tomcat.TomcatWebServer |Tomcat initialized with port(s): 10201 (http)
2024-06-17 22:19:16 |INFO  |main |DirectJDKLog.java:173 |org.apache.coyote.http11.Http11NioProtocol |Initializing ProtocolHandler ["http-nio-10201"]
2024-06-17 22:19:16 |INFO  |main |DirectJDKLog.java:173 |org.apache.catalina.core.StandardService |Starting service [Tomcat]
2024-06-17 22:19:16 |INFO  |main |DirectJDKLog.java:173 |org.apache.catalina.core.StandardEngine |Starting Servlet engine: [Apache Tomcat/9.0.65]
2024-06-17 22:19:16 |INFO  |main |DirectJDKLog.java:173 |org.apache.catalina.core.ContainerBase.[Tomcat].[localhost].[/] |Initializing Spring embedded WebApplicationContext
2024-06-17 22:19:16 |INFO  |main |ServletWebServerApplicationContext.java:290 |org.springframework.boot.web.servlet.context.ServletWebServerApplicationContext |Root WebApplicationContext: initialization completed in 3273 ms
2024-06-17 22:19:17 |INFO  |main |MybatisPlusJoinAutoConfiguration.java:140 |com.github.yulichang.autoconfigure.MybatisPlusJoinAutoConfiguration |mybatis plus join properties config complete
2024-06-17 22:19:17 |INFO  |main |MybatisPlusJoinAutoConfiguration.java:140 |com.github.yulichang.autoconfigure.MybatisPlusJoinAutoConfiguration |mybatis plus join SqlInjector init
2024-06-17 22:19:21 |INFO  |main |WebMvcPropertySourcedRequestMappingHandlerMapping.java:69 |springfox.documentation.spring.web.WebMvcPropertySourcedRequestMappingHandlerMapping |Mapped URL path [/v2/api-docs] onto method [springfox.documentation.swagger2.web.Swagger2ControllerWebMvc#getDocumentation(String, HttpServletRequest)]
2024-06-17 22:19:22 |WARN  |main |LoadBalancerCacheAutoConfiguration.java:82 |org.springframework.cloud.loadbalancer.config.LoadBalancerCacheAutoConfiguration$LoadBalancerCaffeineWarnLogger |Spring Cloud LoadBalancer is currently working with the default cache. While this cache implementation is useful for development and tests, it's recommended to use Caffeine cache in production.You can switch to using Caffeine cache, by adding it and org.springframework.cache.caffeine.CaffeineCacheManager to the classpath.
2024-06-17 22:19:23 |INFO  |main |DirectJDKLog.java:173 |org.apache.coyote.http11.Http11NioProtocol |Starting ProtocolHandler ["http-nio-10201"]
2024-06-17 22:19:23 |INFO  |main |TomcatWebServer.java:220 |org.springframework.boot.web.embedded.tomcat.TomcatWebServer |Tomcat started on port(s): 10201 (http) with context path ''
2024-06-17 22:19:23 |INFO  |main |DocumentationPluginsBootstrapper.java:93 |springfox.documentation.spring.web.plugins.DocumentationPluginsBootstrapper |Documentation plugins bootstrapped
2024-06-17 22:19:23 |INFO  |main |AbstractDocumentationPluginsBootstrapper.java:79 |springfox.documentation.spring.web.plugins.DocumentationPluginsBootstrapper |Found 1 custom documentation plugin(s)
2024-06-17 22:19:23 |INFO  |main |ApiListingReferenceScanner.java:44 |springfox.documentation.spring.web.scanners.ApiListingReferenceScanner |Scanning for api listing references
2024-06-17 22:19:24 |INFO  |main |CachingOperationNameGenerator.java:41 |springfox.documentation.spring.web.readers.operation.CachingOperationNameGenerator |Generating unique operation named: getCollectGroupUsingGET_1
2024-06-17 22:19:24 |INFO  |main |CachingOperationNameGenerator.java:41 |springfox.documentation.spring.web.readers.operation.CachingOperationNameGenerator |Generating unique operation named: getCommentUsingGET_1
2024-06-17 22:19:24 |INFO  |main |CachingOperationNameGenerator.java:41 |springfox.documentation.spring.web.readers.operation.CachingOperationNameGenerator |Generating unique operation named: getDanmakuUsingGET_1
2024-06-17 22:19:24 |INFO  |main |StartupInfoLogger.java:61 |ljl.bilibili.video.VideoApplication |Started VideoApplication in 13.714 seconds (JVM running for 15.395)
2024-06-17 22:21:31 |INFO  |http-nio-10201-exec-1 |DirectJDKLog.java:173 |org.apache.catalina.core.ContainerBase.[Tomcat].[localhost].[/] |Initializing Spring DispatcherServlet 'dispatcherServlet'
2024-06-17 22:21:31 |INFO  |http-nio-10201-exec-1 |FrameworkServlet.java:525 |org.springframework.web.servlet.DispatcherServlet |Initializing Servlet 'dispatcherServlet'
2024-06-17 22:21:31 |INFO  |http-nio-10201-exec-1 |FrameworkServlet.java:547 |org.springframework.web.servlet.DispatcherServlet |Completed initialization in 3 ms
2024-06-17 22:21:31 |INFO  |http-nio-10201-exec-1 |CommentController.java:36 |ljl.bilibili.video.controller.audience_reactions.comment.CommentController |获取评论
2024-06-17 22:21:31 |INFO  |http-nio-10201-exec-1 |CommentController.java:37 |ljl.bilibili.video.controller.audience_reactions.comment.CommentController |1
2024-06-17 22:21:31 |INFO  |http-nio-10201-exec-1 |CommentController.java:38 |ljl.bilibili.video.controller.audience_reactions.comment.CommentController |

2024-06-17 22:21:31 |INFO  |http-nio-10201-exec-1 |CommentController.java:39 |ljl.bilibili.video.controller.audience_reactions.comment.CommentController |

2024-06-17 22:21:31 |INFO  |http-nio-10201-exec-1 |CommentController.java:40 |ljl.bilibili.video.controller.audience_reactions.comment.CommentController |

2024-06-17 22:21:31 |INFO  |http-nio-10201-exec-1 |DruidDataSource.java:975 |com.alibaba.druid.pool.DruidDataSource |{dataSource-1} inited
2024-06-17 22:21:35 |ERROR |http-nio-10201-exec-1 |GlobalExceptionHandler.java:22 |ljl.bilibili.handler.GlobalExceptionHandler |
java.lang.NullPointerException: null
	at ljl.bilibili.video.service.audience_reactions.comment.impl.CommentServiceImpl.getComment(CommentServiceImpl.java:97)
	at ljl.bilibili.video.controller.audience_reactions.comment.CommentController.getComment(CommentController.java:41)
	at sun.reflect.NativeMethodAccessorImpl.invoke0(Native Method)
	at sun.reflect.NativeMethodAccessorImpl.invoke(NativeMethodAccessorImpl.java:62)
	at sun.reflect.DelegatingMethodAccessorImpl.invoke(DelegatingMethodAccessorImpl.java:43)
	at java.lang.reflect.Method.invoke(Method.java:497)
	at org.springframework.web.method.support.InvocableHandlerMethod.doInvoke(InvocableHandlerMethod.java:205)
	at org.springframework.web.method.support.InvocableHandlerMethod.invokeForRequest(InvocableHandlerMethod.java:150)
	at org.springframework.web.servlet.mvc.method.annotation.ServletInvocableHandlerMethod.invokeAndHandle(ServletInvocableHandlerMethod.java:117)
	at org.springframework.web.servlet.mvc.method.annotation.RequestMappingHandlerAdapter.invokeHandlerMethod(RequestMappingHandlerAdapter.java:895)
	at org.springframework.web.servlet.mvc.method.annotation.RequestMappingHandlerAdapter.handleInternal(RequestMappingHandlerAdapter.java:808)
	at org.springframework.web.servlet.mvc.method.AbstractHandlerMethodAdapter.handle(AbstractHandlerMethodAdapter.java:87)
	at org.springframework.web.servlet.DispatcherServlet.doDispatch(DispatcherServlet.java:1070)
	at org.springframework.web.servlet.DispatcherServlet.doService(DispatcherServlet.java:963)
	at org.springframework.web.servlet.FrameworkServlet.processRequest(FrameworkServlet.java:1006)
	at org.springframework.web.servlet.FrameworkServlet.doGet(FrameworkServlet.java:898)
	at javax.servlet.http.HttpServlet.service(HttpServlet.java:655)
	at org.springframework.web.servlet.FrameworkServlet.service(FrameworkServlet.java:883)
	at javax.servlet.http.HttpServlet.service(HttpServlet.java:764)
	at org.apache.catalina.core.ApplicationFilterChain.internalDoFilter(ApplicationFilterChain.java:227)
	at org.apache.catalina.core.ApplicationFilterChain.doFilter(ApplicationFilterChain.java:162)
	at org.apache.tomcat.websocket.server.WsFilter.doFilter(WsFilter.java:53)
	at org.apache.catalina.core.ApplicationFilterChain.internalDoFilter(ApplicationFilterChain.java:189)
	at org.apache.catalina.core.ApplicationFilterChain.doFilter(ApplicationFilterChain.java:162)
	at org.springframework.web.filter.RequestContextFilter.doFilterInternal(RequestContextFilter.java:100)
	at org.springframework.web.filter.OncePerRequestFilter.doFilter(OncePerRequestFilter.java:117)
	at org.apache.catalina.core.ApplicationFilterChain.internalDoFilter(ApplicationFilterChain.java:189)
	at org.apache.catalina.core.ApplicationFilterChain.doFilter(ApplicationFilterChain.java:162)
	at org.springframework.web.filter.FormContentFilter.doFilterInternal(FormContentFilter.java:93)
	at org.springframework.web.filter.OncePerRequestFilter.doFilter(OncePerRequestFilter.java:117)
	at org.apache.catalina.core.ApplicationFilterChain.internalDoFilter(ApplicationFilterChain.java:189)
	at org.apache.catalina.core.ApplicationFilterChain.doFilter(ApplicationFilterChain.java:162)
	at org.springframework.cloud.sleuth.instrument.web.servlet.TracingFilter.doFilter(TracingFilter.java:68)
	at org.springframework.cloud.sleuth.autoconfig.instrument.web.TraceWebServletConfiguration$LazyTracingFilter.doFilter(TraceWebServletConfiguration.java:131)
	at org.apache.catalina.core.ApplicationFilterChain.internalDoFilter(ApplicationFilterChain.java:189)
	at org.apache.catalina.core.ApplicationFilterChain.doFilter(ApplicationFilterChain.java:162)
	at org.springframework.web.filter.CharacterEncodingFilter.doFilterInternal(CharacterEncodingFilter.java:201)
	at org.springframework.web.filter.OncePerRequestFilter.doFilter(OncePerRequestFilter.java:117)
	at org.apache.catalina.core.ApplicationFilterChain.internalDoFilter(ApplicationFilterChain.java:189)
	at org.apache.catalina.core.ApplicationFilterChain.doFilter(ApplicationFilterChain.java:162)
	at org.apache.catalina.core.StandardWrapperValve.invoke(StandardWrapperValve.java:197)
	at org.apache.catalina.core.StandardContextValve.invoke(StandardContextValve.java:97)
	at org.apache.catalina.authenticator.AuthenticatorBase.invoke(AuthenticatorBase.java:541)
	at org.apache.catalina.core.StandardHostValve.invoke(StandardHostValve.java:135)
	at org.apache.catalina.valves.ErrorReportValve.invoke(ErrorReportValve.java:92)
	at org.apache.catalina.core.StandardEngineValve.invoke(StandardEngineValve.java:78)
	at org.springframework.cloud.sleuth.instrument.web.tomcat.TraceValve.invoke(TraceValve.java:103)
	at org.apache.catalina.connector.CoyoteAdapter.service(CoyoteAdapter.java:360)
	at org.apache.coyote.http11.Http11Processor.service(Http11Processor.java:399)
	at org.apache.coyote.AbstractProcessorLight.process(AbstractProcessorLight.java:65)
	at org.apache.coyote.AbstractProtocol$ConnectionHandler.process(AbstractProtocol.java:890)
	at org.apache.tomcat.util.net.NioEndpoint$SocketProcessor.doRun(NioEndpoint.java:1789)
	at org.apache.tomcat.util.net.SocketProcessorBase.run(SocketProcessorBase.java:49)
	at org.apache.tomcat.util.threads.ThreadPoolExecutor.runWorker(ThreadPoolExecutor.java:1191)
	at org.apache.tomcat.util.threads.ThreadPoolExecutor$Worker.run(ThreadPoolExecutor.java:659)
	at org.apache.tomcat.util.threads.TaskThread$WrappingRunnable.run(TaskThread.java:61)
	at java.lang.Thread.run(Thread.java:745)
2024-06-17 22:21:53 |INFO  |http-nio-10201-exec-2 |CommentController.java:36 |ljl.bilibili.video.controller.audience_reactions.comment.CommentController |获取评论
2024-06-17 22:21:53 |INFO  |http-nio-10201-exec-2 |CommentController.java:37 |ljl.bilibili.video.controller.audience_reactions.comment.CommentController |1
2024-06-17 22:21:53 |INFO  |http-nio-10201-exec-2 |CommentController.java:38 |ljl.bilibili.video.controller.audience_reactions.comment.CommentController |

2024-06-17 22:21:53 |INFO  |http-nio-10201-exec-2 |CommentController.java:39 |ljl.bilibili.video.controller.audience_reactions.comment.CommentController |

2024-06-17 22:21:53 |INFO  |http-nio-10201-exec-2 |CommentController.java:40 |ljl.bilibili.video.controller.audience_reactions.comment.CommentController |

2024-06-17 22:22:51 |ERROR |http-nio-10201-exec-2 |GlobalExceptionHandler.java:22 |ljl.bilibili.handler.GlobalExceptionHandler |
java.lang.NullPointerException: null
	at ljl.bilibili.video.service.audience_reactions.comment.impl.CommentServiceImpl.getComment(CommentServiceImpl.java:97)
	at ljl.bilibili.video.controller.audience_reactions.comment.CommentController.getComment(CommentController.java:41)
	at sun.reflect.NativeMethodAccessorImpl.invoke0(Native Method)
	at sun.reflect.NativeMethodAccessorImpl.invoke(NativeMethodAccessorImpl.java:62)
	at sun.reflect.DelegatingMethodAccessorImpl.invoke(DelegatingMethodAccessorImpl.java:43)
	at java.lang.reflect.Method.invoke(Method.java:497)
	at org.springframework.web.method.support.InvocableHandlerMethod.doInvoke(InvocableHandlerMethod.java:205)
	at org.springframework.web.method.support.InvocableHandlerMethod.invokeForRequest(InvocableHandlerMethod.java:150)
	at org.springframework.web.servlet.mvc.method.annotation.ServletInvocableHandlerMethod.invokeAndHandle(ServletInvocableHandlerMethod.java:117)
	at org.springframework.web.servlet.mvc.method.annotation.RequestMappingHandlerAdapter.invokeHandlerMethod(RequestMappingHandlerAdapter.java:895)
	at org.springframework.web.servlet.mvc.method.annotation.RequestMappingHandlerAdapter.handleInternal(RequestMappingHandlerAdapter.java:808)
	at org.springframework.web.servlet.mvc.method.AbstractHandlerMethodAdapter.handle(AbstractHandlerMethodAdapter.java:87)
	at org.springframework.web.servlet.DispatcherServlet.doDispatch(DispatcherServlet.java:1070)
	at org.springframework.web.servlet.DispatcherServlet.doService(DispatcherServlet.java:963)
	at org.springframework.web.servlet.FrameworkServlet.processRequest(FrameworkServlet.java:1006)
	at org.springframework.web.servlet.FrameworkServlet.doGet(FrameworkServlet.java:898)
	at javax.servlet.http.HttpServlet.service(HttpServlet.java:655)
	at org.springframework.web.servlet.FrameworkServlet.service(FrameworkServlet.java:883)
	at javax.servlet.http.HttpServlet.service(HttpServlet.java:764)
	at org.apache.catalina.core.ApplicationFilterChain.internalDoFilter(ApplicationFilterChain.java:227)
	at org.apache.catalina.core.ApplicationFilterChain.doFilter(ApplicationFilterChain.java:162)
	at org.apache.tomcat.websocket.server.WsFilter.doFilter(WsFilter.java:53)
	at org.apache.catalina.core.ApplicationFilterChain.internalDoFilter(ApplicationFilterChain.java:189)
	at org.apache.catalina.core.ApplicationFilterChain.doFilter(ApplicationFilterChain.java:162)
	at org.springframework.web.filter.RequestContextFilter.doFilterInternal(RequestContextFilter.java:100)
	at org.springframework.web.filter.OncePerRequestFilter.doFilter(OncePerRequestFilter.java:117)
	at org.apache.catalina.core.ApplicationFilterChain.internalDoFilter(ApplicationFilterChain.java:189)
	at org.apache.catalina.core.ApplicationFilterChain.doFilter(ApplicationFilterChain.java:162)
	at org.springframework.web.filter.FormContentFilter.doFilterInternal(FormContentFilter.java:93)
	at org.springframework.web.filter.OncePerRequestFilter.doFilter(OncePerRequestFilter.java:117)
	at org.apache.catalina.core.ApplicationFilterChain.internalDoFilter(ApplicationFilterChain.java:189)
	at org.apache.catalina.core.ApplicationFilterChain.doFilter(ApplicationFilterChain.java:162)
	at org.springframework.cloud.sleuth.instrument.web.servlet.TracingFilter.doFilter(TracingFilter.java:68)
	at org.springframework.cloud.sleuth.autoconfig.instrument.web.TraceWebServletConfiguration$LazyTracingFilter.doFilter(TraceWebServletConfiguration.java:131)
	at org.apache.catalina.core.ApplicationFilterChain.internalDoFilter(ApplicationFilterChain.java:189)
	at org.apache.catalina.core.ApplicationFilterChain.doFilter(ApplicationFilterChain.java:162)
	at org.springframework.web.filter.CharacterEncodingFilter.doFilterInternal(CharacterEncodingFilter.java:201)
	at org.springframework.web.filter.OncePerRequestFilter.doFilter(OncePerRequestFilter.java:117)
	at org.apache.catalina.core.ApplicationFilterChain.internalDoFilter(ApplicationFilterChain.java:189)
	at org.apache.catalina.core.ApplicationFilterChain.doFilter(ApplicationFilterChain.java:162)
	at org.apache.catalina.core.StandardWrapperValve.invoke(StandardWrapperValve.java:197)
	at org.apache.catalina.core.StandardContextValve.invoke(StandardContextValve.java:97)
	at org.apache.catalina.authenticator.AuthenticatorBase.invoke(AuthenticatorBase.java:541)
	at org.apache.catalina.core.StandardHostValve.invoke(StandardHostValve.java:135)
	at org.apache.catalina.valves.ErrorReportValve.invoke(ErrorReportValve.java:92)
	at org.apache.catalina.core.StandardEngineValve.invoke(StandardEngineValve.java:78)
	at org.springframework.cloud.sleuth.instrument.web.tomcat.TraceValve.invoke(TraceValve.java:103)
	at org.apache.catalina.connector.CoyoteAdapter.service(CoyoteAdapter.java:360)
	at org.apache.coyote.http11.Http11Processor.service(Http11Processor.java:399)
	at org.apache.coyote.AbstractProcessorLight.process(AbstractProcessorLight.java:65)
	at org.apache.coyote.AbstractProtocol$ConnectionHandler.process(AbstractProtocol.java:890)
	at org.apache.tomcat.util.net.NioEndpoint$SocketProcessor.doRun(NioEndpoint.java:1789)
	at org.apache.tomcat.util.net.SocketProcessorBase.run(SocketProcessorBase.java:49)
	at org.apache.tomcat.util.threads.ThreadPoolExecutor.runWorker(ThreadPoolExecutor.java:1191)
	at org.apache.tomcat.util.threads.ThreadPoolExecutor$Worker.run(ThreadPoolExecutor.java:659)
	at org.apache.tomcat.util.threads.TaskThread$WrappingRunnable.run(TaskThread.java:61)
	at java.lang.Thread.run(Thread.java:745)
2024-06-17 22:22:51 |INFO  |Thread-17 |ZipkinAutoConfiguration.java:144 |org.springframework.cloud.sleuth.autoconfig.zipkin2.ZipkinAutoConfiguration |Flushing remaining spans on shutdown
2024-06-17 22:22:51 |INFO  |SpringApplicationShutdownHook |DruidDataSource.java:2063 |com.alibaba.druid.pool.DruidDataSource |{dataSource-1} closing ...
2024-06-17 22:22:51 |INFO  |SpringApplicationShutdownHook |DruidDataSource.java:2136 |com.alibaba.druid.pool.DruidDataSource |{dataSource-1} closed
2024-06-17 22:23:05 |INFO  |main |SpringApplication.java:645 |ljl.bilibili.video.VideoApplication |No active profile set, falling back to 1 default profile: "default"
2024-06-17 22:23:07 |INFO  |main |RepositoryConfigurationDelegate.java:262 |org.springframework.data.repository.config.RepositoryConfigurationDelegate |Multiple Spring Data modules found, entering strict repository configuration mode
2024-06-17 22:23:07 |INFO  |main |RepositoryConfigurationDelegate.java:132 |org.springframework.data.repository.config.RepositoryConfigurationDelegate |Bootstrapping Spring Data Redis repositories in DEFAULT mode.
2024-06-17 22:23:07 |INFO  |main |RepositoryConfigurationDelegate.java:201 |org.springframework.data.repository.config.RepositoryConfigurationDelegate |Finished Spring Data repository scanning in 17 ms. Found 0 Redis repository interfaces.
2024-06-17 22:23:08 |INFO  |main |GenericScope.java:283 |org.springframework.cloud.context.scope.GenericScope |BeanFactory id=4b299e4b-bb04-3a74-9659-8f5263a2fa1e
2024-06-17 22:23:09 |INFO  |main |TomcatWebServer.java:108 |org.springframework.boot.web.embedded.tomcat.TomcatWebServer |Tomcat initialized with port(s): 10201 (http)
2024-06-17 22:23:09 |INFO  |main |DirectJDKLog.java:173 |org.apache.coyote.http11.Http11NioProtocol |Initializing ProtocolHandler ["http-nio-10201"]
2024-06-17 22:23:09 |INFO  |main |DirectJDKLog.java:173 |org.apache.catalina.core.StandardService |Starting service [Tomcat]
2024-06-17 22:23:09 |INFO  |main |DirectJDKLog.java:173 |org.apache.catalina.core.StandardEngine |Starting Servlet engine: [Apache Tomcat/9.0.65]
2024-06-17 22:23:09 |INFO  |main |DirectJDKLog.java:173 |org.apache.catalina.core.ContainerBase.[Tomcat].[localhost].[/] |Initializing Spring embedded WebApplicationContext
2024-06-17 22:23:09 |INFO  |main |ServletWebServerApplicationContext.java:290 |org.springframework.boot.web.servlet.context.ServletWebServerApplicationContext |Root WebApplicationContext: initialization completed in 3930 ms
2024-06-17 22:23:10 |INFO  |main |MybatisPlusJoinAutoConfiguration.java:140 |com.github.yulichang.autoconfigure.MybatisPlusJoinAutoConfiguration |mybatis plus join properties config complete
2024-06-17 22:23:10 |INFO  |main |MybatisPlusJoinAutoConfiguration.java:140 |com.github.yulichang.autoconfigure.MybatisPlusJoinAutoConfiguration |mybatis plus join SqlInjector init
2024-06-17 22:23:14 |INFO  |main |WebMvcPropertySourcedRequestMappingHandlerMapping.java:69 |springfox.documentation.spring.web.WebMvcPropertySourcedRequestMappingHandlerMapping |Mapped URL path [/v2/api-docs] onto method [springfox.documentation.swagger2.web.Swagger2ControllerWebMvc#getDocumentation(String, HttpServletRequest)]
2024-06-17 22:23:15 |WARN  |main |LoadBalancerCacheAutoConfiguration.java:82 |org.springframework.cloud.loadbalancer.config.LoadBalancerCacheAutoConfiguration$LoadBalancerCaffeineWarnLogger |Spring Cloud LoadBalancer is currently working with the default cache. While this cache implementation is useful for development and tests, it's recommended to use Caffeine cache in production.You can switch to using Caffeine cache, by adding it and org.springframework.cache.caffeine.CaffeineCacheManager to the classpath.
2024-06-17 22:23:16 |INFO  |main |DirectJDKLog.java:173 |org.apache.coyote.http11.Http11NioProtocol |Starting ProtocolHandler ["http-nio-10201"]
2024-06-17 22:23:16 |INFO  |main |TomcatWebServer.java:220 |org.springframework.boot.web.embedded.tomcat.TomcatWebServer |Tomcat started on port(s): 10201 (http) with context path ''
2024-06-17 22:23:16 |INFO  |main |DocumentationPluginsBootstrapper.java:93 |springfox.documentation.spring.web.plugins.DocumentationPluginsBootstrapper |Documentation plugins bootstrapped
2024-06-17 22:23:16 |INFO  |main |AbstractDocumentationPluginsBootstrapper.java:79 |springfox.documentation.spring.web.plugins.DocumentationPluginsBootstrapper |Found 1 custom documentation plugin(s)
2024-06-17 22:23:16 |INFO  |main |ApiListingReferenceScanner.java:44 |springfox.documentation.spring.web.scanners.ApiListingReferenceScanner |Scanning for api listing references
2024-06-17 22:23:17 |INFO  |main |CachingOperationNameGenerator.java:41 |springfox.documentation.spring.web.readers.operation.CachingOperationNameGenerator |Generating unique operation named: getCollectGroupUsingGET_1
2024-06-17 22:23:17 |INFO  |main |CachingOperationNameGenerator.java:41 |springfox.documentation.spring.web.readers.operation.CachingOperationNameGenerator |Generating unique operation named: getCommentUsingGET_1
2024-06-17 22:23:17 |INFO  |main |CachingOperationNameGenerator.java:41 |springfox.documentation.spring.web.readers.operation.CachingOperationNameGenerator |Generating unique operation named: getDanmakuUsingGET_1
2024-06-17 22:23:17 |INFO  |main |StartupInfoLogger.java:61 |ljl.bilibili.video.VideoApplication |Started VideoApplication in 13.999 seconds (JVM running for 16.819)
2024-06-17 22:23:21 |INFO  |http-nio-10201-exec-1 |DirectJDKLog.java:173 |org.apache.catalina.core.ContainerBase.[Tomcat].[localhost].[/] |Initializing Spring DispatcherServlet 'dispatcherServlet'
2024-06-17 22:23:21 |INFO  |http-nio-10201-exec-1 |FrameworkServlet.java:525 |org.springframework.web.servlet.DispatcherServlet |Initializing Servlet 'dispatcherServlet'
2024-06-17 22:23:21 |INFO  |http-nio-10201-exec-1 |FrameworkServlet.java:547 |org.springframework.web.servlet.DispatcherServlet |Completed initialization in 2 ms
2024-06-17 22:23:21 |INFO  |http-nio-10201-exec-1 |CommentController.java:36 |ljl.bilibili.video.controller.audience_reactions.comment.CommentController |获取评论
2024-06-17 22:23:21 |INFO  |http-nio-10201-exec-1 |CommentController.java:37 |ljl.bilibili.video.controller.audience_reactions.comment.CommentController |1
2024-06-17 22:23:21 |INFO  |http-nio-10201-exec-1 |CommentController.java:38 |ljl.bilibili.video.controller.audience_reactions.comment.CommentController |

2024-06-17 22:23:21 |INFO  |http-nio-10201-exec-1 |CommentController.java:39 |ljl.bilibili.video.controller.audience_reactions.comment.CommentController |

2024-06-17 22:23:21 |INFO  |http-nio-10201-exec-1 |CommentController.java:40 |ljl.bilibili.video.controller.audience_reactions.comment.CommentController |

2024-06-17 22:23:21 |INFO  |http-nio-10201-exec-1 |DruidDataSource.java:975 |com.alibaba.druid.pool.DruidDataSource |{dataSource-1} inited
2024-06-17 22:23:51 |INFO  |http-nio-10201-exec-2 |CommentController.java:36 |ljl.bilibili.video.controller.audience_reactions.comment.CommentController |获取评论
2024-06-17 22:23:51 |INFO  |http-nio-10201-exec-2 |CommentController.java:37 |ljl.bilibili.video.controller.audience_reactions.comment.CommentController |1
2024-06-17 22:23:51 |INFO  |http-nio-10201-exec-2 |CommentController.java:38 |ljl.bilibili.video.controller.audience_reactions.comment.CommentController |

2024-06-17 22:23:51 |INFO  |http-nio-10201-exec-2 |CommentController.java:39 |ljl.bilibili.video.controller.audience_reactions.comment.CommentController |

2024-06-17 22:23:51 |INFO  |http-nio-10201-exec-2 |CommentController.java:40 |ljl.bilibili.video.controller.audience_reactions.comment.CommentController |

2024-06-17 22:25:48 |INFO  |Thread-18 |ZipkinAutoConfiguration.java:144 |org.springframework.cloud.sleuth.autoconfig.zipkin2.ZipkinAutoConfiguration |Flushing remaining spans on shutdown
2024-06-17 22:25:48 |INFO  |SpringApplicationShutdownHook |DruidDataSource.java:2063 |com.alibaba.druid.pool.DruidDataSource |{dataSource-1} closing ...
2024-06-17 22:25:48 |INFO  |SpringApplicationShutdownHook |DruidDataSource.java:2136 |com.alibaba.druid.pool.DruidDataSource |{dataSource-1} closed
2024-06-17 22:26:08 |INFO  |main |SpringApplication.java:645 |ljl.bilibili.video.VideoApplication |No active profile set, falling back to 1 default profile: "default"
2024-06-17 22:26:10 |INFO  |main |RepositoryConfigurationDelegate.java:262 |org.springframework.data.repository.config.RepositoryConfigurationDelegate |Multiple Spring Data modules found, entering strict repository configuration mode
2024-06-17 22:26:10 |INFO  |main |RepositoryConfigurationDelegate.java:132 |org.springframework.data.repository.config.RepositoryConfigurationDelegate |Bootstrapping Spring Data Redis repositories in DEFAULT mode.
2024-06-17 22:26:10 |INFO  |main |RepositoryConfigurationDelegate.java:201 |org.springframework.data.repository.config.RepositoryConfigurationDelegate |Finished Spring Data repository scanning in 21 ms. Found 0 Redis repository interfaces.
2024-06-17 22:26:10 |INFO  |main |GenericScope.java:283 |org.springframework.cloud.context.scope.GenericScope |BeanFactory id=4b299e4b-bb04-3a74-9659-8f5263a2fa1e
2024-06-17 22:26:11 |INFO  |main |TomcatWebServer.java:108 |org.springframework.boot.web.embedded.tomcat.TomcatWebServer |Tomcat initialized with port(s): 10201 (http)
2024-06-17 22:26:11 |INFO  |main |DirectJDKLog.java:173 |org.apache.coyote.http11.Http11NioProtocol |Initializing ProtocolHandler ["http-nio-10201"]
2024-06-17 22:26:11 |INFO  |main |DirectJDKLog.java:173 |org.apache.catalina.core.StandardService |Starting service [Tomcat]
2024-06-17 22:26:11 |INFO  |main |DirectJDKLog.java:173 |org.apache.catalina.core.StandardEngine |Starting Servlet engine: [Apache Tomcat/9.0.65]
2024-06-17 22:26:12 |INFO  |main |DirectJDKLog.java:173 |org.apache.catalina.core.ContainerBase.[Tomcat].[localhost].[/] |Initializing Spring embedded WebApplicationContext
2024-06-17 22:26:12 |INFO  |main |ServletWebServerApplicationContext.java:290 |org.springframework.boot.web.servlet.context.ServletWebServerApplicationContext |Root WebApplicationContext: initialization completed in 3806 ms
2024-06-17 22:26:13 |INFO  |main |MybatisPlusJoinAutoConfiguration.java:140 |com.github.yulichang.autoconfigure.MybatisPlusJoinAutoConfiguration |mybatis plus join properties config complete
2024-06-17 22:26:13 |INFO  |main |MybatisPlusJoinAutoConfiguration.java:140 |com.github.yulichang.autoconfigure.MybatisPlusJoinAutoConfiguration |mybatis plus join SqlInjector init
2024-06-17 22:26:16 |INFO  |main |WebMvcPropertySourcedRequestMappingHandlerMapping.java:69 |springfox.documentation.spring.web.WebMvcPropertySourcedRequestMappingHandlerMapping |Mapped URL path [/v2/api-docs] onto method [springfox.documentation.swagger2.web.Swagger2ControllerWebMvc#getDocumentation(String, HttpServletRequest)]
2024-06-17 22:26:18 |WARN  |main |LoadBalancerCacheAutoConfiguration.java:82 |org.springframework.cloud.loadbalancer.config.LoadBalancerCacheAutoConfiguration$LoadBalancerCaffeineWarnLogger |Spring Cloud LoadBalancer is currently working with the default cache. While this cache implementation is useful for development and tests, it's recommended to use Caffeine cache in production.You can switch to using Caffeine cache, by adding it and org.springframework.cache.caffeine.CaffeineCacheManager to the classpath.
2024-06-17 22:26:19 |INFO  |main |DirectJDKLog.java:173 |org.apache.coyote.http11.Http11NioProtocol |Starting ProtocolHandler ["http-nio-10201"]
2024-06-17 22:26:19 |INFO  |main |TomcatWebServer.java:220 |org.springframework.boot.web.embedded.tomcat.TomcatWebServer |Tomcat started on port(s): 10201 (http) with context path ''
2024-06-17 22:26:19 |INFO  |main |DocumentationPluginsBootstrapper.java:93 |springfox.documentation.spring.web.plugins.DocumentationPluginsBootstrapper |Documentation plugins bootstrapped
2024-06-17 22:26:19 |INFO  |main |AbstractDocumentationPluginsBootstrapper.java:79 |springfox.documentation.spring.web.plugins.DocumentationPluginsBootstrapper |Found 1 custom documentation plugin(s)
2024-06-17 22:26:19 |INFO  |main |ApiListingReferenceScanner.java:44 |springfox.documentation.spring.web.scanners.ApiListingReferenceScanner |Scanning for api listing references
2024-06-17 22:26:20 |INFO  |main |CachingOperationNameGenerator.java:41 |springfox.documentation.spring.web.readers.operation.CachingOperationNameGenerator |Generating unique operation named: getCollectGroupUsingGET_1
2024-06-17 22:26:20 |INFO  |main |CachingOperationNameGenerator.java:41 |springfox.documentation.spring.web.readers.operation.CachingOperationNameGenerator |Generating unique operation named: getCommentUsingGET_1
2024-06-17 22:26:20 |INFO  |main |CachingOperationNameGenerator.java:41 |springfox.documentation.spring.web.readers.operation.CachingOperationNameGenerator |Generating unique operation named: getDanmakuUsingGET_1
2024-06-17 22:26:20 |INFO  |main |StartupInfoLogger.java:61 |ljl.bilibili.video.VideoApplication |Started VideoApplication in 14.998 seconds (JVM running for 17.481)
2024-06-17 22:26:25 |INFO  |http-nio-10201-exec-1 |DirectJDKLog.java:173 |org.apache.catalina.core.ContainerBase.[Tomcat].[localhost].[/] |Initializing Spring DispatcherServlet 'dispatcherServlet'
2024-06-17 22:26:25 |INFO  |http-nio-10201-exec-1 |FrameworkServlet.java:525 |org.springframework.web.servlet.DispatcherServlet |Initializing Servlet 'dispatcherServlet'
2024-06-17 22:26:25 |INFO  |http-nio-10201-exec-1 |FrameworkServlet.java:547 |org.springframework.web.servlet.DispatcherServlet |Completed initialization in 9 ms
2024-06-17 22:26:25 |INFO  |http-nio-10201-exec-1 |CommentController.java:36 |ljl.bilibili.video.controller.audience_reactions.comment.CommentController |获取评论
2024-06-17 22:26:25 |INFO  |http-nio-10201-exec-1 |CommentController.java:37 |ljl.bilibili.video.controller.audience_reactions.comment.CommentController |1
2024-06-17 22:26:25 |INFO  |http-nio-10201-exec-1 |CommentController.java:38 |ljl.bilibili.video.controller.audience_reactions.comment.CommentController |

2024-06-17 22:26:25 |INFO  |http-nio-10201-exec-1 |CommentController.java:39 |ljl.bilibili.video.controller.audience_reactions.comment.CommentController |

2024-06-17 22:26:25 |INFO  |http-nio-10201-exec-1 |CommentController.java:40 |ljl.bilibili.video.controller.audience_reactions.comment.CommentController |

2024-06-17 22:26:25 |INFO  |http-nio-10201-exec-1 |DruidDataSource.java:975 |com.alibaba.druid.pool.DruidDataSource |{dataSource-1} inited
2024-06-17 22:44:24 |INFO  |http-nio-10201-exec-3 |TimeBasedFilter.java:24 |ljl.bilibili.filter.TimeBasedFilter |






2024-06-17 22:44:24 |INFO  |http-nio-10201-exec-3 |CommentController.java:36 |ljl.bilibili.video.controller.audience_reactions.comment.CommentController |获取评论
2024-06-17 22:44:25 |INFO  |http-nio-10201-exec-3 |CommentController.java:37 |ljl.bilibili.video.controller.audience_reactions.comment.CommentController |1
2024-06-17 22:44:25 |INFO  |http-nio-10201-exec-3 |CommentController.java:38 |ljl.bilibili.video.controller.audience_reactions.comment.CommentController |

2024-06-17 22:44:25 |INFO  |http-nio-10201-exec-3 |CommentController.java:39 |ljl.bilibili.video.controller.audience_reactions.comment.CommentController |

2024-06-17 22:44:25 |INFO  |http-nio-10201-exec-3 |CommentController.java:40 |ljl.bilibili.video.controller.audience_reactions.comment.CommentController |

