2024-06-18 01:16:14 |INFO  |Thread-18 |TimeBasedFilter.java:24 |ljl.bilibili.filter.TimeBasedFilter |






2024-06-18 01:16:14 |INFO  |Thread-18 |ZipkinAutoConfiguration.java:144 |org.springframework.cloud.sleuth.autoconfig.zipkin2.ZipkinAutoConfiguration |Flushing remaining spans on shutdown
2024-06-18 01:16:15 |INFO  |SpringApplicationShutdownHook |DruidDataSource.java:2063 |com.alibaba.druid.pool.DruidDataSource |{dataSource-1} closing ...
2024-06-18 01:16:15 |INFO  |SpringApplicationShutdownHook |DruidDataSource.java:2136 |com.alibaba.druid.pool.DruidDataSource |{dataSource-1} closed
2024-06-18 01:16:59 |INFO  |main |SpringApplication.java:645 |ljl.bilibili.video.VideoApplication |No active profile set, falling back to 1 default profile: "default"
2024-06-18 01:17:03 |INFO  |main |RepositoryConfigurationDelegate.java:262 |org.springframework.data.repository.config.RepositoryConfigurationDelegate |Multiple Spring Data modules found, entering strict repository configuration mode
2024-06-18 01:17:03 |INFO  |main |RepositoryConfigurationDelegate.java:132 |org.springframework.data.repository.config.RepositoryConfigurationDelegate |Bootstrapping Spring Data Redis repositories in DEFAULT mode.
2024-06-18 01:17:03 |INFO  |main |RepositoryConfigurationDelegate.java:201 |org.springframework.data.repository.config.RepositoryConfigurationDelegate |Finished Spring Data repository scanning in 20 ms. Found 0 Redis repository interfaces.
2024-06-18 01:17:04 |INFO  |main |GenericScope.java:283 |org.springframework.cloud.context.scope.GenericScope |BeanFactory id=4b299e4b-bb04-3a74-9659-8f5263a2fa1e
2024-06-18 01:17:07 |INFO  |main |TomcatWebServer.java:108 |org.springframework.boot.web.embedded.tomcat.TomcatWebServer |Tomcat initialized with port(s): 10201 (http)
2024-06-18 01:17:07 |INFO  |main |DirectJDKLog.java:173 |org.apache.coyote.http11.Http11NioProtocol |Initializing ProtocolHandler ["http-nio-10201"]
2024-06-18 01:17:07 |INFO  |main |DirectJDKLog.java:173 |org.apache.catalina.core.StandardService |Starting service [Tomcat]
2024-06-18 01:17:07 |INFO  |main |DirectJDKLog.java:173 |org.apache.catalina.core.StandardEngine |Starting Servlet engine: [Apache Tomcat/9.0.65]
2024-06-18 01:17:08 |INFO  |main |DirectJDKLog.java:173 |org.apache.catalina.core.ContainerBase.[Tomcat].[localhost].[/] |Initializing Spring embedded WebApplicationContext
2024-06-18 01:17:08 |INFO  |main |ServletWebServerApplicationContext.java:290 |org.springframework.boot.web.servlet.context.ServletWebServerApplicationContext |Root WebApplicationContext: initialization completed in 8833 ms
2024-06-18 01:17:09 |INFO  |main |MybatisPlusJoinAutoConfiguration.java:140 |com.github.yulichang.autoconfigure.MybatisPlusJoinAutoConfiguration |mybatis plus join properties config complete
2024-06-18 01:17:10 |INFO  |main |MybatisPlusJoinAutoConfiguration.java:140 |com.github.yulichang.autoconfigure.MybatisPlusJoinAutoConfiguration |mybatis plus join SqlInjector init
2024-06-18 01:17:19 |INFO  |main |WebMvcPropertySourcedRequestMappingHandlerMapping.java:69 |springfox.documentation.spring.web.WebMvcPropertySourcedRequestMappingHandlerMapping |Mapped URL path [/v2/api-docs] onto method [springfox.documentation.swagger2.web.Swagger2ControllerWebMvc#getDocumentation(String, HttpServletRequest)]
2024-06-18 01:17:21 |WARN  |main |LoadBalancerCacheAutoConfiguration.java:82 |org.springframework.cloud.loadbalancer.config.LoadBalancerCacheAutoConfiguration$LoadBalancerCaffeineWarnLogger |Spring Cloud LoadBalancer is currently working with the default cache. While this cache implementation is useful for development and tests, it's recommended to use Caffeine cache in production.You can switch to using Caffeine cache, by adding it and org.springframework.cache.caffeine.CaffeineCacheManager to the classpath.
2024-06-18 01:17:22 |INFO  |main |DirectJDKLog.java:173 |org.apache.coyote.http11.Http11NioProtocol |Starting ProtocolHandler ["http-nio-10201"]
2024-06-18 01:17:22 |INFO  |main |TomcatWebServer.java:220 |org.springframework.boot.web.embedded.tomcat.TomcatWebServer |Tomcat started on port(s): 10201 (http) with context path ''
2024-06-18 01:17:22 |INFO  |main |DocumentationPluginsBootstrapper.java:93 |springfox.documentation.spring.web.plugins.DocumentationPluginsBootstrapper |Documentation plugins bootstrapped
2024-06-18 01:17:22 |INFO  |main |AbstractDocumentationPluginsBootstrapper.java:79 |springfox.documentation.spring.web.plugins.DocumentationPluginsBootstrapper |Found 1 custom documentation plugin(s)
2024-06-18 01:17:23 |INFO  |main |ApiListingReferenceScanner.java:44 |springfox.documentation.spring.web.scanners.ApiListingReferenceScanner |Scanning for api listing references
2024-06-18 01:17:24 |INFO  |main |CachingOperationNameGenerator.java:41 |springfox.documentation.spring.web.readers.operation.CachingOperationNameGenerator |Generating unique operation named: getCollectGroupUsingGET_1
2024-06-18 01:17:24 |INFO  |main |CachingOperationNameGenerator.java:41 |springfox.documentation.spring.web.readers.operation.CachingOperationNameGenerator |Generating unique operation named: getCommentUsingGET_1
2024-06-18 01:17:24 |INFO  |main |CachingOperationNameGenerator.java:41 |springfox.documentation.spring.web.readers.operation.CachingOperationNameGenerator |Generating unique operation named: getDanmakuUsingGET_1
2024-06-18 01:17:24 |INFO  |main |StartupInfoLogger.java:61 |ljl.bilibili.video.VideoApplication |Started VideoApplication in 30.509 seconds (JVM running for 33.349)
2024-06-18 01:17:52 |INFO  |http-nio-10201-exec-2 |DirectJDKLog.java:173 |org.apache.catalina.core.ContainerBase.[Tomcat].[localhost].[/] |Initializing Spring DispatcherServlet 'dispatcherServlet'
2024-06-18 01:17:52 |INFO  |http-nio-10201-exec-2 |FrameworkServlet.java:525 |org.springframework.web.servlet.DispatcherServlet |Initializing Servlet 'dispatcherServlet'
2024-06-18 01:17:52 |INFO  |http-nio-10201-exec-2 |FrameworkServlet.java:547 |org.springframework.web.servlet.DispatcherServlet |Completed initialization in 4 ms
2024-06-18 01:18:43 |INFO  |http-nio-10201-exec-5 |CollectController.java:28 |ljl.bilibili.video.controller.audience_reactions.collect.CollectController |收藏视频
2024-06-18 01:18:43 |INFO  |http-nio-10201-exec-5 |CollectController.java:29 |ljl.bilibili.video.controller.audience_reactions.collect.CollectController |[CollectRequest(videoId=145, collectGroupId=1, type=true), CollectRequest(videoId=145, collectGroupId=2, type=true)]
2024-06-18 01:18:43 |INFO  |http-nio-10201-exec-5 |CollectController.java:30 |ljl.bilibili.video.controller.audience_reactions.collect.CollectController |

2024-06-18 01:18:43 |INFO  |http-nio-10201-exec-5 |CollectController.java:31 |ljl.bilibili.video.controller.audience_reactions.collect.CollectController |

2024-06-18 01:18:43 |INFO  |http-nio-10201-exec-5 |CollectController.java:32 |ljl.bilibili.video.controller.audience_reactions.collect.CollectController |

2024-06-18 01:19:19 |INFO  |http-nio-10201-exec-5 |DruidDataSource.java:975 |com.alibaba.druid.pool.DruidDataSource |{dataSource-1} inited
2024-06-18 01:19:51 |INFO  |http-nio-10201-exec-1 |CollectController.java:28 |ljl.bilibili.video.controller.audience_reactions.collect.CollectController |收藏视频
2024-06-18 01:19:51 |INFO  |http-nio-10201-exec-1 |CollectController.java:29 |ljl.bilibili.video.controller.audience_reactions.collect.CollectController |[CollectRequest(videoId=145, collectGroupId=3, type=true), CollectRequest(videoId=145, collectGroupId=2, type=false)]
2024-06-18 01:19:51 |INFO  |http-nio-10201-exec-1 |CollectController.java:30 |ljl.bilibili.video.controller.audience_reactions.collect.CollectController |

2024-06-18 01:19:51 |INFO  |http-nio-10201-exec-1 |CollectController.java:31 |ljl.bilibili.video.controller.audience_reactions.collect.CollectController |

2024-06-18 01:19:51 |INFO  |http-nio-10201-exec-1 |CollectController.java:32 |ljl.bilibili.video.controller.audience_reactions.collect.CollectController |

2024-06-18 01:35:28 |INFO  |Thread-35 |TimeBasedFilter.java:24 |ljl.bilibili.filter.TimeBasedFilter |






2024-06-18 01:35:28 |INFO  |Thread-35 |ZipkinAutoConfiguration.java:144 |org.springframework.cloud.sleuth.autoconfig.zipkin2.ZipkinAutoConfiguration |Flushing remaining spans on shutdown
2024-06-18 01:35:28 |INFO  |SpringApplicationShutdownHook |DruidDataSource.java:2063 |com.alibaba.druid.pool.DruidDataSource |{dataSource-1} closing ...
2024-06-18 01:35:28 |INFO  |SpringApplicationShutdownHook |DruidDataSource.java:2136 |com.alibaba.druid.pool.DruidDataSource |{dataSource-1} closed
2024-06-18 01:35:49 |INFO  |main |SpringApplication.java:645 |ljl.bilibili.video.VideoApplication |No active profile set, falling back to 1 default profile: "default"
2024-06-18 01:35:51 |INFO  |main |RepositoryConfigurationDelegate.java:262 |org.springframework.data.repository.config.RepositoryConfigurationDelegate |Multiple Spring Data modules found, entering strict repository configuration mode
2024-06-18 01:35:51 |INFO  |main |RepositoryConfigurationDelegate.java:132 |org.springframework.data.repository.config.RepositoryConfigurationDelegate |Bootstrapping Spring Data Redis repositories in DEFAULT mode.
2024-06-18 01:35:51 |INFO  |main |RepositoryConfigurationDelegate.java:201 |org.springframework.data.repository.config.RepositoryConfigurationDelegate |Finished Spring Data repository scanning in 20 ms. Found 0 Redis repository interfaces.
2024-06-18 01:35:51 |INFO  |main |GenericScope.java:283 |org.springframework.cloud.context.scope.GenericScope |BeanFactory id=4b299e4b-bb04-3a74-9659-8f5263a2fa1e
2024-06-18 01:35:53 |INFO  |main |TomcatWebServer.java:108 |org.springframework.boot.web.embedded.tomcat.TomcatWebServer |Tomcat initialized with port(s): 10201 (http)
2024-06-18 01:35:53 |INFO  |main |DirectJDKLog.java:173 |org.apache.coyote.http11.Http11NioProtocol |Initializing ProtocolHandler ["http-nio-10201"]
2024-06-18 01:35:53 |INFO  |main |DirectJDKLog.java:173 |org.apache.catalina.core.StandardService |Starting service [Tomcat]
2024-06-18 01:35:53 |INFO  |main |DirectJDKLog.java:173 |org.apache.catalina.core.StandardEngine |Starting Servlet engine: [Apache Tomcat/9.0.65]
2024-06-18 01:35:53 |INFO  |main |DirectJDKLog.java:173 |org.apache.catalina.core.ContainerBase.[Tomcat].[localhost].[/] |Initializing Spring embedded WebApplicationContext
2024-06-18 01:35:53 |INFO  |main |ServletWebServerApplicationContext.java:290 |org.springframework.boot.web.servlet.context.ServletWebServerApplicationContext |Root WebApplicationContext: initialization completed in 4069 ms
2024-06-18 01:35:54 |INFO  |main |MybatisPlusJoinAutoConfiguration.java:140 |com.github.yulichang.autoconfigure.MybatisPlusJoinAutoConfiguration |mybatis plus join properties config complete
2024-06-18 01:35:54 |INFO  |main |MybatisPlusJoinAutoConfiguration.java:140 |com.github.yulichang.autoconfigure.MybatisPlusJoinAutoConfiguration |mybatis plus join SqlInjector init
2024-06-18 01:35:57 |INFO  |main |WebMvcPropertySourcedRequestMappingHandlerMapping.java:69 |springfox.documentation.spring.web.WebMvcPropertySourcedRequestMappingHandlerMapping |Mapped URL path [/v2/api-docs] onto method [springfox.documentation.swagger2.web.Swagger2ControllerWebMvc#getDocumentation(String, HttpServletRequest)]
2024-06-18 01:35:59 |WARN  |main |LoadBalancerCacheAutoConfiguration.java:82 |org.springframework.cloud.loadbalancer.config.LoadBalancerCacheAutoConfiguration$LoadBalancerCaffeineWarnLogger |Spring Cloud LoadBalancer is currently working with the default cache. While this cache implementation is useful for development and tests, it's recommended to use Caffeine cache in production.You can switch to using Caffeine cache, by adding it and org.springframework.cache.caffeine.CaffeineCacheManager to the classpath.
2024-06-18 01:35:59 |INFO  |main |DirectJDKLog.java:173 |org.apache.coyote.http11.Http11NioProtocol |Starting ProtocolHandler ["http-nio-10201"]
2024-06-18 01:35:59 |INFO  |main |TomcatWebServer.java:220 |org.springframework.boot.web.embedded.tomcat.TomcatWebServer |Tomcat started on port(s): 10201 (http) with context path ''
2024-06-18 01:35:59 |INFO  |main |DocumentationPluginsBootstrapper.java:93 |springfox.documentation.spring.web.plugins.DocumentationPluginsBootstrapper |Documentation plugins bootstrapped
2024-06-18 01:35:59 |INFO  |main |AbstractDocumentationPluginsBootstrapper.java:79 |springfox.documentation.spring.web.plugins.DocumentationPluginsBootstrapper |Found 1 custom documentation plugin(s)
2024-06-18 01:35:59 |INFO  |main |ApiListingReferenceScanner.java:44 |springfox.documentation.spring.web.scanners.ApiListingReferenceScanner |Scanning for api listing references
2024-06-18 01:36:00 |INFO  |main |CachingOperationNameGenerator.java:41 |springfox.documentation.spring.web.readers.operation.CachingOperationNameGenerator |Generating unique operation named: getCollectGroupUsingGET_1
2024-06-18 01:36:00 |INFO  |main |CachingOperationNameGenerator.java:41 |springfox.documentation.spring.web.readers.operation.CachingOperationNameGenerator |Generating unique operation named: getCommentUsingGET_1
2024-06-18 01:36:00 |INFO  |main |CachingOperationNameGenerator.java:41 |springfox.documentation.spring.web.readers.operation.CachingOperationNameGenerator |Generating unique operation named: getDanmakuUsingGET_1
2024-06-18 01:36:00 |INFO  |main |StartupInfoLogger.java:61 |ljl.bilibili.video.VideoApplication |Started VideoApplication in 13.751 seconds (JVM running for 15.129)
2024-06-18 01:36:44 |INFO  |http-nio-10201-exec-1 |DirectJDKLog.java:173 |org.apache.catalina.core.ContainerBase.[Tomcat].[localhost].[/] |Initializing Spring DispatcherServlet 'dispatcherServlet'
2024-06-18 01:36:44 |INFO  |http-nio-10201-exec-1 |FrameworkServlet.java:525 |org.springframework.web.servlet.DispatcherServlet |Initializing Servlet 'dispatcherServlet'
2024-06-18 01:36:44 |INFO  |http-nio-10201-exec-1 |FrameworkServlet.java:547 |org.springframework.web.servlet.DispatcherServlet |Completed initialization in 3 ms
2024-06-18 01:36:59 |INFO  |http-nio-10201-exec-4 |DruidDataSource.java:975 |com.alibaba.druid.pool.DruidDataSource |{dataSource-1} inited
2024-06-18 01:37:28 |INFO  |Thread-17 |ZipkinAutoConfiguration.java:144 |org.springframework.cloud.sleuth.autoconfig.zipkin2.ZipkinAutoConfiguration |Flushing remaining spans on shutdown
2024-06-18 01:37:28 |INFO  |SpringApplicationShutdownHook |DruidDataSource.java:2063 |com.alibaba.druid.pool.DruidDataSource |{dataSource-1} closing ...
2024-06-18 01:37:28 |INFO  |SpringApplicationShutdownHook |DruidDataSource.java:2136 |com.alibaba.druid.pool.DruidDataSource |{dataSource-1} closed
2024-06-18 01:37:39 |INFO  |main |SpringApplication.java:645 |ljl.bilibili.video.VideoApplication |No active profile set, falling back to 1 default profile: "default"
2024-06-18 01:37:41 |INFO  |main |RepositoryConfigurationDelegate.java:262 |org.springframework.data.repository.config.RepositoryConfigurationDelegate |Multiple Spring Data modules found, entering strict repository configuration mode
2024-06-18 01:37:41 |INFO  |main |RepositoryConfigurationDelegate.java:132 |org.springframework.data.repository.config.RepositoryConfigurationDelegate |Bootstrapping Spring Data Redis repositories in DEFAULT mode.
2024-06-18 01:37:41 |INFO  |main |RepositoryConfigurationDelegate.java:201 |org.springframework.data.repository.config.RepositoryConfigurationDelegate |Finished Spring Data repository scanning in 16 ms. Found 0 Redis repository interfaces.
2024-06-18 01:37:41 |INFO  |main |GenericScope.java:283 |org.springframework.cloud.context.scope.GenericScope |BeanFactory id=4b299e4b-bb04-3a74-9659-8f5263a2fa1e
2024-06-18 01:37:43 |INFO  |main |TomcatWebServer.java:108 |org.springframework.boot.web.embedded.tomcat.TomcatWebServer |Tomcat initialized with port(s): 10201 (http)
2024-06-18 01:37:43 |INFO  |main |DirectJDKLog.java:173 |org.apache.coyote.http11.Http11NioProtocol |Initializing ProtocolHandler ["http-nio-10201"]
2024-06-18 01:37:43 |INFO  |main |DirectJDKLog.java:173 |org.apache.catalina.core.StandardService |Starting service [Tomcat]
2024-06-18 01:37:43 |INFO  |main |DirectJDKLog.java:173 |org.apache.catalina.core.StandardEngine |Starting Servlet engine: [Apache Tomcat/9.0.65]
2024-06-18 01:37:43 |INFO  |main |DirectJDKLog.java:173 |org.apache.catalina.core.ContainerBase.[Tomcat].[localhost].[/] |Initializing Spring embedded WebApplicationContext
2024-06-18 01:37:43 |INFO  |main |ServletWebServerApplicationContext.java:290 |org.springframework.boot.web.servlet.context.ServletWebServerApplicationContext |Root WebApplicationContext: initialization completed in 3597 ms
2024-06-18 01:37:44 |INFO  |main |MybatisPlusJoinAutoConfiguration.java:140 |com.github.yulichang.autoconfigure.MybatisPlusJoinAutoConfiguration |mybatis plus join properties config complete
2024-06-18 01:37:44 |INFO  |main |MybatisPlusJoinAutoConfiguration.java:140 |com.github.yulichang.autoconfigure.MybatisPlusJoinAutoConfiguration |mybatis plus join SqlInjector init
2024-06-18 01:37:47 |INFO  |main |WebMvcPropertySourcedRequestMappingHandlerMapping.java:69 |springfox.documentation.spring.web.WebMvcPropertySourcedRequestMappingHandlerMapping |Mapped URL path [/v2/api-docs] onto method [springfox.documentation.swagger2.web.Swagger2ControllerWebMvc#getDocumentation(String, HttpServletRequest)]
2024-06-18 01:37:48 |WARN  |main |LoadBalancerCacheAutoConfiguration.java:82 |org.springframework.cloud.loadbalancer.config.LoadBalancerCacheAutoConfiguration$LoadBalancerCaffeineWarnLogger |Spring Cloud LoadBalancer is currently working with the default cache. While this cache implementation is useful for development and tests, it's recommended to use Caffeine cache in production.You can switch to using Caffeine cache, by adding it and org.springframework.cache.caffeine.CaffeineCacheManager to the classpath.
2024-06-18 01:37:49 |INFO  |main |DirectJDKLog.java:173 |org.apache.coyote.http11.Http11NioProtocol |Starting ProtocolHandler ["http-nio-10201"]
2024-06-18 01:37:49 |INFO  |main |TomcatWebServer.java:220 |org.springframework.boot.web.embedded.tomcat.TomcatWebServer |Tomcat started on port(s): 10201 (http) with context path ''
2024-06-18 01:37:49 |INFO  |main |DocumentationPluginsBootstrapper.java:93 |springfox.documentation.spring.web.plugins.DocumentationPluginsBootstrapper |Documentation plugins bootstrapped
2024-06-18 01:37:49 |INFO  |main |AbstractDocumentationPluginsBootstrapper.java:79 |springfox.documentation.spring.web.plugins.DocumentationPluginsBootstrapper |Found 1 custom documentation plugin(s)
2024-06-18 01:37:49 |INFO  |main |ApiListingReferenceScanner.java:44 |springfox.documentation.spring.web.scanners.ApiListingReferenceScanner |Scanning for api listing references
2024-06-18 01:37:50 |INFO  |main |CachingOperationNameGenerator.java:41 |springfox.documentation.spring.web.readers.operation.CachingOperationNameGenerator |Generating unique operation named: getCollectGroupUsingGET_1
2024-06-18 01:37:50 |INFO  |main |CachingOperationNameGenerator.java:41 |springfox.documentation.spring.web.readers.operation.CachingOperationNameGenerator |Generating unique operation named: getCommentUsingGET_1
2024-06-18 01:37:50 |INFO  |main |CachingOperationNameGenerator.java:41 |springfox.documentation.spring.web.readers.operation.CachingOperationNameGenerator |Generating unique operation named: getDanmakuUsingGET_1
2024-06-18 01:37:50 |INFO  |main |StartupInfoLogger.java:61 |ljl.bilibili.video.VideoApplication |Started VideoApplication in 13.164 seconds (JVM running for 14.524)
2024-06-18 01:37:52 |INFO  |http-nio-10201-exec-2 |DirectJDKLog.java:173 |org.apache.catalina.core.ContainerBase.[Tomcat].[localhost].[/] |Initializing Spring DispatcherServlet 'dispatcherServlet'
2024-06-18 01:37:52 |INFO  |http-nio-10201-exec-2 |FrameworkServlet.java:525 |org.springframework.web.servlet.DispatcherServlet |Initializing Servlet 'dispatcherServlet'
2024-06-18 01:37:52 |INFO  |http-nio-10201-exec-2 |FrameworkServlet.java:547 |org.springframework.web.servlet.DispatcherServlet |Completed initialization in 3 ms
2024-06-18 01:37:56 |INFO  |http-nio-10201-exec-4 |DruidDataSource.java:975 |com.alibaba.druid.pool.DruidDataSource |{dataSource-1} inited
2024-06-18 02:09:16 |INFO  |Thread-14 |TimeBasedFilter.java:24 |ljl.bilibili.filter.TimeBasedFilter |






2024-06-18 02:09:16 |INFO  |Thread-14 |ZipkinAutoConfiguration.java:144 |org.springframework.cloud.sleuth.autoconfig.zipkin2.ZipkinAutoConfiguration |Flushing remaining spans on shutdown
2024-06-18 02:09:17 |INFO  |SpringApplicationShutdownHook |DruidDataSource.java:2063 |com.alibaba.druid.pool.DruidDataSource |{dataSource-1} closing ...
2024-06-18 02:09:17 |INFO  |SpringApplicationShutdownHook |DruidDataSource.java:2136 |com.alibaba.druid.pool.DruidDataSource |{dataSource-1} closed
