2024-02-13 01:10:45 |WARN  |main |LoadBalancerCacheAutoConfiguration.java:82 |org.springframework.cloud.loadbalancer.config.LoadBalancerCacheAutoConfiguration$LoadBalancerCaffeineWarnLogger |Spring Cloud LoadBalancer is currently working with the default cache. While this cache implementation is useful for development and tests, it's recommended to use Caffeine cache in production.You can switch to using Caffeine cache, by adding it and org.springframework.cache.caffeine.CaffeineCacheManager to the classpath.
2024-02-13 01:10:45 |WARN  |main |TableInfoHelper.java:423 |com.baomidou.mybatisplus.core.metadata.TableInfoHelper |This primary key of "id" is primitive !不建议如此请使用包装类 in Class: "ljl.entity.notice.dynamic.DynamicToUser"
2024-02-13 01:16:29 |WARN  |Thread-54 |HttpClientBeanHolder.java:108 |com.alibaba.nacos.common.http.HttpClientBeanHolder |[HttpClientBeanHolder] Start destroying common HttpClient
2024-02-13 01:16:29 |WARN  |Thread-51 |NotifyCenter.java:136 |com.alibaba.nacos.common.notify.NotifyCenter |[NotifyCenter] Start destroying Publisher
2024-02-13 01:16:29 |WARN  |Thread-51 |NotifyCenter.java:153 |com.alibaba.nacos.common.notify.NotifyCenter |[NotifyCenter] Destruction of the end
2024-02-13 01:16:29 |WARN  |Thread-54 |HttpClientBeanHolder.java:114 |com.alibaba.nacos.common.http.HttpClientBeanHolder |[HttpClientBeanHolder] Destruction of the end
2024-02-13 01:17:31 |WARN  |main |LoadBalancerCacheAutoConfiguration.java:82 |org.springframework.cloud.loadbalancer.config.LoadBalancerCacheAutoConfiguration$LoadBalancerCaffeineWarnLogger |Spring Cloud LoadBalancer is currently working with the default cache. While this cache implementation is useful for development and tests, it's recommended to use Caffeine cache in production.You can switch to using Caffeine cache, by adding it and org.springframework.cache.caffeine.CaffeineCacheManager to the classpath.
2024-02-13 01:17:31 |WARN  |main |TableInfoHelper.java:423 |com.baomidou.mybatisplus.core.metadata.TableInfoHelper |This primary key of "id" is primitive !不建议如此请使用包装类 in Class: "ljl.entity.notice.dynamic.DynamicToUser"
2024-02-13 01:19:12 |WARN  |http-nio-10201-exec-3 |AbstractHandlerExceptionResolver.java:208 |org.springframework.web.servlet.mvc.support.DefaultHandlerExceptionResolver |Resolved [org.springframework.web.HttpMediaTypeNotAcceptableException: Could not find acceptable representation]
2024-02-13 01:19:29 |WARN  |http-nio-10201-exec-4 |DirectJDKLog.java:173 |org.apache.catalina.connector.Request |Creating the temporary upload location [C:\Users\Administrator\AppData\Local\Temp\tomcat.10201.8691709132922421147\work\Tomcat\localhost\ROOT\path] as it is required by the servlet [dispatcherServlet]
2024-02-13 01:19:29 |WARN  |http-nio-10201-exec-4 |AbstractHandlerExceptionResolver.java:208 |org.springframework.web.servlet.mvc.support.DefaultHandlerExceptionResolver |Resolved [org.springframework.web.HttpMediaTypeNotAcceptableException: Could not find acceptable representation]
2024-02-13 01:19:54 |WARN  |http-nio-10201-exec-7 |AbstractHandlerExceptionResolver.java:208 |org.springframework.web.servlet.mvc.support.DefaultHandlerExceptionResolver |Resolved [org.springframework.web.HttpMediaTypeNotAcceptableException: Could not find acceptable representation]
2024-02-13 01:21:56 |WARN  |Thread-34 |HttpClientBeanHolder.java:108 |com.alibaba.nacos.common.http.HttpClientBeanHolder |[HttpClientBeanHolder] Start destroying common HttpClient
2024-02-13 01:21:56 |WARN  |Thread-31 |NotifyCenter.java:136 |com.alibaba.nacos.common.notify.NotifyCenter |[NotifyCenter] Start destroying Publisher
2024-02-13 01:21:56 |WARN  |Thread-31 |NotifyCenter.java:153 |com.alibaba.nacos.common.notify.NotifyCenter |[NotifyCenter] Destruction of the end
2024-02-13 01:21:56 |WARN  |Thread-34 |HttpClientBeanHolder.java:114 |com.alibaba.nacos.common.http.HttpClientBeanHolder |[HttpClientBeanHolder] Destruction of the end
2024-02-13 01:22:26 |WARN  |main |LoadBalancerCacheAutoConfiguration.java:82 |org.springframework.cloud.loadbalancer.config.LoadBalancerCacheAutoConfiguration$LoadBalancerCaffeineWarnLogger |Spring Cloud LoadBalancer is currently working with the default cache. While this cache implementation is useful for development and tests, it's recommended to use Caffeine cache in production.You can switch to using Caffeine cache, by adding it and org.springframework.cache.caffeine.CaffeineCacheManager to the classpath.
2024-02-13 01:22:26 |WARN  |main |TableInfoHelper.java:423 |com.baomidou.mybatisplus.core.metadata.TableInfoHelper |This primary key of "id" is primitive !不建议如此请使用包装类 in Class: "ljl.entity.notice.dynamic.DynamicToUser"
2024-02-13 01:22:37 |WARN  |http-nio-10201-exec-2 |DirectJDKLog.java:173 |org.apache.catalina.connector.Request |Creating the temporary upload location [C:\Users\Administrator\AppData\Local\Temp\tomcat.10201.1250052259583000298\work\Tomcat\localhost\ROOT\path] as it is required by the servlet [dispatcherServlet]
2024-02-13 01:22:45 |WARN  |http-nio-10201-exec-2 |AbstractHandlerExceptionResolver.java:208 |org.springframework.web.servlet.mvc.support.DefaultHandlerExceptionResolver |Resolved [org.springframework.web.HttpMediaTypeNotAcceptableException: Could not find acceptable representation]
2024-02-13 01:23:54 |WARN  |http-nio-10201-exec-5 |AbstractHandlerExceptionResolver.java:208 |org.springframework.web.servlet.mvc.support.DefaultHandlerExceptionResolver |Resolved [org.springframework.web.HttpMediaTypeNotAcceptableException: Could not find acceptable representation]
2024-02-13 01:25:00 |WARN  |http-nio-10201-exec-8 |AbstractHandlerExceptionResolver.java:208 |org.springframework.web.servlet.mvc.support.DefaultHandlerExceptionResolver |Resolved [org.springframework.web.HttpMediaTypeNotAcceptableException: Could not find acceptable representation]
2024-02-13 01:26:53 |WARN  |Thread-35 |HttpClientBeanHolder.java:108 |com.alibaba.nacos.common.http.HttpClientBeanHolder |[HttpClientBeanHolder] Start destroying common HttpClient
2024-02-13 01:26:53 |WARN  |Thread-32 |NotifyCenter.java:136 |com.alibaba.nacos.common.notify.NotifyCenter |[NotifyCenter] Start destroying Publisher
2024-02-13 01:26:53 |WARN  |Thread-32 |NotifyCenter.java:153 |com.alibaba.nacos.common.notify.NotifyCenter |[NotifyCenter] Destruction of the end
2024-02-13 01:26:53 |WARN  |Thread-35 |HttpClientBeanHolder.java:114 |com.alibaba.nacos.common.http.HttpClientBeanHolder |[HttpClientBeanHolder] Destruction of the end
2024-02-13 01:27:36 |WARN  |main |LoadBalancerCacheAutoConfiguration.java:82 |org.springframework.cloud.loadbalancer.config.LoadBalancerCacheAutoConfiguration$LoadBalancerCaffeineWarnLogger |Spring Cloud LoadBalancer is currently working with the default cache. While this cache implementation is useful for development and tests, it's recommended to use Caffeine cache in production.You can switch to using Caffeine cache, by adding it and org.springframework.cache.caffeine.CaffeineCacheManager to the classpath.
2024-02-13 01:27:36 |WARN  |main |TableInfoHelper.java:423 |com.baomidou.mybatisplus.core.metadata.TableInfoHelper |This primary key of "id" is primitive !不建议如此请使用包装类 in Class: "ljl.entity.notice.dynamic.DynamicToUser"
2024-02-13 01:27:52 |WARN  |http-nio-10201-exec-1 |DirectJDKLog.java:173 |org.apache.catalina.connector.Request |Creating the temporary upload location [C:\Users\Administrator\AppData\Local\Temp\tomcat.10201.3000882052099402381\work\Tomcat\localhost\ROOT\path] as it is required by the servlet [dispatcherServlet]
2024-02-13 01:29:17 |WARN  |http-nio-10201-exec-2 |AbstractHandlerExceptionResolver.java:208 |org.springframework.web.servlet.mvc.support.DefaultHandlerExceptionResolver |Resolved [org.springframework.web.HttpMediaTypeNotAcceptableException: Could not find acceptable representation]
2024-02-13 01:29:37 |WARN  |http-nio-10201-exec-3 |AbstractHandlerExceptionResolver.java:208 |org.springframework.web.servlet.mvc.support.DefaultHandlerExceptionResolver |Resolved [org.springframework.web.HttpMediaTypeNotAcceptableException: Could not find acceptable representation]
2024-02-13 01:30:48 |WARN  |http-nio-10201-exec-1 |AbstractHandlerExceptionResolver.java:208 |org.springframework.web.servlet.mvc.support.DefaultHandlerExceptionResolver |Resolved [org.springframework.web.HttpMediaTypeNotAcceptableException: Could not find acceptable representation]
2024-02-13 01:30:48 |WARN  |Thread-43 |HttpClientBeanHolder.java:108 |com.alibaba.nacos.common.http.HttpClientBeanHolder |[HttpClientBeanHolder] Start destroying common HttpClient
2024-02-13 01:30:48 |WARN  |Thread-43 |HttpClientBeanHolder.java:114 |com.alibaba.nacos.common.http.HttpClientBeanHolder |[HttpClientBeanHolder] Destruction of the end
2024-02-13 01:30:48 |WARN  |Thread-40 |NotifyCenter.java:136 |com.alibaba.nacos.common.notify.NotifyCenter |[NotifyCenter] Start destroying Publisher
2024-02-13 01:30:48 |WARN  |Thread-40 |NotifyCenter.java:153 |com.alibaba.nacos.common.notify.NotifyCenter |[NotifyCenter] Destruction of the end
2024-02-13 01:31:24 |WARN  |main |LoadBalancerCacheAutoConfiguration.java:82 |org.springframework.cloud.loadbalancer.config.LoadBalancerCacheAutoConfiguration$LoadBalancerCaffeineWarnLogger |Spring Cloud LoadBalancer is currently working with the default cache. While this cache implementation is useful for development and tests, it's recommended to use Caffeine cache in production.You can switch to using Caffeine cache, by adding it and org.springframework.cache.caffeine.CaffeineCacheManager to the classpath.
2024-02-13 01:31:24 |WARN  |main |TableInfoHelper.java:423 |com.baomidou.mybatisplus.core.metadata.TableInfoHelper |This primary key of "id" is primitive !不建议如此请使用包装类 in Class: "ljl.entity.notice.dynamic.DynamicToUser"
2024-02-13 01:31:38 |WARN  |http-nio-10201-exec-2 |DirectJDKLog.java:173 |org.apache.catalina.connector.Request |Creating the temporary upload location [C:\Users\Administrator\AppData\Local\Temp\tomcat.10201.3180404893842014308\work\Tomcat\localhost\ROOT\path] as it is required by the servlet [dispatcherServlet]
2024-02-13 01:32:13 |WARN  |http-nio-10201-exec-2 |AbstractHandlerExceptionResolver.java:208 |org.springframework.web.servlet.mvc.support.DefaultHandlerExceptionResolver |Resolved [org.springframework.web.HttpMediaTypeNotAcceptableException: Could not find acceptable representation]
2024-02-13 01:33:56 |WARN  |http-nio-10201-exec-1 |AbstractHandlerExceptionResolver.java:208 |org.springframework.web.servlet.mvc.support.DefaultHandlerExceptionResolver |Resolved [org.springframework.web.HttpMediaTypeNotAcceptableException: Could not find acceptable representation]
2024-02-13 01:33:56 |WARN  |Thread-30 |NotifyCenter.java:136 |com.alibaba.nacos.common.notify.NotifyCenter |[NotifyCenter] Start destroying Publisher
2024-02-13 01:33:56 |WARN  |Thread-33 |HttpClientBeanHolder.java:108 |com.alibaba.nacos.common.http.HttpClientBeanHolder |[HttpClientBeanHolder] Start destroying common HttpClient
2024-02-13 01:33:56 |WARN  |Thread-33 |HttpClientBeanHolder.java:114 |com.alibaba.nacos.common.http.HttpClientBeanHolder |[HttpClientBeanHolder] Destruction of the end
2024-02-13 01:33:56 |WARN  |Thread-30 |NotifyCenter.java:153 |com.alibaba.nacos.common.notify.NotifyCenter |[NotifyCenter] Destruction of the end
2024-02-13 01:34:29 |WARN  |main |LoadBalancerCacheAutoConfiguration.java:82 |org.springframework.cloud.loadbalancer.config.LoadBalancerCacheAutoConfiguration$LoadBalancerCaffeineWarnLogger |Spring Cloud LoadBalancer is currently working with the default cache. While this cache implementation is useful for development and tests, it's recommended to use Caffeine cache in production.You can switch to using Caffeine cache, by adding it and org.springframework.cache.caffeine.CaffeineCacheManager to the classpath.
2024-02-13 01:34:30 |WARN  |main |TableInfoHelper.java:423 |com.baomidou.mybatisplus.core.metadata.TableInfoHelper |This primary key of "id" is primitive !不建议如此请使用包装类 in Class: "ljl.entity.notice.dynamic.DynamicToUser"
2024-02-13 01:34:37 |WARN  |http-nio-10201-exec-1 |DirectJDKLog.java:173 |org.apache.catalina.connector.Request |Creating the temporary upload location [C:\Users\Administrator\AppData\Local\Temp\tomcat.10201.4653896217220347392\work\Tomcat\localhost\ROOT\path] as it is required by the servlet [dispatcherServlet]
2024-02-13 01:35:11 |WARN  |http-nio-10201-exec-1 |AbstractHandlerExceptionResolver.java:208 |org.springframework.web.servlet.mvc.support.DefaultHandlerExceptionResolver |Resolved [org.springframework.web.HttpMediaTypeNotAcceptableException: Could not find acceptable representation]
2024-02-13 01:35:29 |WARN  |http-nio-10201-exec-5 |AbstractHandlerExceptionResolver.java:208 |org.springframework.web.servlet.mvc.support.DefaultHandlerExceptionResolver |Resolved [org.springframework.web.HttpMediaTypeNotAcceptableException: Could not find acceptable representation]
2024-02-13 01:35:48 |WARN  |http-nio-10201-exec-6 |AbstractHandlerExceptionResolver.java:208 |org.springframework.web.servlet.mvc.support.DefaultHandlerExceptionResolver |Resolved [org.springframework.web.HttpMediaTypeNotAcceptableException: Could not find acceptable representation]
2024-02-13 01:36:19 |WARN  |http-nio-10201-exec-2 |AbstractHandlerExceptionResolver.java:208 |org.springframework.web.servlet.mvc.support.DefaultHandlerExceptionResolver |Resolved [org.springframework.web.HttpMediaTypeNotAcceptableException: Could not find acceptable representation]
2024-02-13 01:37:08 |WARN  |http-nio-10201-exec-4 |AbstractHandlerExceptionResolver.java:208 |org.springframework.web.servlet.mvc.support.DefaultHandlerExceptionResolver |Resolved [org.springframework.web.HttpMediaTypeNotAcceptableException: Could not find acceptable representation]
2024-02-13 01:38:59 |WARN  |http-nio-10201-exec-10 |AbstractHandlerExceptionResolver.java:208 |org.springframework.web.servlet.mvc.support.DefaultHandlerExceptionResolver |Resolved [org.springframework.web.HttpMediaTypeNotAcceptableException: Could not find acceptable representation]
2024-02-13 01:38:59 |WARN  |nacos-grpc-client-executor-47 |LoggerUtils.java:86 |com.alibaba.nacos.common.remote.client.grpc.GrpcClient |[1707759268494_223.150.228.133_14038]Ignore error event,isRunning:true,isAbandon=true
2024-02-13 01:39:21 |WARN  |http-nio-10201-exec-1 |AbstractHandlerExceptionResolver.java:208 |org.springframework.web.servlet.mvc.support.DefaultHandlerExceptionResolver |Resolved [org.springframework.web.HttpMediaTypeNotAcceptableException: Could not find acceptable representation]
2024-02-13 01:40:16 |WARN  |http-nio-10201-exec-5 |AbstractHandlerExceptionResolver.java:208 |org.springframework.web.servlet.mvc.support.DefaultHandlerExceptionResolver |Resolved [org.springframework.web.bind.MissingPathVariableException: Required URI template variable 'videoId' for method parameter type Integer is not present]
2024-02-13 01:40:37 |WARN  |http-nio-10201-exec-7 |AbstractHandlerExceptionResolver.java:208 |org.springframework.web.servlet.mvc.support.DefaultHandlerExceptionResolver |Resolved [org.springframework.web.bind.MissingPathVariableException: Required URI template variable 'videoId' for method parameter type Integer is not present]
2024-02-13 01:41:35 |WARN  |http-nio-10201-exec-8 |AbstractHandlerExceptionResolver.java:208 |org.springframework.web.servlet.mvc.support.DefaultHandlerExceptionResolver |Resolved [org.springframework.web.bind.MissingPathVariableException: Required URI template variable 'videoId' for method parameter type Integer is not present]
2024-02-13 01:41:58 |WARN  |Thread-30 |NotifyCenter.java:136 |com.alibaba.nacos.common.notify.NotifyCenter |[NotifyCenter] Start destroying Publisher
2024-02-13 01:41:58 |WARN  |Thread-34 |HttpClientBeanHolder.java:108 |com.alibaba.nacos.common.http.HttpClientBeanHolder |[HttpClientBeanHolder] Start destroying common HttpClient
2024-02-13 01:41:58 |WARN  |Thread-30 |NotifyCenter.java:153 |com.alibaba.nacos.common.notify.NotifyCenter |[NotifyCenter] Destruction of the end
2024-02-13 01:41:58 |WARN  |Thread-34 |HttpClientBeanHolder.java:114 |com.alibaba.nacos.common.http.HttpClientBeanHolder |[HttpClientBeanHolder] Destruction of the end
2024-02-13 01:42:37 |WARN  |main |LoadBalancerCacheAutoConfiguration.java:82 |org.springframework.cloud.loadbalancer.config.LoadBalancerCacheAutoConfiguration$LoadBalancerCaffeineWarnLogger |Spring Cloud LoadBalancer is currently working with the default cache. While this cache implementation is useful for development and tests, it's recommended to use Caffeine cache in production.You can switch to using Caffeine cache, by adding it and org.springframework.cache.caffeine.CaffeineCacheManager to the classpath.
2024-02-13 01:42:37 |WARN  |main |TableInfoHelper.java:423 |com.baomidou.mybatisplus.core.metadata.TableInfoHelper |This primary key of "id" is primitive !不建议如此请使用包装类 in Class: "ljl.entity.notice.dynamic.DynamicToUser"
2024-02-13 01:50:19 |WARN  |Thread-29 |NotifyCenter.java:136 |com.alibaba.nacos.common.notify.NotifyCenter |[NotifyCenter] Start destroying Publisher
2024-02-13 01:50:19 |WARN  |Thread-32 |HttpClientBeanHolder.java:108 |com.alibaba.nacos.common.http.HttpClientBeanHolder |[HttpClientBeanHolder] Start destroying common HttpClient
2024-02-13 01:50:19 |WARN  |Thread-29 |NotifyCenter.java:153 |com.alibaba.nacos.common.notify.NotifyCenter |[NotifyCenter] Destruction of the end
2024-02-13 01:50:19 |WARN  |Thread-32 |HttpClientBeanHolder.java:114 |com.alibaba.nacos.common.http.HttpClientBeanHolder |[HttpClientBeanHolder] Destruction of the end
2024-02-13 01:50:56 |WARN  |Thread-37 |HttpClientBeanHolder.java:108 |com.alibaba.nacos.common.http.HttpClientBeanHolder |[HttpClientBeanHolder] Start destroying common HttpClient
2024-02-13 01:50:56 |WARN  |Thread-34 |NotifyCenter.java:136 |com.alibaba.nacos.common.notify.NotifyCenter |[NotifyCenter] Start destroying Publisher
2024-02-13 01:50:56 |WARN  |Thread-34 |NotifyCenter.java:153 |com.alibaba.nacos.common.notify.NotifyCenter |[NotifyCenter] Destruction of the end
2024-02-13 01:50:56 |WARN  |Thread-37 |HttpClientBeanHolder.java:114 |com.alibaba.nacos.common.http.HttpClientBeanHolder |[HttpClientBeanHolder] Destruction of the end
2024-02-13 01:50:59 |WARN  |main |LoadBalancerCacheAutoConfiguration.java:82 |org.springframework.cloud.loadbalancer.config.LoadBalancerCacheAutoConfiguration$LoadBalancerCaffeineWarnLogger |Spring Cloud LoadBalancer is currently working with the default cache. While this cache implementation is useful for development and tests, it's recommended to use Caffeine cache in production.You can switch to using Caffeine cache, by adding it and org.springframework.cache.caffeine.CaffeineCacheManager to the classpath.
2024-02-13 01:50:59 |WARN  |main |TableInfoHelper.java:423 |com.baomidou.mybatisplus.core.metadata.TableInfoHelper |This primary key of "id" is primitive !不建议如此请使用包装类 in Class: "ljl.entity.notice.dynamic.DynamicToUser"
2024-02-13 01:51:41 |WARN  |main |LoadBalancerCacheAutoConfiguration.java:82 |org.springframework.cloud.loadbalancer.config.LoadBalancerCacheAutoConfiguration$LoadBalancerCaffeineWarnLogger |Spring Cloud LoadBalancer is currently working with the default cache. While this cache implementation is useful for development and tests, it's recommended to use Caffeine cache in production.You can switch to using Caffeine cache, by adding it and org.springframework.cache.caffeine.CaffeineCacheManager to the classpath.
2024-02-13 01:51:41 |WARN  |main |TableInfoHelper.java:423 |com.baomidou.mybatisplus.core.metadata.TableInfoHelper |This primary key of "id" is primitive !不建议如此请使用包装类 in Class: "ljl.entity.notice.dynamic.DynamicToUser"
2024-02-13 01:52:05 |WARN  |http-nio-10201-exec-1 |AbstractHandlerExceptionResolver.java:208 |org.springframework.web.servlet.mvc.support.DefaultHandlerExceptionResolver |Resolved [org.springframework.http.converter.HttpMessageNotReadableException: JSON parse error: Cannot deserialize value of type `int` from String "test": not a valid `int` value; nested exception is com.fasterxml.jackson.databind.exc.InvalidFormatException: Cannot deserialize value of type `int` from String "test": not a valid `int` value<EOL> at [Source: (org.springframework.util.StreamUtils$NonClosingInputStream); line: 2, column: 10] (through reference chain: ljl.video.vo.request.audience_reactions.collect.CollectGroupRequest["name"])]
2024-02-13 01:54:39 |WARN  |Thread-39 |HttpClientBeanHolder.java:108 |com.alibaba.nacos.common.http.HttpClientBeanHolder |[HttpClientBeanHolder] Start destroying common HttpClient
2024-02-13 01:54:39 |WARN  |Thread-39 |HttpClientBeanHolder.java:114 |com.alibaba.nacos.common.http.HttpClientBeanHolder |[HttpClientBeanHolder] Destruction of the end
2024-02-13 01:54:39 |WARN  |Thread-36 |NotifyCenter.java:136 |com.alibaba.nacos.common.notify.NotifyCenter |[NotifyCenter] Start destroying Publisher
2024-02-13 01:54:39 |WARN  |Thread-36 |NotifyCenter.java:153 |com.alibaba.nacos.common.notify.NotifyCenter |[NotifyCenter] Destruction of the end
2024-02-13 01:55:09 |WARN  |main |LoadBalancerCacheAutoConfiguration.java:82 |org.springframework.cloud.loadbalancer.config.LoadBalancerCacheAutoConfiguration$LoadBalancerCaffeineWarnLogger |Spring Cloud LoadBalancer is currently working with the default cache. While this cache implementation is useful for development and tests, it's recommended to use Caffeine cache in production.You can switch to using Caffeine cache, by adding it and org.springframework.cache.caffeine.CaffeineCacheManager to the classpath.
2024-02-13 01:55:09 |WARN  |main |TableInfoHelper.java:423 |com.baomidou.mybatisplus.core.metadata.TableInfoHelper |This primary key of "id" is primitive !不建议如此请使用包装类 in Class: "ljl.entity.notice.dynamic.DynamicToUser"
2024-02-13 02:26:01 |WARN  |Thread-34 |HttpClientBeanHolder.java:108 |com.alibaba.nacos.common.http.HttpClientBeanHolder |[HttpClientBeanHolder] Start destroying common HttpClient
2024-02-13 02:26:01 |WARN  |Thread-31 |NotifyCenter.java:136 |com.alibaba.nacos.common.notify.NotifyCenter |[NotifyCenter] Start destroying Publisher
2024-02-13 02:26:01 |WARN  |Thread-31 |NotifyCenter.java:153 |com.alibaba.nacos.common.notify.NotifyCenter |[NotifyCenter] Destruction of the end
2024-02-13 02:26:01 |WARN  |Thread-34 |HttpClientBeanHolder.java:114 |com.alibaba.nacos.common.http.HttpClientBeanHolder |[HttpClientBeanHolder] Destruction of the end
2024-02-13 10:03:59 |WARN  |main |LoadBalancerCacheAutoConfiguration.java:82 |org.springframework.cloud.loadbalancer.config.LoadBalancerCacheAutoConfiguration$LoadBalancerCaffeineWarnLogger |Spring Cloud LoadBalancer is currently working with the default cache. While this cache implementation is useful for development and tests, it's recommended to use Caffeine cache in production.You can switch to using Caffeine cache, by adding it and org.springframework.cache.caffeine.CaffeineCacheManager to the classpath.
2024-02-13 10:03:59 |WARN  |main |TableInfoHelper.java:423 |com.baomidou.mybatisplus.core.metadata.TableInfoHelper |This primary key of "id" is primitive !不建议如此请使用包装类 in Class: "ljl.entity.notice.dynamic.DynamicToUser"
2024-02-13 10:05:32 |WARN  |Thread-28 |NotifyCenter.java:136 |com.alibaba.nacos.common.notify.NotifyCenter |[NotifyCenter] Start destroying Publisher
2024-02-13 10:05:32 |WARN  |Thread-28 |NotifyCenter.java:153 |com.alibaba.nacos.common.notify.NotifyCenter |[NotifyCenter] Destruction of the end
2024-02-13 10:05:32 |WARN  |Thread-31 |HttpClientBeanHolder.java:108 |com.alibaba.nacos.common.http.HttpClientBeanHolder |[HttpClientBeanHolder] Start destroying common HttpClient
2024-02-13 10:05:32 |WARN  |Thread-31 |HttpClientBeanHolder.java:114 |com.alibaba.nacos.common.http.HttpClientBeanHolder |[HttpClientBeanHolder] Destruction of the end
2024-02-13 10:05:47 |WARN  |main |AbstractApplicationContext.java:591 |org.springframework.boot.web.servlet.context.AnnotationConfigServletWebServerApplicationContext |Exception encountered during context initialization - cancelling refresh attempt: org.springframework.context.ApplicationContextException: Unable to start web server; nested exception is org.springframework.boot.web.server.WebServerException: Unable to start embedded Tomcat
2024-02-13 10:06:12 |WARN  |main |LoadBalancerCacheAutoConfiguration.java:82 |org.springframework.cloud.loadbalancer.config.LoadBalancerCacheAutoConfiguration$LoadBalancerCaffeineWarnLogger |Spring Cloud LoadBalancer is currently working with the default cache. While this cache implementation is useful for development and tests, it's recommended to use Caffeine cache in production.You can switch to using Caffeine cache, by adding it and org.springframework.cache.caffeine.CaffeineCacheManager to the classpath.
2024-02-13 10:06:12 |WARN  |main |TableInfoHelper.java:423 |com.baomidou.mybatisplus.core.metadata.TableInfoHelper |This primary key of "id" is primitive !不建议如此请使用包装类 in Class: "ljl.entity.notice.dynamic.DynamicToUser"
2024-02-13 10:09:40 |WARN  |Thread-30 |NotifyCenter.java:136 |com.alibaba.nacos.common.notify.NotifyCenter |[NotifyCenter] Start destroying Publisher
2024-02-13 10:09:40 |WARN  |Thread-30 |NotifyCenter.java:153 |com.alibaba.nacos.common.notify.NotifyCenter |[NotifyCenter] Destruction of the end
2024-02-13 10:09:40 |WARN  |Thread-33 |HttpClientBeanHolder.java:108 |com.alibaba.nacos.common.http.HttpClientBeanHolder |[HttpClientBeanHolder] Start destroying common HttpClient
2024-02-13 10:09:40 |WARN  |Thread-33 |HttpClientBeanHolder.java:114 |com.alibaba.nacos.common.http.HttpClientBeanHolder |[HttpClientBeanHolder] Destruction of the end
2024-02-13 10:11:05 |WARN  |main |LoadBalancerCacheAutoConfiguration.java:82 |org.springframework.cloud.loadbalancer.config.LoadBalancerCacheAutoConfiguration$LoadBalancerCaffeineWarnLogger |Spring Cloud LoadBalancer is currently working with the default cache. While this cache implementation is useful for development and tests, it's recommended to use Caffeine cache in production.You can switch to using Caffeine cache, by adding it and org.springframework.cache.caffeine.CaffeineCacheManager to the classpath.
2024-02-13 10:11:05 |WARN  |main |TableInfoHelper.java:423 |com.baomidou.mybatisplus.core.metadata.TableInfoHelper |This primary key of "id" is primitive !不建议如此请使用包装类 in Class: "ljl.entity.notice.dynamic.DynamicToUser"
2024-02-13 10:11:43 |WARN  |Thread-26 |NotifyCenter.java:136 |com.alibaba.nacos.common.notify.NotifyCenter |[NotifyCenter] Start destroying Publisher
2024-02-13 10:11:43 |WARN  |Thread-29 |HttpClientBeanHolder.java:108 |com.alibaba.nacos.common.http.HttpClientBeanHolder |[HttpClientBeanHolder] Start destroying common HttpClient
2024-02-13 10:11:43 |WARN  |Thread-29 |HttpClientBeanHolder.java:114 |com.alibaba.nacos.common.http.HttpClientBeanHolder |[HttpClientBeanHolder] Destruction of the end
2024-02-13 10:11:43 |WARN  |Thread-26 |NotifyCenter.java:153 |com.alibaba.nacos.common.notify.NotifyCenter |[NotifyCenter] Destruction of the end
2024-02-13 10:32:32 |WARN  |main |LoadBalancerCacheAutoConfiguration.java:82 |org.springframework.cloud.loadbalancer.config.LoadBalancerCacheAutoConfiguration$LoadBalancerCaffeineWarnLogger |Spring Cloud LoadBalancer is currently working with the default cache. While this cache implementation is useful for development and tests, it's recommended to use Caffeine cache in production.You can switch to using Caffeine cache, by adding it and org.springframework.cache.caffeine.CaffeineCacheManager to the classpath.
2024-02-13 10:32:32 |WARN  |main |TableInfoHelper.java:423 |com.baomidou.mybatisplus.core.metadata.TableInfoHelper |This primary key of "id" is primitive !不建议如此请使用包装类 in Class: "ljl.entity.notice.dynamic.DynamicToUser"
2024-02-13 10:50:06 |WARN  |Thread-38 |HttpClientBeanHolder.java:108 |com.alibaba.nacos.common.http.HttpClientBeanHolder |[HttpClientBeanHolder] Start destroying common HttpClient
2024-02-13 10:50:06 |WARN  |Thread-35 |NotifyCenter.java:136 |com.alibaba.nacos.common.notify.NotifyCenter |[NotifyCenter] Start destroying Publisher
2024-02-13 10:50:06 |WARN  |Thread-35 |NotifyCenter.java:153 |com.alibaba.nacos.common.notify.NotifyCenter |[NotifyCenter] Destruction of the end
2024-02-13 10:50:06 |WARN  |Thread-38 |HttpClientBeanHolder.java:114 |com.alibaba.nacos.common.http.HttpClientBeanHolder |[HttpClientBeanHolder] Destruction of the end
2024-02-13 11:40:31 |WARN  |main |LoadBalancerCacheAutoConfiguration.java:82 |org.springframework.cloud.loadbalancer.config.LoadBalancerCacheAutoConfiguration$LoadBalancerCaffeineWarnLogger |Spring Cloud LoadBalancer is currently working with the default cache. While this cache implementation is useful for development and tests, it's recommended to use Caffeine cache in production.You can switch to using Caffeine cache, by adding it and org.springframework.cache.caffeine.CaffeineCacheManager to the classpath.
2024-02-13 11:40:32 |WARN  |main |TableInfoHelper.java:423 |com.baomidou.mybatisplus.core.metadata.TableInfoHelper |This primary key of "id" is primitive !不建议如此请使用包装类 in Class: "ljl.entity.notice.dynamic.DynamicToUser"
2024-02-13 11:43:21 |WARN  |nacos-grpc-client-executor-46 |LoggerUtils.java:86 |com.alibaba.nacos.common.remote.client.grpc.GrpcClient |[1707795630529_36.148.143.54_31267]Ignore error event,isRunning:true,isAbandon=true
2024-02-13 11:46:28 |WARN  |nacos-grpc-client-executor-88 |LoggerUtils.java:86 |com.alibaba.nacos.common.remote.client.grpc.GrpcClient |[1707795801516_36.148.143.54_30963]Ignore error event,isRunning:true,isAbandon=true
2024-02-13 11:47:01 |WARN  |nacos-grpc-client-executor-97 |LoggerUtils.java:86 |com.alibaba.nacos.common.remote.client.grpc.GrpcClient |[1707795988100_36.148.143.54_30726]Ignore error event,isRunning:true,isAbandon=true
2024-02-13 11:48:43 |WARN  |nacos-grpc-client-executor-121 |LoggerUtils.java:86 |com.alibaba.nacos.common.remote.client.grpc.GrpcClient |[1707796021454_36.148.143.54_30833]Ignore error event,isRunning:true,isAbandon=true
2024-02-13 11:56:52 |WARN  |nacos-grpc-client-executor-223 |LoggerUtils.java:86 |com.alibaba.nacos.common.remote.client.grpc.GrpcClient |[1707796123356_36.148.143.54_31495]Ignore error event,isRunning:true,isAbandon=true
2024-02-13 11:59:58 |WARN  |nacos-grpc-client-executor-269 |LoggerUtils.java:86 |com.alibaba.nacos.common.remote.client.grpc.GrpcClient |[1707796796687_223.104.131.146_32242]Ignore error event,isRunning:true,isAbandon=true
2024-02-13 12:01:17 |WARN  |nacos-grpc-client-executor-291 |LoggerUtils.java:86 |com.alibaba.nacos.common.remote.client.grpc.GrpcClient |[1707796797421_223.104.131.146_32528]Ignore error event,isRunning:true,isAbandon=true
2024-02-13 12:04:32 |WARN  |nacos-grpc-client-executor-332 |LoggerUtils.java:86 |com.alibaba.nacos.common.remote.client.grpc.GrpcClient |[1707796877615_223.104.131.146_1078]Ignore error event,isRunning:true,isAbandon=true
2024-02-13 12:20:48 |WARN  |nacos-grpc-client-executor-526 |LoggerUtils.java:86 |com.alibaba.nacos.common.remote.client.grpc.GrpcClient |[1707797072246_223.104.131.146_16111]Ignore error event,isRunning:true,isAbandon=true
2024-02-13 12:24:50 |WARN  |nacos-grpc-client-executor-582 |LoggerUtils.java:86 |com.alibaba.nacos.common.remote.client.grpc.GrpcClient |[1707798047201_223.104.131.146_9200]Ignore error event,isRunning:true,isAbandon=true
2024-02-13 12:54:28 |WARN  |nacos-grpc-client-executor-928 |LoggerUtils.java:86 |com.alibaba.nacos.common.remote.client.grpc.GrpcClient |[1707798290313_223.104.131.146_37076]Ignore error event,isRunning:false,isAbandon=false
2024-02-13 13:03:42 |WARN  |nacos-grpc-client-executor-1044 |LoggerUtils.java:86 |com.alibaba.nacos.common.remote.client.grpc.GrpcClient |[1707800069059_36.148.143.54_31576]Ignore error event,isRunning:true,isAbandon=true
2024-02-13 14:07:57 |WARN  |Thread-30 |NotifyCenter.java:136 |com.alibaba.nacos.common.notify.NotifyCenter |[NotifyCenter] Start destroying Publisher
2024-02-13 14:07:57 |WARN  |Thread-33 |HttpClientBeanHolder.java:108 |com.alibaba.nacos.common.http.HttpClientBeanHolder |[HttpClientBeanHolder] Start destroying common HttpClient
2024-02-13 14:07:57 |WARN  |Thread-30 |NotifyCenter.java:153 |com.alibaba.nacos.common.notify.NotifyCenter |[NotifyCenter] Destruction of the end
2024-02-13 14:07:58 |WARN  |Thread-33 |HttpClientBeanHolder.java:114 |com.alibaba.nacos.common.http.HttpClientBeanHolder |[HttpClientBeanHolder] Destruction of the end
