2024-03-09 19:54:16 |INFO  |main |SpringApplication.java:645 |ljl.bilibili.video.VideoApplication |No active profile set, falling back to 1 default profile: "default"
2024-03-09 19:54:20 |INFO  |main |GenericScope.java:283 |org.springframework.cloud.context.scope.GenericScope |BeanFactory id=46ddb567-1a06-3e49-ae8b-9a17d013975b
2024-03-09 19:54:22 |INFO  |main |TomcatWebServer.java:108 |org.springframework.boot.web.embedded.tomcat.TomcatWebServer |Tomcat initialized with port(s): 10201 (http)
2024-03-09 19:54:22 |INFO  |main |DirectJDKLog.java:173 |org.apache.coyote.http11.Http11NioProtocol |Initializing ProtocolHandler ["http-nio-10201"]
2024-03-09 19:54:22 |INFO  |main |DirectJDKLog.java:173 |org.apache.catalina.core.StandardService |Starting service [Tomcat]
2024-03-09 19:54:22 |INFO  |main |DirectJDKLog.java:173 |org.apache.catalina.core.StandardEngine |Starting Servlet engine: [Apache Tomcat/9.0.65]
2024-03-09 19:54:24 |INFO  |main |DirectJDKLog.java:173 |org.apache.catalina.core.ContainerBase.[Tomcat].[localhost].[/] |Initializing Spring embedded WebApplicationContext
2024-03-09 19:54:24 |INFO  |main |ServletWebServerApplicationContext.java:290 |org.springframework.boot.web.servlet.context.ServletWebServerApplicationContext |Root WebApplicationContext: initialization completed in 8457 ms
2024-03-09 19:54:26 |INFO  |main |MybatisPlusJoinAutoConfiguration.java:140 |com.github.yulichang.autoconfigure.MybatisPlusJoinAutoConfiguration |mybatis plus join properties config complete
2024-03-09 19:54:27 |INFO  |main |MybatisPlusJoinAutoConfiguration.java:140 |com.github.yulichang.autoconfigure.MybatisPlusJoinAutoConfiguration |mybatis plus join SqlInjector init
2024-03-09 19:54:34 |INFO  |main |WebMvcPropertySourcedRequestMappingHandlerMapping.java:69 |springfox.documentation.spring.web.WebMvcPropertySourcedRequestMappingHandlerMapping |Mapped URL path [/v2/api-docs] onto method [springfox.documentation.swagger2.web.Swagger2ControllerWebMvc#getDocumentation(String, HttpServletRequest)]
2024-03-09 19:54:36 |INFO  |main |RpcClientFactory.java:80 |com.alibaba.nacos.common.remote.client |[RpcClientFactory] create a new rpc client of b5078802-a45b-40b1-92ad-7b15d103fc49
2024-03-09 19:54:36 |INFO  |main |Reflections.java:232 |org.reflections.Reflections |Reflections took 580 ms to scan 1 urls, producing 3 keys and 6 values 
2024-03-09 19:54:37 |INFO  |main |Reflections.java:232 |org.reflections.Reflections |Reflections took 390 ms to scan 1 urls, producing 4 keys and 9 values 
2024-03-09 19:54:37 |INFO  |main |Reflections.java:232 |org.reflections.Reflections |Reflections took 41 ms to scan 1 urls, producing 3 keys and 10 values 
2024-03-09 19:54:38 |INFO  |main |Reflections.java:232 |org.reflections.Reflections |Reflections took 1265 ms to scan 220 urls, producing 0 keys and 0 values 
2024-03-09 19:54:39 |INFO  |main |Reflections.java:232 |org.reflections.Reflections |Reflections took 61 ms to scan 1 urls, producing 1 keys and 5 values 
2024-03-09 19:54:39 |INFO  |main |Reflections.java:232 |org.reflections.Reflections |Reflections took 91 ms to scan 1 urls, producing 1 keys and 7 values 
2024-03-09 19:54:39 |INFO  |main |Reflections.java:232 |org.reflections.Reflections |Reflections took 84 ms to scan 1 urls, producing 2 keys and 8 values 
2024-03-09 19:54:40 |INFO  |main |Reflections.java:232 |org.reflections.Reflections |Reflections took 803 ms to scan 220 urls, producing 0 keys and 0 values 
2024-03-09 19:54:40 |INFO  |main |LoggerUtils.java:60 |com.alibaba.nacos.common.remote.client |[b5078802-a45b-40b1-92ad-7b15d103fc49] RpcClient init label, labels = {module=naming, source=sdk}
2024-03-09 19:54:40 |INFO  |main |LoggerUtils.java:60 |com.alibaba.nacos.common.remote.client |[b5078802-a45b-40b1-92ad-7b15d103fc49] RpcClient init, ServerListFactory = com.alibaba.nacos.client.naming.core.ServerListManager
2024-03-09 19:54:40 |INFO  |main |LoggerUtils.java:60 |com.alibaba.nacos.common.remote.client |[b5078802-a45b-40b1-92ad-7b15d103fc49] Registry connection listener to current client:com.alibaba.nacos.client.naming.remote.gprc.redo.NamingGrpcRedoService
2024-03-09 19:54:40 |INFO  |main |LoggerUtils.java:60 |com.alibaba.nacos.common.remote.client |[b5078802-a45b-40b1-92ad-7b15d103fc49] Register server push request handler:com.alibaba.nacos.client.naming.remote.gprc.NamingPushRequestHandler
2024-03-09 19:54:40 |INFO  |main |LoggerUtils.java:60 |com.alibaba.nacos.common.remote.client |[b5078802-a45b-40b1-92ad-7b15d103fc49] Try to connect to server on start up, server: {serverIp = '116.62.71.84', server main port = 8848}
2024-03-09 19:54:49 |INFO  |main |LoggerUtils.java:60 |com.alibaba.nacos.common.remote.client |[b5078802-a45b-40b1-92ad-7b15d103fc49] Success to connect to server [116.62.71.84:8848] on start up, connectionId = 1709985289702_120.227.131.104_44531
2024-03-09 19:54:49 |INFO  |com.alibaba.nacos.client.remote.worker |LoggerUtils.java:60 |com.alibaba.nacos.common.remote.client |[b5078802-a45b-40b1-92ad-7b15d103fc49] Notify connected event to listeners.
2024-03-09 19:54:49 |INFO  |main |LoggerUtils.java:60 |com.alibaba.nacos.common.remote.client |[b5078802-a45b-40b1-92ad-7b15d103fc49] Register server push request handler:com.alibaba.nacos.common.remote.client.RpcClient$ConnectResetRequestHandler
2024-03-09 19:54:49 |INFO  |main |LoggerUtils.java:60 |com.alibaba.nacos.common.remote.client |[b5078802-a45b-40b1-92ad-7b15d103fc49] Register server push request handler:com.alibaba.nacos.common.remote.client.RpcClient$$Lambda$862/100196201
2024-03-09 19:54:51 |INFO  |main |DirectJDKLog.java:173 |org.apache.coyote.http11.Http11NioProtocol |Starting ProtocolHandler ["http-nio-10201"]
2024-03-09 19:54:51 |INFO  |main |TomcatWebServer.java:220 |org.springframework.boot.web.embedded.tomcat.TomcatWebServer |Tomcat started on port(s): 10201 (http) with context path ''
2024-03-09 19:54:51 |INFO  |main |NacosServiceRegistry.java:65 |com.alibaba.cloud.nacos.registry.NacosServiceRegistry |nacos registry, DEFAULT_GROUP video 192.168.10.9:10201 register finished
2024-03-09 19:54:52 |INFO  |main |DocumentationPluginsBootstrapper.java:93 |springfox.documentation.spring.web.plugins.DocumentationPluginsBootstrapper |Documentation plugins bootstrapped
2024-03-09 19:54:52 |INFO  |main |AbstractDocumentationPluginsBootstrapper.java:79 |springfox.documentation.spring.web.plugins.DocumentationPluginsBootstrapper |Found 1 custom documentation plugin(s)
2024-03-09 19:54:52 |INFO  |main |ApiListingReferenceScanner.java:44 |springfox.documentation.spring.web.scanners.ApiListingReferenceScanner |Scanning for api listing references
2024-03-09 19:54:52 |INFO  |main |CachingOperationNameGenerator.java:41 |springfox.documentation.spring.web.readers.operation.CachingOperationNameGenerator |Generating unique operation named: getCollectGroupUsingGET_1
2024-03-09 19:54:52 |INFO  |main |CachingOperationNameGenerator.java:41 |springfox.documentation.spring.web.readers.operation.CachingOperationNameGenerator |Generating unique operation named: getCommentUsingGET_1
2024-03-09 19:54:52 |INFO  |main |CachingOperationNameGenerator.java:41 |springfox.documentation.spring.web.readers.operation.CachingOperationNameGenerator |Generating unique operation named: getDanmakuUsingGET_1
2024-03-09 19:54:52 |INFO  |main |StartupInfoLogger.java:61 |ljl.bilibili.video.VideoApplication |Started VideoApplication in 42.366 seconds (JVM running for 44.741)
2024-03-09 19:56:10 |INFO  |http-nio-10201-exec-2 |DirectJDKLog.java:173 |org.apache.catalina.core.ContainerBase.[Tomcat].[localhost].[/] |Initializing Spring DispatcherServlet 'dispatcherServlet'
2024-03-09 19:56:10 |INFO  |http-nio-10201-exec-2 |FrameworkServlet.java:525 |org.springframework.web.servlet.DispatcherServlet |Initializing Servlet 'dispatcherServlet'
2024-03-09 19:56:10 |INFO  |http-nio-10201-exec-2 |FrameworkServlet.java:547 |org.springframework.web.servlet.DispatcherServlet |Completed initialization in 5 ms
2024-03-09 19:58:36 |INFO  |http-nio-10201-exec-5 |GetAllController.java:107 |ljl.bilibili.video.controller.all_table_data.GetAllController |1
2024-03-09 19:58:37 |INFO  |http-nio-10201-exec-5 |DruidDataSource.java:975 |com.alibaba.druid.pool.DruidDataSource |{dataSource-1} inited
2024-03-09 19:58:57 |INFO  |http-nio-10201-exec-6 |GetAllController.java:114 |ljl.bilibili.video.controller.all_table_data.GetAllController |1
2024-03-09 20:11:11 |INFO  |Thread-31 |TimeBasedFilter.java:24 |ljl.bilibili.filter.TimeBasedFilter |






2024-03-09 20:11:11 |INFO  |Thread-31 |ZipkinAutoConfiguration.java:144 |org.springframework.cloud.sleuth.autoconfig.zipkin2.ZipkinAutoConfiguration |Flushing remaining spans on shutdown
2024-03-09 20:11:12 |INFO  |SpringApplicationShutdownHook |NacosServiceRegistry.java:80 |com.alibaba.cloud.nacos.registry.NacosServiceRegistry |De-registering from Nacos Server now...
2024-03-09 20:11:13 |INFO  |SpringApplicationShutdownHook |NacosServiceRegistry.java:100 |com.alibaba.cloud.nacos.registry.NacosServiceRegistry |De-registration finished.
2024-03-09 20:11:13 |INFO  |SpringApplicationShutdownHook |DruidDataSource.java:2063 |com.alibaba.druid.pool.DruidDataSource |{dataSource-1} closing ...
2024-03-09 20:11:13 |INFO  |SpringApplicationShutdownHook |DruidDataSource.java:2136 |com.alibaba.druid.pool.DruidDataSource |{dataSource-1} closed
2024-03-09 23:10:55 |INFO  |main |SpringApplication.java:645 |ljl.bilibili.video.VideoApplication |No active profile set, falling back to 1 default profile: "default"
2024-03-09 23:10:58 |INFO  |main |GenericScope.java:283 |org.springframework.cloud.context.scope.GenericScope |BeanFactory id=46ddb567-1a06-3e49-ae8b-9a17d013975b
2024-03-09 23:10:59 |INFO  |main |TomcatWebServer.java:108 |org.springframework.boot.web.embedded.tomcat.TomcatWebServer |Tomcat initialized with port(s): 10201 (http)
2024-03-09 23:10:59 |INFO  |main |DirectJDKLog.java:173 |org.apache.coyote.http11.Http11NioProtocol |Initializing ProtocolHandler ["http-nio-10201"]
2024-03-09 23:10:59 |INFO  |main |DirectJDKLog.java:173 |org.apache.catalina.core.StandardService |Starting service [Tomcat]
2024-03-09 23:10:59 |INFO  |main |DirectJDKLog.java:173 |org.apache.catalina.core.StandardEngine |Starting Servlet engine: [Apache Tomcat/9.0.65]
2024-03-09 23:10:59 |INFO  |main |DirectJDKLog.java:173 |org.apache.catalina.core.ContainerBase.[Tomcat].[localhost].[/] |Initializing Spring embedded WebApplicationContext
2024-03-09 23:10:59 |INFO  |main |ServletWebServerApplicationContext.java:290 |org.springframework.boot.web.servlet.context.ServletWebServerApplicationContext |Root WebApplicationContext: initialization completed in 4553 ms
2024-03-09 23:11:00 |INFO  |main |MybatisPlusJoinAutoConfiguration.java:140 |com.github.yulichang.autoconfigure.MybatisPlusJoinAutoConfiguration |mybatis plus join properties config complete
2024-03-09 23:11:00 |INFO  |main |MybatisPlusJoinAutoConfiguration.java:140 |com.github.yulichang.autoconfigure.MybatisPlusJoinAutoConfiguration |mybatis plus join SqlInjector init
2024-03-09 23:11:04 |INFO  |main |WebMvcPropertySourcedRequestMappingHandlerMapping.java:69 |springfox.documentation.spring.web.WebMvcPropertySourcedRequestMappingHandlerMapping |Mapped URL path [/v2/api-docs] onto method [springfox.documentation.swagger2.web.Swagger2ControllerWebMvc#getDocumentation(String, HttpServletRequest)]
2024-03-09 23:11:05 |INFO  |main |RpcClientFactory.java:80 |com.alibaba.nacos.common.remote.client |[RpcClientFactory] create a new rpc client of 49cd5348-b63e-4669-b4c6-5c6c6a53f020
2024-03-09 23:11:05 |INFO  |main |Reflections.java:232 |org.reflections.Reflections |Reflections took 40 ms to scan 1 urls, producing 3 keys and 6 values 
2024-03-09 23:11:05 |INFO  |main |Reflections.java:232 |org.reflections.Reflections |Reflections took 18 ms to scan 1 urls, producing 4 keys and 9 values 
2024-03-09 23:11:05 |INFO  |main |Reflections.java:232 |org.reflections.Reflections |Reflections took 27 ms to scan 1 urls, producing 3 keys and 10 values 
2024-03-09 23:11:06 |INFO  |main |Reflections.java:232 |org.reflections.Reflections |Reflections took 217 ms to scan 220 urls, producing 0 keys and 0 values 
2024-03-09 23:11:06 |INFO  |main |Reflections.java:232 |org.reflections.Reflections |Reflections took 11 ms to scan 1 urls, producing 1 keys and 5 values 
2024-03-09 23:11:06 |INFO  |main |Reflections.java:232 |org.reflections.Reflections |Reflections took 17 ms to scan 1 urls, producing 1 keys and 7 values 
2024-03-09 23:11:06 |INFO  |main |Reflections.java:232 |org.reflections.Reflections |Reflections took 13 ms to scan 1 urls, producing 2 keys and 8 values 
2024-03-09 23:11:06 |INFO  |main |Reflections.java:232 |org.reflections.Reflections |Reflections took 148 ms to scan 220 urls, producing 0 keys and 0 values 
2024-03-09 23:11:06 |INFO  |main |LoggerUtils.java:60 |com.alibaba.nacos.common.remote.client |[49cd5348-b63e-4669-b4c6-5c6c6a53f020] RpcClient init label, labels = {module=naming, source=sdk}
2024-03-09 23:11:06 |INFO  |main |LoggerUtils.java:60 |com.alibaba.nacos.common.remote.client |[49cd5348-b63e-4669-b4c6-5c6c6a53f020] RpcClient init, ServerListFactory = com.alibaba.nacos.client.naming.core.ServerListManager
2024-03-09 23:11:06 |INFO  |main |LoggerUtils.java:60 |com.alibaba.nacos.common.remote.client |[49cd5348-b63e-4669-b4c6-5c6c6a53f020] Registry connection listener to current client:com.alibaba.nacos.client.naming.remote.gprc.redo.NamingGrpcRedoService
2024-03-09 23:11:06 |INFO  |main |LoggerUtils.java:60 |com.alibaba.nacos.common.remote.client |[49cd5348-b63e-4669-b4c6-5c6c6a53f020] Register server push request handler:com.alibaba.nacos.client.naming.remote.gprc.NamingPushRequestHandler
2024-03-09 23:11:06 |INFO  |main |LoggerUtils.java:60 |com.alibaba.nacos.common.remote.client |[49cd5348-b63e-4669-b4c6-5c6c6a53f020] Try to connect to server on start up, server: {serverIp = '116.62.71.84', server main port = 8848}
2024-03-09 23:11:08 |INFO  |main |LoggerUtils.java:60 |com.alibaba.nacos.common.remote.client |[49cd5348-b63e-4669-b4c6-5c6c6a53f020] Success to connect to server [116.62.71.84:8848] on start up, connectionId = 1709997068246_120.227.131.104_44755
2024-03-09 23:11:08 |INFO  |com.alibaba.nacos.client.remote.worker |LoggerUtils.java:60 |com.alibaba.nacos.common.remote.client |[49cd5348-b63e-4669-b4c6-5c6c6a53f020] Notify connected event to listeners.
2024-03-09 23:11:08 |INFO  |main |LoggerUtils.java:60 |com.alibaba.nacos.common.remote.client |[49cd5348-b63e-4669-b4c6-5c6c6a53f020] Register server push request handler:com.alibaba.nacos.common.remote.client.RpcClient$ConnectResetRequestHandler
2024-03-09 23:11:08 |INFO  |main |LoggerUtils.java:60 |com.alibaba.nacos.common.remote.client |[49cd5348-b63e-4669-b4c6-5c6c6a53f020] Register server push request handler:com.alibaba.nacos.common.remote.client.RpcClient$$Lambda$862/792516391
2024-03-09 23:11:10 |INFO  |main |DirectJDKLog.java:173 |org.apache.coyote.http11.Http11NioProtocol |Starting ProtocolHandler ["http-nio-10201"]
2024-03-09 23:11:10 |INFO  |main |TomcatWebServer.java:220 |org.springframework.boot.web.embedded.tomcat.TomcatWebServer |Tomcat started on port(s): 10201 (http) with context path ''
2024-03-09 23:11:10 |INFO  |main |NacosServiceRegistry.java:65 |com.alibaba.cloud.nacos.registry.NacosServiceRegistry |nacos registry, DEFAULT_GROUP video 192.168.10.9:10201 register finished
2024-03-09 23:11:10 |INFO  |main |DocumentationPluginsBootstrapper.java:93 |springfox.documentation.spring.web.plugins.DocumentationPluginsBootstrapper |Documentation plugins bootstrapped
2024-03-09 23:11:10 |INFO  |main |AbstractDocumentationPluginsBootstrapper.java:79 |springfox.documentation.spring.web.plugins.DocumentationPluginsBootstrapper |Found 1 custom documentation plugin(s)
2024-03-09 23:11:10 |INFO  |main |ApiListingReferenceScanner.java:44 |springfox.documentation.spring.web.scanners.ApiListingReferenceScanner |Scanning for api listing references
2024-03-09 23:11:10 |INFO  |main |CachingOperationNameGenerator.java:41 |springfox.documentation.spring.web.readers.operation.CachingOperationNameGenerator |Generating unique operation named: getCollectGroupUsingGET_1
2024-03-09 23:11:10 |INFO  |main |CachingOperationNameGenerator.java:41 |springfox.documentation.spring.web.readers.operation.CachingOperationNameGenerator |Generating unique operation named: getCommentUsingGET_1
2024-03-09 23:11:10 |INFO  |main |CachingOperationNameGenerator.java:41 |springfox.documentation.spring.web.readers.operation.CachingOperationNameGenerator |Generating unique operation named: getDanmakuUsingGET_1
2024-03-09 23:11:11 |INFO  |main |StartupInfoLogger.java:61 |ljl.bilibili.video.VideoApplication |Started VideoApplication in 18.9 seconds (JVM running for 22.332)
2024-03-09 23:11:44 |INFO  |Thread-15 |ZipkinAutoConfiguration.java:144 |org.springframework.cloud.sleuth.autoconfig.zipkin2.ZipkinAutoConfiguration |Flushing remaining spans on shutdown
2024-03-09 23:11:44 |INFO  |SpringApplicationShutdownHook |NacosServiceRegistry.java:80 |com.alibaba.cloud.nacos.registry.NacosServiceRegistry |De-registering from Nacos Server now...
2024-03-09 23:11:44 |INFO  |SpringApplicationShutdownHook |NacosServiceRegistry.java:100 |com.alibaba.cloud.nacos.registry.NacosServiceRegistry |De-registration finished.
2024-03-09 23:11:44 |INFO  |SpringApplicationShutdownHook |DruidDataSource.java:2063 |com.alibaba.druid.pool.DruidDataSource |{dataSource-0} closing ...
