2024-06-18 18:58:41 |INFO  |main |StartupInfoLogger.java:55 |ljl.bilibili.ChatApplication |Starting ChatApplication using Java 1.8.0_65 on DESKTOP-4C1V07J with PID 10572 (E:\bilibili\chat\target\classes started by Administrator in E:\bilibili)
2024-06-18 18:58:41 |INFO  |main |SpringApplication.java:645 |ljl.bilibili.ChatApplication |No active profile set, falling back to 1 default profile: "default"
2024-06-18 18:58:48 |INFO  |main |GenericScope.java:283 |org.springframework.cloud.context.scope.GenericScope |BeanFactory id=a189fafc-1245-3d84-8b2a-95781d25756a
2024-06-18 18:58:52 |INFO  |main |TomcatWebServer.java:108 |org.springframework.boot.web.embedded.tomcat.TomcatWebServer |Tomcat initialized with port(s): 1688 (http)
2024-06-18 18:58:52 |INFO  |main |DirectJDKLog.java:173 |org.apache.coyote.http11.Http11NioProtocol |Initializing ProtocolHandler ["http-nio-1688"]
2024-06-18 18:58:52 |INFO  |main |DirectJDKLog.java:173 |org.apache.catalina.core.StandardService |Starting service [Tomcat]
2024-06-18 18:58:52 |INFO  |main |DirectJDKLog.java:173 |org.apache.catalina.core.StandardEngine |Starting Servlet engine: [Apache Tomcat/9.0.65]
2024-06-18 18:58:53 |INFO  |main |DirectJDKLog.java:173 |org.apache.catalina.core.ContainerBase.[Tomcat].[localhost].[/] |Initializing Spring embedded WebApplicationContext
2024-06-18 18:58:53 |INFO  |main |ServletWebServerApplicationContext.java:290 |org.springframework.boot.web.servlet.context.ServletWebServerApplicationContext |Root WebApplicationContext: initialization completed in 11417 ms
2024-06-18 18:58:57 |INFO  |main |MybatisPlusJoinAutoConfiguration.java:140 |com.github.yulichang.autoconfigure.MybatisPlusJoinAutoConfiguration |mybatis plus join properties config complete
2024-06-18 18:58:58 |INFO  |main |MybatisPlusJoinAutoConfiguration.java:140 |com.github.yulichang.autoconfigure.MybatisPlusJoinAutoConfiguration |mybatis plus join SqlInjector init
2024-06-18 18:59:03 |INFO  |main |WebMvcPropertySourcedRequestMappingHandlerMapping.java:69 |springfox.documentation.spring.web.WebMvcPropertySourcedRequestMappingHandlerMapping |Mapped URL path [/v2/api-docs] onto method [springfox.documentation.swagger2.web.Swagger2ControllerWebMvc#getDocumentation(String, HttpServletRequest)]
2024-06-18 18:59:11 |INFO  |main |DirectJDKLog.java:173 |org.apache.coyote.http11.Http11NioProtocol |Starting ProtocolHandler ["http-nio-1688"]
2024-06-18 18:59:12 |INFO  |main |TomcatWebServer.java:220 |org.springframework.boot.web.embedded.tomcat.TomcatWebServer |Tomcat started on port(s): 1688 (http) with context path ''
2024-06-18 18:59:12 |INFO  |main |DocumentationPluginsBootstrapper.java:93 |springfox.documentation.spring.web.plugins.DocumentationPluginsBootstrapper |Documentation plugins bootstrapped
2024-06-18 18:59:12 |INFO  |main |AbstractDocumentationPluginsBootstrapper.java:79 |springfox.documentation.spring.web.plugins.DocumentationPluginsBootstrapper |Found 1 custom documentation plugin(s)
2024-06-18 18:59:12 |INFO  |main |ApiListingReferenceScanner.java:44 |springfox.documentation.spring.web.scanners.ApiListingReferenceScanner |Scanning for api listing references
2024-06-18 18:59:12 |INFO  |main |StartupInfoLogger.java:61 |ljl.bilibili.ChatApplication |Started ChatApplication in 33.488 seconds (JVM running for 39.353)
2024-06-18 19:00:02 |INFO  |http-nio-1688-exec-2 |DirectJDKLog.java:173 |org.apache.catalina.core.ContainerBase.[Tomcat].[localhost].[/] |Initializing Spring DispatcherServlet 'dispatcherServlet'
2024-06-18 19:00:02 |INFO  |http-nio-1688-exec-2 |FrameworkServlet.java:525 |org.springframework.web.servlet.DispatcherServlet |Initializing Servlet 'dispatcherServlet'
2024-06-18 19:00:02 |INFO  |http-nio-1688-exec-2 |FrameworkServlet.java:547 |org.springframework.web.servlet.DispatcherServlet |Completed initialization in 3 ms
2024-06-18 19:00:10 |INFO  |http-nio-1688-exec-9 |DruidDataSource.java:975 |com.alibaba.druid.pool.DruidDataSource |{dataSource-1} inited
2024-06-18 19:00:51 |INFO  |Thread-29 |ZipkinAutoConfiguration.java:144 |org.springframework.cloud.sleuth.autoconfig.zipkin2.ZipkinAutoConfiguration |Flushing remaining spans on shutdown
2024-06-18 19:00:52 |INFO  |SpringApplicationShutdownHook |DruidDataSource.java:2063 |com.alibaba.druid.pool.DruidDataSource |{dataSource-1} closing ...
2024-06-18 19:00:52 |INFO  |SpringApplicationShutdownHook |DruidDataSource.java:2136 |com.alibaba.druid.pool.DruidDataSource |{dataSource-1} closed
2024-06-18 19:01:14 |INFO  |main |StartupInfoLogger.java:55 |ljl.bilibili.ChatApplication |Starting ChatApplication using Java 1.8.0_65 on DESKTOP-4C1V07J with PID 17016 (E:\bilibili\chat\target\classes started by Administrator in E:\bilibili)
2024-06-18 19:01:14 |INFO  |main |SpringApplication.java:645 |ljl.bilibili.ChatApplication |No active profile set, falling back to 1 default profile: "default"
2024-06-18 19:01:17 |INFO  |main |GenericScope.java:283 |org.springframework.cloud.context.scope.GenericScope |BeanFactory id=a189fafc-1245-3d84-8b2a-95781d25756a
2024-06-18 19:01:18 |INFO  |main |TomcatWebServer.java:108 |org.springframework.boot.web.embedded.tomcat.TomcatWebServer |Tomcat initialized with port(s): 1688 (http)
2024-06-18 19:01:18 |INFO  |main |DirectJDKLog.java:173 |org.apache.coyote.http11.Http11NioProtocol |Initializing ProtocolHandler ["http-nio-1688"]
2024-06-18 19:01:18 |INFO  |main |DirectJDKLog.java:173 |org.apache.catalina.core.StandardService |Starting service [Tomcat]
2024-06-18 19:01:18 |INFO  |main |DirectJDKLog.java:173 |org.apache.catalina.core.StandardEngine |Starting Servlet engine: [Apache Tomcat/9.0.65]
2024-06-18 19:01:19 |INFO  |main |DirectJDKLog.java:173 |org.apache.catalina.core.ContainerBase.[Tomcat].[localhost].[/] |Initializing Spring embedded WebApplicationContext
2024-06-18 19:01:19 |INFO  |main |ServletWebServerApplicationContext.java:290 |org.springframework.boot.web.servlet.context.ServletWebServerApplicationContext |Root WebApplicationContext: initialization completed in 4312 ms
2024-06-18 19:01:21 |INFO  |main |MybatisPlusJoinAutoConfiguration.java:140 |com.github.yulichang.autoconfigure.MybatisPlusJoinAutoConfiguration |mybatis plus join properties config complete
2024-06-18 19:01:21 |INFO  |main |MybatisPlusJoinAutoConfiguration.java:140 |com.github.yulichang.autoconfigure.MybatisPlusJoinAutoConfiguration |mybatis plus join SqlInjector init
2024-06-18 19:01:24 |INFO  |main |WebMvcPropertySourcedRequestMappingHandlerMapping.java:69 |springfox.documentation.spring.web.WebMvcPropertySourcedRequestMappingHandlerMapping |Mapped URL path [/v2/api-docs] onto method [springfox.documentation.swagger2.web.Swagger2ControllerWebMvc#getDocumentation(String, HttpServletRequest)]
2024-06-18 19:01:28 |INFO  |main |DirectJDKLog.java:173 |org.apache.coyote.http11.Http11NioProtocol |Starting ProtocolHandler ["http-nio-1688"]
2024-06-18 19:01:28 |INFO  |main |TomcatWebServer.java:220 |org.springframework.boot.web.embedded.tomcat.TomcatWebServer |Tomcat started on port(s): 1688 (http) with context path ''
2024-06-18 19:01:28 |INFO  |main |DocumentationPluginsBootstrapper.java:93 |springfox.documentation.spring.web.plugins.DocumentationPluginsBootstrapper |Documentation plugins bootstrapped
2024-06-18 19:01:28 |INFO  |main |AbstractDocumentationPluginsBootstrapper.java:79 |springfox.documentation.spring.web.plugins.DocumentationPluginsBootstrapper |Found 1 custom documentation plugin(s)
2024-06-18 19:01:28 |INFO  |main |ApiListingReferenceScanner.java:44 |springfox.documentation.spring.web.scanners.ApiListingReferenceScanner |Scanning for api listing references
2024-06-18 19:01:29 |INFO  |main |StartupInfoLogger.java:61 |ljl.bilibili.ChatApplication |Started ChatApplication in 16.033 seconds (JVM running for 18.045)
2024-06-18 19:01:59 |INFO  |http-nio-1688-exec-2 |DirectJDKLog.java:173 |org.apache.catalina.core.ContainerBase.[Tomcat].[localhost].[/] |Initializing Spring DispatcherServlet 'dispatcherServlet'
2024-06-18 19:01:59 |INFO  |http-nio-1688-exec-2 |FrameworkServlet.java:525 |org.springframework.web.servlet.DispatcherServlet |Initializing Servlet 'dispatcherServlet'
2024-06-18 19:01:59 |INFO  |http-nio-1688-exec-2 |FrameworkServlet.java:547 |org.springframework.web.servlet.DispatcherServlet |Completed initialization in 2 ms
2024-06-18 19:02:00 |INFO  |http-nio-1688-exec-2 |DruidDataSource.java:975 |com.alibaba.druid.pool.DruidDataSource |{dataSource-1} inited
2024-06-18 19:08:24 |INFO  |Thread-16 |TimeBasedFilter.java:24 |ljl.bilibili.filter.TimeBasedFilter |






2024-06-18 19:08:24 |INFO  |Thread-16 |ZipkinAutoConfiguration.java:144 |org.springframework.cloud.sleuth.autoconfig.zipkin2.ZipkinAutoConfiguration |Flushing remaining spans on shutdown
2024-06-18 19:08:25 |INFO  |SpringApplicationShutdownHook |DruidDataSource.java:2063 |com.alibaba.druid.pool.DruidDataSource |{dataSource-1} closing ...
2024-06-18 19:08:25 |INFO  |SpringApplicationShutdownHook |DruidDataSource.java:2136 |com.alibaba.druid.pool.DruidDataSource |{dataSource-1} closed
2024-06-18 19:29:22 |INFO  |main |StartupInfoLogger.java:55 |ljl.bilibili.ChatApplication |Starting ChatApplication using Java 1.8.0_65 on DESKTOP-4C1V07J with PID 1556 (E:\bilibili\chat\target\classes started by Administrator in E:\bilibili)
2024-06-18 19:29:22 |INFO  |main |SpringApplication.java:645 |ljl.bilibili.ChatApplication |No active profile set, falling back to 1 default profile: "default"
2024-06-18 19:29:27 |INFO  |main |GenericScope.java:283 |org.springframework.cloud.context.scope.GenericScope |BeanFactory id=a189fafc-1245-3d84-8b2a-95781d25756a
2024-06-18 19:29:28 |INFO  |main |TomcatWebServer.java:108 |org.springframework.boot.web.embedded.tomcat.TomcatWebServer |Tomcat initialized with port(s): 1688 (http)
2024-06-18 19:29:28 |INFO  |main |DirectJDKLog.java:173 |org.apache.coyote.http11.Http11NioProtocol |Initializing ProtocolHandler ["http-nio-1688"]
2024-06-18 19:29:28 |INFO  |main |DirectJDKLog.java:173 |org.apache.catalina.core.StandardService |Starting service [Tomcat]
2024-06-18 19:29:28 |INFO  |main |DirectJDKLog.java:173 |org.apache.catalina.core.StandardEngine |Starting Servlet engine: [Apache Tomcat/9.0.65]
2024-06-18 19:29:29 |INFO  |main |DirectJDKLog.java:173 |org.apache.catalina.core.ContainerBase.[Tomcat].[localhost].[/] |Initializing Spring embedded WebApplicationContext
2024-06-18 19:29:29 |INFO  |main |ServletWebServerApplicationContext.java:290 |org.springframework.boot.web.servlet.context.ServletWebServerApplicationContext |Root WebApplicationContext: initialization completed in 6290 ms
2024-06-18 19:29:31 |INFO  |main |MybatisPlusJoinAutoConfiguration.java:140 |com.github.yulichang.autoconfigure.MybatisPlusJoinAutoConfiguration |mybatis plus join properties config complete
2024-06-18 19:29:31 |INFO  |main |MybatisPlusJoinAutoConfiguration.java:140 |com.github.yulichang.autoconfigure.MybatisPlusJoinAutoConfiguration |mybatis plus join SqlInjector init
2024-06-18 19:29:34 |INFO  |main |WebMvcPropertySourcedRequestMappingHandlerMapping.java:69 |springfox.documentation.spring.web.WebMvcPropertySourcedRequestMappingHandlerMapping |Mapped URL path [/v2/api-docs] onto method [springfox.documentation.swagger2.web.Swagger2ControllerWebMvc#getDocumentation(String, HttpServletRequest)]
2024-06-18 19:29:41 |INFO  |main |DirectJDKLog.java:173 |org.apache.coyote.http11.Http11NioProtocol |Starting ProtocolHandler ["http-nio-1688"]
2024-06-18 19:29:41 |INFO  |main |TomcatWebServer.java:220 |org.springframework.boot.web.embedded.tomcat.TomcatWebServer |Tomcat started on port(s): 1688 (http) with context path ''
2024-06-18 19:29:41 |INFO  |main |DocumentationPluginsBootstrapper.java:93 |springfox.documentation.spring.web.plugins.DocumentationPluginsBootstrapper |Documentation plugins bootstrapped
2024-06-18 19:29:42 |INFO  |main |AbstractDocumentationPluginsBootstrapper.java:79 |springfox.documentation.spring.web.plugins.DocumentationPluginsBootstrapper |Found 1 custom documentation plugin(s)
2024-06-18 19:29:42 |INFO  |main |ApiListingReferenceScanner.java:44 |springfox.documentation.spring.web.scanners.ApiListingReferenceScanner |Scanning for api listing references
2024-06-18 19:29:42 |INFO  |main |StartupInfoLogger.java:61 |ljl.bilibili.ChatApplication |Started ChatApplication in 22.254 seconds (JVM running for 24.949)
2024-06-18 19:29:48 |INFO  |http-nio-1688-exec-2 |DirectJDKLog.java:173 |org.apache.catalina.core.ContainerBase.[Tomcat].[localhost].[/] |Initializing Spring DispatcherServlet 'dispatcherServlet'
2024-06-18 19:29:48 |INFO  |http-nio-1688-exec-2 |FrameworkServlet.java:525 |org.springframework.web.servlet.DispatcherServlet |Initializing Servlet 'dispatcherServlet'
2024-06-18 19:29:48 |INFO  |http-nio-1688-exec-2 |FrameworkServlet.java:547 |org.springframework.web.servlet.DispatcherServlet |Completed initialization in 5 ms
2024-06-18 19:30:00 |INFO  |http-nio-1688-exec-5 |ChatController.java:211 |ljl.bilibili.chat.controller.ChatController |1
2024-06-18 19:30:01 |INFO  |http-nio-1688-exec-5 |DruidDataSource.java:975 |com.alibaba.druid.pool.DruidDataSource |{dataSource-1} inited
2024-06-18 19:30:26 |INFO  |http-nio-1688-exec-6 |ChatController.java:205 |ljl.bilibili.chat.controller.ChatController |1
2024-06-18 19:32:45 |INFO  |Thread-21 |ZipkinAutoConfiguration.java:144 |org.springframework.cloud.sleuth.autoconfig.zipkin2.ZipkinAutoConfiguration |Flushing remaining spans on shutdown
2024-06-18 19:32:46 |INFO  |SpringApplicationShutdownHook |DruidDataSource.java:2063 |com.alibaba.druid.pool.DruidDataSource |{dataSource-1} closing ...
2024-06-18 19:32:46 |INFO  |SpringApplicationShutdownHook |DruidDataSource.java:2136 |com.alibaba.druid.pool.DruidDataSource |{dataSource-1} closed
2024-06-18 20:55:38 |INFO  |main |StartupInfoLogger.java:55 |ljl.bilibili.ChatApplication |Starting ChatApplication using Java 1.8.0_65 on DESKTOP-4C1V07J with PID 21880 (E:\bilibili\chat\target\classes started by Administrator in E:\bilibili)
2024-06-18 20:55:38 |INFO  |main |SpringApplication.java:645 |ljl.bilibili.ChatApplication |No active profile set, falling back to 1 default profile: "default"
2024-06-18 20:55:43 |INFO  |main |GenericScope.java:283 |org.springframework.cloud.context.scope.GenericScope |BeanFactory id=a189fafc-1245-3d84-8b2a-95781d25756a
2024-06-18 20:55:45 |INFO  |main |TomcatWebServer.java:108 |org.springframework.boot.web.embedded.tomcat.TomcatWebServer |Tomcat initialized with port(s): 1688 (http)
2024-06-18 20:55:45 |INFO  |main |DirectJDKLog.java:173 |org.apache.coyote.http11.Http11NioProtocol |Initializing ProtocolHandler ["http-nio-1688"]
2024-06-18 20:55:45 |INFO  |main |DirectJDKLog.java:173 |org.apache.catalina.core.StandardService |Starting service [Tomcat]
2024-06-18 20:55:45 |INFO  |main |DirectJDKLog.java:173 |org.apache.catalina.core.StandardEngine |Starting Servlet engine: [Apache Tomcat/9.0.65]
2024-06-18 20:55:45 |INFO  |main |DirectJDKLog.java:173 |org.apache.catalina.core.ContainerBase.[Tomcat].[localhost].[/] |Initializing Spring embedded WebApplicationContext
2024-06-18 20:55:45 |INFO  |main |ServletWebServerApplicationContext.java:290 |org.springframework.boot.web.servlet.context.ServletWebServerApplicationContext |Root WebApplicationContext: initialization completed in 6966 ms
2024-06-18 20:55:49 |INFO  |main |MybatisPlusJoinAutoConfiguration.java:140 |com.github.yulichang.autoconfigure.MybatisPlusJoinAutoConfiguration |mybatis plus join properties config complete
2024-06-18 20:55:49 |INFO  |main |MybatisPlusJoinAutoConfiguration.java:140 |com.github.yulichang.autoconfigure.MybatisPlusJoinAutoConfiguration |mybatis plus join SqlInjector init
2024-06-18 20:55:52 |INFO  |main |WebMvcPropertySourcedRequestMappingHandlerMapping.java:69 |springfox.documentation.spring.web.WebMvcPropertySourcedRequestMappingHandlerMapping |Mapped URL path [/v2/api-docs] onto method [springfox.documentation.swagger2.web.Swagger2ControllerWebMvc#getDocumentation(String, HttpServletRequest)]
2024-06-18 20:55:57 |INFO  |main |DirectJDKLog.java:173 |org.apache.coyote.http11.Http11NioProtocol |Starting ProtocolHandler ["http-nio-1688"]
2024-06-18 20:55:57 |INFO  |main |TomcatWebServer.java:220 |org.springframework.boot.web.embedded.tomcat.TomcatWebServer |Tomcat started on port(s): 1688 (http) with context path ''
2024-06-18 20:55:58 |INFO  |main |DocumentationPluginsBootstrapper.java:93 |springfox.documentation.spring.web.plugins.DocumentationPluginsBootstrapper |Documentation plugins bootstrapped
2024-06-18 20:55:58 |INFO  |main |AbstractDocumentationPluginsBootstrapper.java:79 |springfox.documentation.spring.web.plugins.DocumentationPluginsBootstrapper |Found 1 custom documentation plugin(s)
2024-06-18 20:55:58 |INFO  |main |ApiListingReferenceScanner.java:44 |springfox.documentation.spring.web.scanners.ApiListingReferenceScanner |Scanning for api listing references
2024-06-18 20:55:59 |INFO  |main |StartupInfoLogger.java:61 |ljl.bilibili.ChatApplication |Started ChatApplication in 23.366 seconds (JVM running for 26.462)
2024-06-18 20:57:17 |INFO  |http-nio-1688-exec-1 |DirectJDKLog.java:173 |org.apache.catalina.core.ContainerBase.[Tomcat].[localhost].[/] |Initializing Spring DispatcherServlet 'dispatcherServlet'
2024-06-18 20:57:17 |INFO  |http-nio-1688-exec-1 |FrameworkServlet.java:525 |org.springframework.web.servlet.DispatcherServlet |Initializing Servlet 'dispatcherServlet'
2024-06-18 20:57:17 |INFO  |http-nio-1688-exec-1 |FrameworkServlet.java:547 |org.springframework.web.servlet.DispatcherServlet |Completed initialization in 3 ms
2024-06-18 20:57:43 |INFO  |http-nio-1688-exec-6 |ChatController.java:235 |ljl.bilibili.chat.controller.ChatController |1
2024-06-18 20:57:44 |INFO  |http-nio-1688-exec-6 |DruidDataSource.java:975 |com.alibaba.druid.pool.DruidDataSource |{dataSource-1} inited
2024-06-18 20:58:39 |INFO  |http-nio-1688-exec-8 |ChatController.java:235 |ljl.bilibili.chat.controller.ChatController |1
2024-06-18 21:01:51 |INFO  |Thread-24 |TimeBasedFilter.java:24 |ljl.bilibili.filter.TimeBasedFilter |






2024-06-18 21:01:51 |INFO  |Thread-24 |ZipkinAutoConfiguration.java:144 |org.springframework.cloud.sleuth.autoconfig.zipkin2.ZipkinAutoConfiguration |Flushing remaining spans on shutdown
2024-06-18 21:01:51 |INFO  |SpringApplicationShutdownHook |DruidDataSource.java:2063 |com.alibaba.druid.pool.DruidDataSource |{dataSource-1} closing ...
2024-06-18 21:01:52 |INFO  |SpringApplicationShutdownHook |DruidDataSource.java:2136 |com.alibaba.druid.pool.DruidDataSource |{dataSource-1} closed
2024-06-18 21:02:08 |INFO  |main |StartupInfoLogger.java:55 |ljl.bilibili.ChatApplication |Starting ChatApplication using Java 1.8.0_65 on DESKTOP-4C1V07J with PID 21924 (E:\bilibili\chat\target\classes started by Administrator in E:\bilibili)
2024-06-18 21:02:08 |INFO  |main |SpringApplication.java:645 |ljl.bilibili.ChatApplication |No active profile set, falling back to 1 default profile: "default"
2024-06-18 21:02:11 |INFO  |main |GenericScope.java:283 |org.springframework.cloud.context.scope.GenericScope |BeanFactory id=a189fafc-1245-3d84-8b2a-95781d25756a
2024-06-18 21:02:12 |INFO  |main |TomcatWebServer.java:108 |org.springframework.boot.web.embedded.tomcat.TomcatWebServer |Tomcat initialized with port(s): 1688 (http)
2024-06-18 21:02:12 |INFO  |main |DirectJDKLog.java:173 |org.apache.coyote.http11.Http11NioProtocol |Initializing ProtocolHandler ["http-nio-1688"]
2024-06-18 21:02:12 |INFO  |main |DirectJDKLog.java:173 |org.apache.catalina.core.StandardService |Starting service [Tomcat]
2024-06-18 21:02:12 |INFO  |main |DirectJDKLog.java:173 |org.apache.catalina.core.StandardEngine |Starting Servlet engine: [Apache Tomcat/9.0.65]
2024-06-18 21:02:12 |INFO  |main |DirectJDKLog.java:173 |org.apache.catalina.core.ContainerBase.[Tomcat].[localhost].[/] |Initializing Spring embedded WebApplicationContext
2024-06-18 21:02:12 |INFO  |main |ServletWebServerApplicationContext.java:290 |org.springframework.boot.web.servlet.context.ServletWebServerApplicationContext |Root WebApplicationContext: initialization completed in 4011 ms
2024-06-18 21:02:14 |INFO  |main |MybatisPlusJoinAutoConfiguration.java:140 |com.github.yulichang.autoconfigure.MybatisPlusJoinAutoConfiguration |mybatis plus join properties config complete
2024-06-18 21:02:14 |INFO  |main |MybatisPlusJoinAutoConfiguration.java:140 |com.github.yulichang.autoconfigure.MybatisPlusJoinAutoConfiguration |mybatis plus join SqlInjector init
2024-06-18 21:02:17 |INFO  |main |WebMvcPropertySourcedRequestMappingHandlerMapping.java:69 |springfox.documentation.spring.web.WebMvcPropertySourcedRequestMappingHandlerMapping |Mapped URL path [/v2/api-docs] onto method [springfox.documentation.swagger2.web.Swagger2ControllerWebMvc#getDocumentation(String, HttpServletRequest)]
2024-06-18 21:02:20 |INFO  |main |DirectJDKLog.java:173 |org.apache.coyote.http11.Http11NioProtocol |Starting ProtocolHandler ["http-nio-1688"]
2024-06-18 21:02:20 |INFO  |main |TomcatWebServer.java:220 |org.springframework.boot.web.embedded.tomcat.TomcatWebServer |Tomcat started on port(s): 1688 (http) with context path ''
2024-06-18 21:02:20 |INFO  |main |DocumentationPluginsBootstrapper.java:93 |springfox.documentation.spring.web.plugins.DocumentationPluginsBootstrapper |Documentation plugins bootstrapped
2024-06-18 21:02:20 |INFO  |main |AbstractDocumentationPluginsBootstrapper.java:79 |springfox.documentation.spring.web.plugins.DocumentationPluginsBootstrapper |Found 1 custom documentation plugin(s)
2024-06-18 21:02:20 |INFO  |main |ApiListingReferenceScanner.java:44 |springfox.documentation.spring.web.scanners.ApiListingReferenceScanner |Scanning for api listing references
2024-06-18 21:02:20 |INFO  |main |StartupInfoLogger.java:61 |ljl.bilibili.ChatApplication |Started ChatApplication in 13.743 seconds (JVM running for 15.537)
2024-06-18 21:02:32 |INFO  |http-nio-1688-exec-1 |DirectJDKLog.java:173 |org.apache.catalina.core.ContainerBase.[Tomcat].[localhost].[/] |Initializing Spring DispatcherServlet 'dispatcherServlet'
2024-06-18 21:02:32 |INFO  |http-nio-1688-exec-1 |FrameworkServlet.java:525 |org.springframework.web.servlet.DispatcherServlet |Initializing Servlet 'dispatcherServlet'
2024-06-18 21:02:32 |INFO  |http-nio-1688-exec-1 |FrameworkServlet.java:547 |org.springframework.web.servlet.DispatcherServlet |Completed initialization in 7 ms
2024-06-18 21:02:32 |INFO  |http-nio-1688-exec-1 |ChatController.java:235 |ljl.bilibili.chat.controller.ChatController |1
2024-06-18 21:02:36 |INFO  |http-nio-1688-exec-1 |DruidDataSource.java:975 |com.alibaba.druid.pool.DruidDataSource |{dataSource-1} inited
2024-06-18 21:02:46 |INFO  |http-nio-1688-exec-3 |ChatController.java:235 |ljl.bilibili.chat.controller.ChatController |1
2024-06-18 21:03:03 |INFO  |http-nio-1688-exec-4 |ChatController.java:235 |ljl.bilibili.chat.controller.ChatController |1
2024-06-18 21:04:16 |INFO  |Thread-16 |ZipkinAutoConfiguration.java:144 |org.springframework.cloud.sleuth.autoconfig.zipkin2.ZipkinAutoConfiguration |Flushing remaining spans on shutdown
2024-06-18 21:04:16 |INFO  |SpringApplicationShutdownHook |DruidDataSource.java:2063 |com.alibaba.druid.pool.DruidDataSource |{dataSource-1} closing ...
2024-06-18 21:04:16 |INFO  |SpringApplicationShutdownHook |DruidDataSource.java:2136 |com.alibaba.druid.pool.DruidDataSource |{dataSource-1} closed
2024-06-18 21:04:29 |INFO  |main |StartupInfoLogger.java:55 |ljl.bilibili.ChatApplication |Starting ChatApplication using Java 1.8.0_65 on DESKTOP-4C1V07J with PID 5540 (E:\bilibili\chat\target\classes started by Administrator in E:\bilibili)
2024-06-18 21:04:29 |INFO  |main |SpringApplication.java:645 |ljl.bilibili.ChatApplication |No active profile set, falling back to 1 default profile: "default"
2024-06-18 21:04:31 |INFO  |main |GenericScope.java:283 |org.springframework.cloud.context.scope.GenericScope |BeanFactory id=a189fafc-1245-3d84-8b2a-95781d25756a
2024-06-18 21:04:33 |INFO  |main |TomcatWebServer.java:108 |org.springframework.boot.web.embedded.tomcat.TomcatWebServer |Tomcat initialized with port(s): 1688 (http)
2024-06-18 21:04:33 |INFO  |main |DirectJDKLog.java:173 |org.apache.coyote.http11.Http11NioProtocol |Initializing ProtocolHandler ["http-nio-1688"]
2024-06-18 21:04:33 |INFO  |main |DirectJDKLog.java:173 |org.apache.catalina.core.StandardService |Starting service [Tomcat]
2024-06-18 21:04:33 |INFO  |main |DirectJDKLog.java:173 |org.apache.catalina.core.StandardEngine |Starting Servlet engine: [Apache Tomcat/9.0.65]
2024-06-18 21:04:33 |INFO  |main |DirectJDKLog.java:173 |org.apache.catalina.core.ContainerBase.[Tomcat].[localhost].[/] |Initializing Spring embedded WebApplicationContext
2024-06-18 21:04:33 |INFO  |main |ServletWebServerApplicationContext.java:290 |org.springframework.boot.web.servlet.context.ServletWebServerApplicationContext |Root WebApplicationContext: initialization completed in 4369 ms
2024-06-18 21:04:35 |INFO  |main |MybatisPlusJoinAutoConfiguration.java:140 |com.github.yulichang.autoconfigure.MybatisPlusJoinAutoConfiguration |mybatis plus join properties config complete
2024-06-18 21:04:36 |INFO  |main |MybatisPlusJoinAutoConfiguration.java:140 |com.github.yulichang.autoconfigure.MybatisPlusJoinAutoConfiguration |mybatis plus join SqlInjector init
2024-06-18 21:04:38 |INFO  |main |WebMvcPropertySourcedRequestMappingHandlerMapping.java:69 |springfox.documentation.spring.web.WebMvcPropertySourcedRequestMappingHandlerMapping |Mapped URL path [/v2/api-docs] onto method [springfox.documentation.swagger2.web.Swagger2ControllerWebMvc#getDocumentation(String, HttpServletRequest)]
2024-06-18 21:04:41 |INFO  |main |DirectJDKLog.java:173 |org.apache.coyote.http11.Http11NioProtocol |Starting ProtocolHandler ["http-nio-1688"]
2024-06-18 21:04:41 |INFO  |main |TomcatWebServer.java:220 |org.springframework.boot.web.embedded.tomcat.TomcatWebServer |Tomcat started on port(s): 1688 (http) with context path ''
2024-06-18 21:04:42 |INFO  |main |DocumentationPluginsBootstrapper.java:93 |springfox.documentation.spring.web.plugins.DocumentationPluginsBootstrapper |Documentation plugins bootstrapped
2024-06-18 21:04:42 |INFO  |main |AbstractDocumentationPluginsBootstrapper.java:79 |springfox.documentation.spring.web.plugins.DocumentationPluginsBootstrapper |Found 1 custom documentation plugin(s)
2024-06-18 21:04:42 |INFO  |main |ApiListingReferenceScanner.java:44 |springfox.documentation.spring.web.scanners.ApiListingReferenceScanner |Scanning for api listing references
2024-06-18 21:04:42 |INFO  |main |StartupInfoLogger.java:61 |ljl.bilibili.ChatApplication |Started ChatApplication in 14.966 seconds (JVM running for 16.618)
2024-06-18 21:04:52 |INFO  |http-nio-1688-exec-1 |DirectJDKLog.java:173 |org.apache.catalina.core.ContainerBase.[Tomcat].[localhost].[/] |Initializing Spring DispatcherServlet 'dispatcherServlet'
2024-06-18 21:04:52 |INFO  |http-nio-1688-exec-1 |FrameworkServlet.java:525 |org.springframework.web.servlet.DispatcherServlet |Initializing Servlet 'dispatcherServlet'
2024-06-18 21:04:52 |INFO  |http-nio-1688-exec-1 |FrameworkServlet.java:547 |org.springframework.web.servlet.DispatcherServlet |Completed initialization in 6 ms
2024-06-18 21:04:53 |INFO  |http-nio-1688-exec-1 |ChatController.java:235 |ljl.bilibili.chat.controller.ChatController |1
2024-06-18 21:05:09 |INFO  |http-nio-1688-exec-1 |DruidDataSource.java:975 |com.alibaba.druid.pool.DruidDataSource |{dataSource-1} inited
2024-06-18 21:05:34 |INFO  |http-nio-1688-exec-4 |ChatController.java:235 |ljl.bilibili.chat.controller.ChatController |1
2024-06-18 21:06:59 |INFO  |Thread-17 |ZipkinAutoConfiguration.java:144 |org.springframework.cloud.sleuth.autoconfig.zipkin2.ZipkinAutoConfiguration |Flushing remaining spans on shutdown
2024-06-18 21:07:00 |INFO  |SpringApplicationShutdownHook |DruidDataSource.java:2063 |com.alibaba.druid.pool.DruidDataSource |{dataSource-1} closing ...
2024-06-18 21:07:00 |INFO  |SpringApplicationShutdownHook |DruidDataSource.java:2136 |com.alibaba.druid.pool.DruidDataSource |{dataSource-1} closed
2024-06-18 21:07:12 |INFO  |main |StartupInfoLogger.java:55 |ljl.bilibili.ChatApplication |Starting ChatApplication using Java 1.8.0_65 on DESKTOP-4C1V07J with PID 20864 (E:\bilibili\chat\target\classes started by Administrator in E:\bilibili)
2024-06-18 21:07:12 |INFO  |main |SpringApplication.java:645 |ljl.bilibili.ChatApplication |No active profile set, falling back to 1 default profile: "default"
2024-06-18 21:07:15 |INFO  |main |GenericScope.java:283 |org.springframework.cloud.context.scope.GenericScope |BeanFactory id=a189fafc-1245-3d84-8b2a-95781d25756a
2024-06-18 21:07:16 |INFO  |main |TomcatWebServer.java:108 |org.springframework.boot.web.embedded.tomcat.TomcatWebServer |Tomcat initialized with port(s): 1688 (http)
2024-06-18 21:07:17 |INFO  |main |DirectJDKLog.java:173 |org.apache.coyote.http11.Http11NioProtocol |Initializing ProtocolHandler ["http-nio-1688"]
2024-06-18 21:07:17 |INFO  |main |DirectJDKLog.java:173 |org.apache.catalina.core.StandardService |Starting service [Tomcat]
2024-06-18 21:07:17 |INFO  |main |DirectJDKLog.java:173 |org.apache.catalina.core.StandardEngine |Starting Servlet engine: [Apache Tomcat/9.0.65]
2024-06-18 21:07:17 |INFO  |main |DirectJDKLog.java:173 |org.apache.catalina.core.ContainerBase.[Tomcat].[localhost].[/] |Initializing Spring embedded WebApplicationContext
2024-06-18 21:07:17 |INFO  |main |ServletWebServerApplicationContext.java:290 |org.springframework.boot.web.servlet.context.ServletWebServerApplicationContext |Root WebApplicationContext: initialization completed in 4451 ms
2024-06-18 21:07:19 |INFO  |main |MybatisPlusJoinAutoConfiguration.java:140 |com.github.yulichang.autoconfigure.MybatisPlusJoinAutoConfiguration |mybatis plus join properties config complete
2024-06-18 21:07:19 |INFO  |main |MybatisPlusJoinAutoConfiguration.java:140 |com.github.yulichang.autoconfigure.MybatisPlusJoinAutoConfiguration |mybatis plus join SqlInjector init
2024-06-18 21:07:21 |INFO  |main |WebMvcPropertySourcedRequestMappingHandlerMapping.java:69 |springfox.documentation.spring.web.WebMvcPropertySourcedRequestMappingHandlerMapping |Mapped URL path [/v2/api-docs] onto method [springfox.documentation.swagger2.web.Swagger2ControllerWebMvc#getDocumentation(String, HttpServletRequest)]
2024-06-18 21:07:24 |INFO  |main |DirectJDKLog.java:173 |org.apache.coyote.http11.Http11NioProtocol |Starting ProtocolHandler ["http-nio-1688"]
2024-06-18 21:07:24 |INFO  |main |TomcatWebServer.java:220 |org.springframework.boot.web.embedded.tomcat.TomcatWebServer |Tomcat started on port(s): 1688 (http) with context path ''
2024-06-18 21:07:25 |INFO  |main |DocumentationPluginsBootstrapper.java:93 |springfox.documentation.spring.web.plugins.DocumentationPluginsBootstrapper |Documentation plugins bootstrapped
2024-06-18 21:07:25 |INFO  |main |AbstractDocumentationPluginsBootstrapper.java:79 |springfox.documentation.spring.web.plugins.DocumentationPluginsBootstrapper |Found 1 custom documentation plugin(s)
2024-06-18 21:07:25 |INFO  |main |ApiListingReferenceScanner.java:44 |springfox.documentation.spring.web.scanners.ApiListingReferenceScanner |Scanning for api listing references
2024-06-18 21:07:25 |INFO  |main |StartupInfoLogger.java:61 |ljl.bilibili.ChatApplication |Started ChatApplication in 14.248 seconds (JVM running for 16.053)
2024-06-18 21:07:29 |INFO  |http-nio-1688-exec-1 |DirectJDKLog.java:173 |org.apache.catalina.core.ContainerBase.[Tomcat].[localhost].[/] |Initializing Spring DispatcherServlet 'dispatcherServlet'
2024-06-18 21:07:29 |INFO  |http-nio-1688-exec-1 |FrameworkServlet.java:525 |org.springframework.web.servlet.DispatcherServlet |Initializing Servlet 'dispatcherServlet'
2024-06-18 21:07:29 |INFO  |http-nio-1688-exec-1 |FrameworkServlet.java:547 |org.springframework.web.servlet.DispatcherServlet |Completed initialization in 106 ms
2024-06-18 21:07:31 |INFO  |http-nio-1688-exec-1 |ChatController.java:235 |ljl.bilibili.chat.controller.ChatController |1
2024-06-18 21:07:31 |INFO  |http-nio-1688-exec-1 |DruidDataSource.java:975 |com.alibaba.druid.pool.DruidDataSource |{dataSource-1} inited
2024-06-18 21:08:07 |INFO  |http-nio-1688-exec-3 |ChatController.java:235 |ljl.bilibili.chat.controller.ChatController |1
2024-06-18 21:12:19 |INFO  |http-nio-1688-exec-5 |TimeBasedFilter.java:24 |ljl.bilibili.filter.TimeBasedFilter |






2024-06-18 21:12:19 |INFO  |http-nio-1688-exec-5 |ChatController.java:211 |ljl.bilibili.chat.controller.ChatController |1
2024-06-18 21:13:50 |INFO  |http-nio-1688-exec-6 |ChatController.java:211 |ljl.bilibili.chat.controller.ChatController |1
2024-06-18 21:13:59 |INFO  |http-nio-1688-exec-7 |ChatController.java:211 |ljl.bilibili.chat.controller.ChatController |1
2024-06-18 21:15:02 |INFO  |http-nio-1688-exec-8 |ChatController.java:211 |ljl.bilibili.chat.controller.ChatController |1
2024-06-18 21:16:59 |INFO  |http-nio-1688-exec-1 |ChatController.java:235 |ljl.bilibili.chat.controller.ChatController |1
2024-06-18 21:18:11 |INFO  |Thread-17 |TimeBasedFilter.java:24 |ljl.bilibili.filter.TimeBasedFilter |






2024-06-18 21:18:11 |INFO  |Thread-17 |ZipkinAutoConfiguration.java:144 |org.springframework.cloud.sleuth.autoconfig.zipkin2.ZipkinAutoConfiguration |Flushing remaining spans on shutdown
2024-06-18 21:18:11 |INFO  |SpringApplicationShutdownHook |DruidDataSource.java:2063 |com.alibaba.druid.pool.DruidDataSource |{dataSource-1} closing ...
2024-06-18 21:18:11 |INFO  |SpringApplicationShutdownHook |DruidDataSource.java:2136 |com.alibaba.druid.pool.DruidDataSource |{dataSource-1} closed
2024-06-18 21:18:30 |INFO  |main |StartupInfoLogger.java:55 |ljl.bilibili.ChatApplication |Starting ChatApplication using Java 1.8.0_65 on DESKTOP-4C1V07J with PID 20432 (E:\bilibili\chat\target\classes started by Administrator in E:\bilibili)
2024-06-18 21:18:30 |INFO  |main |SpringApplication.java:645 |ljl.bilibili.ChatApplication |No active profile set, falling back to 1 default profile: "default"
2024-06-18 21:18:33 |INFO  |main |GenericScope.java:283 |org.springframework.cloud.context.scope.GenericScope |BeanFactory id=a189fafc-1245-3d84-8b2a-95781d25756a
2024-06-18 21:18:35 |INFO  |main |TomcatWebServer.java:108 |org.springframework.boot.web.embedded.tomcat.TomcatWebServer |Tomcat initialized with port(s): 1688 (http)
2024-06-18 21:18:35 |INFO  |main |DirectJDKLog.java:173 |org.apache.coyote.http11.Http11NioProtocol |Initializing ProtocolHandler ["http-nio-1688"]
2024-06-18 21:18:35 |INFO  |main |DirectJDKLog.java:173 |org.apache.catalina.core.StandardService |Starting service [Tomcat]
2024-06-18 21:18:35 |INFO  |main |DirectJDKLog.java:173 |org.apache.catalina.core.StandardEngine |Starting Servlet engine: [Apache Tomcat/9.0.65]
2024-06-18 21:18:36 |INFO  |main |DirectJDKLog.java:173 |org.apache.catalina.core.ContainerBase.[Tomcat].[localhost].[/] |Initializing Spring embedded WebApplicationContext
2024-06-18 21:18:36 |INFO  |main |ServletWebServerApplicationContext.java:290 |org.springframework.boot.web.servlet.context.ServletWebServerApplicationContext |Root WebApplicationContext: initialization completed in 5426 ms
2024-06-18 21:18:38 |INFO  |main |MybatisPlusJoinAutoConfiguration.java:140 |com.github.yulichang.autoconfigure.MybatisPlusJoinAutoConfiguration |mybatis plus join properties config complete
2024-06-18 21:18:39 |INFO  |main |MybatisPlusJoinAutoConfiguration.java:140 |com.github.yulichang.autoconfigure.MybatisPlusJoinAutoConfiguration |mybatis plus join SqlInjector init
2024-06-18 21:18:41 |INFO  |main |WebMvcPropertySourcedRequestMappingHandlerMapping.java:69 |springfox.documentation.spring.web.WebMvcPropertySourcedRequestMappingHandlerMapping |Mapped URL path [/v2/api-docs] onto method [springfox.documentation.swagger2.web.Swagger2ControllerWebMvc#getDocumentation(String, HttpServletRequest)]
2024-06-18 21:18:44 |INFO  |main |DirectJDKLog.java:173 |org.apache.coyote.http11.Http11NioProtocol |Starting ProtocolHandler ["http-nio-1688"]
2024-06-18 21:18:44 |INFO  |main |TomcatWebServer.java:220 |org.springframework.boot.web.embedded.tomcat.TomcatWebServer |Tomcat started on port(s): 1688 (http) with context path ''
2024-06-18 21:18:44 |INFO  |main |DocumentationPluginsBootstrapper.java:93 |springfox.documentation.spring.web.plugins.DocumentationPluginsBootstrapper |Documentation plugins bootstrapped
2024-06-18 21:18:44 |INFO  |main |AbstractDocumentationPluginsBootstrapper.java:79 |springfox.documentation.spring.web.plugins.DocumentationPluginsBootstrapper |Found 1 custom documentation plugin(s)
2024-06-18 21:18:44 |INFO  |main |ApiListingReferenceScanner.java:44 |springfox.documentation.spring.web.scanners.ApiListingReferenceScanner |Scanning for api listing references
2024-06-18 21:18:45 |INFO  |main |StartupInfoLogger.java:61 |ljl.bilibili.ChatApplication |Started ChatApplication in 15.531 seconds (JVM running for 17.331)
2024-06-18 21:19:17 |INFO  |http-nio-1688-exec-1 |DirectJDKLog.java:173 |org.apache.catalina.core.ContainerBase.[Tomcat].[localhost].[/] |Initializing Spring DispatcherServlet 'dispatcherServlet'
2024-06-18 21:19:17 |INFO  |http-nio-1688-exec-1 |FrameworkServlet.java:525 |org.springframework.web.servlet.DispatcherServlet |Initializing Servlet 'dispatcherServlet'
2024-06-18 21:19:17 |INFO  |http-nio-1688-exec-1 |FrameworkServlet.java:547 |org.springframework.web.servlet.DispatcherServlet |Completed initialization in 7 ms
2024-06-18 21:19:17 |INFO  |http-nio-1688-exec-1 |ChatController.java:235 |ljl.bilibili.chat.controller.ChatController |1
2024-06-18 21:19:18 |INFO  |http-nio-1688-exec-1 |DruidDataSource.java:975 |com.alibaba.druid.pool.DruidDataSource |{dataSource-1} inited
2024-06-18 21:49:02 |INFO  |Thread-17 |TimeBasedFilter.java:24 |ljl.bilibili.filter.TimeBasedFilter |






2024-06-18 21:49:02 |INFO  |Thread-17 |ZipkinAutoConfiguration.java:144 |org.springframework.cloud.sleuth.autoconfig.zipkin2.ZipkinAutoConfiguration |Flushing remaining spans on shutdown
2024-06-18 21:49:05 |INFO  |SpringApplicationShutdownHook |DruidDataSource.java:2063 |com.alibaba.druid.pool.DruidDataSource |{dataSource-1} closing ...
2024-06-18 21:49:05 |INFO  |SpringApplicationShutdownHook |DruidDataSource.java:2136 |com.alibaba.druid.pool.DruidDataSource |{dataSource-1} closed
2024-06-18 21:49:36 |INFO  |main |StartupInfoLogger.java:55 |ljl.bilibili.ChatApplication |Starting ChatApplication using Java 1.8.0_65 on DESKTOP-4C1V07J with PID 22300 (E:\bilibili\chat\target\classes started by Administrator in E:\bilibili)
2024-06-18 21:49:36 |INFO  |main |SpringApplication.java:645 |ljl.bilibili.ChatApplication |No active profile set, falling back to 1 default profile: "default"
2024-06-18 21:49:44 |INFO  |main |GenericScope.java:283 |org.springframework.cloud.context.scope.GenericScope |BeanFactory id=a189fafc-1245-3d84-8b2a-95781d25756a
2024-06-18 21:49:47 |INFO  |main |TomcatWebServer.java:108 |org.springframework.boot.web.embedded.tomcat.TomcatWebServer |Tomcat initialized with port(s): 1688 (http)
2024-06-18 21:49:47 |INFO  |main |DirectJDKLog.java:173 |org.apache.coyote.http11.Http11NioProtocol |Initializing ProtocolHandler ["http-nio-1688"]
2024-06-18 21:49:47 |INFO  |main |DirectJDKLog.java:173 |org.apache.catalina.core.StandardService |Starting service [Tomcat]
2024-06-18 21:49:47 |INFO  |main |DirectJDKLog.java:173 |org.apache.catalina.core.StandardEngine |Starting Servlet engine: [Apache Tomcat/9.0.65]
2024-06-18 21:49:48 |INFO  |main |DirectJDKLog.java:173 |org.apache.catalina.core.ContainerBase.[Tomcat].[localhost].[/] |Initializing Spring embedded WebApplicationContext
2024-06-18 21:49:48 |INFO  |main |ServletWebServerApplicationContext.java:290 |org.springframework.boot.web.servlet.context.ServletWebServerApplicationContext |Root WebApplicationContext: initialization completed in 11725 ms
2024-06-18 21:49:55 |INFO  |main |MybatisPlusJoinAutoConfiguration.java:140 |com.github.yulichang.autoconfigure.MybatisPlusJoinAutoConfiguration |mybatis plus join properties config complete
2024-06-18 21:49:56 |INFO  |main |MybatisPlusJoinAutoConfiguration.java:140 |com.github.yulichang.autoconfigure.MybatisPlusJoinAutoConfiguration |mybatis plus join SqlInjector init
2024-06-18 21:50:06 |INFO  |main |WebMvcPropertySourcedRequestMappingHandlerMapping.java:69 |springfox.documentation.spring.web.WebMvcPropertySourcedRequestMappingHandlerMapping |Mapped URL path [/v2/api-docs] onto method [springfox.documentation.swagger2.web.Swagger2ControllerWebMvc#getDocumentation(String, HttpServletRequest)]
2024-06-18 21:50:10 |INFO  |main |DirectJDKLog.java:173 |org.apache.coyote.http11.Http11NioProtocol |Starting ProtocolHandler ["http-nio-1688"]
2024-06-18 21:50:10 |INFO  |main |TomcatWebServer.java:220 |org.springframework.boot.web.embedded.tomcat.TomcatWebServer |Tomcat started on port(s): 1688 (http) with context path ''
2024-06-18 21:50:10 |INFO  |main |DocumentationPluginsBootstrapper.java:93 |springfox.documentation.spring.web.plugins.DocumentationPluginsBootstrapper |Documentation plugins bootstrapped
2024-06-18 21:50:10 |INFO  |main |AbstractDocumentationPluginsBootstrapper.java:79 |springfox.documentation.spring.web.plugins.DocumentationPluginsBootstrapper |Found 1 custom documentation plugin(s)
2024-06-18 21:50:11 |INFO  |main |ApiListingReferenceScanner.java:44 |springfox.documentation.spring.web.scanners.ApiListingReferenceScanner |Scanning for api listing references
2024-06-18 21:50:11 |INFO  |main |StartupInfoLogger.java:61 |ljl.bilibili.ChatApplication |Started ChatApplication in 37.986 seconds (JVM running for 40.447)
2024-06-18 21:50:41 |INFO  |http-nio-1688-exec-1 |DirectJDKLog.java:173 |org.apache.catalina.core.ContainerBase.[Tomcat].[localhost].[/] |Initializing Spring DispatcherServlet 'dispatcherServlet'
2024-06-18 21:50:41 |INFO  |http-nio-1688-exec-1 |FrameworkServlet.java:525 |org.springframework.web.servlet.DispatcherServlet |Initializing Servlet 'dispatcherServlet'
2024-06-18 21:50:41 |INFO  |http-nio-1688-exec-1 |FrameworkServlet.java:547 |org.springframework.web.servlet.DispatcherServlet |Completed initialization in 6 ms
2024-06-18 21:51:19 |INFO  |http-nio-1688-exec-3 |ChatController.java:229 |ljl.bilibili.chat.controller.ChatController |1
2024-06-18 21:51:19 |INFO  |http-nio-1688-exec-3 |DruidDataSource.java:975 |com.alibaba.druid.pool.DruidDataSource |{dataSource-1} inited
2024-06-18 21:51:24 |INFO  |Thread-34 |ZipkinAutoConfiguration.java:144 |org.springframework.cloud.sleuth.autoconfig.zipkin2.ZipkinAutoConfiguration |Flushing remaining spans on shutdown
2024-06-18 21:51:25 |INFO  |SpringApplicationShutdownHook |DruidDataSource.java:2063 |com.alibaba.druid.pool.DruidDataSource |{dataSource-1} closing ...
2024-06-18 21:51:25 |INFO  |SpringApplicationShutdownHook |DruidDataSource.java:2136 |com.alibaba.druid.pool.DruidDataSource |{dataSource-1} closed
2024-06-18 21:52:20 |INFO  |main |StartupInfoLogger.java:55 |ljl.bilibili.ChatApplication |Starting ChatApplication using Java 1.8.0_65 on DESKTOP-4C1V07J with PID 11276 (E:\bilibili\chat\target\classes started by Administrator in E:\bilibili)
2024-06-18 21:52:20 |INFO  |main |SpringApplication.java:645 |ljl.bilibili.ChatApplication |No active profile set, falling back to 1 default profile: "default"
2024-06-18 21:52:24 |INFO  |main |GenericScope.java:283 |org.springframework.cloud.context.scope.GenericScope |BeanFactory id=a189fafc-1245-3d84-8b2a-95781d25756a
2024-06-18 21:52:26 |INFO  |main |TomcatWebServer.java:108 |org.springframework.boot.web.embedded.tomcat.TomcatWebServer |Tomcat initialized with port(s): 1688 (http)
2024-06-18 21:52:26 |INFO  |main |DirectJDKLog.java:173 |org.apache.coyote.http11.Http11NioProtocol |Initializing ProtocolHandler ["http-nio-1688"]
2024-06-18 21:52:26 |INFO  |main |DirectJDKLog.java:173 |org.apache.catalina.core.StandardService |Starting service [Tomcat]
2024-06-18 21:52:26 |INFO  |main |DirectJDKLog.java:173 |org.apache.catalina.core.StandardEngine |Starting Servlet engine: [Apache Tomcat/9.0.65]
2024-06-18 21:52:26 |INFO  |main |DirectJDKLog.java:173 |org.apache.catalina.core.ContainerBase.[Tomcat].[localhost].[/] |Initializing Spring embedded WebApplicationContext
2024-06-18 21:52:26 |INFO  |main |ServletWebServerApplicationContext.java:290 |org.springframework.boot.web.servlet.context.ServletWebServerApplicationContext |Root WebApplicationContext: initialization completed in 5689 ms
2024-06-18 21:52:29 |INFO  |main |MybatisPlusJoinAutoConfiguration.java:140 |com.github.yulichang.autoconfigure.MybatisPlusJoinAutoConfiguration |mybatis plus join properties config complete
2024-06-18 21:52:29 |INFO  |main |MybatisPlusJoinAutoConfiguration.java:140 |com.github.yulichang.autoconfigure.MybatisPlusJoinAutoConfiguration |mybatis plus join SqlInjector init
2024-06-18 21:52:32 |INFO  |main |WebMvcPropertySourcedRequestMappingHandlerMapping.java:69 |springfox.documentation.spring.web.WebMvcPropertySourcedRequestMappingHandlerMapping |Mapped URL path [/v2/api-docs] onto method [springfox.documentation.swagger2.web.Swagger2ControllerWebMvc#getDocumentation(String, HttpServletRequest)]
2024-06-18 21:52:36 |INFO  |main |DirectJDKLog.java:173 |org.apache.coyote.http11.Http11NioProtocol |Starting ProtocolHandler ["http-nio-1688"]
2024-06-18 21:52:36 |INFO  |main |TomcatWebServer.java:220 |org.springframework.boot.web.embedded.tomcat.TomcatWebServer |Tomcat started on port(s): 1688 (http) with context path ''
2024-06-18 21:52:36 |INFO  |main |DocumentationPluginsBootstrapper.java:93 |springfox.documentation.spring.web.plugins.DocumentationPluginsBootstrapper |Documentation plugins bootstrapped
2024-06-18 21:52:36 |INFO  |main |AbstractDocumentationPluginsBootstrapper.java:79 |springfox.documentation.spring.web.plugins.DocumentationPluginsBootstrapper |Found 1 custom documentation plugin(s)
2024-06-18 21:52:36 |INFO  |main |ApiListingReferenceScanner.java:44 |springfox.documentation.spring.web.scanners.ApiListingReferenceScanner |Scanning for api listing references
2024-06-18 21:52:37 |INFO  |main |StartupInfoLogger.java:61 |ljl.bilibili.ChatApplication |Started ChatApplication in 18.143 seconds (JVM running for 20.829)
2024-06-18 21:52:39 |INFO  |http-nio-1688-exec-1 |DirectJDKLog.java:173 |org.apache.catalina.core.ContainerBase.[Tomcat].[localhost].[/] |Initializing Spring DispatcherServlet 'dispatcherServlet'
2024-06-18 21:52:39 |INFO  |http-nio-1688-exec-1 |FrameworkServlet.java:525 |org.springframework.web.servlet.DispatcherServlet |Initializing Servlet 'dispatcherServlet'
2024-06-18 21:52:39 |INFO  |http-nio-1688-exec-1 |FrameworkServlet.java:547 |org.springframework.web.servlet.DispatcherServlet |Completed initialization in 8 ms
2024-06-18 21:52:52 |INFO  |http-nio-1688-exec-7 |ChatController.java:229 |ljl.bilibili.chat.controller.ChatController |1
2024-06-18 21:52:53 |INFO  |http-nio-1688-exec-7 |DruidDataSource.java:975 |com.alibaba.druid.pool.DruidDataSource |{dataSource-1} inited
2024-06-18 22:05:31 |INFO  |Thread-19 |TimeBasedFilter.java:24 |ljl.bilibili.filter.TimeBasedFilter |






2024-06-18 22:05:31 |INFO  |Thread-19 |ZipkinAutoConfiguration.java:144 |org.springframework.cloud.sleuth.autoconfig.zipkin2.ZipkinAutoConfiguration |Flushing remaining spans on shutdown
2024-06-18 22:05:32 |INFO  |SpringApplicationShutdownHook |DruidDataSource.java:2063 |com.alibaba.druid.pool.DruidDataSource |{dataSource-1} closing ...
2024-06-18 22:05:32 |INFO  |SpringApplicationShutdownHook |DruidDataSource.java:2136 |com.alibaba.druid.pool.DruidDataSource |{dataSource-1} closed
2024-06-18 23:07:59 |INFO  |main |StartupInfoLogger.java:55 |ljl.bilibili.ChatApplication |Starting ChatApplication using Java 1.8.0_65 on DESKTOP-4C1V07J with PID 21164 (E:\bilibili\chat\target\classes started by Administrator in E:\bilibili)
2024-06-18 23:07:59 |INFO  |main |SpringApplication.java:645 |ljl.bilibili.ChatApplication |No active profile set, falling back to 1 default profile: "default"
2024-06-18 23:08:03 |INFO  |main |GenericScope.java:283 |org.springframework.cloud.context.scope.GenericScope |BeanFactory id=a189fafc-1245-3d84-8b2a-95781d25756a
2024-06-18 23:08:05 |INFO  |main |TomcatWebServer.java:108 |org.springframework.boot.web.embedded.tomcat.TomcatWebServer |Tomcat initialized with port(s): 1688 (http)
2024-06-18 23:08:05 |INFO  |main |DirectJDKLog.java:173 |org.apache.coyote.http11.Http11NioProtocol |Initializing ProtocolHandler ["http-nio-1688"]
2024-06-18 23:08:05 |INFO  |main |DirectJDKLog.java:173 |org.apache.catalina.core.StandardService |Starting service [Tomcat]
2024-06-18 23:08:05 |INFO  |main |DirectJDKLog.java:173 |org.apache.catalina.core.StandardEngine |Starting Servlet engine: [Apache Tomcat/9.0.65]
2024-06-18 23:08:05 |INFO  |main |DirectJDKLog.java:173 |org.apache.catalina.core.ContainerBase.[Tomcat].[localhost].[/] |Initializing Spring embedded WebApplicationContext
2024-06-18 23:08:05 |INFO  |main |ServletWebServerApplicationContext.java:290 |org.springframework.boot.web.servlet.context.ServletWebServerApplicationContext |Root WebApplicationContext: initialization completed in 6108 ms
2024-06-18 23:08:08 |INFO  |main |MybatisPlusJoinAutoConfiguration.java:140 |com.github.yulichang.autoconfigure.MybatisPlusJoinAutoConfiguration |mybatis plus join properties config complete
2024-06-18 23:08:08 |INFO  |main |MybatisPlusJoinAutoConfiguration.java:140 |com.github.yulichang.autoconfigure.MybatisPlusJoinAutoConfiguration |mybatis plus join SqlInjector init
2024-06-18 23:08:11 |INFO  |main |WebMvcPropertySourcedRequestMappingHandlerMapping.java:69 |springfox.documentation.spring.web.WebMvcPropertySourcedRequestMappingHandlerMapping |Mapped URL path [/v2/api-docs] onto method [springfox.documentation.swagger2.web.Swagger2ControllerWebMvc#getDocumentation(String, HttpServletRequest)]
2024-06-18 23:08:15 |INFO  |main |DirectJDKLog.java:173 |org.apache.coyote.http11.Http11NioProtocol |Starting ProtocolHandler ["http-nio-1688"]
2024-06-18 23:08:15 |INFO  |main |TomcatWebServer.java:220 |org.springframework.boot.web.embedded.tomcat.TomcatWebServer |Tomcat started on port(s): 1688 (http) with context path ''
2024-06-18 23:08:16 |INFO  |main |DocumentationPluginsBootstrapper.java:93 |springfox.documentation.spring.web.plugins.DocumentationPluginsBootstrapper |Documentation plugins bootstrapped
2024-06-18 23:08:16 |INFO  |main |AbstractDocumentationPluginsBootstrapper.java:79 |springfox.documentation.spring.web.plugins.DocumentationPluginsBootstrapper |Found 1 custom documentation plugin(s)
2024-06-18 23:08:16 |INFO  |main |ApiListingReferenceScanner.java:44 |springfox.documentation.spring.web.scanners.ApiListingReferenceScanner |Scanning for api listing references
2024-06-18 23:08:16 |INFO  |main |StartupInfoLogger.java:61 |ljl.bilibili.ChatApplication |Started ChatApplication in 19.332 seconds (JVM running for 21.907)
2024-06-18 23:09:18 |INFO  |http-nio-1688-exec-1 |DirectJDKLog.java:173 |org.apache.catalina.core.ContainerBase.[Tomcat].[localhost].[/] |Initializing Spring DispatcherServlet 'dispatcherServlet'
2024-06-18 23:09:18 |INFO  |http-nio-1688-exec-1 |FrameworkServlet.java:525 |org.springframework.web.servlet.DispatcherServlet |Initializing Servlet 'dispatcherServlet'
2024-06-18 23:09:18 |INFO  |http-nio-1688-exec-1 |FrameworkServlet.java:547 |org.springframework.web.servlet.DispatcherServlet |Completed initialization in 8 ms
2024-06-18 23:09:18 |INFO  |http-nio-1688-exec-1 |ChatController.java:211 |ljl.bilibili.chat.controller.ChatController |1
2024-06-18 23:09:19 |INFO  |http-nio-1688-exec-1 |DruidDataSource.java:975 |com.alibaba.druid.pool.DruidDataSource |{dataSource-1} inited
2024-06-18 23:13:09 |INFO  |Thread-17 |TimeBasedFilter.java:24 |ljl.bilibili.filter.TimeBasedFilter |






2024-06-18 23:13:09 |INFO  |Thread-17 |ZipkinAutoConfiguration.java:144 |org.springframework.cloud.sleuth.autoconfig.zipkin2.ZipkinAutoConfiguration |Flushing remaining spans on shutdown
2024-06-18 23:13:11 |INFO  |SpringApplicationShutdownHook |DruidDataSource.java:2063 |com.alibaba.druid.pool.DruidDataSource |{dataSource-1} closing ...
2024-06-18 23:13:11 |INFO  |SpringApplicationShutdownHook |DruidDataSource.java:2136 |com.alibaba.druid.pool.DruidDataSource |{dataSource-1} closed
2024-06-18 23:13:26 |INFO  |main |StartupInfoLogger.java:55 |ljl.bilibili.ChatApplication |Starting ChatApplication using Java 1.8.0_65 on DESKTOP-4C1V07J with PID 21752 (E:\bilibili\chat\target\classes started by Administrator in E:\bilibili)
2024-06-18 23:13:26 |INFO  |main |SpringApplication.java:645 |ljl.bilibili.ChatApplication |No active profile set, falling back to 1 default profile: "default"
2024-06-18 23:13:29 |INFO  |main |GenericScope.java:283 |org.springframework.cloud.context.scope.GenericScope |BeanFactory id=a189fafc-1245-3d84-8b2a-95781d25756a
2024-06-18 23:13:31 |INFO  |main |TomcatWebServer.java:108 |org.springframework.boot.web.embedded.tomcat.TomcatWebServer |Tomcat initialized with port(s): 1688 (http)
2024-06-18 23:13:31 |INFO  |main |DirectJDKLog.java:173 |org.apache.coyote.http11.Http11NioProtocol |Initializing ProtocolHandler ["http-nio-1688"]
2024-06-18 23:13:31 |INFO  |main |DirectJDKLog.java:173 |org.apache.catalina.core.StandardService |Starting service [Tomcat]
2024-06-18 23:13:31 |INFO  |main |DirectJDKLog.java:173 |org.apache.catalina.core.StandardEngine |Starting Servlet engine: [Apache Tomcat/9.0.65]
2024-06-18 23:13:31 |INFO  |main |DirectJDKLog.java:173 |org.apache.catalina.core.ContainerBase.[Tomcat].[localhost].[/] |Initializing Spring embedded WebApplicationContext
2024-06-18 23:13:31 |INFO  |main |ServletWebServerApplicationContext.java:290 |org.springframework.boot.web.servlet.context.ServletWebServerApplicationContext |Root WebApplicationContext: initialization completed in 4519 ms
2024-06-18 23:13:33 |INFO  |main |MybatisPlusJoinAutoConfiguration.java:140 |com.github.yulichang.autoconfigure.MybatisPlusJoinAutoConfiguration |mybatis plus join properties config complete
2024-06-18 23:13:34 |INFO  |main |MybatisPlusJoinAutoConfiguration.java:140 |com.github.yulichang.autoconfigure.MybatisPlusJoinAutoConfiguration |mybatis plus join SqlInjector init
2024-06-18 23:13:36 |INFO  |main |WebMvcPropertySourcedRequestMappingHandlerMapping.java:69 |springfox.documentation.spring.web.WebMvcPropertySourcedRequestMappingHandlerMapping |Mapped URL path [/v2/api-docs] onto method [springfox.documentation.swagger2.web.Swagger2ControllerWebMvc#getDocumentation(String, HttpServletRequest)]
2024-06-18 23:13:39 |INFO  |main |DirectJDKLog.java:173 |org.apache.coyote.http11.Http11NioProtocol |Starting ProtocolHandler ["http-nio-1688"]
2024-06-18 23:13:39 |INFO  |main |TomcatWebServer.java:220 |org.springframework.boot.web.embedded.tomcat.TomcatWebServer |Tomcat started on port(s): 1688 (http) with context path ''
2024-06-18 23:13:40 |INFO  |main |DocumentationPluginsBootstrapper.java:93 |springfox.documentation.spring.web.plugins.DocumentationPluginsBootstrapper |Documentation plugins bootstrapped
2024-06-18 23:13:40 |INFO  |main |AbstractDocumentationPluginsBootstrapper.java:79 |springfox.documentation.spring.web.plugins.DocumentationPluginsBootstrapper |Found 1 custom documentation plugin(s)
2024-06-18 23:13:40 |INFO  |main |ApiListingReferenceScanner.java:44 |springfox.documentation.spring.web.scanners.ApiListingReferenceScanner |Scanning for api listing references
2024-06-18 23:13:40 |INFO  |main |StartupInfoLogger.java:61 |ljl.bilibili.ChatApplication |Started ChatApplication in 15.348 seconds (JVM running for 17.269)
2024-06-18 23:13:44 |INFO  |http-nio-1688-exec-1 |DirectJDKLog.java:173 |org.apache.catalina.core.ContainerBase.[Tomcat].[localhost].[/] |Initializing Spring DispatcherServlet 'dispatcherServlet'
2024-06-18 23:13:44 |INFO  |http-nio-1688-exec-1 |FrameworkServlet.java:525 |org.springframework.web.servlet.DispatcherServlet |Initializing Servlet 'dispatcherServlet'
2024-06-18 23:13:44 |INFO  |http-nio-1688-exec-1 |FrameworkServlet.java:547 |org.springframework.web.servlet.DispatcherServlet |Completed initialization in 2 ms
2024-06-18 23:13:44 |INFO  |http-nio-1688-exec-1 |ChatController.java:211 |ljl.bilibili.chat.controller.ChatController |1
2024-06-18 23:13:45 |INFO  |http-nio-1688-exec-1 |DruidDataSource.java:975 |com.alibaba.druid.pool.DruidDataSource |{dataSource-1} inited
2024-06-18 23:14:10 |INFO  |Thread-17 |ZipkinAutoConfiguration.java:144 |org.springframework.cloud.sleuth.autoconfig.zipkin2.ZipkinAutoConfiguration |Flushing remaining spans on shutdown
2024-06-18 23:14:11 |INFO  |SpringApplicationShutdownHook |DruidDataSource.java:2063 |com.alibaba.druid.pool.DruidDataSource |{dataSource-1} closing ...
2024-06-18 23:14:11 |INFO  |SpringApplicationShutdownHook |DruidDataSource.java:2136 |com.alibaba.druid.pool.DruidDataSource |{dataSource-1} closed
2024-06-18 23:23:32 |INFO  |main |StartupInfoLogger.java:55 |ljl.bilibili.ChatApplication |Starting ChatApplication using Java 1.8.0_65 on DESKTOP-4C1V07J with PID 12456 (E:\bilibili\chat\target\classes started by Administrator in E:\bilibili)
2024-06-18 23:23:32 |INFO  |main |SpringApplication.java:645 |ljl.bilibili.ChatApplication |No active profile set, falling back to 1 default profile: "default"
2024-06-18 23:23:35 |INFO  |main |GenericScope.java:283 |org.springframework.cloud.context.scope.GenericScope |BeanFactory id=a189fafc-1245-3d84-8b2a-95781d25756a
2024-06-18 23:23:37 |INFO  |main |TomcatWebServer.java:108 |org.springframework.boot.web.embedded.tomcat.TomcatWebServer |Tomcat initialized with port(s): 1688 (http)
2024-06-18 23:23:37 |INFO  |main |DirectJDKLog.java:173 |org.apache.coyote.http11.Http11NioProtocol |Initializing ProtocolHandler ["http-nio-1688"]
2024-06-18 23:23:37 |INFO  |main |DirectJDKLog.java:173 |org.apache.catalina.core.StandardService |Starting service [Tomcat]
2024-06-18 23:23:37 |INFO  |main |DirectJDKLog.java:173 |org.apache.catalina.core.StandardEngine |Starting Servlet engine: [Apache Tomcat/9.0.65]
2024-06-18 23:23:37 |INFO  |main |DirectJDKLog.java:173 |org.apache.catalina.core.ContainerBase.[Tomcat].[localhost].[/] |Initializing Spring embedded WebApplicationContext
2024-06-18 23:23:37 |INFO  |main |ServletWebServerApplicationContext.java:290 |org.springframework.boot.web.servlet.context.ServletWebServerApplicationContext |Root WebApplicationContext: initialization completed in 4725 ms
2024-06-18 23:23:39 |INFO  |main |MybatisPlusJoinAutoConfiguration.java:140 |com.github.yulichang.autoconfigure.MybatisPlusJoinAutoConfiguration |mybatis plus join properties config complete
2024-06-18 23:23:39 |INFO  |main |MybatisPlusJoinAutoConfiguration.java:140 |com.github.yulichang.autoconfigure.MybatisPlusJoinAutoConfiguration |mybatis plus join SqlInjector init
2024-06-18 23:23:41 |INFO  |main |WebMvcPropertySourcedRequestMappingHandlerMapping.java:69 |springfox.documentation.spring.web.WebMvcPropertySourcedRequestMappingHandlerMapping |Mapped URL path [/v2/api-docs] onto method [springfox.documentation.swagger2.web.Swagger2ControllerWebMvc#getDocumentation(String, HttpServletRequest)]
2024-06-18 23:23:44 |INFO  |main |DirectJDKLog.java:173 |org.apache.coyote.http11.Http11NioProtocol |Starting ProtocolHandler ["http-nio-1688"]
2024-06-18 23:23:44 |INFO  |main |TomcatWebServer.java:220 |org.springframework.boot.web.embedded.tomcat.TomcatWebServer |Tomcat started on port(s): 1688 (http) with context path ''
2024-06-18 23:23:44 |INFO  |main |DocumentationPluginsBootstrapper.java:93 |springfox.documentation.spring.web.plugins.DocumentationPluginsBootstrapper |Documentation plugins bootstrapped
2024-06-18 23:23:44 |INFO  |main |AbstractDocumentationPluginsBootstrapper.java:79 |springfox.documentation.spring.web.plugins.DocumentationPluginsBootstrapper |Found 1 custom documentation plugin(s)
2024-06-18 23:23:44 |INFO  |main |ApiListingReferenceScanner.java:44 |springfox.documentation.spring.web.scanners.ApiListingReferenceScanner |Scanning for api listing references
2024-06-18 23:23:44 |INFO  |main |StartupInfoLogger.java:61 |ljl.bilibili.ChatApplication |Started ChatApplication in 13.922 seconds (JVM running for 15.453)
2024-06-18 23:23:52 |INFO  |http-nio-1688-exec-1 |DirectJDKLog.java:173 |org.apache.catalina.core.ContainerBase.[Tomcat].[localhost].[/] |Initializing Spring DispatcherServlet 'dispatcherServlet'
2024-06-18 23:23:52 |INFO  |http-nio-1688-exec-1 |FrameworkServlet.java:525 |org.springframework.web.servlet.DispatcherServlet |Initializing Servlet 'dispatcherServlet'
2024-06-18 23:23:52 |INFO  |http-nio-1688-exec-1 |FrameworkServlet.java:547 |org.springframework.web.servlet.DispatcherServlet |Completed initialization in 2 ms
2024-06-18 23:23:56 |INFO  |http-nio-1688-exec-6 |ChatController.java:211 |ljl.bilibili.chat.controller.ChatController |1
2024-06-18 23:23:59 |INFO  |http-nio-1688-exec-7 |ChatController.java:211 |ljl.bilibili.chat.controller.ChatController |1
