2024-03-01 19:12:49 |INFO  |main |SpringApplication.java:645 |ljl.bilibili.video.VideoApplication |No active profile set, falling back to 1 default profile: "default"
2024-03-01 19:12:54 |INFO  |main |GenericScope.java:283 |org.springframework.cloud.context.scope.GenericScope |BeanFactory id=e220b647-0dba-3cd9-ac0a-399d08c770de
2024-03-01 19:12:57 |INFO  |main |TomcatWebServer.java:108 |org.springframework.boot.web.embedded.tomcat.TomcatWebServer |Tomcat initialized with port(s): 10201 (http)
2024-03-01 19:12:57 |INFO  |main |DirectJDKLog.java:173 |org.apache.coyote.http11.Http11NioProtocol |Initializing ProtocolHandler ["http-nio-10201"]
2024-03-01 19:12:57 |INFO  |main |DirectJDKLog.java:173 |org.apache.catalina.core.StandardService |Starting service [Tomcat]
2024-03-01 19:12:57 |INFO  |main |DirectJDKLog.java:173 |org.apache.catalina.core.StandardEngine |Starting Servlet engine: [Apache Tomcat/9.0.65]
2024-03-01 19:12:57 |INFO  |main |DirectJDKLog.java:173 |org.apache.catalina.core.ContainerBase.[Tomcat].[localhost].[/] |Initializing Spring embedded WebApplicationContext
2024-03-01 19:12:57 |INFO  |main |ServletWebServerApplicationContext.java:290 |org.springframework.boot.web.servlet.context.ServletWebServerApplicationContext |Root WebApplicationContext: initialization completed in 7534 ms
2024-03-01 19:12:58 |INFO  |main |MybatisPlusJoinAutoConfiguration.java:140 |com.github.yulichang.autoconfigure.MybatisPlusJoinAutoConfiguration |mybatis plus join properties config complete
2024-03-01 19:12:59 |INFO  |main |MybatisPlusJoinAutoConfiguration.java:140 |com.github.yulichang.autoconfigure.MybatisPlusJoinAutoConfiguration |mybatis plus join SqlInjector init
2024-03-01 19:13:01 |WARN  |main |TableInfoHelper.java:423 |com.baomidou.mybatisplus.core.metadata.TableInfoHelper |This primary key of "id" is primitive !不建议如此请使用包装类 in Class: "ljl.entity.notice.dynamic.DynamicToUser"
2024-03-01 19:13:03 |INFO  |main |WebMvcPropertySourcedRequestMappingHandlerMapping.java:69 |springfox.documentation.spring.web.WebMvcPropertySourcedRequestMappingHandlerMapping |Mapped URL path [/v2/api-docs] onto method [springfox.documentation.swagger2.web.Swagger2ControllerWebMvc#getDocumentation(String, HttpServletRequest)]
2024-03-01 19:13:04 |INFO  |main |RpcClientFactory.java:80 |com.alibaba.nacos.common.remote.client |[RpcClientFactory] create a new rpc client of 451e8163-6e8d-4541-bc6c-5b559a75ede5
2024-03-01 19:13:04 |INFO  |main |Reflections.java:232 |org.reflections.Reflections |Reflections took 146 ms to scan 1 urls, producing 3 keys and 6 values 
2024-03-01 19:13:04 |INFO  |main |Reflections.java:232 |org.reflections.Reflections |Reflections took 39 ms to scan 1 urls, producing 4 keys and 9 values 
2024-03-01 19:13:04 |INFO  |main |Reflections.java:232 |org.reflections.Reflections |Reflections took 38 ms to scan 1 urls, producing 3 keys and 10 values 
2024-03-01 19:13:05 |INFO  |main |Reflections.java:232 |org.reflections.Reflections |Reflections took 269 ms to scan 255 urls, producing 0 keys and 0 values 
2024-03-01 19:13:05 |INFO  |main |Reflections.java:232 |org.reflections.Reflections |Reflections took 12 ms to scan 1 urls, producing 1 keys and 5 values 
2024-03-01 19:13:05 |INFO  |main |Reflections.java:232 |org.reflections.Reflections |Reflections took 12 ms to scan 1 urls, producing 1 keys and 7 values 
2024-03-01 19:13:05 |INFO  |main |Reflections.java:232 |org.reflections.Reflections |Reflections took 12 ms to scan 1 urls, producing 2 keys and 8 values 
2024-03-01 19:13:05 |INFO  |main |Reflections.java:232 |org.reflections.Reflections |Reflections took 258 ms to scan 255 urls, producing 0 keys and 0 values 
2024-03-01 19:13:05 |INFO  |main |LoggerUtils.java:60 |com.alibaba.nacos.common.remote.client |[451e8163-6e8d-4541-bc6c-5b559a75ede5] RpcClient init label, labels = {module=naming, source=sdk}
2024-03-01 19:13:05 |INFO  |main |LoggerUtils.java:60 |com.alibaba.nacos.common.remote.client |[451e8163-6e8d-4541-bc6c-5b559a75ede5] RpcClient init, ServerListFactory = com.alibaba.nacos.client.naming.core.ServerListManager
2024-03-01 19:13:05 |INFO  |main |LoggerUtils.java:60 |com.alibaba.nacos.common.remote.client |[451e8163-6e8d-4541-bc6c-5b559a75ede5] Registry connection listener to current client:com.alibaba.nacos.client.naming.remote.gprc.redo.NamingGrpcRedoService
2024-03-01 19:13:05 |INFO  |main |LoggerUtils.java:60 |com.alibaba.nacos.common.remote.client |[451e8163-6e8d-4541-bc6c-5b559a75ede5] Register server push request handler:com.alibaba.nacos.client.naming.remote.gprc.NamingPushRequestHandler
2024-03-01 19:13:05 |INFO  |main |LoggerUtils.java:60 |com.alibaba.nacos.common.remote.client |[451e8163-6e8d-4541-bc6c-5b559a75ede5] Try to connect to server on start up, server: {serverIp = '116.62.71.84', server main port = 8848}
2024-03-01 19:13:08 |INFO  |main |LoggerUtils.java:60 |com.alibaba.nacos.common.remote.client |[451e8163-6e8d-4541-bc6c-5b559a75ede5] Success to connect to server [116.62.71.84:8848] on start up, connectionId = 1709291588512_120.227.129.112_46284
2024-03-01 19:13:08 |INFO  |com.alibaba.nacos.client.remote.worker |LoggerUtils.java:60 |com.alibaba.nacos.common.remote.client |[451e8163-6e8d-4541-bc6c-5b559a75ede5] Notify connected event to listeners.
2024-03-01 19:13:08 |INFO  |main |LoggerUtils.java:60 |com.alibaba.nacos.common.remote.client |[451e8163-6e8d-4541-bc6c-5b559a75ede5] Register server push request handler:com.alibaba.nacos.common.remote.client.RpcClient$ConnectResetRequestHandler
2024-03-01 19:13:08 |INFO  |main |LoggerUtils.java:60 |com.alibaba.nacos.common.remote.client |[451e8163-6e8d-4541-bc6c-5b559a75ede5] Register server push request handler:com.alibaba.nacos.common.remote.client.RpcClient$$Lambda$884/2013958608
2024-03-01 19:13:09 |WARN  |main |LoadBalancerCacheAutoConfiguration.java:82 |org.springframework.cloud.loadbalancer.config.LoadBalancerCacheAutoConfiguration$LoadBalancerCaffeineWarnLogger |Spring Cloud LoadBalancer is currently working with the default cache. While this cache implementation is useful for development and tests, it's recommended to use Caffeine cache in production.You can switch to using Caffeine cache, by adding it and org.springframework.cache.caffeine.CaffeineCacheManager to the classpath.
2024-03-01 19:13:10 |INFO  |main |DirectJDKLog.java:173 |org.apache.coyote.http11.Http11NioProtocol |Starting ProtocolHandler ["http-nio-10201"]
2024-03-01 19:13:10 |INFO  |main |TomcatWebServer.java:220 |org.springframework.boot.web.embedded.tomcat.TomcatWebServer |Tomcat started on port(s): 10201 (http) with context path ''
2024-03-01 19:13:10 |INFO  |main |NacosServiceRegistry.java:65 |com.alibaba.cloud.nacos.registry.NacosServiceRegistry |nacos registry, DEFAULT_GROUP video 192.168.0.100:10201 register finished
2024-03-01 19:13:10 |INFO  |main |DocumentationPluginsBootstrapper.java:93 |springfox.documentation.spring.web.plugins.DocumentationPluginsBootstrapper |Documentation plugins bootstrapped
2024-03-01 19:13:10 |INFO  |main |AbstractDocumentationPluginsBootstrapper.java:79 |springfox.documentation.spring.web.plugins.DocumentationPluginsBootstrapper |Found 1 custom documentation plugin(s)
2024-03-01 19:13:10 |INFO  |main |ApiListingReferenceScanner.java:44 |springfox.documentation.spring.web.scanners.ApiListingReferenceScanner |Scanning for api listing references
2024-03-01 19:13:11 |INFO  |main |CachingOperationNameGenerator.java:41 |springfox.documentation.spring.web.readers.operation.CachingOperationNameGenerator |Generating unique operation named: getCollectGroupUsingGET_1
2024-03-01 19:13:11 |INFO  |main |CachingOperationNameGenerator.java:41 |springfox.documentation.spring.web.readers.operation.CachingOperationNameGenerator |Generating unique operation named: getCommentUsingGET_1
2024-03-01 19:13:11 |INFO  |main |CachingOperationNameGenerator.java:41 |springfox.documentation.spring.web.readers.operation.CachingOperationNameGenerator |Generating unique operation named: getDanmakuUsingGET_1
2024-03-01 19:13:11 |INFO  |main |StartupInfoLogger.java:61 |ljl.bilibili.video.VideoApplication |Started VideoApplication in 27.691 seconds (JVM running for 30.688)
2024-03-01 19:24:17 |INFO  |http-nio-10201-exec-1 |TimeBasedFilter.java:24 |ljl.filter.TimeBasedFilter |






2024-03-01 19:24:17 |INFO  |http-nio-10201-exec-1 |DirectJDKLog.java:173 |org.apache.catalina.core.ContainerBase.[Tomcat].[localhost].[/] |Initializing Spring DispatcherServlet 'dispatcherServlet'
2024-03-01 19:24:17 |INFO  |http-nio-10201-exec-1 |FrameworkServlet.java:525 |org.springframework.web.servlet.DispatcherServlet |Initializing Servlet 'dispatcherServlet'
2024-03-01 19:24:17 |INFO  |http-nio-10201-exec-1 |FrameworkServlet.java:547 |org.springframework.web.servlet.DispatcherServlet |Completed initialization in 13 ms
2024-03-01 19:24:36 |INFO  |http-nio-10201-exec-6 |LikeController.java:27 |ljl.video.controller.audience_reactions.like.LikeController |点赞评论
2024-03-01 19:24:36 |INFO  |http-nio-10201-exec-6 |LikeController.java:28 |ljl.video.controller.audience_reactions.like.LikeController |LikeRequest(userId=6, videoId=1, commentId=null)
2024-03-01 19:24:36 |INFO  |http-nio-10201-exec-6 |LikeController.java:29 |ljl.video.controller.audience_reactions.like.LikeController |

2024-03-01 19:24:36 |INFO  |http-nio-10201-exec-6 |LikeController.java:30 |ljl.video.controller.audience_reactions.like.LikeController |

2024-03-01 19:24:36 |INFO  |http-nio-10201-exec-6 |LikeController.java:31 |ljl.video.controller.audience_reactions.like.LikeController |

2024-03-01 19:24:37 |INFO  |http-nio-10201-exec-6 |DruidDataSource.java:975 |com.alibaba.druid.pool.DruidDataSource |{dataSource-1} inited
2024-03-01 19:24:39 |ERROR |http-nio-10201-exec-6 |GlobalExceptionHandler.java:26 |ljl.handler.GlobalExceptionHandler |
feign.FeignException: [600] during [POST] to [http://localhost:30000/notice/sendLikeNotice] [SendNoticeClient#sendLikeNotice(LikeNoticeAddOrDelete)]: [{"code":600,"msg":"寄了,JSON parse error: Unrecognized field \"type\" (class ljl.entity.notice.like.LikeNotice), not marked as ignorable; nested exception is com.fasterxml.jackson.databind.exc.Unrecogni... (602 bytes)]
	at feign.FeignException.errorStatus(FeignException.java:199)
	at feign.FeignException.errorStatus(FeignException.java:185)
	at feign.codec.ErrorDecoder$Default.decode(ErrorDecoder.java:92)
	at feign.AsyncResponseHandler.handleResponse(AsyncResponseHandler.java:96)
	at feign.SynchronousMethodHandler.executeAndDecode(SynchronousMethodHandler.java:138)
	at feign.SynchronousMethodHandler.invoke(SynchronousMethodHandler.java:89)
	at feign.ReflectiveFeign$FeignInvocationHandler.invoke(ReflectiveFeign.java:100)
	at com.sun.proxy.$Proxy143.sendLikeNotice(Unknown Source)
	at ljl.video.service.audience_reactions.like.LikeService.like(LikeService.java:38)
	at ljl.video.controller.audience_reactions.like.LikeController.like(LikeController.java:32)
	at sun.reflect.NativeMethodAccessorImpl.invoke0(Native Method)
	at sun.reflect.NativeMethodAccessorImpl.invoke(NativeMethodAccessorImpl.java:62)
	at sun.reflect.DelegatingMethodAccessorImpl.invoke(DelegatingMethodAccessorImpl.java:43)
	at java.lang.reflect.Method.invoke(Method.java:497)
	at org.springframework.web.method.support.InvocableHandlerMethod.doInvoke(InvocableHandlerMethod.java:205)
	at org.springframework.web.method.support.InvocableHandlerMethod.invokeForRequest(InvocableHandlerMethod.java:150)
	at org.springframework.web.servlet.mvc.method.annotation.ServletInvocableHandlerMethod.invokeAndHandle(ServletInvocableHandlerMethod.java:117)
	at org.springframework.web.servlet.mvc.method.annotation.RequestMappingHandlerAdapter.invokeHandlerMethod(RequestMappingHandlerAdapter.java:895)
	at org.springframework.web.servlet.mvc.method.annotation.RequestMappingHandlerAdapter.handleInternal(RequestMappingHandlerAdapter.java:808)
	at org.springframework.web.servlet.mvc.method.AbstractHandlerMethodAdapter.handle(AbstractHandlerMethodAdapter.java:87)
	at org.springframework.web.servlet.DispatcherServlet.doDispatch(DispatcherServlet.java:1070)
	at org.springframework.web.servlet.DispatcherServlet.doService(DispatcherServlet.java:963)
	at org.springframework.web.servlet.FrameworkServlet.processRequest(FrameworkServlet.java:1006)
	at org.springframework.web.servlet.FrameworkServlet.doPost(FrameworkServlet.java:909)
	at javax.servlet.http.HttpServlet.service(HttpServlet.java:681)
	at org.springframework.web.servlet.FrameworkServlet.service(FrameworkServlet.java:883)
	at javax.servlet.http.HttpServlet.service(HttpServlet.java:764)
	at org.apache.catalina.core.ApplicationFilterChain.internalDoFilter(ApplicationFilterChain.java:227)
	at org.apache.catalina.core.ApplicationFilterChain.doFilter(ApplicationFilterChain.java:162)
	at org.apache.tomcat.websocket.server.WsFilter.doFilter(WsFilter.java:53)
	at org.apache.catalina.core.ApplicationFilterChain.internalDoFilter(ApplicationFilterChain.java:189)
	at org.apache.catalina.core.ApplicationFilterChain.doFilter(ApplicationFilterChain.java:162)
	at org.springframework.web.filter.RequestContextFilter.doFilterInternal(RequestContextFilter.java:100)
	at org.springframework.web.filter.OncePerRequestFilter.doFilter(OncePerRequestFilter.java:117)
	at org.apache.catalina.core.ApplicationFilterChain.internalDoFilter(ApplicationFilterChain.java:189)
	at org.apache.catalina.core.ApplicationFilterChain.doFilter(ApplicationFilterChain.java:162)
	at org.springframework.web.filter.FormContentFilter.doFilterInternal(FormContentFilter.java:93)
	at org.springframework.web.filter.OncePerRequestFilter.doFilter(OncePerRequestFilter.java:117)
	at org.apache.catalina.core.ApplicationFilterChain.internalDoFilter(ApplicationFilterChain.java:189)
	at org.apache.catalina.core.ApplicationFilterChain.doFilter(ApplicationFilterChain.java:162)
	at org.springframework.cloud.sleuth.instrument.web.servlet.TracingFilter.doFilter(TracingFilter.java:68)
	at org.springframework.cloud.sleuth.autoconfig.instrument.web.TraceWebServletConfiguration$LazyTracingFilter.doFilter(TraceWebServletConfiguration.java:131)
	at org.apache.catalina.core.ApplicationFilterChain.internalDoFilter(ApplicationFilterChain.java:189)
	at org.apache.catalina.core.ApplicationFilterChain.doFilter(ApplicationFilterChain.java:162)
	at org.springframework.web.filter.CharacterEncodingFilter.doFilterInternal(CharacterEncodingFilter.java:201)
	at org.springframework.web.filter.OncePerRequestFilter.doFilter(OncePerRequestFilter.java:117)
	at org.apache.catalina.core.ApplicationFilterChain.internalDoFilter(ApplicationFilterChain.java:189)
	at org.apache.catalina.core.ApplicationFilterChain.doFilter(ApplicationFilterChain.java:162)
	at org.apache.catalina.core.StandardWrapperValve.invoke(StandardWrapperValve.java:197)
	at org.apache.catalina.core.StandardContextValve.invoke(StandardContextValve.java:97)
	at org.apache.catalina.authenticator.AuthenticatorBase.invoke(AuthenticatorBase.java:541)
	at org.apache.catalina.core.StandardHostValve.invoke(StandardHostValve.java:135)
	at org.apache.catalina.valves.ErrorReportValve.invoke(ErrorReportValve.java:92)
	at org.apache.catalina.core.StandardEngineValve.invoke(StandardEngineValve.java:78)
	at org.springframework.cloud.sleuth.instrument.web.tomcat.TraceValve.invoke(TraceValve.java:103)
	at org.apache.catalina.connector.CoyoteAdapter.service(CoyoteAdapter.java:360)
	at org.apache.coyote.http11.Http11Processor.service(Http11Processor.java:399)
	at org.apache.coyote.AbstractProcessorLight.process(AbstractProcessorLight.java:65)
	at org.apache.coyote.AbstractProtocol$ConnectionHandler.process(AbstractProtocol.java:890)
	at org.apache.tomcat.util.net.NioEndpoint$SocketProcessor.doRun(NioEndpoint.java:1789)
	at org.apache.tomcat.util.net.SocketProcessorBase.run(SocketProcessorBase.java:49)
	at org.apache.tomcat.util.threads.ThreadPoolExecutor.runWorker(ThreadPoolExecutor.java:1191)
	at org.apache.tomcat.util.threads.ThreadPoolExecutor$Worker.run(ThreadPoolExecutor.java:659)
	at org.apache.tomcat.util.threads.TaskThread$WrappingRunnable.run(TaskThread.java:61)
	at java.lang.Thread.run(Thread.java:745)
2024-03-01 19:26:58 |INFO  |http-nio-10201-exec-8 |LikeController.java:27 |ljl.video.controller.audience_reactions.like.LikeController |点赞评论
2024-03-01 19:26:58 |INFO  |http-nio-10201-exec-8 |LikeController.java:28 |ljl.video.controller.audience_reactions.like.LikeController |LikeRequest(userId=6, videoId=1, commentId=null)
2024-03-01 19:26:58 |INFO  |http-nio-10201-exec-8 |LikeController.java:29 |ljl.video.controller.audience_reactions.like.LikeController |

2024-03-01 19:26:58 |INFO  |http-nio-10201-exec-8 |LikeController.java:30 |ljl.video.controller.audience_reactions.like.LikeController |

2024-03-01 19:26:58 |INFO  |http-nio-10201-exec-8 |LikeController.java:31 |ljl.video.controller.audience_reactions.like.LikeController |

2024-03-01 19:26:59 |ERROR |http-nio-10201-exec-8 |GlobalExceptionHandler.java:26 |ljl.handler.GlobalExceptionHandler |
feign.FeignException: [600] during [POST] to [http://localhost:30000/notice/sendLikeNotice] [SendNoticeClient#sendLikeNotice(LikeNoticeAddOrDelete)]: [{"code":600,"msg":"寄了,JSON parse error: Unrecognized field \"type\" (class ljl.entity.notice.like.LikeNotice), not marked as ignorable; nested exception is com.fasterxml.jackson.databind.exc.Unrecogni... (602 bytes)]
	at feign.FeignException.errorStatus(FeignException.java:199)
	at feign.FeignException.errorStatus(FeignException.java:185)
	at feign.codec.ErrorDecoder$Default.decode(ErrorDecoder.java:92)
	at feign.AsyncResponseHandler.handleResponse(AsyncResponseHandler.java:96)
	at feign.SynchronousMethodHandler.executeAndDecode(SynchronousMethodHandler.java:138)
	at feign.SynchronousMethodHandler.invoke(SynchronousMethodHandler.java:89)
	at feign.ReflectiveFeign$FeignInvocationHandler.invoke(ReflectiveFeign.java:100)
	at com.sun.proxy.$Proxy143.sendLikeNotice(Unknown Source)
	at ljl.video.service.audience_reactions.like.LikeService.like(LikeService.java:38)
	at ljl.video.controller.audience_reactions.like.LikeController.like(LikeController.java:32)
	at sun.reflect.NativeMethodAccessorImpl.invoke0(Native Method)
	at sun.reflect.NativeMethodAccessorImpl.invoke(NativeMethodAccessorImpl.java:62)
	at sun.reflect.DelegatingMethodAccessorImpl.invoke(DelegatingMethodAccessorImpl.java:43)
	at java.lang.reflect.Method.invoke(Method.java:497)
	at org.springframework.web.method.support.InvocableHandlerMethod.doInvoke(InvocableHandlerMethod.java:205)
	at org.springframework.web.method.support.InvocableHandlerMethod.invokeForRequest(InvocableHandlerMethod.java:150)
	at org.springframework.web.servlet.mvc.method.annotation.ServletInvocableHandlerMethod.invokeAndHandle(ServletInvocableHandlerMethod.java:117)
	at org.springframework.web.servlet.mvc.method.annotation.RequestMappingHandlerAdapter.invokeHandlerMethod(RequestMappingHandlerAdapter.java:895)
	at org.springframework.web.servlet.mvc.method.annotation.RequestMappingHandlerAdapter.handleInternal(RequestMappingHandlerAdapter.java:808)
	at org.springframework.web.servlet.mvc.method.AbstractHandlerMethodAdapter.handle(AbstractHandlerMethodAdapter.java:87)
	at org.springframework.web.servlet.DispatcherServlet.doDispatch(DispatcherServlet.java:1070)
	at org.springframework.web.servlet.DispatcherServlet.doService(DispatcherServlet.java:963)
	at org.springframework.web.servlet.FrameworkServlet.processRequest(FrameworkServlet.java:1006)
	at org.springframework.web.servlet.FrameworkServlet.doPost(FrameworkServlet.java:909)
	at javax.servlet.http.HttpServlet.service(HttpServlet.java:681)
	at org.springframework.web.servlet.FrameworkServlet.service(FrameworkServlet.java:883)
	at javax.servlet.http.HttpServlet.service(HttpServlet.java:764)
	at org.apache.catalina.core.ApplicationFilterChain.internalDoFilter(ApplicationFilterChain.java:227)
	at org.apache.catalina.core.ApplicationFilterChain.doFilter(ApplicationFilterChain.java:162)
	at org.apache.tomcat.websocket.server.WsFilter.doFilter(WsFilter.java:53)
	at org.apache.catalina.core.ApplicationFilterChain.internalDoFilter(ApplicationFilterChain.java:189)
	at org.apache.catalina.core.ApplicationFilterChain.doFilter(ApplicationFilterChain.java:162)
	at org.springframework.web.filter.RequestContextFilter.doFilterInternal(RequestContextFilter.java:100)
	at org.springframework.web.filter.OncePerRequestFilter.doFilter(OncePerRequestFilter.java:117)
	at org.apache.catalina.core.ApplicationFilterChain.internalDoFilter(ApplicationFilterChain.java:189)
	at org.apache.catalina.core.ApplicationFilterChain.doFilter(ApplicationFilterChain.java:162)
	at org.springframework.web.filter.FormContentFilter.doFilterInternal(FormContentFilter.java:93)
	at org.springframework.web.filter.OncePerRequestFilter.doFilter(OncePerRequestFilter.java:117)
	at org.apache.catalina.core.ApplicationFilterChain.internalDoFilter(ApplicationFilterChain.java:189)
	at org.apache.catalina.core.ApplicationFilterChain.doFilter(ApplicationFilterChain.java:162)
	at org.springframework.cloud.sleuth.instrument.web.servlet.TracingFilter.doFilter(TracingFilter.java:68)
	at org.springframework.cloud.sleuth.autoconfig.instrument.web.TraceWebServletConfiguration$LazyTracingFilter.doFilter(TraceWebServletConfiguration.java:131)
	at org.apache.catalina.core.ApplicationFilterChain.internalDoFilter(ApplicationFilterChain.java:189)
	at org.apache.catalina.core.ApplicationFilterChain.doFilter(ApplicationFilterChain.java:162)
	at org.springframework.web.filter.CharacterEncodingFilter.doFilterInternal(CharacterEncodingFilter.java:201)
	at org.springframework.web.filter.OncePerRequestFilter.doFilter(OncePerRequestFilter.java:117)
	at org.apache.catalina.core.ApplicationFilterChain.internalDoFilter(ApplicationFilterChain.java:189)
	at org.apache.catalina.core.ApplicationFilterChain.doFilter(ApplicationFilterChain.java:162)
	at org.apache.catalina.core.StandardWrapperValve.invoke(StandardWrapperValve.java:197)
	at org.apache.catalina.core.StandardContextValve.invoke(StandardContextValve.java:97)
	at org.apache.catalina.authenticator.AuthenticatorBase.invoke(AuthenticatorBase.java:541)
	at org.apache.catalina.core.StandardHostValve.invoke(StandardHostValve.java:135)
	at org.apache.catalina.valves.ErrorReportValve.invoke(ErrorReportValve.java:92)
	at org.apache.catalina.core.StandardEngineValve.invoke(StandardEngineValve.java:78)
	at org.springframework.cloud.sleuth.instrument.web.tomcat.TraceValve.invoke(TraceValve.java:103)
	at org.apache.catalina.connector.CoyoteAdapter.service(CoyoteAdapter.java:360)
	at org.apache.coyote.http11.Http11Processor.service(Http11Processor.java:399)
	at org.apache.coyote.AbstractProcessorLight.process(AbstractProcessorLight.java:65)
	at org.apache.coyote.AbstractProtocol$ConnectionHandler.process(AbstractProtocol.java:890)
	at org.apache.tomcat.util.net.NioEndpoint$SocketProcessor.doRun(NioEndpoint.java:1789)
	at org.apache.tomcat.util.net.SocketProcessorBase.run(SocketProcessorBase.java:49)
	at org.apache.tomcat.util.threads.ThreadPoolExecutor.runWorker(ThreadPoolExecutor.java:1191)
	at org.apache.tomcat.util.threads.ThreadPoolExecutor$Worker.run(ThreadPoolExecutor.java:659)
	at org.apache.tomcat.util.threads.TaskThread$WrappingRunnable.run(TaskThread.java:61)
	at java.lang.Thread.run(Thread.java:745)
2024-03-01 19:37:29 |INFO  |http-nio-10201-exec-9 |TimeBasedFilter.java:24 |ljl.filter.TimeBasedFilter |






2024-03-01 19:37:29 |INFO  |http-nio-10201-exec-9 |LikeController.java:27 |ljl.video.controller.audience_reactions.like.LikeController |点赞评论
2024-03-01 19:37:29 |INFO  |http-nio-10201-exec-9 |LikeController.java:28 |ljl.video.controller.audience_reactions.like.LikeController |LikeRequest(userId=12, videoId=1, commentId=null)
2024-03-01 19:37:29 |INFO  |http-nio-10201-exec-9 |LikeController.java:29 |ljl.video.controller.audience_reactions.like.LikeController |

2024-03-01 19:37:29 |INFO  |http-nio-10201-exec-9 |LikeController.java:30 |ljl.video.controller.audience_reactions.like.LikeController |

2024-03-01 19:37:29 |INFO  |http-nio-10201-exec-9 |LikeController.java:31 |ljl.video.controller.audience_reactions.like.LikeController |

2024-03-01 19:49:13 |INFO  |com.alibaba.nacos.client.remote.worker |TimeBasedFilter.java:24 |ljl.filter.TimeBasedFilter |






2024-03-01 19:49:13 |INFO  |com.alibaba.nacos.client.remote.worker |LoggerUtils.java:60 |com.alibaba.nacos.common.remote.client |[451e8163-6e8d-4541-bc6c-5b559a75ede5] Server healthy check fail, currentConnection = 1709291588512_120.227.129.112_46284
2024-03-01 19:49:13 |INFO  |com.alibaba.nacos.client.remote.worker |LoggerUtils.java:60 |com.alibaba.nacos.common.remote.client |[451e8163-6e8d-4541-bc6c-5b559a75ede5] Try to reconnect to a new server, server is  not appointed, will choose a random server.
2024-03-01 19:49:15 |INFO  |com.alibaba.nacos.client.remote.worker |LoggerUtils.java:60 |com.alibaba.nacos.common.remote.client |[451e8163-6e8d-4541-bc6c-5b559a75ede5] Success to connect a server [116.62.71.84:8848], connectionId = 1709293755306_120.227.129.112_46202
2024-03-01 19:49:15 |INFO  |com.alibaba.nacos.client.remote.worker |LoggerUtils.java:60 |com.alibaba.nacos.common.remote.client |[451e8163-6e8d-4541-bc6c-5b559a75ede5] Abandon prev connection, server is 116.62.71.84:8848, connectionId is 1709291588512_120.227.129.112_46284
2024-03-01 19:49:15 |INFO  |com.alibaba.nacos.client.remote.worker |RpcClient.java:591 |com.alibaba.nacos.common.remote.client |Close current connection 1709291588512_120.227.129.112_46284
2024-03-01 19:49:15 |INFO  |com.alibaba.nacos.client.remote.worker |LoggerUtils.java:60 |com.alibaba.nacos.common.remote.client |[451e8163-6e8d-4541-bc6c-5b559a75ede5] Notify disconnected event to listeners
2024-03-01 19:49:15 |WARN  |nacos-grpc-client-executor-441 |LoggerUtils.java:86 |com.alibaba.nacos.common.remote.client.grpc.GrpcClient |[1709291588512_120.227.129.112_46284]Ignore error event,isRunning:true,isAbandon=true
2024-03-01 19:49:15 |INFO  |com.alibaba.nacos.client.remote.worker |LoggerUtils.java:60 |com.alibaba.nacos.common.remote.client |[451e8163-6e8d-4541-bc6c-5b559a75ede5] Notify connected event to listeners.
2024-03-01 19:59:20 |INFO  |com.alibaba.nacos.client.remote.worker |TimeBasedFilter.java:24 |ljl.filter.TimeBasedFilter |






2024-03-01 19:59:20 |INFO  |com.alibaba.nacos.client.remote.worker |LoggerUtils.java:60 |com.alibaba.nacos.common.remote.client |[451e8163-6e8d-4541-bc6c-5b559a75ede5] Server healthy check fail, currentConnection = 1709293755306_120.227.129.112_46202
2024-03-01 19:59:20 |INFO  |com.alibaba.nacos.client.remote.worker |LoggerUtils.java:60 |com.alibaba.nacos.common.remote.client |[451e8163-6e8d-4541-bc6c-5b559a75ede5] Try to reconnect to a new server, server is  not appointed, will choose a random server.
2024-03-01 19:59:20 |INFO  |com.alibaba.nacos.client.remote.worker |LoggerUtils.java:60 |com.alibaba.nacos.common.remote.client |[451e8163-6e8d-4541-bc6c-5b559a75ede5] Success to connect a server [116.62.71.84:8848], connectionId = 1709294360290_120.227.129.112_46522
2024-03-01 19:59:20 |INFO  |com.alibaba.nacos.client.remote.worker |LoggerUtils.java:60 |com.alibaba.nacos.common.remote.client |[451e8163-6e8d-4541-bc6c-5b559a75ede5] Abandon prev connection, server is 116.62.71.84:8848, connectionId is 1709293755306_120.227.129.112_46202
2024-03-01 19:59:20 |INFO  |com.alibaba.nacos.client.remote.worker |RpcClient.java:591 |com.alibaba.nacos.common.remote.client |Close current connection 1709293755306_120.227.129.112_46202
2024-03-01 19:59:20 |INFO  |com.alibaba.nacos.client.remote.worker |LoggerUtils.java:60 |com.alibaba.nacos.common.remote.client |[451e8163-6e8d-4541-bc6c-5b559a75ede5] Notify disconnected event to listeners
2024-03-01 19:59:20 |INFO  |com.alibaba.nacos.client.remote.worker |LoggerUtils.java:60 |com.alibaba.nacos.common.remote.client |[451e8163-6e8d-4541-bc6c-5b559a75ede5] Notify connected event to listeners.
2024-03-01 19:59:20 |WARN  |nacos-grpc-client-executor-565 |LoggerUtils.java:86 |com.alibaba.nacos.common.remote.client.grpc.GrpcClient |[1709293755306_120.227.129.112_46202]Ignore error event,isRunning:true,isAbandon=true
2024-03-01 20:09:24 |INFO  |com.alibaba.nacos.client.remote.worker |TimeBasedFilter.java:24 |ljl.filter.TimeBasedFilter |






2024-03-01 20:09:24 |INFO  |com.alibaba.nacos.client.remote.worker |LoggerUtils.java:60 |com.alibaba.nacos.common.remote.client |[451e8163-6e8d-4541-bc6c-5b559a75ede5] Server healthy check fail, currentConnection = 1709294360290_120.227.129.112_46522
2024-03-01 20:09:24 |INFO  |com.alibaba.nacos.client.remote.worker |LoggerUtils.java:60 |com.alibaba.nacos.common.remote.client |[451e8163-6e8d-4541-bc6c-5b559a75ede5] Try to reconnect to a new server, server is  not appointed, will choose a random server.
2024-03-01 20:09:25 |INFO  |com.alibaba.nacos.client.remote.worker |LoggerUtils.java:60 |com.alibaba.nacos.common.remote.client |[451e8163-6e8d-4541-bc6c-5b559a75ede5] Success to connect a server [116.62.71.84:8848], connectionId = 1709294965120_120.227.129.112_46771
2024-03-01 20:09:25 |INFO  |com.alibaba.nacos.client.remote.worker |LoggerUtils.java:60 |com.alibaba.nacos.common.remote.client |[451e8163-6e8d-4541-bc6c-5b559a75ede5] Abandon prev connection, server is 116.62.71.84:8848, connectionId is 1709294360290_120.227.129.112_46522
2024-03-01 20:09:25 |INFO  |com.alibaba.nacos.client.remote.worker |RpcClient.java:591 |com.alibaba.nacos.common.remote.client |Close current connection 1709294360290_120.227.129.112_46522
2024-03-01 20:09:25 |INFO  |com.alibaba.nacos.client.remote.worker |LoggerUtils.java:60 |com.alibaba.nacos.common.remote.client |[451e8163-6e8d-4541-bc6c-5b559a75ede5] Notify disconnected event to listeners
2024-03-01 20:09:25 |INFO  |com.alibaba.nacos.client.remote.worker |LoggerUtils.java:60 |com.alibaba.nacos.common.remote.client |[451e8163-6e8d-4541-bc6c-5b559a75ede5] Notify connected event to listeners.
2024-03-01 20:09:25 |WARN  |nacos-grpc-client-executor-691 |LoggerUtils.java:86 |com.alibaba.nacos.common.remote.client.grpc.GrpcClient |[1709294360290_120.227.129.112_46522]Ignore error event,isRunning:true,isAbandon=true
2024-03-01 20:19:30 |INFO  |com.alibaba.nacos.client.remote.worker |TimeBasedFilter.java:24 |ljl.filter.TimeBasedFilter |






2024-03-01 20:19:30 |INFO  |com.alibaba.nacos.client.remote.worker |LoggerUtils.java:60 |com.alibaba.nacos.common.remote.client |[451e8163-6e8d-4541-bc6c-5b559a75ede5] Server healthy check fail, currentConnection = 1709294965120_120.227.129.112_46771
2024-03-01 20:19:30 |INFO  |com.alibaba.nacos.client.remote.worker |LoggerUtils.java:60 |com.alibaba.nacos.common.remote.client |[451e8163-6e8d-4541-bc6c-5b559a75ede5] Try to reconnect to a new server, server is  not appointed, will choose a random server.
2024-03-01 20:19:31 |INFO  |com.alibaba.nacos.client.remote.worker |LoggerUtils.java:60 |com.alibaba.nacos.common.remote.client |[451e8163-6e8d-4541-bc6c-5b559a75ede5] Success to connect a server [116.62.71.84:8848], connectionId = 1709295570957_120.227.129.112_46390
2024-03-01 20:19:31 |INFO  |com.alibaba.nacos.client.remote.worker |LoggerUtils.java:60 |com.alibaba.nacos.common.remote.client |[451e8163-6e8d-4541-bc6c-5b559a75ede5] Abandon prev connection, server is 116.62.71.84:8848, connectionId is 1709294965120_120.227.129.112_46771
2024-03-01 20:19:31 |INFO  |com.alibaba.nacos.client.remote.worker |RpcClient.java:591 |com.alibaba.nacos.common.remote.client |Close current connection 1709294965120_120.227.129.112_46771
2024-03-01 20:19:31 |INFO  |com.alibaba.nacos.client.remote.worker |LoggerUtils.java:60 |com.alibaba.nacos.common.remote.client |[451e8163-6e8d-4541-bc6c-5b559a75ede5] Notify disconnected event to listeners
2024-03-01 20:19:31 |WARN  |nacos-grpc-client-executor-814 |LoggerUtils.java:86 |com.alibaba.nacos.common.remote.client.grpc.GrpcClient |[1709294965120_120.227.129.112_46771]Ignore error event,isRunning:true,isAbandon=true
2024-03-01 20:19:31 |INFO  |com.alibaba.nacos.client.remote.worker |LoggerUtils.java:60 |com.alibaba.nacos.common.remote.client |[451e8163-6e8d-4541-bc6c-5b559a75ede5] Notify connected event to listeners.
2024-03-01 20:39:38 |INFO  |com.alibaba.nacos.client.remote.worker |TimeBasedFilter.java:24 |ljl.filter.TimeBasedFilter |






2024-03-01 20:39:38 |INFO  |com.alibaba.nacos.client.remote.worker |LoggerUtils.java:60 |com.alibaba.nacos.common.remote.client |[451e8163-6e8d-4541-bc6c-5b559a75ede5] Server healthy check fail, currentConnection = 1709295570957_120.227.129.112_46390
2024-03-01 20:39:38 |INFO  |com.alibaba.nacos.client.remote.worker |LoggerUtils.java:60 |com.alibaba.nacos.common.remote.client |[451e8163-6e8d-4541-bc6c-5b559a75ede5] Try to reconnect to a new server, server is  not appointed, will choose a random server.
2024-03-01 20:39:39 |INFO  |com.alibaba.nacos.client.remote.worker |LoggerUtils.java:60 |com.alibaba.nacos.common.remote.client |[451e8163-6e8d-4541-bc6c-5b559a75ede5] Success to connect a server [116.62.71.84:8848], connectionId = 1709296779569_120.227.129.112_46843
2024-03-01 20:39:39 |INFO  |com.alibaba.nacos.client.remote.worker |LoggerUtils.java:60 |com.alibaba.nacos.common.remote.client |[451e8163-6e8d-4541-bc6c-5b559a75ede5] Abandon prev connection, server is 116.62.71.84:8848, connectionId is 1709295570957_120.227.129.112_46390
2024-03-01 20:39:39 |INFO  |com.alibaba.nacos.client.remote.worker |RpcClient.java:591 |com.alibaba.nacos.common.remote.client |Close current connection 1709295570957_120.227.129.112_46390
2024-03-01 20:39:39 |WARN  |nacos-grpc-client-executor-1056 |LoggerUtils.java:86 |com.alibaba.nacos.common.remote.client.grpc.GrpcClient |[1709295570957_120.227.129.112_46390]Ignore error event,isRunning:true,isAbandon=true
2024-03-01 20:39:39 |INFO  |com.alibaba.nacos.client.remote.worker |LoggerUtils.java:60 |com.alibaba.nacos.common.remote.client |[451e8163-6e8d-4541-bc6c-5b559a75ede5] Notify disconnected event to listeners
2024-03-01 20:39:39 |INFO  |com.alibaba.nacos.client.remote.worker |LoggerUtils.java:60 |com.alibaba.nacos.common.remote.client |[451e8163-6e8d-4541-bc6c-5b559a75ede5] Notify connected event to listeners.
2024-03-01 20:59:48 |INFO  |com.alibaba.nacos.client.remote.worker |TimeBasedFilter.java:24 |ljl.filter.TimeBasedFilter |






2024-03-01 20:59:48 |INFO  |com.alibaba.nacos.client.remote.worker |LoggerUtils.java:60 |com.alibaba.nacos.common.remote.client |[451e8163-6e8d-4541-bc6c-5b559a75ede5] Server healthy check fail, currentConnection = 1709296779569_120.227.129.112_46843
2024-03-01 20:59:48 |INFO  |com.alibaba.nacos.client.remote.worker |LoggerUtils.java:60 |com.alibaba.nacos.common.remote.client |[451e8163-6e8d-4541-bc6c-5b559a75ede5] Try to reconnect to a new server, server is  not appointed, will choose a random server.
2024-03-01 20:59:48 |INFO  |com.alibaba.nacos.client.remote.worker |LoggerUtils.java:60 |com.alibaba.nacos.common.remote.client |[451e8163-6e8d-4541-bc6c-5b559a75ede5] Success to connect a server [116.62.71.84:8848], connectionId = 1709297988639_120.227.129.112_46242
2024-03-01 20:59:48 |INFO  |com.alibaba.nacos.client.remote.worker |LoggerUtils.java:60 |com.alibaba.nacos.common.remote.client |[451e8163-6e8d-4541-bc6c-5b559a75ede5] Abandon prev connection, server is 116.62.71.84:8848, connectionId is 1709296779569_120.227.129.112_46843
2024-03-01 20:59:48 |INFO  |com.alibaba.nacos.client.remote.worker |RpcClient.java:591 |com.alibaba.nacos.common.remote.client |Close current connection 1709296779569_120.227.129.112_46843
2024-03-01 20:59:48 |INFO  |com.alibaba.nacos.client.remote.worker |LoggerUtils.java:60 |com.alibaba.nacos.common.remote.client |[451e8163-6e8d-4541-bc6c-5b559a75ede5] Notify disconnected event to listeners
2024-03-01 20:59:48 |WARN  |nacos-grpc-client-executor-1300 |LoggerUtils.java:86 |com.alibaba.nacos.common.remote.client.grpc.GrpcClient |[1709296779569_120.227.129.112_46843]Ignore error event,isRunning:true,isAbandon=true
2024-03-01 20:59:48 |INFO  |com.alibaba.nacos.client.remote.worker |LoggerUtils.java:60 |com.alibaba.nacos.common.remote.client |[451e8163-6e8d-4541-bc6c-5b559a75ede5] Notify connected event to listeners.
2024-03-01 21:18:23 |INFO  |com.alibaba.nacos.client.remote.worker |TimeBasedFilter.java:24 |ljl.filter.TimeBasedFilter |






2024-03-01 21:18:23 |INFO  |com.alibaba.nacos.client.remote.worker |LoggerUtils.java:60 |com.alibaba.nacos.common.remote.client |[451e8163-6e8d-4541-bc6c-5b559a75ede5] Server healthy check fail, currentConnection = 1709297988639_120.227.129.112_46242
2024-03-01 21:18:23 |INFO  |com.alibaba.nacos.client.remote.worker |LoggerUtils.java:60 |com.alibaba.nacos.common.remote.client |[451e8163-6e8d-4541-bc6c-5b559a75ede5] Try to reconnect to a new server, server is  not appointed, will choose a random server.
2024-03-01 21:18:25 |INFO  |com.alibaba.nacos.client.remote.worker |LoggerUtils.java:60 |com.alibaba.nacos.common.remote.client |[451e8163-6e8d-4541-bc6c-5b559a75ede5] Success to connect a server [116.62.71.84:8848], connectionId = 1709299104947_120.227.129.112_46267
2024-03-01 21:18:25 |INFO  |com.alibaba.nacos.client.remote.worker |LoggerUtils.java:60 |com.alibaba.nacos.common.remote.client |[451e8163-6e8d-4541-bc6c-5b559a75ede5] Abandon prev connection, server is 116.62.71.84:8848, connectionId is 1709297988639_120.227.129.112_46242
2024-03-01 21:18:25 |INFO  |com.alibaba.nacos.client.remote.worker |RpcClient.java:591 |com.alibaba.nacos.common.remote.client |Close current connection 1709297988639_120.227.129.112_46242
2024-03-01 21:18:25 |INFO  |com.alibaba.nacos.client.remote.worker |LoggerUtils.java:60 |com.alibaba.nacos.common.remote.client |[451e8163-6e8d-4541-bc6c-5b559a75ede5] Notify disconnected event to listeners
2024-03-01 21:18:25 |INFO  |com.alibaba.nacos.client.remote.worker |LoggerUtils.java:60 |com.alibaba.nacos.common.remote.client |[451e8163-6e8d-4541-bc6c-5b559a75ede5] Notify connected event to listeners.
2024-03-01 21:18:25 |WARN  |nacos-grpc-client-executor-1525 |LoggerUtils.java:86 |com.alibaba.nacos.common.remote.client.grpc.GrpcClient |[1709297988639_120.227.129.112_46242]Ignore error event,isRunning:true,isAbandon=true
2024-03-01 21:19:10 |WARN  |Thread-50 |HttpClientBeanHolder.java:108 |com.alibaba.nacos.common.http.HttpClientBeanHolder |[HttpClientBeanHolder] Start destroying common HttpClient
2024-03-01 21:19:10 |WARN  |Thread-47 |NotifyCenter.java:136 |com.alibaba.nacos.common.notify.NotifyCenter |[NotifyCenter] Start destroying Publisher
2024-03-01 21:19:10 |WARN  |Thread-47 |NotifyCenter.java:153 |com.alibaba.nacos.common.notify.NotifyCenter |[NotifyCenter] Destruction of the end
2024-03-01 21:19:10 |INFO  |Thread-32 |ZipkinAutoConfiguration.java:144 |org.springframework.cloud.sleuth.autoconfig.zipkin2.ZipkinAutoConfiguration |Flushing remaining spans on shutdown
2024-03-01 21:19:10 |WARN  |Thread-50 |HttpClientBeanHolder.java:114 |com.alibaba.nacos.common.http.HttpClientBeanHolder |[HttpClientBeanHolder] Destruction of the end
2024-03-01 21:19:12 |INFO  |SpringApplicationShutdownHook |NacosServiceRegistry.java:80 |com.alibaba.cloud.nacos.registry.NacosServiceRegistry |De-registering from Nacos Server now...
2024-03-01 21:19:12 |INFO  |SpringApplicationShutdownHook |NacosServiceRegistry.java:100 |com.alibaba.cloud.nacos.registry.NacosServiceRegistry |De-registration finished.
2024-03-01 21:19:12 |INFO  |SpringApplicationShutdownHook |DruidDataSource.java:2063 |com.alibaba.druid.pool.DruidDataSource |{dataSource-1} closing ...
2024-03-01 21:19:12 |INFO  |SpringApplicationShutdownHook |DruidDataSource.java:2136 |com.alibaba.druid.pool.DruidDataSource |{dataSource-1} closed
