2024-03-01 19:23:56 |INFO  |main |StartupInfoLogger.java:55 |ljl.bilibili.notice.MessageApplication |Starting MessageApplication using Java 1.8.0_65 on DESKTOP-4C1V07J with PID 15716 (E:\bilibili\notice\target\classes started by Administrator in E:\bilibili)
2024-03-01 19:23:56 |INFO  |background-preinit |Version.java:21 |org.hibernate.validator.internal.util.Version |HV000001: Hibernate Validator 6.2.4.Final
2024-03-01 19:23:56 |INFO  |main |SpringApplication.java:651 |ljl.bilibili.notice.MessageApplication |The following 1 profile is active: "test"
2024-03-01 19:23:59 |INFO  |main |RepositoryConfigurationDelegate.java:262 |org.springframework.data.repository.config.RepositoryConfigurationDelegate |Multiple Spring Data modules found, entering strict repository configuration mode
2024-03-01 19:23:59 |INFO  |main |RepositoryConfigurationDelegate.java:132 |org.springframework.data.repository.config.RepositoryConfigurationDelegate |Bootstrapping Spring Data Redis repositories in DEFAULT mode.
2024-03-01 19:23:59 |INFO  |main |RepositoryConfigurationDelegate.java:201 |org.springframework.data.repository.config.RepositoryConfigurationDelegate |Finished Spring Data repository scanning in 34 ms. Found 0 Redis repository interfaces.
2024-03-01 19:24:00 |INFO  |main |GenericScope.java:283 |org.springframework.cloud.context.scope.GenericScope |BeanFactory id=04e2c251-11e6-315f-8ef1-36003e3d7364
2024-03-01 19:24:00 |INFO  |main |PostProcessorRegistrationDelegate.java:376 |org.springframework.context.support.PostProcessorRegistrationDelegate$BeanPostProcessorChecker |Bean 'org.apache.rocketmq.spring.autoconfigure.RocketMQAutoConfiguration' of type [org.apache.rocketmq.spring.autoconfigure.RocketMQAutoConfiguration$$EnhancerBySpringCGLIB$$cd20f4b1] is not eligible for getting processed by all BeanPostProcessors (for example: not eligible for auto-proxying)
2024-03-01 19:24:00 |INFO  |main |PostProcessorRegistrationDelegate.java:376 |org.springframework.context.support.PostProcessorRegistrationDelegate$BeanPostProcessorChecker |Bean 'org.springframework.cloud.commons.config.CommonsConfigAutoConfiguration' of type [org.springframework.cloud.commons.config.CommonsConfigAutoConfiguration] is not eligible for getting processed by all BeanPostProcessors (for example: not eligible for auto-proxying)
2024-03-01 19:24:00 |INFO  |main |PostProcessorRegistrationDelegate.java:376 |org.springframework.context.support.PostProcessorRegistrationDelegate$BeanPostProcessorChecker |Bean 'org.springframework.cloud.client.loadbalancer.LoadBalancerDefaultMappingsProviderAutoConfiguration' of type [org.springframework.cloud.client.loadbalancer.LoadBalancerDefaultMappingsProviderAutoConfiguration] is not eligible for getting processed by all BeanPostProcessors (for example: not eligible for auto-proxying)
2024-03-01 19:24:00 |INFO  |main |PostProcessorRegistrationDelegate.java:376 |org.springframework.context.support.PostProcessorRegistrationDelegate$BeanPostProcessorChecker |Bean 'loadBalancerClientsDefaultsMappingsProvider' of type [org.springframework.cloud.client.loadbalancer.LoadBalancerDefaultMappingsProviderAutoConfiguration$$Lambda$415/639542871] is not eligible for getting processed by all BeanPostProcessors (for example: not eligible for auto-proxying)
2024-03-01 19:24:00 |INFO  |main |PostProcessorRegistrationDelegate.java:376 |org.springframework.context.support.PostProcessorRegistrationDelegate$BeanPostProcessorChecker |Bean 'defaultsBindHandlerAdvisor' of type [org.springframework.cloud.commons.config.DefaultsBindHandlerAdvisor] is not eligible for getting processed by all BeanPostProcessors (for example: not eligible for auto-proxying)
2024-03-01 19:24:00 |INFO  |main |PostProcessorRegistrationDelegate.java:376 |org.springframework.context.support.PostProcessorRegistrationDelegate$BeanPostProcessorChecker |Bean 'rocketmq-org.apache.rocketmq.spring.autoconfigure.RocketMQProperties' of type [org.apache.rocketmq.spring.autoconfigure.RocketMQProperties] is not eligible for getting processed by all BeanPostProcessors (for example: not eligible for auto-proxying)
2024-03-01 19:24:01 |INFO  |main |PostProcessorRegistrationDelegate.java:376 |org.springframework.context.support.PostProcessorRegistrationDelegate$BeanPostProcessorChecker |Bean 'defaultMQProducer' of type [org.apache.rocketmq.client.producer.DefaultMQProducer] is not eligible for getting processed by all BeanPostProcessors (for example: not eligible for auto-proxying)
2024-03-01 19:24:01 |INFO  |main |PostProcessorRegistrationDelegate.java:376 |org.springframework.context.support.PostProcessorRegistrationDelegate$BeanPostProcessorChecker |Bean 'jacksonConfig' of type [ljl.config.JacksonConfig$$EnhancerBySpringCGLIB$$522fed23] is not eligible for getting processed by all BeanPostProcessors (for example: not eligible for auto-proxying)
2024-03-01 19:24:01 |INFO  |main |PostProcessorRegistrationDelegate.java:376 |org.springframework.context.support.PostProcessorRegistrationDelegate$BeanPostProcessorChecker |Bean 'objectMapper' of type [com.fasterxml.jackson.databind.ObjectMapper] is not eligible for getting processed by all BeanPostProcessors (for example: not eligible for auto-proxying)
2024-03-01 19:24:01 |INFO  |main |PostProcessorRegistrationDelegate.java:376 |org.springframework.context.support.PostProcessorRegistrationDelegate$BeanPostProcessorChecker |Bean 'org.apache.rocketmq.spring.autoconfigure.MessageConverterConfiguration' of type [org.apache.rocketmq.spring.autoconfigure.MessageConverterConfiguration$$EnhancerBySpringCGLIB$$e82fed9f] is not eligible for getting processed by all BeanPostProcessors (for example: not eligible for auto-proxying)
2024-03-01 19:24:01 |INFO  |main |PostProcessorRegistrationDelegate.java:376 |org.springframework.context.support.PostProcessorRegistrationDelegate$BeanPostProcessorChecker |Bean 'createRocketMQMessageConverter' of type [org.apache.rocketmq.spring.support.RocketMQMessageConverter] is not eligible for getting processed by all BeanPostProcessors (for example: not eligible for auto-proxying)
2024-03-01 19:24:03 |INFO  |main |PostProcessorRegistrationDelegate.java:376 |org.springframework.context.support.PostProcessorRegistrationDelegate$BeanPostProcessorChecker |Bean 'rocketMQTemplate' of type [org.apache.rocketmq.spring.core.RocketMQTemplate] is not eligible for getting processed by all BeanPostProcessors (for example: not eligible for auto-proxying)
2024-03-01 19:24:03 |INFO  |main |PostProcessorRegistrationDelegate.java:376 |org.springframework.context.support.PostProcessorRegistrationDelegate$BeanPostProcessorChecker |Bean 'transactionHandlerRegistry' of type [org.apache.rocketmq.spring.config.TransactionHandlerRegistry] is not eligible for getting processed by all BeanPostProcessors (for example: not eligible for auto-proxying)
2024-03-01 19:24:04 |INFO  |main |TomcatWebServer.java:108 |org.springframework.boot.web.embedded.tomcat.TomcatWebServer |Tomcat initialized with port(s): 30000 (http)
2024-03-01 19:24:05 |INFO  |main |DirectJDKLog.java:173 |org.apache.coyote.http11.Http11NioProtocol |Initializing ProtocolHandler ["http-nio-30000"]
2024-03-01 19:24:05 |INFO  |main |DirectJDKLog.java:173 |org.apache.catalina.core.StandardService |Starting service [Tomcat]
2024-03-01 19:24:05 |INFO  |main |DirectJDKLog.java:173 |org.apache.catalina.core.StandardEngine |Starting Servlet engine: [Apache Tomcat/9.0.65]
2024-03-01 19:24:05 |INFO  |main |DirectJDKLog.java:173 |org.apache.catalina.core.ContainerBase.[Tomcat].[localhost].[/] |Initializing Spring embedded WebApplicationContext
2024-03-01 19:24:05 |INFO  |main |ServletWebServerApplicationContext.java:290 |org.springframework.boot.web.servlet.context.ServletWebServerApplicationContext |Root WebApplicationContext: initialization completed in 9154 ms
2024-03-01 19:24:06 |INFO  |main |MybatisPlusJoinAutoConfiguration.java:140 |com.github.yulichang.autoconfigure.MybatisPlusJoinAutoConfiguration |mybatis plus join properties config complete
2024-03-01 19:24:07 |INFO  |main |MybatisPlusJoinAutoConfiguration.java:140 |com.github.yulichang.autoconfigure.MybatisPlusJoinAutoConfiguration |mybatis plus join SqlInjector init
2024-03-01 19:24:09 |WARN  |main |TableInfoHelper.java:423 |com.baomidou.mybatisplus.core.metadata.TableInfoHelper |This primary key of "id" is primitive !不建议如此请使用包装类 in Class: "ljl.entity.notice.dynamic.DynamicToUser"
2024-03-01 19:24:13 |INFO  |main |WebMvcPropertySourcedRequestMappingHandlerMapping.java:69 |springfox.documentation.spring.web.WebMvcPropertySourcedRequestMappingHandlerMapping |Mapped URL path [/v2/api-docs] onto method [springfox.documentation.swagger2.web.Swagger2ControllerWebMvc#getDocumentation(String, HttpServletRequest)]
2024-03-01 19:24:15 |INFO  |main |RpcClientFactory.java:80 |com.alibaba.nacos.common.remote.client |[RpcClientFactory] create a new rpc client of 2c3cbf70-87d5-494d-bf45-45eb98775244
2024-03-01 19:24:16 |INFO  |main |Reflections.java:232 |org.reflections.Reflections |Reflections took 139 ms to scan 1 urls, producing 3 keys and 6 values 
2024-03-01 19:24:16 |INFO  |main |Reflections.java:232 |org.reflections.Reflections |Reflections took 34 ms to scan 1 urls, producing 4 keys and 9 values 
2024-03-01 19:24:16 |INFO  |main |Reflections.java:232 |org.reflections.Reflections |Reflections took 18 ms to scan 1 urls, producing 3 keys and 10 values 
2024-03-01 19:24:16 |INFO  |main |Reflections.java:232 |org.reflections.Reflections |Reflections took 297 ms to scan 237 urls, producing 0 keys and 0 values 
2024-03-01 19:24:16 |INFO  |main |Reflections.java:232 |org.reflections.Reflections |Reflections took 28 ms to scan 1 urls, producing 1 keys and 5 values 
2024-03-01 19:24:16 |INFO  |main |Reflections.java:232 |org.reflections.Reflections |Reflections took 19 ms to scan 1 urls, producing 1 keys and 7 values 
2024-03-01 19:24:16 |INFO  |main |Reflections.java:232 |org.reflections.Reflections |Reflections took 48 ms to scan 1 urls, producing 2 keys and 8 values 
2024-03-01 19:24:16 |INFO  |main |Reflections.java:232 |org.reflections.Reflections |Reflections took 255 ms to scan 237 urls, producing 0 keys and 0 values 
2024-03-01 19:24:16 |INFO  |main |LoggerUtils.java:60 |com.alibaba.nacos.common.remote.client |[2c3cbf70-87d5-494d-bf45-45eb98775244] RpcClient init label, labels = {module=naming, source=sdk}
2024-03-01 19:24:16 |INFO  |main |LoggerUtils.java:60 |com.alibaba.nacos.common.remote.client |[2c3cbf70-87d5-494d-bf45-45eb98775244] RpcClient init, ServerListFactory = com.alibaba.nacos.client.naming.core.ServerListManager
2024-03-01 19:24:16 |INFO  |main |LoggerUtils.java:60 |com.alibaba.nacos.common.remote.client |[2c3cbf70-87d5-494d-bf45-45eb98775244] Registry connection listener to current client:com.alibaba.nacos.client.naming.remote.gprc.redo.NamingGrpcRedoService
2024-03-01 19:24:16 |INFO  |main |LoggerUtils.java:60 |com.alibaba.nacos.common.remote.client |[2c3cbf70-87d5-494d-bf45-45eb98775244] Register server push request handler:com.alibaba.nacos.client.naming.remote.gprc.NamingPushRequestHandler
2024-03-01 19:24:16 |INFO  |main |LoggerUtils.java:60 |com.alibaba.nacos.common.remote.client |[2c3cbf70-87d5-494d-bf45-45eb98775244] Try to connect to server on start up, server: {serverIp = '116.62.71.84', server main port = 8848}
2024-03-01 19:24:22 |INFO  |main |LoggerUtils.java:60 |com.alibaba.nacos.common.remote.client |[2c3cbf70-87d5-494d-bf45-45eb98775244] Success to connect to server [116.62.71.84:8848] on start up, connectionId = 1709292262621_120.227.129.112_46711
2024-03-01 19:24:22 |INFO  |com.alibaba.nacos.client.remote.worker |LoggerUtils.java:60 |com.alibaba.nacos.common.remote.client |[2c3cbf70-87d5-494d-bf45-45eb98775244] Notify connected event to listeners.
2024-03-01 19:24:22 |INFO  |main |LoggerUtils.java:60 |com.alibaba.nacos.common.remote.client |[2c3cbf70-87d5-494d-bf45-45eb98775244] Register server push request handler:com.alibaba.nacos.common.remote.client.RpcClient$ConnectResetRequestHandler
2024-03-01 19:24:22 |INFO  |main |LoggerUtils.java:60 |com.alibaba.nacos.common.remote.client |[2c3cbf70-87d5-494d-bf45-45eb98775244] Register server push request handler:com.alibaba.nacos.common.remote.client.RpcClient$$Lambda$982/925037469
2024-03-01 19:24:23 |WARN  |main |LoadBalancerCacheAutoConfiguration.java:82 |org.springframework.cloud.loadbalancer.config.LoadBalancerCacheAutoConfiguration$LoadBalancerCaffeineWarnLogger |Spring Cloud LoadBalancer is currently working with the default cache. While this cache implementation is useful for development and tests, it's recommended to use Caffeine cache in production.You can switch to using Caffeine cache, by adding it and org.springframework.cache.caffeine.CaffeineCacheManager to the classpath.
2024-03-01 19:24:25 |INFO  |main |DefaultRocketMQListenerContainer.java:281 |org.apache.rocketmq.spring.support.DefaultRocketMQListenerContainer |running container: DefaultRocketMQListenerContainer{consumerGroup='chat-group', nameServer='120.55.183.155:9876', topic='chat', consumeMode=CONCURRENTLY, selectorType=TAG, selectorExpression='*', messageModel=CLUSTERING}
2024-03-01 19:24:25 |INFO  |main |ListenerContainerConfiguration.java:127 |org.apache.rocketmq.spring.autoconfigure.ListenerContainerConfiguration |Register the listener to container, listenerBeanName:chatConsumer, containerBeanName:org.apache.rocketmq.spring.support.DefaultRocketMQListenerContainer_1
2024-03-01 19:24:26 |INFO  |main |DefaultRocketMQListenerContainer.java:281 |org.apache.rocketmq.spring.support.DefaultRocketMQListenerContainer |running container: DefaultRocketMQListenerContainer{consumerGroup='comment-group', nameServer='120.55.183.155:9876', topic='comment', consumeMode=CONCURRENTLY, selectorType=TAG, selectorExpression='*', messageModel=CLUSTERING}
2024-03-01 19:24:26 |INFO  |main |ListenerContainerConfiguration.java:127 |org.apache.rocketmq.spring.autoconfigure.ListenerContainerConfiguration |Register the listener to container, listenerBeanName:commentConsumer, containerBeanName:org.apache.rocketmq.spring.support.DefaultRocketMQListenerContainer_2
2024-03-01 19:24:27 |INFO  |main |DefaultRocketMQListenerContainer.java:281 |org.apache.rocketmq.spring.support.DefaultRocketMQListenerContainer |running container: DefaultRocketMQListenerContainer{consumerGroup='dynamic-group', nameServer='120.55.183.155:9876', topic='dynamic', consumeMode=CONCURRENTLY, selectorType=TAG, selectorExpression='*', messageModel=CLUSTERING}
2024-03-01 19:24:27 |INFO  |main |ListenerContainerConfiguration.java:127 |org.apache.rocketmq.spring.autoconfigure.ListenerContainerConfiguration |Register the listener to container, listenerBeanName:dynamicConsumer, containerBeanName:org.apache.rocketmq.spring.support.DefaultRocketMQListenerContainer_3
2024-03-01 19:24:28 |INFO  |main |DefaultRocketMQListenerContainer.java:281 |org.apache.rocketmq.spring.support.DefaultRocketMQListenerContainer |running container: DefaultRocketMQListenerContainer{consumerGroup='like-group', nameServer='120.55.183.155:9876', topic='like', consumeMode=ORDERLY, selectorType=TAG, selectorExpression='*', messageModel=CLUSTERING}
2024-03-01 19:24:28 |INFO  |main |ListenerContainerConfiguration.java:127 |org.apache.rocketmq.spring.autoconfigure.ListenerContainerConfiguration |Register the listener to container, listenerBeanName:likeConsumer, containerBeanName:org.apache.rocketmq.spring.support.DefaultRocketMQListenerContainer_4
2024-03-01 19:24:29 |INFO  |main |DefaultRocketMQListenerContainer.java:281 |org.apache.rocketmq.spring.support.DefaultRocketMQListenerContainer |running container: DefaultRocketMQListenerContainer{consumerGroup='mysql-es-group', nameServer='120.55.183.155:9876', topic='mysqlToEs', consumeMode=CONCURRENTLY, selectorType=TAG, selectorExpression='*', messageModel=CLUSTERING}
2024-03-01 19:24:29 |INFO  |main |ListenerContainerConfiguration.java:127 |org.apache.rocketmq.spring.autoconfigure.ListenerContainerConfiguration |Register the listener to container, listenerBeanName:mysqlToEsConsumer, containerBeanName:org.apache.rocketmq.spring.support.DefaultRocketMQListenerContainer_5
2024-03-01 19:24:29 |INFO  |main |DefaultRocketMQListenerContainer.java:281 |org.apache.rocketmq.spring.support.DefaultRocketMQListenerContainer |running container: DefaultRocketMQListenerContainer{consumerGroup='video-encode-group', nameServer='120.55.183.155:9876', topic='video-encode', consumeMode=CONCURRENTLY, selectorType=TAG, selectorExpression='*', messageModel=CLUSTERING}
2024-03-01 19:24:29 |INFO  |main |ListenerContainerConfiguration.java:127 |org.apache.rocketmq.spring.autoconfigure.ListenerContainerConfiguration |Register the listener to container, listenerBeanName:videoEncodeConsumer, containerBeanName:org.apache.rocketmq.spring.support.DefaultRocketMQListenerContainer_6
2024-03-01 19:24:30 |INFO  |main |DirectJDKLog.java:173 |org.apache.coyote.http11.Http11NioProtocol |Starting ProtocolHandler ["http-nio-30000"]
2024-03-01 19:24:30 |INFO  |main |TomcatWebServer.java:220 |org.springframework.boot.web.embedded.tomcat.TomcatWebServer |Tomcat started on port(s): 30000 (http) with context path ''
2024-03-01 19:24:30 |INFO  |main |NacosServiceRegistry.java:65 |com.alibaba.cloud.nacos.registry.NacosServiceRegistry |nacos registry, DEFAULT_GROUP notice 192.168.0.100:30000 register finished
2024-03-01 19:24:31 |INFO  |main |DocumentationPluginsBootstrapper.java:93 |springfox.documentation.spring.web.plugins.DocumentationPluginsBootstrapper |Documentation plugins bootstrapped
2024-03-01 19:24:31 |INFO  |main |AbstractDocumentationPluginsBootstrapper.java:79 |springfox.documentation.spring.web.plugins.DocumentationPluginsBootstrapper |Found 1 custom documentation plugin(s)
2024-03-01 19:24:31 |INFO  |main |ApiListingReferenceScanner.java:44 |springfox.documentation.spring.web.scanners.ApiListingReferenceScanner |Scanning for api listing references
2024-03-01 19:24:32 |INFO  |main |StartupInfoLogger.java:61 |ljl.bilibili.notice.MessageApplication |Started MessageApplication in 37.718 seconds (JVM running for 39.82)
2024-03-01 19:24:39 |INFO  |http-nio-30000-exec-9 |DirectJDKLog.java:173 |org.apache.catalina.core.ContainerBase.[Tomcat].[localhost].[/] |Initializing Spring DispatcherServlet 'dispatcherServlet'
2024-03-01 19:24:39 |INFO  |http-nio-30000-exec-9 |FrameworkServlet.java:525 |org.springframework.web.servlet.DispatcherServlet |Initializing Servlet 'dispatcherServlet'
2024-03-01 19:24:39 |INFO  |http-nio-30000-exec-9 |FrameworkServlet.java:547 |org.springframework.web.servlet.DispatcherServlet |Completed initialization in 12 ms
2024-03-01 19:24:39 |ERROR |http-nio-30000-exec-9 |GlobalExceptionHandler.java:26 |ljl.handler.GlobalExceptionHandler |
org.springframework.http.converter.HttpMessageNotReadableException: JSON parse error: Unrecognized field "type" (class ljl.entity.notice.like.LikeNotice), not marked as ignorable; nested exception is com.fasterxml.jackson.databind.exc.UnrecognizedPropertyException: Unrecognized field "type" (class ljl.entity.notice.like.LikeNotice), not marked as ignorable (6 known properties: "senderId", "status", "videoId", "createTime", "commentId", "id"])
 at [Source: (org.springframework.util.StreamUtils$NonClosingInputStream); line: 1, column: 94] (through reference chain: ljl.entity.notice.like.LikeNotice["type"])
	at org.springframework.http.converter.json.AbstractJackson2HttpMessageConverter.readJavaType(AbstractJackson2HttpMessageConverter.java:391)
	at org.springframework.http.converter.json.AbstractJackson2HttpMessageConverter.read(AbstractJackson2HttpMessageConverter.java:343)
	at org.springframework.web.servlet.mvc.method.annotation.AbstractMessageConverterMethodArgumentResolver.readWithMessageConverters(AbstractMessageConverterMethodArgumentResolver.java:185)
	at org.springframework.web.servlet.mvc.method.annotation.RequestResponseBodyMethodProcessor.readWithMessageConverters(RequestResponseBodyMethodProcessor.java:160)
	at org.springframework.web.servlet.mvc.method.annotation.RequestResponseBodyMethodProcessor.resolveArgument(RequestResponseBodyMethodProcessor.java:133)
	at org.springframework.web.method.support.HandlerMethodArgumentResolverComposite.resolveArgument(HandlerMethodArgumentResolverComposite.java:122)
	at org.springframework.web.method.support.InvocableHandlerMethod.getMethodArgumentValues(InvocableHandlerMethod.java:179)
	at org.springframework.web.method.support.InvocableHandlerMethod.invokeForRequest(InvocableHandlerMethod.java:146)
	at org.springframework.web.servlet.mvc.method.annotation.ServletInvocableHandlerMethod.invokeAndHandle(ServletInvocableHandlerMethod.java:117)
	at org.springframework.web.servlet.mvc.method.annotation.RequestMappingHandlerAdapter.invokeHandlerMethod(RequestMappingHandlerAdapter.java:895)
	at org.springframework.web.servlet.mvc.method.annotation.RequestMappingHandlerAdapter.handleInternal(RequestMappingHandlerAdapter.java:808)
	at org.springframework.web.servlet.mvc.method.AbstractHandlerMethodAdapter.handle(AbstractHandlerMethodAdapter.java:87)
	at org.springframework.web.servlet.DispatcherServlet.doDispatch(DispatcherServlet.java:1070)
	at org.springframework.web.servlet.DispatcherServlet.doService(DispatcherServlet.java:963)
	at org.springframework.web.servlet.FrameworkServlet.processRequest(FrameworkServlet.java:1006)
	at org.springframework.web.servlet.FrameworkServlet.doPost(FrameworkServlet.java:909)
	at javax.servlet.http.HttpServlet.service(HttpServlet.java:681)
	at org.springframework.web.servlet.FrameworkServlet.service(FrameworkServlet.java:883)
	at javax.servlet.http.HttpServlet.service(HttpServlet.java:764)
	at org.apache.catalina.core.ApplicationFilterChain.internalDoFilter(ApplicationFilterChain.java:227)
	at org.apache.catalina.core.ApplicationFilterChain.doFilter(ApplicationFilterChain.java:162)
	at org.apache.tomcat.websocket.server.WsFilter.doFilter(WsFilter.java:53)
	at org.apache.catalina.core.ApplicationFilterChain.internalDoFilter(ApplicationFilterChain.java:189)
	at org.apache.catalina.core.ApplicationFilterChain.doFilter(ApplicationFilterChain.java:162)
	at org.springframework.web.filter.RequestContextFilter.doFilterInternal(RequestContextFilter.java:100)
	at org.springframework.web.filter.OncePerRequestFilter.doFilter(OncePerRequestFilter.java:117)
	at org.apache.catalina.core.ApplicationFilterChain.internalDoFilter(ApplicationFilterChain.java:189)
	at org.apache.catalina.core.ApplicationFilterChain.doFilter(ApplicationFilterChain.java:162)
	at org.springframework.web.filter.FormContentFilter.doFilterInternal(FormContentFilter.java:93)
	at org.springframework.web.filter.OncePerRequestFilter.doFilter(OncePerRequestFilter.java:117)
	at org.apache.catalina.core.ApplicationFilterChain.internalDoFilter(ApplicationFilterChain.java:189)
	at org.apache.catalina.core.ApplicationFilterChain.doFilter(ApplicationFilterChain.java:162)
	at org.springframework.web.filter.CharacterEncodingFilter.doFilterInternal(CharacterEncodingFilter.java:201)
	at org.springframework.web.filter.OncePerRequestFilter.doFilter(OncePerRequestFilter.java:117)
	at org.apache.catalina.core.ApplicationFilterChain.internalDoFilter(ApplicationFilterChain.java:189)
	at org.apache.catalina.core.ApplicationFilterChain.doFilter(ApplicationFilterChain.java:162)
	at org.apache.catalina.core.StandardWrapperValve.invoke(StandardWrapperValve.java:197)
	at org.apache.catalina.core.StandardContextValve.invoke(StandardContextValve.java:97)
	at org.apache.catalina.authenticator.AuthenticatorBase.invoke(AuthenticatorBase.java:541)
	at org.apache.catalina.core.StandardHostValve.invoke(StandardHostValve.java:135)
	at org.apache.catalina.valves.ErrorReportValve.invoke(ErrorReportValve.java:92)
	at org.apache.catalina.core.StandardEngineValve.invoke(StandardEngineValve.java:78)
	at org.apache.catalina.connector.CoyoteAdapter.service(CoyoteAdapter.java:360)
	at org.apache.coyote.http11.Http11Processor.service(Http11Processor.java:399)
	at org.apache.coyote.AbstractProcessorLight.process(AbstractProcessorLight.java:65)
	at org.apache.coyote.AbstractProtocol$ConnectionHandler.process(AbstractProtocol.java:890)
	at org.apache.tomcat.util.net.NioEndpoint$SocketProcessor.doRun(NioEndpoint.java:1789)
	at org.apache.tomcat.util.net.SocketProcessorBase.run(SocketProcessorBase.java:49)
	at org.apache.tomcat.util.threads.ThreadPoolExecutor.runWorker(ThreadPoolExecutor.java:1191)
	at org.apache.tomcat.util.threads.ThreadPoolExecutor$Worker.run(ThreadPoolExecutor.java:659)
	at org.apache.tomcat.util.threads.TaskThread$WrappingRunnable.run(TaskThread.java:61)
	at java.lang.Thread.run(Thread.java:745)
Caused by: com.fasterxml.jackson.databind.exc.UnrecognizedPropertyException: Unrecognized field "type" (class ljl.entity.notice.like.LikeNotice), not marked as ignorable (6 known properties: "senderId", "status", "videoId", "createTime", "commentId", "id"])
 at [Source: (org.springframework.util.StreamUtils$NonClosingInputStream); line: 1, column: 94] (through reference chain: ljl.entity.notice.like.LikeNotice["type"])
	at com.fasterxml.jackson.databind.exc.UnrecognizedPropertyException.from(UnrecognizedPropertyException.java:61)
	at com.fasterxml.jackson.databind.DeserializationContext.handleUnknownProperty(DeserializationContext.java:1127)
	at com.fasterxml.jackson.databind.deser.std.StdDeserializer.handleUnknownProperty(StdDeserializer.java:2023)
	at com.fasterxml.jackson.databind.deser.BeanDeserializerBase.handleUnknownProperty(BeanDeserializerBase.java:1700)
	at com.fasterxml.jackson.databind.deser.BeanDeserializerBase.handleUnknownVanilla(BeanDeserializerBase.java:1678)
	at com.fasterxml.jackson.databind.deser.BeanDeserializer.vanillaDeserialize(BeanDeserializer.java:319)
	at com.fasterxml.jackson.databind.deser.BeanDeserializer.deserialize(BeanDeserializer.java:176)
	at com.fasterxml.jackson.databind.deser.DefaultDeserializationContext.readRootValue(DefaultDeserializationContext.java:323)
	at com.fasterxml.jackson.databind.ObjectMapper._readMapAndClose(ObjectMapper.java:4674)
	at com.fasterxml.jackson.databind.ObjectMapper.readValue(ObjectMapper.java:3682)
	at org.springframework.http.converter.json.AbstractJackson2HttpMessageConverter.readJavaType(AbstractJackson2HttpMessageConverter.java:380)
	... 51 common frames omitted
2024-03-01 19:25:46 |WARN  |Thread-49 |HttpClientBeanHolder.java:108 |com.alibaba.nacos.common.http.HttpClientBeanHolder |[HttpClientBeanHolder] Start destroying common HttpClient
2024-03-01 19:25:46 |WARN  |Thread-49 |HttpClientBeanHolder.java:114 |com.alibaba.nacos.common.http.HttpClientBeanHolder |[HttpClientBeanHolder] Destruction of the end
2024-03-01 19:25:46 |WARN  |Thread-46 |NotifyCenter.java:136 |com.alibaba.nacos.common.notify.NotifyCenter |[NotifyCenter] Start destroying Publisher
2024-03-01 19:25:46 |WARN  |Thread-46 |NotifyCenter.java:153 |com.alibaba.nacos.common.notify.NotifyCenter |[NotifyCenter] Destruction of the end
2024-03-01 19:25:47 |INFO  |SpringApplicationShutdownHook |DefaultRocketMQListenerContainer.java:254 |org.apache.rocketmq.spring.support.DefaultRocketMQListenerContainer |container destroyed, DefaultRocketMQListenerContainer{consumerGroup='video-encode-group', nameServer='120.55.183.155:9876', topic='video-encode', consumeMode=CONCURRENTLY, selectorType=TAG, selectorExpression='*', messageModel=CLUSTERING}
2024-03-01 19:25:47 |INFO  |SpringApplicationShutdownHook |DefaultRocketMQListenerContainer.java:254 |org.apache.rocketmq.spring.support.DefaultRocketMQListenerContainer |container destroyed, DefaultRocketMQListenerContainer{consumerGroup='mysql-es-group', nameServer='120.55.183.155:9876', topic='mysqlToEs', consumeMode=CONCURRENTLY, selectorType=TAG, selectorExpression='*', messageModel=CLUSTERING}
2024-03-01 19:25:47 |INFO  |SpringApplicationShutdownHook |DefaultRocketMQListenerContainer.java:254 |org.apache.rocketmq.spring.support.DefaultRocketMQListenerContainer |container destroyed, DefaultRocketMQListenerContainer{consumerGroup='like-group', nameServer='120.55.183.155:9876', topic='like', consumeMode=ORDERLY, selectorType=TAG, selectorExpression='*', messageModel=CLUSTERING}
2024-03-01 19:25:47 |INFO  |SpringApplicationShutdownHook |DefaultRocketMQListenerContainer.java:254 |org.apache.rocketmq.spring.support.DefaultRocketMQListenerContainer |container destroyed, DefaultRocketMQListenerContainer{consumerGroup='dynamic-group', nameServer='120.55.183.155:9876', topic='dynamic', consumeMode=CONCURRENTLY, selectorType=TAG, selectorExpression='*', messageModel=CLUSTERING}
2024-03-01 19:25:47 |INFO  |SpringApplicationShutdownHook |DefaultRocketMQListenerContainer.java:254 |org.apache.rocketmq.spring.support.DefaultRocketMQListenerContainer |container destroyed, DefaultRocketMQListenerContainer{consumerGroup='comment-group', nameServer='120.55.183.155:9876', topic='comment', consumeMode=CONCURRENTLY, selectorType=TAG, selectorExpression='*', messageModel=CLUSTERING}
2024-03-01 19:25:47 |INFO  |SpringApplicationShutdownHook |DefaultRocketMQListenerContainer.java:254 |org.apache.rocketmq.spring.support.DefaultRocketMQListenerContainer |container destroyed, DefaultRocketMQListenerContainer{consumerGroup='chat-group', nameServer='120.55.183.155:9876', topic='chat', consumeMode=CONCURRENTLY, selectorType=TAG, selectorExpression='*', messageModel=CLUSTERING}
2024-03-01 19:25:47 |INFO  |SpringApplicationShutdownHook |NacosServiceRegistry.java:80 |com.alibaba.cloud.nacos.registry.NacosServiceRegistry |De-registering from Nacos Server now...
2024-03-01 19:25:47 |INFO  |SpringApplicationShutdownHook |NacosServiceRegistry.java:100 |com.alibaba.cloud.nacos.registry.NacosServiceRegistry |De-registration finished.
2024-03-01 19:25:47 |INFO  |SpringApplicationShutdownHook |DruidDataSource.java:2063 |com.alibaba.druid.pool.DruidDataSource |{dataSource-0} closing ...
2024-03-01 19:25:47 |INFO  |NettyClientSelector_1 |Slf4jLoggerFactory.java:95 |RocketmqRemoting |closeChannel: close the connection to remote address[120.55.183.155:10911] result: true
2024-03-01 19:25:47 |INFO  |NettyClientSelector_1 |Slf4jLoggerFactory.java:95 |RocketmqRemoting |closeChannel: close the connection to remote address[120.55.183.155:9876] result: true
2024-03-01 19:25:47 |WARN  |SpringApplicationShutdownHook |DisposableBeanAdapter.java:222 |org.springframework.beans.factory.support.DisposableBeanAdapter |Invocation of destroy method failed on bean with name 'rocketMQTemplate': java.lang.IllegalStateException: Shutdown in progress
2024-03-01 19:25:47 |WARN  |SpringApplicationShutdownHook |DisposableBeanAdapter.java:329 |org.springframework.beans.factory.support.DisposableBeanAdapter |Custom destroy method 'shutdown' on bean with name 'defaultMQProducer' threw an exception: java.lang.IllegalStateException: Shutdown in progress
2024-03-01 19:26:27 |INFO  |main |StartupInfoLogger.java:55 |ljl.bilibili.notice.MessageApplication |Starting MessageApplication using Java 1.8.0_65 on DESKTOP-4C1V07J with PID 10992 (E:\bilibili\notice\target\classes started by Administrator in E:\bilibili)
2024-03-01 19:26:27 |INFO  |background-preinit |Version.java:21 |org.hibernate.validator.internal.util.Version |HV000001: Hibernate Validator 6.2.4.Final
2024-03-01 19:26:27 |INFO  |main |SpringApplication.java:651 |ljl.bilibili.notice.MessageApplication |The following 1 profile is active: "test"
2024-03-01 19:26:31 |INFO  |main |RepositoryConfigurationDelegate.java:262 |org.springframework.data.repository.config.RepositoryConfigurationDelegate |Multiple Spring Data modules found, entering strict repository configuration mode
2024-03-01 19:26:31 |INFO  |main |RepositoryConfigurationDelegate.java:132 |org.springframework.data.repository.config.RepositoryConfigurationDelegate |Bootstrapping Spring Data Redis repositories in DEFAULT mode.
2024-03-01 19:26:31 |INFO  |main |RepositoryConfigurationDelegate.java:201 |org.springframework.data.repository.config.RepositoryConfigurationDelegate |Finished Spring Data repository scanning in 48 ms. Found 0 Redis repository interfaces.
2024-03-01 19:26:32 |INFO  |main |GenericScope.java:283 |org.springframework.cloud.context.scope.GenericScope |BeanFactory id=04e2c251-11e6-315f-8ef1-36003e3d7364
2024-03-01 19:26:32 |INFO  |main |PostProcessorRegistrationDelegate.java:376 |org.springframework.context.support.PostProcessorRegistrationDelegate$BeanPostProcessorChecker |Bean 'org.apache.rocketmq.spring.autoconfigure.RocketMQAutoConfiguration' of type [org.apache.rocketmq.spring.autoconfigure.RocketMQAutoConfiguration$$EnhancerBySpringCGLIB$$f108d64b] is not eligible for getting processed by all BeanPostProcessors (for example: not eligible for auto-proxying)
2024-03-01 19:26:32 |INFO  |main |PostProcessorRegistrationDelegate.java:376 |org.springframework.context.support.PostProcessorRegistrationDelegate$BeanPostProcessorChecker |Bean 'org.springframework.cloud.commons.config.CommonsConfigAutoConfiguration' of type [org.springframework.cloud.commons.config.CommonsConfigAutoConfiguration] is not eligible for getting processed by all BeanPostProcessors (for example: not eligible for auto-proxying)
2024-03-01 19:26:32 |INFO  |main |PostProcessorRegistrationDelegate.java:376 |org.springframework.context.support.PostProcessorRegistrationDelegate$BeanPostProcessorChecker |Bean 'org.springframework.cloud.client.loadbalancer.LoadBalancerDefaultMappingsProviderAutoConfiguration' of type [org.springframework.cloud.client.loadbalancer.LoadBalancerDefaultMappingsProviderAutoConfiguration] is not eligible for getting processed by all BeanPostProcessors (for example: not eligible for auto-proxying)
2024-03-01 19:26:32 |INFO  |main |PostProcessorRegistrationDelegate.java:376 |org.springframework.context.support.PostProcessorRegistrationDelegate$BeanPostProcessorChecker |Bean 'loadBalancerClientsDefaultsMappingsProvider' of type [org.springframework.cloud.client.loadbalancer.LoadBalancerDefaultMappingsProviderAutoConfiguration$$Lambda$415/1197535593] is not eligible for getting processed by all BeanPostProcessors (for example: not eligible for auto-proxying)
2024-03-01 19:26:32 |INFO  |main |PostProcessorRegistrationDelegate.java:376 |org.springframework.context.support.PostProcessorRegistrationDelegate$BeanPostProcessorChecker |Bean 'defaultsBindHandlerAdvisor' of type [org.springframework.cloud.commons.config.DefaultsBindHandlerAdvisor] is not eligible for getting processed by all BeanPostProcessors (for example: not eligible for auto-proxying)
2024-03-01 19:26:32 |INFO  |main |PostProcessorRegistrationDelegate.java:376 |org.springframework.context.support.PostProcessorRegistrationDelegate$BeanPostProcessorChecker |Bean 'rocketmq-org.apache.rocketmq.spring.autoconfigure.RocketMQProperties' of type [org.apache.rocketmq.spring.autoconfigure.RocketMQProperties] is not eligible for getting processed by all BeanPostProcessors (for example: not eligible for auto-proxying)
2024-03-01 19:26:33 |INFO  |main |PostProcessorRegistrationDelegate.java:376 |org.springframework.context.support.PostProcessorRegistrationDelegate$BeanPostProcessorChecker |Bean 'defaultMQProducer' of type [org.apache.rocketmq.client.producer.DefaultMQProducer] is not eligible for getting processed by all BeanPostProcessors (for example: not eligible for auto-proxying)
2024-03-01 19:26:33 |INFO  |main |PostProcessorRegistrationDelegate.java:376 |org.springframework.context.support.PostProcessorRegistrationDelegate$BeanPostProcessorChecker |Bean 'jacksonConfig' of type [ljl.config.JacksonConfig$$EnhancerBySpringCGLIB$$7617cebd] is not eligible for getting processed by all BeanPostProcessors (for example: not eligible for auto-proxying)
2024-03-01 19:26:33 |INFO  |main |PostProcessorRegistrationDelegate.java:376 |org.springframework.context.support.PostProcessorRegistrationDelegate$BeanPostProcessorChecker |Bean 'objectMapper' of type [com.fasterxml.jackson.databind.ObjectMapper] is not eligible for getting processed by all BeanPostProcessors (for example: not eligible for auto-proxying)
2024-03-01 19:26:33 |INFO  |main |PostProcessorRegistrationDelegate.java:376 |org.springframework.context.support.PostProcessorRegistrationDelegate$BeanPostProcessorChecker |Bean 'org.apache.rocketmq.spring.autoconfigure.MessageConverterConfiguration' of type [org.apache.rocketmq.spring.autoconfigure.MessageConverterConfiguration$$EnhancerBySpringCGLIB$$c17cf39] is not eligible for getting processed by all BeanPostProcessors (for example: not eligible for auto-proxying)
2024-03-01 19:26:33 |INFO  |main |PostProcessorRegistrationDelegate.java:376 |org.springframework.context.support.PostProcessorRegistrationDelegate$BeanPostProcessorChecker |Bean 'createRocketMQMessageConverter' of type [org.apache.rocketmq.spring.support.RocketMQMessageConverter] is not eligible for getting processed by all BeanPostProcessors (for example: not eligible for auto-proxying)
2024-03-01 19:26:35 |INFO  |main |PostProcessorRegistrationDelegate.java:376 |org.springframework.context.support.PostProcessorRegistrationDelegate$BeanPostProcessorChecker |Bean 'rocketMQTemplate' of type [org.apache.rocketmq.spring.core.RocketMQTemplate] is not eligible for getting processed by all BeanPostProcessors (for example: not eligible for auto-proxying)
2024-03-01 19:26:35 |INFO  |main |PostProcessorRegistrationDelegate.java:376 |org.springframework.context.support.PostProcessorRegistrationDelegate$BeanPostProcessorChecker |Bean 'transactionHandlerRegistry' of type [org.apache.rocketmq.spring.config.TransactionHandlerRegistry] is not eligible for getting processed by all BeanPostProcessors (for example: not eligible for auto-proxying)
2024-03-01 19:26:36 |INFO  |main |TomcatWebServer.java:108 |org.springframework.boot.web.embedded.tomcat.TomcatWebServer |Tomcat initialized with port(s): 30000 (http)
2024-03-01 19:26:36 |INFO  |main |DirectJDKLog.java:173 |org.apache.coyote.http11.Http11NioProtocol |Initializing ProtocolHandler ["http-nio-30000"]
2024-03-01 19:26:36 |INFO  |main |DirectJDKLog.java:173 |org.apache.catalina.core.StandardService |Starting service [Tomcat]
2024-03-01 19:26:36 |INFO  |main |DirectJDKLog.java:173 |org.apache.catalina.core.StandardEngine |Starting Servlet engine: [Apache Tomcat/9.0.65]
2024-03-01 19:26:36 |INFO  |main |DirectJDKLog.java:173 |org.apache.catalina.core.ContainerBase.[Tomcat].[localhost].[/] |Initializing Spring embedded WebApplicationContext
2024-03-01 19:26:36 |INFO  |main |ServletWebServerApplicationContext.java:290 |org.springframework.boot.web.servlet.context.ServletWebServerApplicationContext |Root WebApplicationContext: initialization completed in 8798 ms
2024-03-01 19:26:37 |INFO  |main |MybatisPlusJoinAutoConfiguration.java:140 |com.github.yulichang.autoconfigure.MybatisPlusJoinAutoConfiguration |mybatis plus join properties config complete
2024-03-01 19:26:37 |INFO  |main |MybatisPlusJoinAutoConfiguration.java:140 |com.github.yulichang.autoconfigure.MybatisPlusJoinAutoConfiguration |mybatis plus join SqlInjector init
2024-03-01 19:26:39 |WARN  |main |TableInfoHelper.java:423 |com.baomidou.mybatisplus.core.metadata.TableInfoHelper |This primary key of "id" is primitive !不建议如此请使用包装类 in Class: "ljl.entity.notice.dynamic.DynamicToUser"
2024-03-01 19:26:40 |INFO  |main |WebMvcPropertySourcedRequestMappingHandlerMapping.java:69 |springfox.documentation.spring.web.WebMvcPropertySourcedRequestMappingHandlerMapping |Mapped URL path [/v2/api-docs] onto method [springfox.documentation.swagger2.web.Swagger2ControllerWebMvc#getDocumentation(String, HttpServletRequest)]
2024-03-01 19:26:41 |INFO  |main |RpcClientFactory.java:80 |com.alibaba.nacos.common.remote.client |[RpcClientFactory] create a new rpc client of 1844bfe6-79d3-4850-9177-c4a29d6b72a2
2024-03-01 19:26:41 |INFO  |main |Reflections.java:232 |org.reflections.Reflections |Reflections took 47 ms to scan 1 urls, producing 3 keys and 6 values 
2024-03-01 19:26:41 |INFO  |main |Reflections.java:232 |org.reflections.Reflections |Reflections took 25 ms to scan 1 urls, producing 4 keys and 9 values 
2024-03-01 19:26:41 |INFO  |main |Reflections.java:232 |org.reflections.Reflections |Reflections took 18 ms to scan 1 urls, producing 3 keys and 10 values 
2024-03-01 19:26:41 |INFO  |main |Reflections.java:232 |org.reflections.Reflections |Reflections took 398 ms to scan 237 urls, producing 0 keys and 0 values 
2024-03-01 19:26:41 |INFO  |main |Reflections.java:232 |org.reflections.Reflections |Reflections took 20 ms to scan 1 urls, producing 1 keys and 5 values 
2024-03-01 19:26:41 |INFO  |main |Reflections.java:232 |org.reflections.Reflections |Reflections took 33 ms to scan 1 urls, producing 1 keys and 7 values 
2024-03-01 19:26:42 |INFO  |main |Reflections.java:232 |org.reflections.Reflections |Reflections took 29 ms to scan 1 urls, producing 2 keys and 8 values 
2024-03-01 19:26:42 |INFO  |main |Reflections.java:232 |org.reflections.Reflections |Reflections took 300 ms to scan 237 urls, producing 0 keys and 0 values 
2024-03-01 19:26:42 |INFO  |main |LoggerUtils.java:60 |com.alibaba.nacos.common.remote.client |[1844bfe6-79d3-4850-9177-c4a29d6b72a2] RpcClient init label, labels = {module=naming, source=sdk}
2024-03-01 19:26:42 |INFO  |main |LoggerUtils.java:60 |com.alibaba.nacos.common.remote.client |[1844bfe6-79d3-4850-9177-c4a29d6b72a2] RpcClient init, ServerListFactory = com.alibaba.nacos.client.naming.core.ServerListManager
2024-03-01 19:26:42 |INFO  |main |LoggerUtils.java:60 |com.alibaba.nacos.common.remote.client |[1844bfe6-79d3-4850-9177-c4a29d6b72a2] Registry connection listener to current client:com.alibaba.nacos.client.naming.remote.gprc.redo.NamingGrpcRedoService
2024-03-01 19:26:42 |INFO  |main |LoggerUtils.java:60 |com.alibaba.nacos.common.remote.client |[1844bfe6-79d3-4850-9177-c4a29d6b72a2] Register server push request handler:com.alibaba.nacos.client.naming.remote.gprc.NamingPushRequestHandler
2024-03-01 19:26:42 |INFO  |main |LoggerUtils.java:60 |com.alibaba.nacos.common.remote.client |[1844bfe6-79d3-4850-9177-c4a29d6b72a2] Try to connect to server on start up, server: {serverIp = '116.62.71.84', server main port = 8848}
2024-03-01 19:26:44 |INFO  |main |LoggerUtils.java:60 |com.alibaba.nacos.common.remote.client |[1844bfe6-79d3-4850-9177-c4a29d6b72a2] Success to connect to server [116.62.71.84:8848] on start up, connectionId = 1709292404500_120.227.129.112_46795
2024-03-01 19:26:44 |INFO  |com.alibaba.nacos.client.remote.worker |LoggerUtils.java:60 |com.alibaba.nacos.common.remote.client |[1844bfe6-79d3-4850-9177-c4a29d6b72a2] Notify connected event to listeners.
2024-03-01 19:26:44 |INFO  |main |LoggerUtils.java:60 |com.alibaba.nacos.common.remote.client |[1844bfe6-79d3-4850-9177-c4a29d6b72a2] Register server push request handler:com.alibaba.nacos.common.remote.client.RpcClient$ConnectResetRequestHandler
2024-03-01 19:26:44 |INFO  |main |LoggerUtils.java:60 |com.alibaba.nacos.common.remote.client |[1844bfe6-79d3-4850-9177-c4a29d6b72a2] Register server push request handler:com.alibaba.nacos.common.remote.client.RpcClient$$Lambda$983/2085398652
2024-03-01 19:26:45 |WARN  |main |LoadBalancerCacheAutoConfiguration.java:82 |org.springframework.cloud.loadbalancer.config.LoadBalancerCacheAutoConfiguration$LoadBalancerCaffeineWarnLogger |Spring Cloud LoadBalancer is currently working with the default cache. While this cache implementation is useful for development and tests, it's recommended to use Caffeine cache in production.You can switch to using Caffeine cache, by adding it and org.springframework.cache.caffeine.CaffeineCacheManager to the classpath.
2024-03-01 19:26:46 |INFO  |main |DefaultRocketMQListenerContainer.java:281 |org.apache.rocketmq.spring.support.DefaultRocketMQListenerContainer |running container: DefaultRocketMQListenerContainer{consumerGroup='chat-group', nameServer='120.55.183.155:9876', topic='chat', consumeMode=CONCURRENTLY, selectorType=TAG, selectorExpression='*', messageModel=CLUSTERING}
2024-03-01 19:26:46 |INFO  |main |ListenerContainerConfiguration.java:127 |org.apache.rocketmq.spring.autoconfigure.ListenerContainerConfiguration |Register the listener to container, listenerBeanName:chatConsumer, containerBeanName:org.apache.rocketmq.spring.support.DefaultRocketMQListenerContainer_1
2024-03-01 19:26:47 |INFO  |main |DefaultRocketMQListenerContainer.java:281 |org.apache.rocketmq.spring.support.DefaultRocketMQListenerContainer |running container: DefaultRocketMQListenerContainer{consumerGroup='comment-group', nameServer='120.55.183.155:9876', topic='comment', consumeMode=CONCURRENTLY, selectorType=TAG, selectorExpression='*', messageModel=CLUSTERING}
2024-03-01 19:26:47 |INFO  |main |ListenerContainerConfiguration.java:127 |org.apache.rocketmq.spring.autoconfigure.ListenerContainerConfiguration |Register the listener to container, listenerBeanName:commentConsumer, containerBeanName:org.apache.rocketmq.spring.support.DefaultRocketMQListenerContainer_2
2024-03-01 19:26:47 |INFO  |main |DefaultRocketMQListenerContainer.java:281 |org.apache.rocketmq.spring.support.DefaultRocketMQListenerContainer |running container: DefaultRocketMQListenerContainer{consumerGroup='dynamic-group', nameServer='120.55.183.155:9876', topic='dynamic', consumeMode=CONCURRENTLY, selectorType=TAG, selectorExpression='*', messageModel=CLUSTERING}
2024-03-01 19:26:47 |INFO  |main |ListenerContainerConfiguration.java:127 |org.apache.rocketmq.spring.autoconfigure.ListenerContainerConfiguration |Register the listener to container, listenerBeanName:dynamicConsumer, containerBeanName:org.apache.rocketmq.spring.support.DefaultRocketMQListenerContainer_3
2024-03-01 19:26:48 |INFO  |main |DefaultRocketMQListenerContainer.java:281 |org.apache.rocketmq.spring.support.DefaultRocketMQListenerContainer |running container: DefaultRocketMQListenerContainer{consumerGroup='like-group', nameServer='120.55.183.155:9876', topic='like', consumeMode=ORDERLY, selectorType=TAG, selectorExpression='*', messageModel=CLUSTERING}
2024-03-01 19:26:48 |INFO  |main |ListenerContainerConfiguration.java:127 |org.apache.rocketmq.spring.autoconfigure.ListenerContainerConfiguration |Register the listener to container, listenerBeanName:likeConsumer, containerBeanName:org.apache.rocketmq.spring.support.DefaultRocketMQListenerContainer_4
2024-03-01 19:26:48 |INFO  |main |DefaultRocketMQListenerContainer.java:281 |org.apache.rocketmq.spring.support.DefaultRocketMQListenerContainer |running container: DefaultRocketMQListenerContainer{consumerGroup='mysql-es-group', nameServer='120.55.183.155:9876', topic='mysqlToEs', consumeMode=CONCURRENTLY, selectorType=TAG, selectorExpression='*', messageModel=CLUSTERING}
2024-03-01 19:26:48 |INFO  |main |ListenerContainerConfiguration.java:127 |org.apache.rocketmq.spring.autoconfigure.ListenerContainerConfiguration |Register the listener to container, listenerBeanName:mysqlToEsConsumer, containerBeanName:org.apache.rocketmq.spring.support.DefaultRocketMQListenerContainer_5
2024-03-01 19:26:49 |INFO  |main |DefaultRocketMQListenerContainer.java:281 |org.apache.rocketmq.spring.support.DefaultRocketMQListenerContainer |running container: DefaultRocketMQListenerContainer{consumerGroup='video-encode-group', nameServer='120.55.183.155:9876', topic='video-encode', consumeMode=CONCURRENTLY, selectorType=TAG, selectorExpression='*', messageModel=CLUSTERING}
2024-03-01 19:26:49 |INFO  |main |ListenerContainerConfiguration.java:127 |org.apache.rocketmq.spring.autoconfigure.ListenerContainerConfiguration |Register the listener to container, listenerBeanName:videoEncodeConsumer, containerBeanName:org.apache.rocketmq.spring.support.DefaultRocketMQListenerContainer_6
2024-03-01 19:26:49 |INFO  |main |DirectJDKLog.java:173 |org.apache.coyote.http11.Http11NioProtocol |Starting ProtocolHandler ["http-nio-30000"]
2024-03-01 19:26:49 |INFO  |main |TomcatWebServer.java:220 |org.springframework.boot.web.embedded.tomcat.TomcatWebServer |Tomcat started on port(s): 30000 (http) with context path ''
2024-03-01 19:26:49 |INFO  |main |NacosServiceRegistry.java:65 |com.alibaba.cloud.nacos.registry.NacosServiceRegistry |nacos registry, DEFAULT_GROUP notice 192.168.0.100:30000 register finished
2024-03-01 19:26:50 |INFO  |main |DocumentationPluginsBootstrapper.java:93 |springfox.documentation.spring.web.plugins.DocumentationPluginsBootstrapper |Documentation plugins bootstrapped
2024-03-01 19:26:50 |INFO  |main |AbstractDocumentationPluginsBootstrapper.java:79 |springfox.documentation.spring.web.plugins.DocumentationPluginsBootstrapper |Found 1 custom documentation plugin(s)
2024-03-01 19:26:50 |INFO  |main |ApiListingReferenceScanner.java:44 |springfox.documentation.spring.web.scanners.ApiListingReferenceScanner |Scanning for api listing references
2024-03-01 19:26:50 |INFO  |main |StartupInfoLogger.java:61 |ljl.bilibili.notice.MessageApplication |Started MessageApplication in 25.483 seconds (JVM running for 29.993)
2024-03-01 19:26:58 |INFO  |http-nio-30000-exec-1 |DirectJDKLog.java:173 |org.apache.catalina.core.ContainerBase.[Tomcat].[localhost].[/] |Initializing Spring DispatcherServlet 'dispatcherServlet'
2024-03-01 19:26:58 |INFO  |http-nio-30000-exec-1 |FrameworkServlet.java:525 |org.springframework.web.servlet.DispatcherServlet |Initializing Servlet 'dispatcherServlet'
2024-03-01 19:26:58 |INFO  |http-nio-30000-exec-1 |FrameworkServlet.java:547 |org.springframework.web.servlet.DispatcherServlet |Completed initialization in 6 ms
2024-03-01 19:26:59 |ERROR |http-nio-30000-exec-1 |GlobalExceptionHandler.java:26 |ljl.handler.GlobalExceptionHandler |
org.springframework.http.converter.HttpMessageNotReadableException: JSON parse error: Unrecognized field "type" (class ljl.entity.notice.like.LikeNotice), not marked as ignorable; nested exception is com.fasterxml.jackson.databind.exc.UnrecognizedPropertyException: Unrecognized field "type" (class ljl.entity.notice.like.LikeNotice), not marked as ignorable (6 known properties: "senderId", "status", "videoId", "createTime", "commentId", "id"])
 at [Source: (org.springframework.util.StreamUtils$NonClosingInputStream); line: 1, column: 94] (through reference chain: ljl.entity.notice.like.LikeNotice["type"])
	at org.springframework.http.converter.json.AbstractJackson2HttpMessageConverter.readJavaType(AbstractJackson2HttpMessageConverter.java:391)
	at org.springframework.http.converter.json.AbstractJackson2HttpMessageConverter.read(AbstractJackson2HttpMessageConverter.java:343)
	at org.springframework.web.servlet.mvc.method.annotation.AbstractMessageConverterMethodArgumentResolver.readWithMessageConverters(AbstractMessageConverterMethodArgumentResolver.java:185)
	at org.springframework.web.servlet.mvc.method.annotation.RequestResponseBodyMethodProcessor.readWithMessageConverters(RequestResponseBodyMethodProcessor.java:160)
	at org.springframework.web.servlet.mvc.method.annotation.RequestResponseBodyMethodProcessor.resolveArgument(RequestResponseBodyMethodProcessor.java:133)
	at org.springframework.web.method.support.HandlerMethodArgumentResolverComposite.resolveArgument(HandlerMethodArgumentResolverComposite.java:122)
	at org.springframework.web.method.support.InvocableHandlerMethod.getMethodArgumentValues(InvocableHandlerMethod.java:179)
	at org.springframework.web.method.support.InvocableHandlerMethod.invokeForRequest(InvocableHandlerMethod.java:146)
	at org.springframework.web.servlet.mvc.method.annotation.ServletInvocableHandlerMethod.invokeAndHandle(ServletInvocableHandlerMethod.java:117)
	at org.springframework.web.servlet.mvc.method.annotation.RequestMappingHandlerAdapter.invokeHandlerMethod(RequestMappingHandlerAdapter.java:895)
	at org.springframework.web.servlet.mvc.method.annotation.RequestMappingHandlerAdapter.handleInternal(RequestMappingHandlerAdapter.java:808)
	at org.springframework.web.servlet.mvc.method.AbstractHandlerMethodAdapter.handle(AbstractHandlerMethodAdapter.java:87)
	at org.springframework.web.servlet.DispatcherServlet.doDispatch(DispatcherServlet.java:1070)
	at org.springframework.web.servlet.DispatcherServlet.doService(DispatcherServlet.java:963)
	at org.springframework.web.servlet.FrameworkServlet.processRequest(FrameworkServlet.java:1006)
	at org.springframework.web.servlet.FrameworkServlet.doPost(FrameworkServlet.java:909)
	at javax.servlet.http.HttpServlet.service(HttpServlet.java:681)
	at org.springframework.web.servlet.FrameworkServlet.service(FrameworkServlet.java:883)
	at javax.servlet.http.HttpServlet.service(HttpServlet.java:764)
	at org.apache.catalina.core.ApplicationFilterChain.internalDoFilter(ApplicationFilterChain.java:227)
	at org.apache.catalina.core.ApplicationFilterChain.doFilter(ApplicationFilterChain.java:162)
	at org.apache.tomcat.websocket.server.WsFilter.doFilter(WsFilter.java:53)
	at org.apache.catalina.core.ApplicationFilterChain.internalDoFilter(ApplicationFilterChain.java:189)
	at org.apache.catalina.core.ApplicationFilterChain.doFilter(ApplicationFilterChain.java:162)
	at org.springframework.web.filter.RequestContextFilter.doFilterInternal(RequestContextFilter.java:100)
	at org.springframework.web.filter.OncePerRequestFilter.doFilter(OncePerRequestFilter.java:117)
	at org.apache.catalina.core.ApplicationFilterChain.internalDoFilter(ApplicationFilterChain.java:189)
	at org.apache.catalina.core.ApplicationFilterChain.doFilter(ApplicationFilterChain.java:162)
	at org.springframework.web.filter.FormContentFilter.doFilterInternal(FormContentFilter.java:93)
	at org.springframework.web.filter.OncePerRequestFilter.doFilter(OncePerRequestFilter.java:117)
	at org.apache.catalina.core.ApplicationFilterChain.internalDoFilter(ApplicationFilterChain.java:189)
	at org.apache.catalina.core.ApplicationFilterChain.doFilter(ApplicationFilterChain.java:162)
	at org.springframework.web.filter.CharacterEncodingFilter.doFilterInternal(CharacterEncodingFilter.java:201)
	at org.springframework.web.filter.OncePerRequestFilter.doFilter(OncePerRequestFilter.java:117)
	at org.apache.catalina.core.ApplicationFilterChain.internalDoFilter(ApplicationFilterChain.java:189)
	at org.apache.catalina.core.ApplicationFilterChain.doFilter(ApplicationFilterChain.java:162)
	at org.apache.catalina.core.StandardWrapperValve.invoke(StandardWrapperValve.java:197)
	at org.apache.catalina.core.StandardContextValve.invoke(StandardContextValve.java:97)
	at org.apache.catalina.authenticator.AuthenticatorBase.invoke(AuthenticatorBase.java:541)
	at org.apache.catalina.core.StandardHostValve.invoke(StandardHostValve.java:135)
	at org.apache.catalina.valves.ErrorReportValve.invoke(ErrorReportValve.java:92)
	at org.apache.catalina.core.StandardEngineValve.invoke(StandardEngineValve.java:78)
	at org.apache.catalina.connector.CoyoteAdapter.service(CoyoteAdapter.java:360)
	at org.apache.coyote.http11.Http11Processor.service(Http11Processor.java:399)
	at org.apache.coyote.AbstractProcessorLight.process(AbstractProcessorLight.java:65)
	at org.apache.coyote.AbstractProtocol$ConnectionHandler.process(AbstractProtocol.java:890)
	at org.apache.tomcat.util.net.NioEndpoint$SocketProcessor.doRun(NioEndpoint.java:1789)
	at org.apache.tomcat.util.net.SocketProcessorBase.run(SocketProcessorBase.java:49)
	at org.apache.tomcat.util.threads.ThreadPoolExecutor.runWorker(ThreadPoolExecutor.java:1191)
	at org.apache.tomcat.util.threads.ThreadPoolExecutor$Worker.run(ThreadPoolExecutor.java:659)
	at org.apache.tomcat.util.threads.TaskThread$WrappingRunnable.run(TaskThread.java:61)
	at java.lang.Thread.run(Thread.java:745)
Caused by: com.fasterxml.jackson.databind.exc.UnrecognizedPropertyException: Unrecognized field "type" (class ljl.entity.notice.like.LikeNotice), not marked as ignorable (6 known properties: "senderId", "status", "videoId", "createTime", "commentId", "id"])
 at [Source: (org.springframework.util.StreamUtils$NonClosingInputStream); line: 1, column: 94] (through reference chain: ljl.entity.notice.like.LikeNotice["type"])
	at com.fasterxml.jackson.databind.exc.UnrecognizedPropertyException.from(UnrecognizedPropertyException.java:61)
	at com.fasterxml.jackson.databind.DeserializationContext.handleUnknownProperty(DeserializationContext.java:1127)
	at com.fasterxml.jackson.databind.deser.std.StdDeserializer.handleUnknownProperty(StdDeserializer.java:2023)
	at com.fasterxml.jackson.databind.deser.BeanDeserializerBase.handleUnknownProperty(BeanDeserializerBase.java:1700)
	at com.fasterxml.jackson.databind.deser.BeanDeserializerBase.handleUnknownVanilla(BeanDeserializerBase.java:1678)
	at com.fasterxml.jackson.databind.deser.BeanDeserializer.vanillaDeserialize(BeanDeserializer.java:319)
	at com.fasterxml.jackson.databind.deser.BeanDeserializer.deserialize(BeanDeserializer.java:176)
	at com.fasterxml.jackson.databind.deser.DefaultDeserializationContext.readRootValue(DefaultDeserializationContext.java:323)
	at com.fasterxml.jackson.databind.ObjectMapper._readMapAndClose(ObjectMapper.java:4674)
	at com.fasterxml.jackson.databind.ObjectMapper.readValue(ObjectMapper.java:3682)
	at org.springframework.http.converter.json.AbstractJackson2HttpMessageConverter.readJavaType(AbstractJackson2HttpMessageConverter.java:380)
	... 51 common frames omitted
2024-03-01 19:36:23 |INFO  |Thread-43 |TimeBasedFilter.java:24 |ljl.filter.TimeBasedFilter |






2024-03-01 19:36:23 |INFO  |Thread-46 |TimeBasedFilter.java:24 |ljl.filter.TimeBasedFilter |






2024-03-01 19:36:23 |WARN  |Thread-43 |NotifyCenter.java:136 |com.alibaba.nacos.common.notify.NotifyCenter |[NotifyCenter] Start destroying Publisher
2024-03-01 19:36:23 |WARN  |Thread-46 |HttpClientBeanHolder.java:108 |com.alibaba.nacos.common.http.HttpClientBeanHolder |[HttpClientBeanHolder] Start destroying common HttpClient
2024-03-01 19:36:23 |WARN  |Thread-43 |NotifyCenter.java:153 |com.alibaba.nacos.common.notify.NotifyCenter |[NotifyCenter] Destruction of the end
2024-03-01 19:36:23 |WARN  |Thread-46 |HttpClientBeanHolder.java:114 |com.alibaba.nacos.common.http.HttpClientBeanHolder |[HttpClientBeanHolder] Destruction of the end
2024-03-01 19:36:24 |INFO  |SpringApplicationShutdownHook |DefaultRocketMQListenerContainer.java:254 |org.apache.rocketmq.spring.support.DefaultRocketMQListenerContainer |container destroyed, DefaultRocketMQListenerContainer{consumerGroup='video-encode-group', nameServer='120.55.183.155:9876', topic='video-encode', consumeMode=CONCURRENTLY, selectorType=TAG, selectorExpression='*', messageModel=CLUSTERING}
2024-03-01 19:36:24 |INFO  |SpringApplicationShutdownHook |DefaultRocketMQListenerContainer.java:254 |org.apache.rocketmq.spring.support.DefaultRocketMQListenerContainer |container destroyed, DefaultRocketMQListenerContainer{consumerGroup='mysql-es-group', nameServer='120.55.183.155:9876', topic='mysqlToEs', consumeMode=CONCURRENTLY, selectorType=TAG, selectorExpression='*', messageModel=CLUSTERING}
2024-03-01 19:36:24 |INFO  |SpringApplicationShutdownHook |DefaultRocketMQListenerContainer.java:254 |org.apache.rocketmq.spring.support.DefaultRocketMQListenerContainer |container destroyed, DefaultRocketMQListenerContainer{consumerGroup='like-group', nameServer='120.55.183.155:9876', topic='like', consumeMode=ORDERLY, selectorType=TAG, selectorExpression='*', messageModel=CLUSTERING}
2024-03-01 19:36:24 |INFO  |SpringApplicationShutdownHook |DefaultRocketMQListenerContainer.java:254 |org.apache.rocketmq.spring.support.DefaultRocketMQListenerContainer |container destroyed, DefaultRocketMQListenerContainer{consumerGroup='dynamic-group', nameServer='120.55.183.155:9876', topic='dynamic', consumeMode=CONCURRENTLY, selectorType=TAG, selectorExpression='*', messageModel=CLUSTERING}
2024-03-01 19:36:24 |INFO  |SpringApplicationShutdownHook |DefaultRocketMQListenerContainer.java:254 |org.apache.rocketmq.spring.support.DefaultRocketMQListenerContainer |container destroyed, DefaultRocketMQListenerContainer{consumerGroup='comment-group', nameServer='120.55.183.155:9876', topic='comment', consumeMode=CONCURRENTLY, selectorType=TAG, selectorExpression='*', messageModel=CLUSTERING}
2024-03-01 19:36:24 |INFO  |SpringApplicationShutdownHook |DefaultRocketMQListenerContainer.java:254 |org.apache.rocketmq.spring.support.DefaultRocketMQListenerContainer |container destroyed, DefaultRocketMQListenerContainer{consumerGroup='chat-group', nameServer='120.55.183.155:9876', topic='chat', consumeMode=CONCURRENTLY, selectorType=TAG, selectorExpression='*', messageModel=CLUSTERING}
2024-03-01 19:36:24 |INFO  |SpringApplicationShutdownHook |NacosServiceRegistry.java:80 |com.alibaba.cloud.nacos.registry.NacosServiceRegistry |De-registering from Nacos Server now...
2024-03-01 19:36:24 |INFO  |SpringApplicationShutdownHook |NacosServiceRegistry.java:100 |com.alibaba.cloud.nacos.registry.NacosServiceRegistry |De-registration finished.
2024-03-01 19:36:24 |INFO  |SpringApplicationShutdownHook |DruidDataSource.java:2063 |com.alibaba.druid.pool.DruidDataSource |{dataSource-0} closing ...
2024-03-01 19:36:25 |WARN  |SpringApplicationShutdownHook |DisposableBeanAdapter.java:222 |org.springframework.beans.factory.support.DisposableBeanAdapter |Invocation of destroy method failed on bean with name 'rocketMQTemplate': java.lang.IllegalStateException: Shutdown in progress
2024-03-01 19:36:25 |WARN  |SpringApplicationShutdownHook |DisposableBeanAdapter.java:329 |org.springframework.beans.factory.support.DisposableBeanAdapter |Custom destroy method 'shutdown' on bean with name 'defaultMQProducer' threw an exception: java.lang.IllegalStateException: Shutdown in progress
2024-03-01 19:36:25 |INFO  |NettyClientSelector_1 |Slf4jLoggerFactory.java:95 |RocketmqRemoting |closeChannel: close the connection to remote address[120.55.183.155:9876] result: true
2024-03-01 19:36:25 |INFO  |NettyClientSelector_1 |Slf4jLoggerFactory.java:95 |RocketmqRemoting |closeChannel: close the connection to remote address[120.55.183.155:10911] result: true
2024-03-01 19:36:55 |INFO  |background-preinit |Version.java:21 |org.hibernate.validator.internal.util.Version |HV000001: Hibernate Validator 6.2.4.Final
2024-03-01 19:36:55 |INFO  |main |StartupInfoLogger.java:55 |ljl.bilibili.notice.MessageApplication |Starting MessageApplication using Java 1.8.0_65 on DESKTOP-4C1V07J with PID 3232 (E:\bilibili\notice\target\classes started by Administrator in E:\bilibili)
2024-03-01 19:36:55 |INFO  |main |SpringApplication.java:651 |ljl.bilibili.notice.MessageApplication |The following 1 profile is active: "test"
2024-03-01 19:36:58 |INFO  |main |RepositoryConfigurationDelegate.java:262 |org.springframework.data.repository.config.RepositoryConfigurationDelegate |Multiple Spring Data modules found, entering strict repository configuration mode
2024-03-01 19:36:58 |INFO  |main |RepositoryConfigurationDelegate.java:132 |org.springframework.data.repository.config.RepositoryConfigurationDelegate |Bootstrapping Spring Data Redis repositories in DEFAULT mode.
2024-03-01 19:36:58 |INFO  |main |RepositoryConfigurationDelegate.java:201 |org.springframework.data.repository.config.RepositoryConfigurationDelegate |Finished Spring Data repository scanning in 48 ms. Found 0 Redis repository interfaces.
2024-03-01 19:36:59 |INFO  |main |GenericScope.java:283 |org.springframework.cloud.context.scope.GenericScope |BeanFactory id=04e2c251-11e6-315f-8ef1-36003e3d7364
2024-03-01 19:36:59 |INFO  |main |PostProcessorRegistrationDelegate.java:376 |org.springframework.context.support.PostProcessorRegistrationDelegate$BeanPostProcessorChecker |Bean 'org.apache.rocketmq.spring.autoconfigure.RocketMQAutoConfiguration' of type [org.apache.rocketmq.spring.autoconfigure.RocketMQAutoConfiguration$$EnhancerBySpringCGLIB$$aafe8c35] is not eligible for getting processed by all BeanPostProcessors (for example: not eligible for auto-proxying)
2024-03-01 19:36:59 |INFO  |main |PostProcessorRegistrationDelegate.java:376 |org.springframework.context.support.PostProcessorRegistrationDelegate$BeanPostProcessorChecker |Bean 'org.springframework.cloud.commons.config.CommonsConfigAutoConfiguration' of type [org.springframework.cloud.commons.config.CommonsConfigAutoConfiguration] is not eligible for getting processed by all BeanPostProcessors (for example: not eligible for auto-proxying)
2024-03-01 19:36:59 |INFO  |main |PostProcessorRegistrationDelegate.java:376 |org.springframework.context.support.PostProcessorRegistrationDelegate$BeanPostProcessorChecker |Bean 'org.springframework.cloud.client.loadbalancer.LoadBalancerDefaultMappingsProviderAutoConfiguration' of type [org.springframework.cloud.client.loadbalancer.LoadBalancerDefaultMappingsProviderAutoConfiguration] is not eligible for getting processed by all BeanPostProcessors (for example: not eligible for auto-proxying)
2024-03-01 19:36:59 |INFO  |main |PostProcessorRegistrationDelegate.java:376 |org.springframework.context.support.PostProcessorRegistrationDelegate$BeanPostProcessorChecker |Bean 'loadBalancerClientsDefaultsMappingsProvider' of type [org.springframework.cloud.client.loadbalancer.LoadBalancerDefaultMappingsProviderAutoConfiguration$$Lambda$415/1703040426] is not eligible for getting processed by all BeanPostProcessors (for example: not eligible for auto-proxying)
2024-03-01 19:36:59 |INFO  |main |PostProcessorRegistrationDelegate.java:376 |org.springframework.context.support.PostProcessorRegistrationDelegate$BeanPostProcessorChecker |Bean 'defaultsBindHandlerAdvisor' of type [org.springframework.cloud.commons.config.DefaultsBindHandlerAdvisor] is not eligible for getting processed by all BeanPostProcessors (for example: not eligible for auto-proxying)
2024-03-01 19:36:59 |INFO  |main |PostProcessorRegistrationDelegate.java:376 |org.springframework.context.support.PostProcessorRegistrationDelegate$BeanPostProcessorChecker |Bean 'rocketmq-org.apache.rocketmq.spring.autoconfigure.RocketMQProperties' of type [org.apache.rocketmq.spring.autoconfigure.RocketMQProperties] is not eligible for getting processed by all BeanPostProcessors (for example: not eligible for auto-proxying)
2024-03-01 19:37:00 |INFO  |main |PostProcessorRegistrationDelegate.java:376 |org.springframework.context.support.PostProcessorRegistrationDelegate$BeanPostProcessorChecker |Bean 'defaultMQProducer' of type [org.apache.rocketmq.client.producer.DefaultMQProducer] is not eligible for getting processed by all BeanPostProcessors (for example: not eligible for auto-proxying)
2024-03-01 19:37:00 |INFO  |main |PostProcessorRegistrationDelegate.java:376 |org.springframework.context.support.PostProcessorRegistrationDelegate$BeanPostProcessorChecker |Bean 'jacksonConfig' of type [ljl.config.JacksonConfig$$EnhancerBySpringCGLIB$$300d84a7] is not eligible for getting processed by all BeanPostProcessors (for example: not eligible for auto-proxying)
2024-03-01 19:37:00 |INFO  |main |PostProcessorRegistrationDelegate.java:376 |org.springframework.context.support.PostProcessorRegistrationDelegate$BeanPostProcessorChecker |Bean 'objectMapper' of type [com.fasterxml.jackson.databind.ObjectMapper] is not eligible for getting processed by all BeanPostProcessors (for example: not eligible for auto-proxying)
2024-03-01 19:37:00 |INFO  |main |PostProcessorRegistrationDelegate.java:376 |org.springframework.context.support.PostProcessorRegistrationDelegate$BeanPostProcessorChecker |Bean 'org.apache.rocketmq.spring.autoconfigure.MessageConverterConfiguration' of type [org.apache.rocketmq.spring.autoconfigure.MessageConverterConfiguration$$EnhancerBySpringCGLIB$$c60d8523] is not eligible for getting processed by all BeanPostProcessors (for example: not eligible for auto-proxying)
2024-03-01 19:37:01 |INFO  |main |PostProcessorRegistrationDelegate.java:376 |org.springframework.context.support.PostProcessorRegistrationDelegate$BeanPostProcessorChecker |Bean 'createRocketMQMessageConverter' of type [org.apache.rocketmq.spring.support.RocketMQMessageConverter] is not eligible for getting processed by all BeanPostProcessors (for example: not eligible for auto-proxying)
2024-03-01 19:37:03 |INFO  |main |PostProcessorRegistrationDelegate.java:376 |org.springframework.context.support.PostProcessorRegistrationDelegate$BeanPostProcessorChecker |Bean 'rocketMQTemplate' of type [org.apache.rocketmq.spring.core.RocketMQTemplate] is not eligible for getting processed by all BeanPostProcessors (for example: not eligible for auto-proxying)
2024-03-01 19:37:03 |INFO  |main |PostProcessorRegistrationDelegate.java:376 |org.springframework.context.support.PostProcessorRegistrationDelegate$BeanPostProcessorChecker |Bean 'transactionHandlerRegistry' of type [org.apache.rocketmq.spring.config.TransactionHandlerRegistry] is not eligible for getting processed by all BeanPostProcessors (for example: not eligible for auto-proxying)
2024-03-01 19:37:03 |INFO  |main |TomcatWebServer.java:108 |org.springframework.boot.web.embedded.tomcat.TomcatWebServer |Tomcat initialized with port(s): 30000 (http)
2024-03-01 19:37:04 |INFO  |main |DirectJDKLog.java:173 |org.apache.coyote.http11.Http11NioProtocol |Initializing ProtocolHandler ["http-nio-30000"]
2024-03-01 19:37:04 |INFO  |main |DirectJDKLog.java:173 |org.apache.catalina.core.StandardService |Starting service [Tomcat]
2024-03-01 19:37:04 |INFO  |main |DirectJDKLog.java:173 |org.apache.catalina.core.StandardEngine |Starting Servlet engine: [Apache Tomcat/9.0.65]
2024-03-01 19:37:04 |INFO  |main |DirectJDKLog.java:173 |org.apache.catalina.core.ContainerBase.[Tomcat].[localhost].[/] |Initializing Spring embedded WebApplicationContext
2024-03-01 19:37:04 |INFO  |main |ServletWebServerApplicationContext.java:290 |org.springframework.boot.web.servlet.context.ServletWebServerApplicationContext |Root WebApplicationContext: initialization completed in 8692 ms
2024-03-01 19:37:05 |INFO  |main |MybatisPlusJoinAutoConfiguration.java:140 |com.github.yulichang.autoconfigure.MybatisPlusJoinAutoConfiguration |mybatis plus join properties config complete
2024-03-01 19:37:05 |INFO  |main |MybatisPlusJoinAutoConfiguration.java:140 |com.github.yulichang.autoconfigure.MybatisPlusJoinAutoConfiguration |mybatis plus join SqlInjector init
2024-03-01 19:37:07 |WARN  |main |TableInfoHelper.java:423 |com.baomidou.mybatisplus.core.metadata.TableInfoHelper |This primary key of "id" is primitive !不建议如此请使用包装类 in Class: "ljl.entity.notice.dynamic.DynamicToUser"
2024-03-01 19:37:08 |INFO  |main |WebMvcPropertySourcedRequestMappingHandlerMapping.java:69 |springfox.documentation.spring.web.WebMvcPropertySourcedRequestMappingHandlerMapping |Mapped URL path [/v2/api-docs] onto method [springfox.documentation.swagger2.web.Swagger2ControllerWebMvc#getDocumentation(String, HttpServletRequest)]
2024-03-01 19:37:10 |INFO  |main |RpcClientFactory.java:80 |com.alibaba.nacos.common.remote.client |[RpcClientFactory] create a new rpc client of 873f1eb9-bb54-4f46-83a9-c2a622de4ca9
2024-03-01 19:37:10 |INFO  |main |Reflections.java:232 |org.reflections.Reflections |Reflections took 82 ms to scan 1 urls, producing 3 keys and 6 values 
2024-03-01 19:37:10 |INFO  |main |Reflections.java:232 |org.reflections.Reflections |Reflections took 25 ms to scan 1 urls, producing 4 keys and 9 values 
2024-03-01 19:37:10 |INFO  |main |Reflections.java:232 |org.reflections.Reflections |Reflections took 17 ms to scan 1 urls, producing 3 keys and 10 values 
2024-03-01 19:37:10 |INFO  |main |Reflections.java:232 |org.reflections.Reflections |Reflections took 290 ms to scan 237 urls, producing 0 keys and 0 values 
2024-03-01 19:37:10 |INFO  |main |Reflections.java:232 |org.reflections.Reflections |Reflections took 15 ms to scan 1 urls, producing 1 keys and 5 values 
2024-03-01 19:37:10 |INFO  |main |Reflections.java:232 |org.reflections.Reflections |Reflections took 12 ms to scan 1 urls, producing 1 keys and 7 values 
2024-03-01 19:37:10 |INFO  |main |Reflections.java:232 |org.reflections.Reflections |Reflections took 11 ms to scan 1 urls, producing 2 keys and 8 values 
2024-03-01 19:37:10 |INFO  |main |Reflections.java:232 |org.reflections.Reflections |Reflections took 198 ms to scan 237 urls, producing 0 keys and 0 values 
2024-03-01 19:37:10 |INFO  |main |LoggerUtils.java:60 |com.alibaba.nacos.common.remote.client |[873f1eb9-bb54-4f46-83a9-c2a622de4ca9] RpcClient init label, labels = {module=naming, source=sdk}
2024-03-01 19:37:10 |INFO  |main |LoggerUtils.java:60 |com.alibaba.nacos.common.remote.client |[873f1eb9-bb54-4f46-83a9-c2a622de4ca9] RpcClient init, ServerListFactory = com.alibaba.nacos.client.naming.core.ServerListManager
2024-03-01 19:37:10 |INFO  |main |LoggerUtils.java:60 |com.alibaba.nacos.common.remote.client |[873f1eb9-bb54-4f46-83a9-c2a622de4ca9] Registry connection listener to current client:com.alibaba.nacos.client.naming.remote.gprc.redo.NamingGrpcRedoService
2024-03-01 19:37:10 |INFO  |main |LoggerUtils.java:60 |com.alibaba.nacos.common.remote.client |[873f1eb9-bb54-4f46-83a9-c2a622de4ca9] Register server push request handler:com.alibaba.nacos.client.naming.remote.gprc.NamingPushRequestHandler
2024-03-01 19:37:10 |INFO  |main |LoggerUtils.java:60 |com.alibaba.nacos.common.remote.client |[873f1eb9-bb54-4f46-83a9-c2a622de4ca9] Try to connect to server on start up, server: {serverIp = '116.62.71.84', server main port = 8848}
2024-03-01 19:37:14 |INFO  |main |LoggerUtils.java:60 |com.alibaba.nacos.common.remote.client |[873f1eb9-bb54-4f46-83a9-c2a622de4ca9] Success to connect to server [116.62.71.84:8848] on start up, connectionId = 1709293034556_120.227.129.112_46890
2024-03-01 19:37:14 |INFO  |com.alibaba.nacos.client.remote.worker |LoggerUtils.java:60 |com.alibaba.nacos.common.remote.client |[873f1eb9-bb54-4f46-83a9-c2a622de4ca9] Notify connected event to listeners.
2024-03-01 19:37:14 |INFO  |main |LoggerUtils.java:60 |com.alibaba.nacos.common.remote.client |[873f1eb9-bb54-4f46-83a9-c2a622de4ca9] Register server push request handler:com.alibaba.nacos.common.remote.client.RpcClient$ConnectResetRequestHandler
2024-03-01 19:37:14 |INFO  |main |LoggerUtils.java:60 |com.alibaba.nacos.common.remote.client |[873f1eb9-bb54-4f46-83a9-c2a622de4ca9] Register server push request handler:com.alibaba.nacos.common.remote.client.RpcClient$$Lambda$985/1471558227
2024-03-01 19:37:15 |WARN  |main |LoadBalancerCacheAutoConfiguration.java:82 |org.springframework.cloud.loadbalancer.config.LoadBalancerCacheAutoConfiguration$LoadBalancerCaffeineWarnLogger |Spring Cloud LoadBalancer is currently working with the default cache. While this cache implementation is useful for development and tests, it's recommended to use Caffeine cache in production.You can switch to using Caffeine cache, by adding it and org.springframework.cache.caffeine.CaffeineCacheManager to the classpath.
2024-03-01 19:37:17 |INFO  |main |DefaultRocketMQListenerContainer.java:281 |org.apache.rocketmq.spring.support.DefaultRocketMQListenerContainer |running container: DefaultRocketMQListenerContainer{consumerGroup='chat-group', nameServer='120.55.183.155:9876', topic='chat', consumeMode=CONCURRENTLY, selectorType=TAG, selectorExpression='*', messageModel=CLUSTERING}
2024-03-01 19:37:17 |INFO  |main |ListenerContainerConfiguration.java:127 |org.apache.rocketmq.spring.autoconfigure.ListenerContainerConfiguration |Register the listener to container, listenerBeanName:chatConsumer, containerBeanName:org.apache.rocketmq.spring.support.DefaultRocketMQListenerContainer_1
2024-03-01 19:37:17 |INFO  |main |DefaultRocketMQListenerContainer.java:281 |org.apache.rocketmq.spring.support.DefaultRocketMQListenerContainer |running container: DefaultRocketMQListenerContainer{consumerGroup='comment-group', nameServer='120.55.183.155:9876', topic='comment', consumeMode=CONCURRENTLY, selectorType=TAG, selectorExpression='*', messageModel=CLUSTERING}
2024-03-01 19:37:17 |INFO  |main |ListenerContainerConfiguration.java:127 |org.apache.rocketmq.spring.autoconfigure.ListenerContainerConfiguration |Register the listener to container, listenerBeanName:commentConsumer, containerBeanName:org.apache.rocketmq.spring.support.DefaultRocketMQListenerContainer_2
2024-03-01 19:37:18 |INFO  |main |DefaultRocketMQListenerContainer.java:281 |org.apache.rocketmq.spring.support.DefaultRocketMQListenerContainer |running container: DefaultRocketMQListenerContainer{consumerGroup='dynamic-group', nameServer='120.55.183.155:9876', topic='dynamic', consumeMode=CONCURRENTLY, selectorType=TAG, selectorExpression='*', messageModel=CLUSTERING}
2024-03-01 19:37:18 |INFO  |main |ListenerContainerConfiguration.java:127 |org.apache.rocketmq.spring.autoconfigure.ListenerContainerConfiguration |Register the listener to container, listenerBeanName:dynamicConsumer, containerBeanName:org.apache.rocketmq.spring.support.DefaultRocketMQListenerContainer_3
2024-03-01 19:37:18 |INFO  |main |DefaultRocketMQListenerContainer.java:281 |org.apache.rocketmq.spring.support.DefaultRocketMQListenerContainer |running container: DefaultRocketMQListenerContainer{consumerGroup='like-group', nameServer='120.55.183.155:9876', topic='like', consumeMode=ORDERLY, selectorType=TAG, selectorExpression='*', messageModel=CLUSTERING}
2024-03-01 19:37:18 |INFO  |main |ListenerContainerConfiguration.java:127 |org.apache.rocketmq.spring.autoconfigure.ListenerContainerConfiguration |Register the listener to container, listenerBeanName:likeConsumer, containerBeanName:org.apache.rocketmq.spring.support.DefaultRocketMQListenerContainer_4
2024-03-01 19:37:19 |INFO  |main |DefaultRocketMQListenerContainer.java:281 |org.apache.rocketmq.spring.support.DefaultRocketMQListenerContainer |running container: DefaultRocketMQListenerContainer{consumerGroup='mysql-es-group', nameServer='120.55.183.155:9876', topic='mysqlToEs', consumeMode=CONCURRENTLY, selectorType=TAG, selectorExpression='*', messageModel=CLUSTERING}
2024-03-01 19:37:19 |INFO  |main |ListenerContainerConfiguration.java:127 |org.apache.rocketmq.spring.autoconfigure.ListenerContainerConfiguration |Register the listener to container, listenerBeanName:mysqlToEsConsumer, containerBeanName:org.apache.rocketmq.spring.support.DefaultRocketMQListenerContainer_5
2024-03-01 19:37:20 |INFO  |main |DefaultRocketMQListenerContainer.java:281 |org.apache.rocketmq.spring.support.DefaultRocketMQListenerContainer |running container: DefaultRocketMQListenerContainer{consumerGroup='video-encode-group', nameServer='120.55.183.155:9876', topic='video-encode', consumeMode=CONCURRENTLY, selectorType=TAG, selectorExpression='*', messageModel=CLUSTERING}
2024-03-01 19:37:20 |INFO  |main |ListenerContainerConfiguration.java:127 |org.apache.rocketmq.spring.autoconfigure.ListenerContainerConfiguration |Register the listener to container, listenerBeanName:videoEncodeConsumer, containerBeanName:org.apache.rocketmq.spring.support.DefaultRocketMQListenerContainer_6
2024-03-01 19:37:20 |INFO  |main |DirectJDKLog.java:173 |org.apache.coyote.http11.Http11NioProtocol |Starting ProtocolHandler ["http-nio-30000"]
2024-03-01 19:37:20 |INFO  |main |TomcatWebServer.java:220 |org.springframework.boot.web.embedded.tomcat.TomcatWebServer |Tomcat started on port(s): 30000 (http) with context path ''
2024-03-01 19:37:21 |INFO  |main |NacosServiceRegistry.java:65 |com.alibaba.cloud.nacos.registry.NacosServiceRegistry |nacos registry, DEFAULT_GROUP notice 192.168.0.100:30000 register finished
2024-03-01 19:37:21 |INFO  |main |DocumentationPluginsBootstrapper.java:93 |springfox.documentation.spring.web.plugins.DocumentationPluginsBootstrapper |Documentation plugins bootstrapped
2024-03-01 19:37:21 |INFO  |main |AbstractDocumentationPluginsBootstrapper.java:79 |springfox.documentation.spring.web.plugins.DocumentationPluginsBootstrapper |Found 1 custom documentation plugin(s)
2024-03-01 19:37:21 |INFO  |main |ApiListingReferenceScanner.java:44 |springfox.documentation.spring.web.scanners.ApiListingReferenceScanner |Scanning for api listing references
2024-03-01 19:37:21 |INFO  |main |StartupInfoLogger.java:61 |ljl.bilibili.notice.MessageApplication |Started MessageApplication in 28.196 seconds (JVM running for 31.208)
2024-03-01 19:37:40 |INFO  |http-nio-30000-exec-1 |DirectJDKLog.java:173 |org.apache.catalina.core.ContainerBase.[Tomcat].[localhost].[/] |Initializing Spring DispatcherServlet 'dispatcherServlet'
2024-03-01 19:37:40 |INFO  |http-nio-30000-exec-1 |FrameworkServlet.java:525 |org.springframework.web.servlet.DispatcherServlet |Initializing Servlet 'dispatcherServlet'
2024-03-01 19:37:40 |INFO  |http-nio-30000-exec-1 |FrameworkServlet.java:547 |org.springframework.web.servlet.DispatcherServlet |Completed initialization in 3 ms
2024-03-01 19:37:42 |INFO  |NettyClientPublicExecutor_3 |SendNoticeService.java:63 |ljl.service.send_notice.SendNoticeService |Message sent successfully: 
2024-03-01 19:38:00 |INFO  |ConsumeMessageThread_1 |DruidDataSource.java:975 |com.alibaba.druid.pool.DruidDataSource |{dataSource-1} inited
2024-03-01 19:38:00 |INFO  |ConsumeMessageThread_1 |DefaultRocketMQListenerContainer.java:375 |org.apache.rocketmq.spring.support.DefaultRocketMQListenerContainer |consume C0A800640CA014DAD5DC0436368C0000 cost: 722 ms
2024-03-01 19:49:12 |INFO  |com.alibaba.nacos.client.remote.worker |TimeBasedFilter.java:24 |ljl.filter.TimeBasedFilter |






2024-03-01 19:49:12 |INFO  |com.alibaba.nacos.client.remote.worker |LoggerUtils.java:60 |com.alibaba.nacos.common.remote.client |[873f1eb9-bb54-4f46-83a9-c2a622de4ca9] Server healthy check fail, currentConnection = 1709293034556_120.227.129.112_46890
2024-03-01 19:49:12 |INFO  |com.alibaba.nacos.client.remote.worker |LoggerUtils.java:60 |com.alibaba.nacos.common.remote.client |[873f1eb9-bb54-4f46-83a9-c2a622de4ca9] Try to reconnect to a new server, server is  not appointed, will choose a random server.
2024-03-01 19:49:15 |INFO  |com.alibaba.nacos.client.remote.worker |LoggerUtils.java:60 |com.alibaba.nacos.common.remote.client |[873f1eb9-bb54-4f46-83a9-c2a622de4ca9] Success to connect a server [116.62.71.84:8848], connectionId = 1709293755117_120.227.129.112_46140
2024-03-01 19:49:15 |INFO  |com.alibaba.nacos.client.remote.worker |LoggerUtils.java:60 |com.alibaba.nacos.common.remote.client |[873f1eb9-bb54-4f46-83a9-c2a622de4ca9] Abandon prev connection, server is 116.62.71.84:8848, connectionId is 1709293034556_120.227.129.112_46890
2024-03-01 19:49:15 |INFO  |com.alibaba.nacos.client.remote.worker |RpcClient.java:591 |com.alibaba.nacos.common.remote.client |Close current connection 1709293034556_120.227.129.112_46890
2024-03-01 19:49:15 |INFO  |com.alibaba.nacos.client.remote.worker |LoggerUtils.java:60 |com.alibaba.nacos.common.remote.client |[873f1eb9-bb54-4f46-83a9-c2a622de4ca9] Notify disconnected event to listeners
2024-03-01 19:49:15 |INFO  |com.alibaba.nacos.client.remote.worker |LoggerUtils.java:60 |com.alibaba.nacos.common.remote.client |[873f1eb9-bb54-4f46-83a9-c2a622de4ca9] Notify connected event to listeners.
2024-03-01 19:49:15 |WARN  |nacos-grpc-client-executor-155 |LoggerUtils.java:86 |com.alibaba.nacos.common.remote.client.grpc.GrpcClient |[1709293034556_120.227.129.112_46890]Ignore error event,isRunning:true,isAbandon=true
2024-03-01 19:59:20 |INFO  |com.alibaba.nacos.client.remote.worker |TimeBasedFilter.java:24 |ljl.filter.TimeBasedFilter |






2024-03-01 19:59:20 |INFO  |com.alibaba.nacos.client.remote.worker |LoggerUtils.java:60 |com.alibaba.nacos.common.remote.client |[873f1eb9-bb54-4f46-83a9-c2a622de4ca9] Server healthy check fail, currentConnection = 1709293755117_120.227.129.112_46140
2024-03-01 19:59:20 |INFO  |com.alibaba.nacos.client.remote.worker |LoggerUtils.java:60 |com.alibaba.nacos.common.remote.client |[873f1eb9-bb54-4f46-83a9-c2a622de4ca9] Try to reconnect to a new server, server is  not appointed, will choose a random server.
2024-03-01 19:59:20 |INFO  |com.alibaba.nacos.client.remote.worker |LoggerUtils.java:60 |com.alibaba.nacos.common.remote.client |[873f1eb9-bb54-4f46-83a9-c2a622de4ca9] Success to connect a server [116.62.71.84:8848], connectionId = 1709294360263_120.227.129.112_46520
2024-03-01 19:59:20 |INFO  |com.alibaba.nacos.client.remote.worker |LoggerUtils.java:60 |com.alibaba.nacos.common.remote.client |[873f1eb9-bb54-4f46-83a9-c2a622de4ca9] Abandon prev connection, server is 116.62.71.84:8848, connectionId is 1709293755117_120.227.129.112_46140
2024-03-01 19:59:20 |INFO  |com.alibaba.nacos.client.remote.worker |RpcClient.java:591 |com.alibaba.nacos.common.remote.client |Close current connection 1709293755117_120.227.129.112_46140
2024-03-01 19:59:20 |INFO  |com.alibaba.nacos.client.remote.worker |LoggerUtils.java:60 |com.alibaba.nacos.common.remote.client |[873f1eb9-bb54-4f46-83a9-c2a622de4ca9] Notify disconnected event to listeners
2024-03-01 19:59:20 |INFO  |com.alibaba.nacos.client.remote.worker |LoggerUtils.java:60 |com.alibaba.nacos.common.remote.client |[873f1eb9-bb54-4f46-83a9-c2a622de4ca9] Notify connected event to listeners.
2024-03-01 19:59:20 |WARN  |nacos-grpc-client-executor-279 |LoggerUtils.java:86 |com.alibaba.nacos.common.remote.client.grpc.GrpcClient |[1709293755117_120.227.129.112_46140]Ignore error event,isRunning:true,isAbandon=true
2024-03-01 20:09:24 |INFO  |com.alibaba.nacos.client.remote.worker |TimeBasedFilter.java:24 |ljl.filter.TimeBasedFilter |






2024-03-01 20:09:24 |INFO  |com.alibaba.nacos.client.remote.worker |LoggerUtils.java:60 |com.alibaba.nacos.common.remote.client |[873f1eb9-bb54-4f46-83a9-c2a622de4ca9] Server healthy check fail, currentConnection = 1709294360263_120.227.129.112_46520
2024-03-01 20:09:24 |INFO  |com.alibaba.nacos.client.remote.worker |LoggerUtils.java:60 |com.alibaba.nacos.common.remote.client |[873f1eb9-bb54-4f46-83a9-c2a622de4ca9] Try to reconnect to a new server, server is  not appointed, will choose a random server.
2024-03-01 20:09:24 |INFO  |com.alibaba.nacos.client.remote.worker |LoggerUtils.java:60 |com.alibaba.nacos.common.remote.client |[873f1eb9-bb54-4f46-83a9-c2a622de4ca9] Success to connect a server [116.62.71.84:8848], connectionId = 1709294964766_120.227.129.112_46770
2024-03-01 20:09:24 |INFO  |com.alibaba.nacos.client.remote.worker |LoggerUtils.java:60 |com.alibaba.nacos.common.remote.client |[873f1eb9-bb54-4f46-83a9-c2a622de4ca9] Abandon prev connection, server is 116.62.71.84:8848, connectionId is 1709294360263_120.227.129.112_46520
2024-03-01 20:09:24 |INFO  |com.alibaba.nacos.client.remote.worker |RpcClient.java:591 |com.alibaba.nacos.common.remote.client |Close current connection 1709294360263_120.227.129.112_46520
2024-03-01 20:09:24 |INFO  |com.alibaba.nacos.client.remote.worker |LoggerUtils.java:60 |com.alibaba.nacos.common.remote.client |[873f1eb9-bb54-4f46-83a9-c2a622de4ca9] Notify disconnected event to listeners
2024-03-01 20:09:24 |INFO  |com.alibaba.nacos.client.remote.worker |LoggerUtils.java:60 |com.alibaba.nacos.common.remote.client |[873f1eb9-bb54-4f46-83a9-c2a622de4ca9] Notify connected event to listeners.
2024-03-01 20:09:24 |WARN  |nacos-grpc-client-executor-402 |LoggerUtils.java:86 |com.alibaba.nacos.common.remote.client.grpc.GrpcClient |[1709294360263_120.227.129.112_46520]Ignore error event,isRunning:true,isAbandon=true
2024-03-01 20:49:43 |INFO  |com.alibaba.nacos.client.remote.worker |TimeBasedFilter.java:24 |ljl.filter.TimeBasedFilter |






2024-03-01 20:49:43 |INFO  |com.alibaba.nacos.client.remote.worker |LoggerUtils.java:60 |com.alibaba.nacos.common.remote.client |[873f1eb9-bb54-4f46-83a9-c2a622de4ca9] Server healthy check fail, currentConnection = 1709294964766_120.227.129.112_46770
2024-03-01 20:49:44 |INFO  |com.alibaba.nacos.client.remote.worker |LoggerUtils.java:60 |com.alibaba.nacos.common.remote.client |[873f1eb9-bb54-4f46-83a9-c2a622de4ca9] Try to reconnect to a new server, server is  not appointed, will choose a random server.
2024-03-01 20:49:44 |INFO  |com.alibaba.nacos.client.remote.worker |LoggerUtils.java:60 |com.alibaba.nacos.common.remote.client |[873f1eb9-bb54-4f46-83a9-c2a622de4ca9] Success to connect a server [116.62.71.84:8848], connectionId = 1709297384236_120.227.129.112_46132
2024-03-01 20:49:44 |INFO  |com.alibaba.nacos.client.remote.worker |LoggerUtils.java:60 |com.alibaba.nacos.common.remote.client |[873f1eb9-bb54-4f46-83a9-c2a622de4ca9] Abandon prev connection, server is 116.62.71.84:8848, connectionId is 1709294964766_120.227.129.112_46770
2024-03-01 20:49:44 |INFO  |com.alibaba.nacos.client.remote.worker |RpcClient.java:591 |com.alibaba.nacos.common.remote.client |Close current connection 1709294964766_120.227.129.112_46770
2024-03-01 20:49:44 |INFO  |com.alibaba.nacos.client.remote.worker |LoggerUtils.java:60 |com.alibaba.nacos.common.remote.client |[873f1eb9-bb54-4f46-83a9-c2a622de4ca9] Notify disconnected event to listeners
2024-03-01 20:49:44 |INFO  |com.alibaba.nacos.client.remote.worker |LoggerUtils.java:60 |com.alibaba.nacos.common.remote.client |[873f1eb9-bb54-4f46-83a9-c2a622de4ca9] Notify connected event to listeners.
2024-03-01 20:49:44 |WARN  |nacos-grpc-client-executor-886 |LoggerUtils.java:86 |com.alibaba.nacos.common.remote.client.grpc.GrpcClient |[1709294964766_120.227.129.112_46770]Ignore error event,isRunning:true,isAbandon=true
2024-03-01 20:59:48 |INFO  |com.alibaba.nacos.client.remote.worker |TimeBasedFilter.java:24 |ljl.filter.TimeBasedFilter |






2024-03-01 20:59:48 |INFO  |com.alibaba.nacos.client.remote.worker |LoggerUtils.java:60 |com.alibaba.nacos.common.remote.client |[873f1eb9-bb54-4f46-83a9-c2a622de4ca9] Server healthy check fail, currentConnection = 1709297384236_120.227.129.112_46132
2024-03-01 20:59:48 |INFO  |com.alibaba.nacos.client.remote.worker |LoggerUtils.java:60 |com.alibaba.nacos.common.remote.client |[873f1eb9-bb54-4f46-83a9-c2a622de4ca9] Try to reconnect to a new server, server is  not appointed, will choose a random server.
2024-03-01 20:59:48 |INFO  |com.alibaba.nacos.client.remote.worker |LoggerUtils.java:60 |com.alibaba.nacos.common.remote.client |[873f1eb9-bb54-4f46-83a9-c2a622de4ca9] Success to connect a server [116.62.71.84:8848], connectionId = 1709297988506_120.227.129.112_46241
2024-03-01 20:59:48 |INFO  |com.alibaba.nacos.client.remote.worker |LoggerUtils.java:60 |com.alibaba.nacos.common.remote.client |[873f1eb9-bb54-4f46-83a9-c2a622de4ca9] Abandon prev connection, server is 116.62.71.84:8848, connectionId is 1709297384236_120.227.129.112_46132
2024-03-01 20:59:48 |INFO  |com.alibaba.nacos.client.remote.worker |RpcClient.java:591 |com.alibaba.nacos.common.remote.client |Close current connection 1709297384236_120.227.129.112_46132
2024-03-01 20:59:48 |INFO  |com.alibaba.nacos.client.remote.worker |LoggerUtils.java:60 |com.alibaba.nacos.common.remote.client |[873f1eb9-bb54-4f46-83a9-c2a622de4ca9] Notify disconnected event to listeners
2024-03-01 20:59:48 |INFO  |com.alibaba.nacos.client.remote.worker |LoggerUtils.java:60 |com.alibaba.nacos.common.remote.client |[873f1eb9-bb54-4f46-83a9-c2a622de4ca9] Notify connected event to listeners.
2024-03-01 20:59:48 |WARN  |nacos-grpc-client-executor-1010 |LoggerUtils.java:86 |com.alibaba.nacos.common.remote.client.grpc.GrpcClient |[1709297384236_120.227.129.112_46132]Ignore error event,isRunning:true,isAbandon=true
2024-03-01 21:18:23 |INFO  |com.alibaba.nacos.client.remote.worker |TimeBasedFilter.java:24 |ljl.filter.TimeBasedFilter |






2024-03-01 21:18:23 |INFO  |com.alibaba.nacos.client.remote.worker |LoggerUtils.java:60 |com.alibaba.nacos.common.remote.client |[873f1eb9-bb54-4f46-83a9-c2a622de4ca9] Server healthy check fail, currentConnection = 1709297988506_120.227.129.112_46241
2024-03-01 21:18:23 |INFO  |com.alibaba.nacos.client.remote.worker |LoggerUtils.java:60 |com.alibaba.nacos.common.remote.client |[873f1eb9-bb54-4f46-83a9-c2a622de4ca9] Try to reconnect to a new server, server is  not appointed, will choose a random server.
2024-03-01 21:18:24 |INFO  |com.alibaba.nacos.client.remote.worker |LoggerUtils.java:60 |com.alibaba.nacos.common.remote.client |[873f1eb9-bb54-4f46-83a9-c2a622de4ca9] Success to connect a server [116.62.71.84:8848], connectionId = 1709299104738_120.227.129.112_46263
2024-03-01 21:18:24 |INFO  |com.alibaba.nacos.client.remote.worker |LoggerUtils.java:60 |com.alibaba.nacos.common.remote.client |[873f1eb9-bb54-4f46-83a9-c2a622de4ca9] Abandon prev connection, server is 116.62.71.84:8848, connectionId is 1709297988506_120.227.129.112_46241
2024-03-01 21:18:24 |INFO  |com.alibaba.nacos.client.remote.worker |RpcClient.java:591 |com.alibaba.nacos.common.remote.client |Close current connection 1709297988506_120.227.129.112_46241
2024-03-01 21:18:24 |INFO  |com.alibaba.nacos.client.remote.worker |LoggerUtils.java:60 |com.alibaba.nacos.common.remote.client |[873f1eb9-bb54-4f46-83a9-c2a622de4ca9] Notify disconnected event to listeners
2024-03-01 21:18:24 |WARN  |nacos-grpc-client-executor-1237 |LoggerUtils.java:86 |com.alibaba.nacos.common.remote.client.grpc.GrpcClient |[1709297988506_120.227.129.112_46241]Ignore error event,isRunning:true,isAbandon=true
2024-03-01 21:18:24 |INFO  |com.alibaba.nacos.client.remote.worker |LoggerUtils.java:60 |com.alibaba.nacos.common.remote.client |[873f1eb9-bb54-4f46-83a9-c2a622de4ca9] Notify connected event to listeners.
2024-03-01 21:19:10 |WARN  |Thread-47 |HttpClientBeanHolder.java:108 |com.alibaba.nacos.common.http.HttpClientBeanHolder |[HttpClientBeanHolder] Start destroying common HttpClient
2024-03-01 21:19:10 |WARN  |Thread-44 |NotifyCenter.java:136 |com.alibaba.nacos.common.notify.NotifyCenter |[NotifyCenter] Start destroying Publisher
2024-03-01 21:19:10 |WARN  |Thread-44 |NotifyCenter.java:153 |com.alibaba.nacos.common.notify.NotifyCenter |[NotifyCenter] Destruction of the end
2024-03-01 21:19:11 |WARN  |Thread-47 |HttpClientBeanHolder.java:114 |com.alibaba.nacos.common.http.HttpClientBeanHolder |[HttpClientBeanHolder] Destruction of the end
2024-03-01 21:19:13 |INFO  |SpringApplicationShutdownHook |DefaultRocketMQListenerContainer.java:254 |org.apache.rocketmq.spring.support.DefaultRocketMQListenerContainer |container destroyed, DefaultRocketMQListenerContainer{consumerGroup='video-encode-group', nameServer='120.55.183.155:9876', topic='video-encode', consumeMode=CONCURRENTLY, selectorType=TAG, selectorExpression='*', messageModel=CLUSTERING}
2024-03-01 21:19:13 |INFO  |SpringApplicationShutdownHook |DefaultRocketMQListenerContainer.java:254 |org.apache.rocketmq.spring.support.DefaultRocketMQListenerContainer |container destroyed, DefaultRocketMQListenerContainer{consumerGroup='mysql-es-group', nameServer='120.55.183.155:9876', topic='mysqlToEs', consumeMode=CONCURRENTLY, selectorType=TAG, selectorExpression='*', messageModel=CLUSTERING}
2024-03-01 21:19:13 |INFO  |SpringApplicationShutdownHook |DefaultRocketMQListenerContainer.java:254 |org.apache.rocketmq.spring.support.DefaultRocketMQListenerContainer |container destroyed, DefaultRocketMQListenerContainer{consumerGroup='like-group', nameServer='120.55.183.155:9876', topic='like', consumeMode=ORDERLY, selectorType=TAG, selectorExpression='*', messageModel=CLUSTERING}
2024-03-01 21:19:13 |INFO  |SpringApplicationShutdownHook |DefaultRocketMQListenerContainer.java:254 |org.apache.rocketmq.spring.support.DefaultRocketMQListenerContainer |container destroyed, DefaultRocketMQListenerContainer{consumerGroup='dynamic-group', nameServer='120.55.183.155:9876', topic='dynamic', consumeMode=CONCURRENTLY, selectorType=TAG, selectorExpression='*', messageModel=CLUSTERING}
2024-03-01 21:19:13 |INFO  |SpringApplicationShutdownHook |DefaultRocketMQListenerContainer.java:254 |org.apache.rocketmq.spring.support.DefaultRocketMQListenerContainer |container destroyed, DefaultRocketMQListenerContainer{consumerGroup='comment-group', nameServer='120.55.183.155:9876', topic='comment', consumeMode=CONCURRENTLY, selectorType=TAG, selectorExpression='*', messageModel=CLUSTERING}
2024-03-01 21:19:13 |INFO  |SpringApplicationShutdownHook |DefaultRocketMQListenerContainer.java:254 |org.apache.rocketmq.spring.support.DefaultRocketMQListenerContainer |container destroyed, DefaultRocketMQListenerContainer{consumerGroup='chat-group', nameServer='120.55.183.155:9876', topic='chat', consumeMode=CONCURRENTLY, selectorType=TAG, selectorExpression='*', messageModel=CLUSTERING}
2024-03-01 21:19:13 |INFO  |SpringApplicationShutdownHook |NacosServiceRegistry.java:80 |com.alibaba.cloud.nacos.registry.NacosServiceRegistry |De-registering from Nacos Server now...
2024-03-01 21:19:13 |INFO  |SpringApplicationShutdownHook |NacosServiceRegistry.java:100 |com.alibaba.cloud.nacos.registry.NacosServiceRegistry |De-registration finished.
2024-03-01 21:19:13 |INFO  |SpringApplicationShutdownHook |DruidDataSource.java:2063 |com.alibaba.druid.pool.DruidDataSource |{dataSource-1} closing ...
2024-03-01 21:19:13 |INFO  |SpringApplicationShutdownHook |DruidDataSource.java:2136 |com.alibaba.druid.pool.DruidDataSource |{dataSource-1} closed
2024-03-01 21:19:14 |INFO  |NettyClientSelector_1 |Slf4jLoggerFactory.java:95 |RocketmqRemoting |closeChannel: close the connection to remote address[120.55.183.155:10911] result: true
2024-03-01 21:19:14 |INFO  |NettyClientSelector_1 |Slf4jLoggerFactory.java:95 |RocketmqRemoting |closeChannel: close the connection to remote address[120.55.183.155:9876] result: true
2024-03-01 21:19:14 |INFO  |NettyClientSelector_1 |Slf4jLoggerFactory.java:95 |RocketmqRemoting |closeChannel: close the connection to remote address[120.55.183.155:9876] result: true
2024-03-01 21:19:14 |WARN  |SpringApplicationShutdownHook |DisposableBeanAdapter.java:222 |org.springframework.beans.factory.support.DisposableBeanAdapter |Invocation of destroy method failed on bean with name 'rocketMQTemplate': java.lang.IllegalStateException: Shutdown in progress
2024-03-01 21:19:14 |WARN  |SpringApplicationShutdownHook |DisposableBeanAdapter.java:329 |org.springframework.beans.factory.support.DisposableBeanAdapter |Custom destroy method 'shutdown' on bean with name 'defaultMQProducer' threw an exception: java.lang.IllegalStateException: Shutdown in progress
