2024-02-09 01:23:20 |INFO  |background-preinit |Version.java:21 |org.hibernate.validator.internal.util.Version |HV000001: Hibernate Validator 6.2.4.Final
2024-02-09 01:23:20 |INFO  |main |StartupInfoLogger.java:55 |ljl.bilibili.notice.MessageApplication |Starting MessageApplication using Java 1.8.0_65 on DESKTOP-4C1V07J with PID 16056 (E:\bilibili\notice\target\classes started by Administrator in E:\bilibili)
2024-02-09 01:23:20 |INFO  |main |SpringApplication.java:651 |ljl.bilibili.notice.MessageApplication |The following 1 profile is active: "test"
2024-02-09 01:23:23 |INFO  |main |RepositoryConfigurationDelegate.java:262 |org.springframework.data.repository.config.RepositoryConfigurationDelegate |Multiple Spring Data modules found, entering strict repository configuration mode
2024-02-09 01:23:23 |INFO  |main |RepositoryConfigurationDelegate.java:132 |org.springframework.data.repository.config.RepositoryConfigurationDelegate |Bootstrapping Spring Data Redis repositories in DEFAULT mode.
2024-02-09 01:23:23 |INFO  |main |RepositoryConfigurationDelegate.java:201 |org.springframework.data.repository.config.RepositoryConfigurationDelegate |Finished Spring Data repository scanning in 31 ms. Found 0 Redis repository interfaces.
2024-02-09 01:23:23 |INFO  |main |GenericScope.java:283 |org.springframework.cloud.context.scope.GenericScope |BeanFactory id=c330a51b-4a9c-3da2-bfa6-63411fb3c753
2024-02-09 01:23:23 |INFO  |main |PostProcessorRegistrationDelegate.java:376 |org.springframework.context.support.PostProcessorRegistrationDelegate$BeanPostProcessorChecker |Bean 'org.apache.rocketmq.spring.autoconfigure.RocketMQAutoConfiguration' of type [org.apache.rocketmq.spring.autoconfigure.RocketMQAutoConfiguration$$EnhancerBySpringCGLIB$$96e5387e] is not eligible for getting processed by all BeanPostProcessors (for example: not eligible for auto-proxying)
2024-02-09 01:23:23 |INFO  |main |PostProcessorRegistrationDelegate.java:376 |org.springframework.context.support.PostProcessorRegistrationDelegate$BeanPostProcessorChecker |Bean 'org.springframework.cloud.commons.config.CommonsConfigAutoConfiguration' of type [org.springframework.cloud.commons.config.CommonsConfigAutoConfiguration] is not eligible for getting processed by all BeanPostProcessors (for example: not eligible for auto-proxying)
2024-02-09 01:23:23 |INFO  |main |PostProcessorRegistrationDelegate.java:376 |org.springframework.context.support.PostProcessorRegistrationDelegate$BeanPostProcessorChecker |Bean 'org.springframework.cloud.client.loadbalancer.LoadBalancerDefaultMappingsProviderAutoConfiguration' of type [org.springframework.cloud.client.loadbalancer.LoadBalancerDefaultMappingsProviderAutoConfiguration] is not eligible for getting processed by all BeanPostProcessors (for example: not eligible for auto-proxying)
2024-02-09 01:23:23 |INFO  |main |PostProcessorRegistrationDelegate.java:376 |org.springframework.context.support.PostProcessorRegistrationDelegate$BeanPostProcessorChecker |Bean 'loadBalancerClientsDefaultsMappingsProvider' of type [org.springframework.cloud.client.loadbalancer.LoadBalancerDefaultMappingsProviderAutoConfiguration$$Lambda$411/947462790] is not eligible for getting processed by all BeanPostProcessors (for example: not eligible for auto-proxying)
2024-02-09 01:23:23 |INFO  |main |PostProcessorRegistrationDelegate.java:376 |org.springframework.context.support.PostProcessorRegistrationDelegate$BeanPostProcessorChecker |Bean 'defaultsBindHandlerAdvisor' of type [org.springframework.cloud.commons.config.DefaultsBindHandlerAdvisor] is not eligible for getting processed by all BeanPostProcessors (for example: not eligible for auto-proxying)
2024-02-09 01:23:23 |INFO  |main |PostProcessorRegistrationDelegate.java:376 |org.springframework.context.support.PostProcessorRegistrationDelegate$BeanPostProcessorChecker |Bean 'rocketmq-org.apache.rocketmq.spring.autoconfigure.RocketMQProperties' of type [org.apache.rocketmq.spring.autoconfigure.RocketMQProperties] is not eligible for getting processed by all BeanPostProcessors (for example: not eligible for auto-proxying)
2024-02-09 01:23:24 |INFO  |main |PostProcessorRegistrationDelegate.java:376 |org.springframework.context.support.PostProcessorRegistrationDelegate$BeanPostProcessorChecker |Bean 'defaultMQProducer' of type [org.apache.rocketmq.client.producer.DefaultMQProducer] is not eligible for getting processed by all BeanPostProcessors (for example: not eligible for auto-proxying)
2024-02-09 01:23:24 |INFO  |main |PostProcessorRegistrationDelegate.java:376 |org.springframework.context.support.PostProcessorRegistrationDelegate$BeanPostProcessorChecker |Bean 'org.apache.rocketmq.spring.autoconfigure.JacksonFallbackConfiguration' of type [org.apache.rocketmq.spring.autoconfigure.JacksonFallbackConfiguration$$EnhancerBySpringCGLIB$$c860cee0] is not eligible for getting processed by all BeanPostProcessors (for example: not eligible for auto-proxying)
2024-02-09 01:23:24 |INFO  |main |PostProcessorRegistrationDelegate.java:376 |org.springframework.context.support.PostProcessorRegistrationDelegate$BeanPostProcessorChecker |Bean 'rocketMQMessageObjectMapper' of type [com.fasterxml.jackson.databind.ObjectMapper] is not eligible for getting processed by all BeanPostProcessors (for example: not eligible for auto-proxying)
2024-02-09 01:23:24 |INFO  |main |PostProcessorRegistrationDelegate.java:376 |org.springframework.context.support.PostProcessorRegistrationDelegate$BeanPostProcessorChecker |Bean 'org.apache.rocketmq.spring.autoconfigure.MessageConverterConfiguration' of type [org.apache.rocketmq.spring.autoconfigure.MessageConverterConfiguration$$EnhancerBySpringCGLIB$$b1f4316c] is not eligible for getting processed by all BeanPostProcessors (for example: not eligible for auto-proxying)
2024-02-09 01:23:24 |INFO  |main |PostProcessorRegistrationDelegate.java:376 |org.springframework.context.support.PostProcessorRegistrationDelegate$BeanPostProcessorChecker |Bean 'createRocketMQMessageConverter' of type [org.apache.rocketmq.spring.support.RocketMQMessageConverter] is not eligible for getting processed by all BeanPostProcessors (for example: not eligible for auto-proxying)
2024-02-09 01:23:26 |INFO  |main |PostProcessorRegistrationDelegate.java:376 |org.springframework.context.support.PostProcessorRegistrationDelegate$BeanPostProcessorChecker |Bean 'rocketMQTemplate' of type [org.apache.rocketmq.spring.core.RocketMQTemplate] is not eligible for getting processed by all BeanPostProcessors (for example: not eligible for auto-proxying)
2024-02-09 01:23:26 |INFO  |main |PostProcessorRegistrationDelegate.java:376 |org.springframework.context.support.PostProcessorRegistrationDelegate$BeanPostProcessorChecker |Bean 'transactionHandlerRegistry' of type [org.apache.rocketmq.spring.config.TransactionHandlerRegistry] is not eligible for getting processed by all BeanPostProcessors (for example: not eligible for auto-proxying)
2024-02-09 01:23:27 |INFO  |main |TomcatWebServer.java:108 |org.springframework.boot.web.embedded.tomcat.TomcatWebServer |Tomcat initialized with port(s): 30000 (http)
2024-02-09 01:23:27 |INFO  |main |DirectJDKLog.java:173 |org.apache.coyote.http11.Http11NioProtocol |Initializing ProtocolHandler ["http-nio-30000"]
2024-02-09 01:23:27 |INFO  |main |DirectJDKLog.java:173 |org.apache.catalina.core.StandardService |Starting service [Tomcat]
2024-02-09 01:23:27 |INFO  |main |DirectJDKLog.java:173 |org.apache.catalina.core.StandardEngine |Starting Servlet engine: [Apache Tomcat/9.0.65]
2024-02-09 01:23:27 |INFO  |main |DirectJDKLog.java:173 |org.apache.catalina.core.ContainerBase.[Tomcat].[localhost].[/] |Initializing Spring embedded WebApplicationContext
2024-02-09 01:23:27 |INFO  |main |ServletWebServerApplicationContext.java:290 |org.springframework.boot.web.servlet.context.ServletWebServerApplicationContext |Root WebApplicationContext: initialization completed in 7287 ms
2024-02-09 01:23:28 |INFO  |main |MybatisPlusJoinAutoConfiguration.java:140 |com.github.yulichang.autoconfigure.MybatisPlusJoinAutoConfiguration |mybatis plus join properties config complete
2024-02-09 01:23:28 |INFO  |main |MybatisPlusJoinAutoConfiguration.java:140 |com.github.yulichang.autoconfigure.MybatisPlusJoinAutoConfiguration |mybatis plus join SqlInjector init
2024-02-09 01:23:30 |WARN  |main |TableInfoHelper.java:423 |com.baomidou.mybatisplus.core.metadata.TableInfoHelper |This primary key of "id" is primitive !不建议如此请使用包装类 in Class: "ljl.entity.notice.dynamic.DynamicToUser"
2024-02-09 01:23:31 |INFO  |main |WebMvcPropertySourcedRequestMappingHandlerMapping.java:69 |springfox.documentation.spring.web.WebMvcPropertySourcedRequestMappingHandlerMapping |Mapped URL path [/v2/api-docs] onto method [springfox.documentation.swagger2.web.Swagger2ControllerWebMvc#getDocumentation(String, HttpServletRequest)]
2024-02-09 01:23:32 |INFO  |main |RpcClientFactory.java:80 |com.alibaba.nacos.common.remote.client |[RpcClientFactory] create a new rpc client of a7c6b98f-c18b-465d-aa3a-145097a5ebd0
2024-02-09 01:23:32 |INFO  |main |Reflections.java:232 |org.reflections.Reflections |Reflections took 115 ms to scan 1 urls, producing 3 keys and 6 values 
2024-02-09 01:23:33 |INFO  |main |Reflections.java:232 |org.reflections.Reflections |Reflections took 30 ms to scan 1 urls, producing 4 keys and 9 values 
2024-02-09 01:23:33 |INFO  |main |Reflections.java:232 |org.reflections.Reflections |Reflections took 26 ms to scan 1 urls, producing 3 keys and 10 values 
2024-02-09 01:23:33 |INFO  |main |Reflections.java:232 |org.reflections.Reflections |Reflections took 263 ms to scan 218 urls, producing 0 keys and 0 values 
2024-02-09 01:23:33 |INFO  |main |Reflections.java:232 |org.reflections.Reflections |Reflections took 20 ms to scan 1 urls, producing 1 keys and 5 values 
2024-02-09 01:23:33 |INFO  |main |Reflections.java:232 |org.reflections.Reflections |Reflections took 21 ms to scan 1 urls, producing 1 keys and 7 values 
2024-02-09 01:23:33 |INFO  |main |Reflections.java:232 |org.reflections.Reflections |Reflections took 20 ms to scan 1 urls, producing 2 keys and 8 values 
2024-02-09 01:23:33 |INFO  |main |Reflections.java:232 |org.reflections.Reflections |Reflections took 219 ms to scan 218 urls, producing 0 keys and 0 values 
2024-02-09 01:23:33 |INFO  |main |LoggerUtils.java:60 |com.alibaba.nacos.common.remote.client |[a7c6b98f-c18b-465d-aa3a-145097a5ebd0] RpcClient init label, labels = {module=naming, source=sdk}
2024-02-09 01:23:33 |INFO  |main |LoggerUtils.java:60 |com.alibaba.nacos.common.remote.client |[a7c6b98f-c18b-465d-aa3a-145097a5ebd0] RpcClient init, ServerListFactory = com.alibaba.nacos.client.naming.core.ServerListManager
2024-02-09 01:23:33 |INFO  |main |LoggerUtils.java:60 |com.alibaba.nacos.common.remote.client |[a7c6b98f-c18b-465d-aa3a-145097a5ebd0] Registry connection listener to current client:com.alibaba.nacos.client.naming.remote.gprc.redo.NamingGrpcRedoService
2024-02-09 01:23:33 |INFO  |main |LoggerUtils.java:60 |com.alibaba.nacos.common.remote.client |[a7c6b98f-c18b-465d-aa3a-145097a5ebd0] Register server push request handler:com.alibaba.nacos.client.naming.remote.gprc.NamingPushRequestHandler
2024-02-09 01:23:33 |INFO  |main |LoggerUtils.java:60 |com.alibaba.nacos.common.remote.client |[a7c6b98f-c18b-465d-aa3a-145097a5ebd0] Try to connect to server on start up, server: {serverIp = '116.62.71.84', server main port = 8848}
2024-02-09 01:23:36 |INFO  |main |LoggerUtils.java:60 |com.alibaba.nacos.common.remote.client |[a7c6b98f-c18b-465d-aa3a-145097a5ebd0] Success to connect to server [116.62.71.84:8848] on start up, connectionId = 1707413016518_120.227.129.112_46189
2024-02-09 01:23:36 |INFO  |com.alibaba.nacos.client.remote.worker |LoggerUtils.java:60 |com.alibaba.nacos.common.remote.client |[a7c6b98f-c18b-465d-aa3a-145097a5ebd0] Notify connected event to listeners.
2024-02-09 01:23:36 |INFO  |main |LoggerUtils.java:60 |com.alibaba.nacos.common.remote.client |[a7c6b98f-c18b-465d-aa3a-145097a5ebd0] Register server push request handler:com.alibaba.nacos.common.remote.client.RpcClient$ConnectResetRequestHandler
2024-02-09 01:23:36 |INFO  |main |LoggerUtils.java:60 |com.alibaba.nacos.common.remote.client |[a7c6b98f-c18b-465d-aa3a-145097a5ebd0] Register server push request handler:com.alibaba.nacos.common.remote.client.RpcClient$$Lambda$939/769172083
2024-02-09 01:23:37 |WARN  |main |LoadBalancerCacheAutoConfiguration.java:82 |org.springframework.cloud.loadbalancer.config.LoadBalancerCacheAutoConfiguration$LoadBalancerCaffeineWarnLogger |Spring Cloud LoadBalancer is currently working with the default cache. While this cache implementation is useful for development and tests, it's recommended to use Caffeine cache in production.You can switch to using Caffeine cache, by adding it and org.springframework.cache.caffeine.CaffeineCacheManager to the classpath.
2024-02-09 01:23:39 |INFO  |main |DefaultRocketMQListenerContainer.java:281 |org.apache.rocketmq.spring.support.DefaultRocketMQListenerContainer |running container: DefaultRocketMQListenerContainer{consumerGroup='my-consumers-group', nameServer='120.55.183.155:9876', topic='chat', consumeMode=CONCURRENTLY, selectorType=TAG, selectorExpression='*', messageModel=CLUSTERING}
2024-02-09 01:23:39 |INFO  |main |ListenerContainerConfiguration.java:127 |org.apache.rocketmq.spring.autoconfigure.ListenerContainerConfiguration |Register the listener to container, listenerBeanName:chatConsumer, containerBeanName:org.apache.rocketmq.spring.support.DefaultRocketMQListenerContainer_1
2024-02-09 01:23:40 |INFO  |main |DefaultRocketMQListenerContainer.java:281 |org.apache.rocketmq.spring.support.DefaultRocketMQListenerContainer |running container: DefaultRocketMQListenerContainer{consumerGroup='my-consumer1-group', nameServer='120.55.183.155:9876', topic='comment', consumeMode=CONCURRENTLY, selectorType=TAG, selectorExpression='*', messageModel=CLUSTERING}
2024-02-09 01:23:40 |INFO  |main |ListenerContainerConfiguration.java:127 |org.apache.rocketmq.spring.autoconfigure.ListenerContainerConfiguration |Register the listener to container, listenerBeanName:commentConsumer, containerBeanName:org.apache.rocketmq.spring.support.DefaultRocketMQListenerContainer_2
2024-02-09 01:23:41 |INFO  |main |DefaultRocketMQListenerContainer.java:281 |org.apache.rocketmq.spring.support.DefaultRocketMQListenerContainer |running container: DefaultRocketMQListenerContainer{consumerGroup='my-consumer2-group', nameServer='120.55.183.155:9876', topic='dynamic', consumeMode=CONCURRENTLY, selectorType=TAG, selectorExpression='*', messageModel=CLUSTERING}
2024-02-09 01:23:41 |INFO  |main |ListenerContainerConfiguration.java:127 |org.apache.rocketmq.spring.autoconfigure.ListenerContainerConfiguration |Register the listener to container, listenerBeanName:dynamicConsumer, containerBeanName:org.apache.rocketmq.spring.support.DefaultRocketMQListenerContainer_3
2024-02-09 01:23:42 |INFO  |main |DefaultRocketMQListenerContainer.java:281 |org.apache.rocketmq.spring.support.DefaultRocketMQListenerContainer |running container: DefaultRocketMQListenerContainer{consumerGroup='my-consumer3-group', nameServer='120.55.183.155:9876', topic='like', consumeMode=CONCURRENTLY, selectorType=TAG, selectorExpression='*', messageModel=CLUSTERING}
2024-02-09 01:23:42 |INFO  |main |ListenerContainerConfiguration.java:127 |org.apache.rocketmq.spring.autoconfigure.ListenerContainerConfiguration |Register the listener to container, listenerBeanName:likeConsumer, containerBeanName:org.apache.rocketmq.spring.support.DefaultRocketMQListenerContainer_4
2024-02-09 01:23:43 |INFO  |main |DefaultRocketMQListenerContainer.java:281 |org.apache.rocketmq.spring.support.DefaultRocketMQListenerContainer |running container: DefaultRocketMQListenerContainer{consumerGroup='my-consumers-group4', nameServer='120.55.183.155:9876', topic='mysqlToEs', consumeMode=CONCURRENTLY, selectorType=TAG, selectorExpression='*', messageModel=CLUSTERING}
2024-02-09 01:23:43 |INFO  |main |ListenerContainerConfiguration.java:127 |org.apache.rocketmq.spring.autoconfigure.ListenerContainerConfiguration |Register the listener to container, listenerBeanName:mysqlToEsConsumer, containerBeanName:org.apache.rocketmq.spring.support.DefaultRocketMQListenerContainer_5
2024-02-09 01:23:43 |INFO  |main |DirectJDKLog.java:173 |org.apache.coyote.http11.Http11NioProtocol |Starting ProtocolHandler ["http-nio-30000"]
2024-02-09 01:23:43 |INFO  |main |TomcatWebServer.java:220 |org.springframework.boot.web.embedded.tomcat.TomcatWebServer |Tomcat started on port(s): 30000 (http) with context path ''
2024-02-09 01:23:43 |INFO  |main |NacosServiceRegistry.java:65 |com.alibaba.cloud.nacos.registry.NacosServiceRegistry |nacos registry, DEFAULT_GROUP notice 192.168.0.102:30000 register finished
2024-02-09 01:23:43 |INFO  |main |DocumentationPluginsBootstrapper.java:93 |springfox.documentation.spring.web.plugins.DocumentationPluginsBootstrapper |Documentation plugins bootstrapped
2024-02-09 01:23:43 |INFO  |main |AbstractDocumentationPluginsBootstrapper.java:79 |springfox.documentation.spring.web.plugins.DocumentationPluginsBootstrapper |Found 1 custom documentation plugin(s)
2024-02-09 01:23:43 |INFO  |main |ApiListingReferenceScanner.java:44 |springfox.documentation.spring.web.scanners.ApiListingReferenceScanner |Scanning for api listing references
2024-02-09 01:23:43 |INFO  |main |StartupInfoLogger.java:61 |ljl.bilibili.notice.MessageApplication |Started MessageApplication in 25.516 seconds (JVM running for 27.949)
2024-02-09 01:29:34 |INFO  |http-nio-30000-exec-1 |TimeBasedFilter.java:24 |ljl.filter.TimeBasedFilter |






2024-02-09 01:29:34 |INFO  |http-nio-30000-exec-1 |DirectJDKLog.java:173 |org.apache.catalina.core.ContainerBase.[Tomcat].[localhost].[/] |Initializing Spring DispatcherServlet 'dispatcherServlet'
2024-02-09 01:29:34 |INFO  |http-nio-30000-exec-1 |FrameworkServlet.java:525 |org.springframework.web.servlet.DispatcherServlet |Initializing Servlet 'dispatcherServlet'
2024-02-09 01:29:34 |INFO  |http-nio-30000-exec-1 |FrameworkServlet.java:547 |org.springframework.web.servlet.DispatcherServlet |Completed initialization in 4 ms
2024-02-09 01:29:43 |INFO  |http-nio-30000-exec-8 |DruidDataSource.java:975 |com.alibaba.druid.pool.DruidDataSource |{dataSource-1} inited
2024-02-09 01:29:44 |ERROR |http-nio-30000-exec-8 |DirectJDKLog.java:175 |org.apache.catalina.core.ContainerBase.[Tomcat].[localhost].[/].[dispatcherServlet] |Servlet.service() for servlet [dispatcherServlet] in context with path [] threw exception [Request processing failed; nested exception is org.springframework.jdbc.BadSqlGrammarException: 
### Error querying database.  Cause: java.sql.SQLSyntaxErrorException: Table 'cilicili.history_chat' doesn't exist
### The error may exist in ljl/mapper/chat/ChatMapper.java (best guess)
### The error may involve defaultParameterMap
### The error occurred while setting parameters
### SQL: SELECT COUNT( * ) FROM   history_chat        WHERE (user_id = ?)
### Cause: java.sql.SQLSyntaxErrorException: Table 'cilicili.history_chat' doesn't exist
; bad SQL grammar []; nested exception is java.sql.SQLSyntaxErrorException: Table 'cilicili.history_chat' doesn't exist] with root cause
java.sql.SQLSyntaxErrorException: Table 'cilicili.history_chat' doesn't exist
	at com.mysql.cj.jdbc.exceptions.SQLError.createSQLException(SQLError.java:120)
	at com.mysql.cj.jdbc.exceptions.SQLExceptionsMapping.translateException(SQLExceptionsMapping.java:122)
	at com.mysql.cj.jdbc.ClientPreparedStatement.executeInternal(ClientPreparedStatement.java:916)
	at com.mysql.cj.jdbc.ClientPreparedStatement.execute(ClientPreparedStatement.java:354)
	at com.alibaba.druid.pool.DruidPooledPreparedStatement.execute(DruidPooledPreparedStatement.java:483)
	at org.apache.ibatis.executor.statement.PreparedStatementHandler.query(PreparedStatementHandler.java:64)
	at org.apache.ibatis.executor.statement.RoutingStatementHandler.query(RoutingStatementHandler.java:79)
	at org.apache.ibatis.executor.SimpleExecutor.doQuery(SimpleExecutor.java:63)
	at org.apache.ibatis.executor.BaseExecutor.queryFromDatabase(BaseExecutor.java:325)
	at org.apache.ibatis.executor.BaseExecutor.query(BaseExecutor.java:156)
	at org.apache.ibatis.executor.CachingExecutor.query(CachingExecutor.java:109)
	at org.apache.ibatis.executor.CachingExecutor.query(CachingExecutor.java:89)
	at sun.reflect.NativeMethodAccessorImpl.invoke0(Native Method)
	at sun.reflect.NativeMethodAccessorImpl.invoke(NativeMethodAccessorImpl.java:62)
	at sun.reflect.DelegatingMethodAccessorImpl.invoke(DelegatingMethodAccessorImpl.java:43)
	at java.lang.reflect.Method.invoke(Method.java:497)
	at org.apache.ibatis.plugin.Invocation.proceed(Invocation.java:49)
	at com.github.yulichang.interceptor.MPJInterceptor.intercept(MPJInterceptor.java:90)
	at org.apache.ibatis.plugin.Plugin.invoke(Plugin.java:62)
	at com.sun.proxy.$Proxy179.query(Unknown Source)
	at org.apache.ibatis.session.defaults.DefaultSqlSession.selectList(DefaultSqlSession.java:151)
	at org.apache.ibatis.session.defaults.DefaultSqlSession.selectList(DefaultSqlSession.java:145)
	at org.apache.ibatis.session.defaults.DefaultSqlSession.selectList(DefaultSqlSession.java:140)
	at org.apache.ibatis.session.defaults.DefaultSqlSession.selectOne(DefaultSqlSession.java:76)
	at sun.reflect.NativeMethodAccessorImpl.invoke0(Native Method)
	at sun.reflect.NativeMethodAccessorImpl.invoke(NativeMethodAccessorImpl.java:62)
	at sun.reflect.DelegatingMethodAccessorImpl.invoke(DelegatingMethodAccessorImpl.java:43)
	at java.lang.reflect.Method.invoke(Method.java:497)
	at org.mybatis.spring.SqlSessionTemplate$SqlSessionInterceptor.invoke(SqlSessionTemplate.java:427)
	at com.sun.proxy.$Proxy93.selectOne(Unknown Source)
	at org.mybatis.spring.SqlSessionTemplate.selectOne(SqlSessionTemplate.java:160)
	at com.baomidou.mybatisplus.core.override.MybatisMapperMethod.execute(MybatisMapperMethod.java:89)
	at com.baomidou.mybatisplus.core.override.MybatisMapperProxy$PlainMethodInvoker.invoke(MybatisMapperProxy.java:148)
	at com.baomidou.mybatisplus.core.override.MybatisMapperProxy.invoke(MybatisMapperProxy.java:89)
	at com.sun.proxy.$Proxy98.selectCount(Unknown Source)
	at ljl.service.get_notice.GetNoticeService.getNoticeCount(GetNoticeService.java:58)
	at ljl.controller.get_notice.GetNoticeController.getNoticeCount(GetNoticeController.java:24)
	at sun.reflect.NativeMethodAccessorImpl.invoke0(Native Method)
	at sun.reflect.NativeMethodAccessorImpl.invoke(NativeMethodAccessorImpl.java:62)
	at sun.reflect.DelegatingMethodAccessorImpl.invoke(DelegatingMethodAccessorImpl.java:43)
	at java.lang.reflect.Method.invoke(Method.java:497)
	at org.springframework.web.method.support.InvocableHandlerMethod.doInvoke(InvocableHandlerMethod.java:205)
	at org.springframework.web.method.support.InvocableHandlerMethod.invokeForRequest(InvocableHandlerMethod.java:150)
	at org.springframework.web.servlet.mvc.method.annotation.ServletInvocableHandlerMethod.invokeAndHandle(ServletInvocableHandlerMethod.java:117)
	at org.springframework.web.servlet.mvc.method.annotation.RequestMappingHandlerAdapter.invokeHandlerMethod(RequestMappingHandlerAdapter.java:895)
	at org.springframework.web.servlet.mvc.method.annotation.RequestMappingHandlerAdapter.handleInternal(RequestMappingHandlerAdapter.java:808)
	at org.springframework.web.servlet.mvc.method.AbstractHandlerMethodAdapter.handle(AbstractHandlerMethodAdapter.java:87)
	at org.springframework.web.servlet.DispatcherServlet.doDispatch(DispatcherServlet.java:1070)
	at org.springframework.web.servlet.DispatcherServlet.doService(DispatcherServlet.java:963)
	at org.springframework.web.servlet.FrameworkServlet.processRequest(FrameworkServlet.java:1006)
	at org.springframework.web.servlet.FrameworkServlet.doGet(FrameworkServlet.java:898)
	at javax.servlet.http.HttpServlet.service(HttpServlet.java:655)
	at org.springframework.web.servlet.FrameworkServlet.service(FrameworkServlet.java:883)
	at javax.servlet.http.HttpServlet.service(HttpServlet.java:764)
	at org.apache.catalina.core.ApplicationFilterChain.internalDoFilter(ApplicationFilterChain.java:227)
	at org.apache.catalina.core.ApplicationFilterChain.doFilter(ApplicationFilterChain.java:162)
	at org.apache.tomcat.websocket.server.WsFilter.doFilter(WsFilter.java:53)
	at org.apache.catalina.core.ApplicationFilterChain.internalDoFilter(ApplicationFilterChain.java:189)
	at org.apache.catalina.core.ApplicationFilterChain.doFilter(ApplicationFilterChain.java:162)
	at org.springframework.web.filter.RequestContextFilter.doFilterInternal(RequestContextFilter.java:100)
	at org.springframework.web.filter.OncePerRequestFilter.doFilter(OncePerRequestFilter.java:117)
	at org.apache.catalina.core.ApplicationFilterChain.internalDoFilter(ApplicationFilterChain.java:189)
	at org.apache.catalina.core.ApplicationFilterChain.doFilter(ApplicationFilterChain.java:162)
	at org.springframework.web.filter.FormContentFilter.doFilterInternal(FormContentFilter.java:93)
	at org.springframework.web.filter.OncePerRequestFilter.doFilter(OncePerRequestFilter.java:117)
	at org.apache.catalina.core.ApplicationFilterChain.internalDoFilter(ApplicationFilterChain.java:189)
	at org.apache.catalina.core.ApplicationFilterChain.doFilter(ApplicationFilterChain.java:162)
	at org.springframework.web.filter.CharacterEncodingFilter.doFilterInternal(CharacterEncodingFilter.java:201)
	at org.springframework.web.filter.OncePerRequestFilter.doFilter(OncePerRequestFilter.java:117)
	at org.apache.catalina.core.ApplicationFilterChain.internalDoFilter(ApplicationFilterChain.java:189)
	at org.apache.catalina.core.ApplicationFilterChain.doFilter(ApplicationFilterChain.java:162)
	at org.apache.catalina.core.StandardWrapperValve.invoke(StandardWrapperValve.java:197)
	at org.apache.catalina.core.StandardContextValve.invoke(StandardContextValve.java:97)
	at org.apache.catalina.authenticator.AuthenticatorBase.invoke(AuthenticatorBase.java:541)
	at org.apache.catalina.core.StandardHostValve.invoke(StandardHostValve.java:135)
	at org.apache.catalina.valves.ErrorReportValve.invoke(ErrorReportValve.java:92)
	at org.apache.catalina.core.StandardEngineValve.invoke(StandardEngineValve.java:78)
	at org.apache.catalina.connector.CoyoteAdapter.service(CoyoteAdapter.java:360)
	at org.apache.coyote.http11.Http11Processor.service(Http11Processor.java:399)
	at org.apache.coyote.AbstractProcessorLight.process(AbstractProcessorLight.java:65)
	at org.apache.coyote.AbstractProtocol$ConnectionHandler.process(AbstractProtocol.java:890)
	at org.apache.tomcat.util.net.NioEndpoint$SocketProcessor.doRun(NioEndpoint.java:1789)
	at org.apache.tomcat.util.net.SocketProcessorBase.run(SocketProcessorBase.java:49)
	at org.apache.tomcat.util.threads.ThreadPoolExecutor.runWorker(ThreadPoolExecutor.java:1191)
	at org.apache.tomcat.util.threads.ThreadPoolExecutor$Worker.run(ThreadPoolExecutor.java:659)
	at org.apache.tomcat.util.threads.TaskThread$WrappingRunnable.run(TaskThread.java:61)
	at java.lang.Thread.run(Thread.java:745)
2024-02-09 01:30:53 |WARN  |Thread-42 |HttpClientBeanHolder.java:108 |com.alibaba.nacos.common.http.HttpClientBeanHolder |[HttpClientBeanHolder] Start destroying common HttpClient
2024-02-09 01:30:53 |WARN  |Thread-38 |NotifyCenter.java:136 |com.alibaba.nacos.common.notify.NotifyCenter |[NotifyCenter] Start destroying Publisher
2024-02-09 01:30:53 |WARN  |Thread-38 |NotifyCenter.java:153 |com.alibaba.nacos.common.notify.NotifyCenter |[NotifyCenter] Destruction of the end
2024-02-09 01:30:53 |WARN  |Thread-42 |HttpClientBeanHolder.java:114 |com.alibaba.nacos.common.http.HttpClientBeanHolder |[HttpClientBeanHolder] Destruction of the end
2024-02-09 01:30:53 |INFO  |SpringApplicationShutdownHook |DefaultRocketMQListenerContainer.java:254 |org.apache.rocketmq.spring.support.DefaultRocketMQListenerContainer |container destroyed, DefaultRocketMQListenerContainer{consumerGroup='my-consumers-group4', nameServer='120.55.183.155:9876', topic='mysqlToEs', consumeMode=CONCURRENTLY, selectorType=TAG, selectorExpression='*', messageModel=CLUSTERING}
2024-02-09 01:30:53 |INFO  |SpringApplicationShutdownHook |DefaultRocketMQListenerContainer.java:254 |org.apache.rocketmq.spring.support.DefaultRocketMQListenerContainer |container destroyed, DefaultRocketMQListenerContainer{consumerGroup='my-consumer3-group', nameServer='120.55.183.155:9876', topic='like', consumeMode=CONCURRENTLY, selectorType=TAG, selectorExpression='*', messageModel=CLUSTERING}
2024-02-09 01:30:53 |INFO  |SpringApplicationShutdownHook |DefaultRocketMQListenerContainer.java:254 |org.apache.rocketmq.spring.support.DefaultRocketMQListenerContainer |container destroyed, DefaultRocketMQListenerContainer{consumerGroup='my-consumer2-group', nameServer='120.55.183.155:9876', topic='dynamic', consumeMode=CONCURRENTLY, selectorType=TAG, selectorExpression='*', messageModel=CLUSTERING}
2024-02-09 01:30:53 |INFO  |SpringApplicationShutdownHook |DefaultRocketMQListenerContainer.java:254 |org.apache.rocketmq.spring.support.DefaultRocketMQListenerContainer |container destroyed, DefaultRocketMQListenerContainer{consumerGroup='my-consumer1-group', nameServer='120.55.183.155:9876', topic='comment', consumeMode=CONCURRENTLY, selectorType=TAG, selectorExpression='*', messageModel=CLUSTERING}
2024-02-09 01:30:53 |INFO  |SpringApplicationShutdownHook |DefaultRocketMQListenerContainer.java:254 |org.apache.rocketmq.spring.support.DefaultRocketMQListenerContainer |container destroyed, DefaultRocketMQListenerContainer{consumerGroup='my-consumers-group', nameServer='120.55.183.155:9876', topic='chat', consumeMode=CONCURRENTLY, selectorType=TAG, selectorExpression='*', messageModel=CLUSTERING}
2024-02-09 01:30:53 |INFO  |SpringApplicationShutdownHook |NacosServiceRegistry.java:80 |com.alibaba.cloud.nacos.registry.NacosServiceRegistry |De-registering from Nacos Server now...
2024-02-09 01:30:53 |INFO  |SpringApplicationShutdownHook |NacosServiceRegistry.java:100 |com.alibaba.cloud.nacos.registry.NacosServiceRegistry |De-registration finished.
2024-02-09 01:30:53 |INFO  |SpringApplicationShutdownHook |DruidDataSource.java:2063 |com.alibaba.druid.pool.DruidDataSource |{dataSource-1} closing ...
2024-02-09 01:30:54 |INFO  |SpringApplicationShutdownHook |DruidDataSource.java:2136 |com.alibaba.druid.pool.DruidDataSource |{dataSource-1} closed
2024-02-09 01:30:54 |INFO  |NettyClientSelector_1 |Slf4jLoggerFactory.java:95 |RocketmqRemoting |closeChannel: close the connection to remote address[120.55.183.155:10911] result: true
2024-02-09 01:30:54 |INFO  |NettyClientSelector_1 |Slf4jLoggerFactory.java:95 |RocketmqRemoting |closeChannel: close the connection to remote address[120.55.183.155:9876] result: true
2024-02-09 01:30:54 |WARN  |SpringApplicationShutdownHook |DisposableBeanAdapter.java:222 |org.springframework.beans.factory.support.DisposableBeanAdapter |Invocation of destroy method failed on bean with name 'rocketMQTemplate': java.lang.IllegalStateException: Shutdown in progress
2024-02-09 01:30:54 |INFO  |NettyClientSelector_1 |Slf4jLoggerFactory.java:95 |RocketmqRemoting |closeChannel: close the connection to remote address[120.55.183.155:9876] result: true
2024-02-09 01:30:54 |INFO  |NettyClientSelector_1 |Slf4jLoggerFactory.java:95 |RocketmqRemoting |closeChannel: close the connection to remote address[120.55.183.155:10911] result: true
2024-02-09 01:30:54 |WARN  |SpringApplicationShutdownHook |DisposableBeanAdapter.java:329 |org.springframework.beans.factory.support.DisposableBeanAdapter |Custom destroy method 'shutdown' on bean with name 'defaultMQProducer' threw an exception: java.lang.IllegalStateException: Shutdown in progress
2024-02-09 01:31:06 |INFO  |main |StartupInfoLogger.java:55 |ljl.bilibili.notice.MessageApplication |Starting MessageApplication using Java 1.8.0_65 on DESKTOP-4C1V07J with PID 18300 (E:\bilibili\notice\target\classes started by Administrator in E:\bilibili)
2024-02-09 01:31:06 |INFO  |background-preinit |Version.java:21 |org.hibernate.validator.internal.util.Version |HV000001: Hibernate Validator 6.2.4.Final
2024-02-09 01:31:06 |INFO  |main |SpringApplication.java:651 |ljl.bilibili.notice.MessageApplication |The following 1 profile is active: "test"
2024-02-09 01:31:07 |INFO  |main |RepositoryConfigurationDelegate.java:262 |org.springframework.data.repository.config.RepositoryConfigurationDelegate |Multiple Spring Data modules found, entering strict repository configuration mode
2024-02-09 01:31:07 |INFO  |main |RepositoryConfigurationDelegate.java:132 |org.springframework.data.repository.config.RepositoryConfigurationDelegate |Bootstrapping Spring Data Redis repositories in DEFAULT mode.
2024-02-09 01:31:07 |INFO  |main |RepositoryConfigurationDelegate.java:201 |org.springframework.data.repository.config.RepositoryConfigurationDelegate |Finished Spring Data repository scanning in 21 ms. Found 0 Redis repository interfaces.
2024-02-09 01:31:08 |INFO  |main |GenericScope.java:283 |org.springframework.cloud.context.scope.GenericScope |BeanFactory id=c330a51b-4a9c-3da2-bfa6-63411fb3c753
2024-02-09 01:31:08 |INFO  |main |PostProcessorRegistrationDelegate.java:376 |org.springframework.context.support.PostProcessorRegistrationDelegate$BeanPostProcessorChecker |Bean 'org.apache.rocketmq.spring.autoconfigure.RocketMQAutoConfiguration' of type [org.apache.rocketmq.spring.autoconfigure.RocketMQAutoConfiguration$$EnhancerBySpringCGLIB$$60fa0e1c] is not eligible for getting processed by all BeanPostProcessors (for example: not eligible for auto-proxying)
2024-02-09 01:31:08 |INFO  |main |PostProcessorRegistrationDelegate.java:376 |org.springframework.context.support.PostProcessorRegistrationDelegate$BeanPostProcessorChecker |Bean 'org.springframework.cloud.commons.config.CommonsConfigAutoConfiguration' of type [org.springframework.cloud.commons.config.CommonsConfigAutoConfiguration] is not eligible for getting processed by all BeanPostProcessors (for example: not eligible for auto-proxying)
2024-02-09 01:31:08 |INFO  |main |PostProcessorRegistrationDelegate.java:376 |org.springframework.context.support.PostProcessorRegistrationDelegate$BeanPostProcessorChecker |Bean 'org.springframework.cloud.client.loadbalancer.LoadBalancerDefaultMappingsProviderAutoConfiguration' of type [org.springframework.cloud.client.loadbalancer.LoadBalancerDefaultMappingsProviderAutoConfiguration] is not eligible for getting processed by all BeanPostProcessors (for example: not eligible for auto-proxying)
2024-02-09 01:31:08 |INFO  |main |PostProcessorRegistrationDelegate.java:376 |org.springframework.context.support.PostProcessorRegistrationDelegate$BeanPostProcessorChecker |Bean 'loadBalancerClientsDefaultsMappingsProvider' of type [org.springframework.cloud.client.loadbalancer.LoadBalancerDefaultMappingsProviderAutoConfiguration$$Lambda$411/779051277] is not eligible for getting processed by all BeanPostProcessors (for example: not eligible for auto-proxying)
2024-02-09 01:31:08 |INFO  |main |PostProcessorRegistrationDelegate.java:376 |org.springframework.context.support.PostProcessorRegistrationDelegate$BeanPostProcessorChecker |Bean 'defaultsBindHandlerAdvisor' of type [org.springframework.cloud.commons.config.DefaultsBindHandlerAdvisor] is not eligible for getting processed by all BeanPostProcessors (for example: not eligible for auto-proxying)
2024-02-09 01:31:08 |INFO  |main |PostProcessorRegistrationDelegate.java:376 |org.springframework.context.support.PostProcessorRegistrationDelegate$BeanPostProcessorChecker |Bean 'rocketmq-org.apache.rocketmq.spring.autoconfigure.RocketMQProperties' of type [org.apache.rocketmq.spring.autoconfigure.RocketMQProperties] is not eligible for getting processed by all BeanPostProcessors (for example: not eligible for auto-proxying)
2024-02-09 01:31:09 |INFO  |main |PostProcessorRegistrationDelegate.java:376 |org.springframework.context.support.PostProcessorRegistrationDelegate$BeanPostProcessorChecker |Bean 'defaultMQProducer' of type [org.apache.rocketmq.client.producer.DefaultMQProducer] is not eligible for getting processed by all BeanPostProcessors (for example: not eligible for auto-proxying)
2024-02-09 01:31:09 |INFO  |main |PostProcessorRegistrationDelegate.java:376 |org.springframework.context.support.PostProcessorRegistrationDelegate$BeanPostProcessorChecker |Bean 'org.apache.rocketmq.spring.autoconfigure.JacksonFallbackConfiguration' of type [org.apache.rocketmq.spring.autoconfigure.JacksonFallbackConfiguration$$EnhancerBySpringCGLIB$$9275a47e] is not eligible for getting processed by all BeanPostProcessors (for example: not eligible for auto-proxying)
2024-02-09 01:31:09 |INFO  |main |PostProcessorRegistrationDelegate.java:376 |org.springframework.context.support.PostProcessorRegistrationDelegate$BeanPostProcessorChecker |Bean 'rocketMQMessageObjectMapper' of type [com.fasterxml.jackson.databind.ObjectMapper] is not eligible for getting processed by all BeanPostProcessors (for example: not eligible for auto-proxying)
2024-02-09 01:31:09 |INFO  |main |PostProcessorRegistrationDelegate.java:376 |org.springframework.context.support.PostProcessorRegistrationDelegate$BeanPostProcessorChecker |Bean 'org.apache.rocketmq.spring.autoconfigure.MessageConverterConfiguration' of type [org.apache.rocketmq.spring.autoconfigure.MessageConverterConfiguration$$EnhancerBySpringCGLIB$$7c09070a] is not eligible for getting processed by all BeanPostProcessors (for example: not eligible for auto-proxying)
2024-02-09 01:31:09 |INFO  |main |PostProcessorRegistrationDelegate.java:376 |org.springframework.context.support.PostProcessorRegistrationDelegate$BeanPostProcessorChecker |Bean 'createRocketMQMessageConverter' of type [org.apache.rocketmq.spring.support.RocketMQMessageConverter] is not eligible for getting processed by all BeanPostProcessors (for example: not eligible for auto-proxying)
2024-02-09 01:31:11 |INFO  |main |PostProcessorRegistrationDelegate.java:376 |org.springframework.context.support.PostProcessorRegistrationDelegate$BeanPostProcessorChecker |Bean 'rocketMQTemplate' of type [org.apache.rocketmq.spring.core.RocketMQTemplate] is not eligible for getting processed by all BeanPostProcessors (for example: not eligible for auto-proxying)
2024-02-09 01:31:11 |INFO  |main |PostProcessorRegistrationDelegate.java:376 |org.springframework.context.support.PostProcessorRegistrationDelegate$BeanPostProcessorChecker |Bean 'transactionHandlerRegistry' of type [org.apache.rocketmq.spring.config.TransactionHandlerRegistry] is not eligible for getting processed by all BeanPostProcessors (for example: not eligible for auto-proxying)
2024-02-09 01:31:12 |INFO  |main |TomcatWebServer.java:108 |org.springframework.boot.web.embedded.tomcat.TomcatWebServer |Tomcat initialized with port(s): 30000 (http)
2024-02-09 01:31:12 |INFO  |main |DirectJDKLog.java:173 |org.apache.coyote.http11.Http11NioProtocol |Initializing ProtocolHandler ["http-nio-30000"]
2024-02-09 01:31:12 |INFO  |main |DirectJDKLog.java:173 |org.apache.catalina.core.StandardService |Starting service [Tomcat]
2024-02-09 01:31:12 |INFO  |main |DirectJDKLog.java:173 |org.apache.catalina.core.StandardEngine |Starting Servlet engine: [Apache Tomcat/9.0.65]
2024-02-09 01:31:12 |INFO  |main |DirectJDKLog.java:173 |org.apache.catalina.core.ContainerBase.[Tomcat].[localhost].[/] |Initializing Spring embedded WebApplicationContext
2024-02-09 01:31:12 |INFO  |main |ServletWebServerApplicationContext.java:290 |org.springframework.boot.web.servlet.context.ServletWebServerApplicationContext |Root WebApplicationContext: initialization completed in 6200 ms
2024-02-09 01:31:12 |INFO  |main |MybatisPlusJoinAutoConfiguration.java:140 |com.github.yulichang.autoconfigure.MybatisPlusJoinAutoConfiguration |mybatis plus join properties config complete
2024-02-09 01:31:12 |INFO  |main |MybatisPlusJoinAutoConfiguration.java:140 |com.github.yulichang.autoconfigure.MybatisPlusJoinAutoConfiguration |mybatis plus join SqlInjector init
2024-02-09 01:31:14 |WARN  |main |TableInfoHelper.java:423 |com.baomidou.mybatisplus.core.metadata.TableInfoHelper |This primary key of "id" is primitive !不建议如此请使用包装类 in Class: "ljl.entity.notice.dynamic.DynamicToUser"
2024-02-09 01:31:15 |INFO  |main |WebMvcPropertySourcedRequestMappingHandlerMapping.java:69 |springfox.documentation.spring.web.WebMvcPropertySourcedRequestMappingHandlerMapping |Mapped URL path [/v2/api-docs] onto method [springfox.documentation.swagger2.web.Swagger2ControllerWebMvc#getDocumentation(String, HttpServletRequest)]
2024-02-09 01:31:16 |INFO  |main |RpcClientFactory.java:80 |com.alibaba.nacos.common.remote.client |[RpcClientFactory] create a new rpc client of 6f76bd01-383e-4374-a2ab-c326a8eb909c
2024-02-09 01:31:16 |INFO  |main |Reflections.java:232 |org.reflections.Reflections |Reflections took 51 ms to scan 1 urls, producing 3 keys and 6 values 
2024-02-09 01:31:16 |INFO  |main |Reflections.java:232 |org.reflections.Reflections |Reflections took 17 ms to scan 1 urls, producing 4 keys and 9 values 
2024-02-09 01:31:16 |INFO  |main |Reflections.java:232 |org.reflections.Reflections |Reflections took 13 ms to scan 1 urls, producing 3 keys and 10 values 
2024-02-09 01:31:16 |INFO  |main |Reflections.java:232 |org.reflections.Reflections |Reflections took 184 ms to scan 218 urls, producing 0 keys and 0 values 
2024-02-09 01:31:16 |INFO  |main |Reflections.java:232 |org.reflections.Reflections |Reflections took 12 ms to scan 1 urls, producing 1 keys and 5 values 
2024-02-09 01:31:16 |INFO  |main |Reflections.java:232 |org.reflections.Reflections |Reflections took 15 ms to scan 1 urls, producing 1 keys and 7 values 
2024-02-09 01:31:16 |INFO  |main |Reflections.java:232 |org.reflections.Reflections |Reflections took 18 ms to scan 1 urls, producing 2 keys and 8 values 
2024-02-09 01:31:16 |INFO  |main |Reflections.java:232 |org.reflections.Reflections |Reflections took 184 ms to scan 218 urls, producing 0 keys and 0 values 
2024-02-09 01:31:16 |INFO  |main |LoggerUtils.java:60 |com.alibaba.nacos.common.remote.client |[6f76bd01-383e-4374-a2ab-c326a8eb909c] RpcClient init label, labels = {module=naming, source=sdk}
2024-02-09 01:31:16 |INFO  |main |LoggerUtils.java:60 |com.alibaba.nacos.common.remote.client |[6f76bd01-383e-4374-a2ab-c326a8eb909c] RpcClient init, ServerListFactory = com.alibaba.nacos.client.naming.core.ServerListManager
2024-02-09 01:31:16 |INFO  |main |LoggerUtils.java:60 |com.alibaba.nacos.common.remote.client |[6f76bd01-383e-4374-a2ab-c326a8eb909c] Registry connection listener to current client:com.alibaba.nacos.client.naming.remote.gprc.redo.NamingGrpcRedoService
2024-02-09 01:31:16 |INFO  |main |LoggerUtils.java:60 |com.alibaba.nacos.common.remote.client |[6f76bd01-383e-4374-a2ab-c326a8eb909c] Register server push request handler:com.alibaba.nacos.client.naming.remote.gprc.NamingPushRequestHandler
2024-02-09 01:31:17 |INFO  |main |LoggerUtils.java:60 |com.alibaba.nacos.common.remote.client |[6f76bd01-383e-4374-a2ab-c326a8eb909c] Try to connect to server on start up, server: {serverIp = '116.62.71.84', server main port = 8848}
2024-02-09 01:31:19 |INFO  |main |LoggerUtils.java:60 |com.alibaba.nacos.common.remote.client |[6f76bd01-383e-4374-a2ab-c326a8eb909c] Success to connect to server [116.62.71.84:8848] on start up, connectionId = 1707413479383_120.227.129.112_46531
2024-02-09 01:31:19 |INFO  |com.alibaba.nacos.client.remote.worker |LoggerUtils.java:60 |com.alibaba.nacos.common.remote.client |[6f76bd01-383e-4374-a2ab-c326a8eb909c] Notify connected event to listeners.
2024-02-09 01:31:19 |INFO  |main |LoggerUtils.java:60 |com.alibaba.nacos.common.remote.client |[6f76bd01-383e-4374-a2ab-c326a8eb909c] Register server push request handler:com.alibaba.nacos.common.remote.client.RpcClient$ConnectResetRequestHandler
2024-02-09 01:31:19 |INFO  |main |LoggerUtils.java:60 |com.alibaba.nacos.common.remote.client |[6f76bd01-383e-4374-a2ab-c326a8eb909c] Register server push request handler:com.alibaba.nacos.common.remote.client.RpcClient$$Lambda$940/1621419545
2024-02-09 01:31:20 |WARN  |main |LoadBalancerCacheAutoConfiguration.java:82 |org.springframework.cloud.loadbalancer.config.LoadBalancerCacheAutoConfiguration$LoadBalancerCaffeineWarnLogger |Spring Cloud LoadBalancer is currently working with the default cache. While this cache implementation is useful for development and tests, it's recommended to use Caffeine cache in production.You can switch to using Caffeine cache, by adding it and org.springframework.cache.caffeine.CaffeineCacheManager to the classpath.
2024-02-09 01:31:21 |INFO  |main |DefaultRocketMQListenerContainer.java:281 |org.apache.rocketmq.spring.support.DefaultRocketMQListenerContainer |running container: DefaultRocketMQListenerContainer{consumerGroup='my-consumers-group', nameServer='120.55.183.155:9876', topic='chat', consumeMode=CONCURRENTLY, selectorType=TAG, selectorExpression='*', messageModel=CLUSTERING}
2024-02-09 01:31:21 |INFO  |main |ListenerContainerConfiguration.java:127 |org.apache.rocketmq.spring.autoconfigure.ListenerContainerConfiguration |Register the listener to container, listenerBeanName:chatConsumer, containerBeanName:org.apache.rocketmq.spring.support.DefaultRocketMQListenerContainer_1
2024-02-09 01:31:22 |INFO  |main |DefaultRocketMQListenerContainer.java:281 |org.apache.rocketmq.spring.support.DefaultRocketMQListenerContainer |running container: DefaultRocketMQListenerContainer{consumerGroup='my-consumer1-group', nameServer='120.55.183.155:9876', topic='comment', consumeMode=CONCURRENTLY, selectorType=TAG, selectorExpression='*', messageModel=CLUSTERING}
2024-02-09 01:31:22 |INFO  |main |ListenerContainerConfiguration.java:127 |org.apache.rocketmq.spring.autoconfigure.ListenerContainerConfiguration |Register the listener to container, listenerBeanName:commentConsumer, containerBeanName:org.apache.rocketmq.spring.support.DefaultRocketMQListenerContainer_2
2024-02-09 01:31:22 |INFO  |main |DefaultRocketMQListenerContainer.java:281 |org.apache.rocketmq.spring.support.DefaultRocketMQListenerContainer |running container: DefaultRocketMQListenerContainer{consumerGroup='my-consumer2-group', nameServer='120.55.183.155:9876', topic='dynamic', consumeMode=CONCURRENTLY, selectorType=TAG, selectorExpression='*', messageModel=CLUSTERING}
2024-02-09 01:31:22 |INFO  |main |ListenerContainerConfiguration.java:127 |org.apache.rocketmq.spring.autoconfigure.ListenerContainerConfiguration |Register the listener to container, listenerBeanName:dynamicConsumer, containerBeanName:org.apache.rocketmq.spring.support.DefaultRocketMQListenerContainer_3
2024-02-09 01:31:23 |INFO  |main |DefaultRocketMQListenerContainer.java:281 |org.apache.rocketmq.spring.support.DefaultRocketMQListenerContainer |running container: DefaultRocketMQListenerContainer{consumerGroup='my-consumer3-group', nameServer='120.55.183.155:9876', topic='like', consumeMode=CONCURRENTLY, selectorType=TAG, selectorExpression='*', messageModel=CLUSTERING}
2024-02-09 01:31:23 |INFO  |main |ListenerContainerConfiguration.java:127 |org.apache.rocketmq.spring.autoconfigure.ListenerContainerConfiguration |Register the listener to container, listenerBeanName:likeConsumer, containerBeanName:org.apache.rocketmq.spring.support.DefaultRocketMQListenerContainer_4
2024-02-09 01:31:24 |INFO  |main |DefaultRocketMQListenerContainer.java:281 |org.apache.rocketmq.spring.support.DefaultRocketMQListenerContainer |running container: DefaultRocketMQListenerContainer{consumerGroup='my-consumers-group4', nameServer='120.55.183.155:9876', topic='mysqlToEs', consumeMode=CONCURRENTLY, selectorType=TAG, selectorExpression='*', messageModel=CLUSTERING}
2024-02-09 01:31:24 |INFO  |main |ListenerContainerConfiguration.java:127 |org.apache.rocketmq.spring.autoconfigure.ListenerContainerConfiguration |Register the listener to container, listenerBeanName:mysqlToEsConsumer, containerBeanName:org.apache.rocketmq.spring.support.DefaultRocketMQListenerContainer_5
2024-02-09 01:31:24 |INFO  |main |DirectJDKLog.java:173 |org.apache.coyote.http11.Http11NioProtocol |Starting ProtocolHandler ["http-nio-30000"]
2024-02-09 01:31:24 |INFO  |main |TomcatWebServer.java:220 |org.springframework.boot.web.embedded.tomcat.TomcatWebServer |Tomcat started on port(s): 30000 (http) with context path ''
2024-02-09 01:31:24 |INFO  |main |NacosServiceRegistry.java:65 |com.alibaba.cloud.nacos.registry.NacosServiceRegistry |nacos registry, DEFAULT_GROUP notice 192.168.0.102:30000 register finished
2024-02-09 01:31:24 |INFO  |main |DocumentationPluginsBootstrapper.java:93 |springfox.documentation.spring.web.plugins.DocumentationPluginsBootstrapper |Documentation plugins bootstrapped
2024-02-09 01:31:24 |INFO  |main |AbstractDocumentationPluginsBootstrapper.java:79 |springfox.documentation.spring.web.plugins.DocumentationPluginsBootstrapper |Found 1 custom documentation plugin(s)
2024-02-09 01:31:24 |INFO  |main |ApiListingReferenceScanner.java:44 |springfox.documentation.spring.web.scanners.ApiListingReferenceScanner |Scanning for api listing references
2024-02-09 01:31:24 |INFO  |main |StartupInfoLogger.java:61 |ljl.bilibili.notice.MessageApplication |Started MessageApplication in 19.938 seconds (JVM running for 21.25)
2024-02-09 01:31:37 |INFO  |http-nio-30000-exec-2 |DirectJDKLog.java:173 |org.apache.catalina.core.ContainerBase.[Tomcat].[localhost].[/] |Initializing Spring DispatcherServlet 'dispatcherServlet'
2024-02-09 01:31:37 |INFO  |http-nio-30000-exec-2 |FrameworkServlet.java:525 |org.springframework.web.servlet.DispatcherServlet |Initializing Servlet 'dispatcherServlet'
2024-02-09 01:31:37 |INFO  |http-nio-30000-exec-2 |FrameworkServlet.java:547 |org.springframework.web.servlet.DispatcherServlet |Completed initialization in 2 ms
2024-02-09 01:31:40 |INFO  |http-nio-30000-exec-4 |DruidDataSource.java:975 |com.alibaba.druid.pool.DruidDataSource |{dataSource-1} inited
2024-02-09 01:44:15 |INFO  |Thread-29 |TimeBasedFilter.java:24 |ljl.filter.TimeBasedFilter |






2024-02-09 01:44:15 |INFO  |Thread-32 |TimeBasedFilter.java:24 |ljl.filter.TimeBasedFilter |






2024-02-09 01:44:15 |WARN  |Thread-32 |HttpClientBeanHolder.java:108 |com.alibaba.nacos.common.http.HttpClientBeanHolder |[HttpClientBeanHolder] Start destroying common HttpClient
2024-02-09 01:44:15 |WARN  |Thread-29 |NotifyCenter.java:136 |com.alibaba.nacos.common.notify.NotifyCenter |[NotifyCenter] Start destroying Publisher
2024-02-09 01:44:15 |WARN  |Thread-29 |NotifyCenter.java:153 |com.alibaba.nacos.common.notify.NotifyCenter |[NotifyCenter] Destruction of the end
2024-02-09 01:44:15 |WARN  |Thread-32 |HttpClientBeanHolder.java:114 |com.alibaba.nacos.common.http.HttpClientBeanHolder |[HttpClientBeanHolder] Destruction of the end
2024-02-09 01:44:15 |INFO  |SpringApplicationShutdownHook |DefaultRocketMQListenerContainer.java:254 |org.apache.rocketmq.spring.support.DefaultRocketMQListenerContainer |container destroyed, DefaultRocketMQListenerContainer{consumerGroup='my-consumers-group4', nameServer='120.55.183.155:9876', topic='mysqlToEs', consumeMode=CONCURRENTLY, selectorType=TAG, selectorExpression='*', messageModel=CLUSTERING}
2024-02-09 01:44:15 |INFO  |SpringApplicationShutdownHook |DefaultRocketMQListenerContainer.java:254 |org.apache.rocketmq.spring.support.DefaultRocketMQListenerContainer |container destroyed, DefaultRocketMQListenerContainer{consumerGroup='my-consumer3-group', nameServer='120.55.183.155:9876', topic='like', consumeMode=CONCURRENTLY, selectorType=TAG, selectorExpression='*', messageModel=CLUSTERING}
2024-02-09 01:44:15 |INFO  |SpringApplicationShutdownHook |DefaultRocketMQListenerContainer.java:254 |org.apache.rocketmq.spring.support.DefaultRocketMQListenerContainer |container destroyed, DefaultRocketMQListenerContainer{consumerGroup='my-consumer2-group', nameServer='120.55.183.155:9876', topic='dynamic', consumeMode=CONCURRENTLY, selectorType=TAG, selectorExpression='*', messageModel=CLUSTERING}
2024-02-09 01:44:15 |INFO  |SpringApplicationShutdownHook |DefaultRocketMQListenerContainer.java:254 |org.apache.rocketmq.spring.support.DefaultRocketMQListenerContainer |container destroyed, DefaultRocketMQListenerContainer{consumerGroup='my-consumer1-group', nameServer='120.55.183.155:9876', topic='comment', consumeMode=CONCURRENTLY, selectorType=TAG, selectorExpression='*', messageModel=CLUSTERING}
2024-02-09 01:44:15 |INFO  |SpringApplicationShutdownHook |DefaultRocketMQListenerContainer.java:254 |org.apache.rocketmq.spring.support.DefaultRocketMQListenerContainer |container destroyed, DefaultRocketMQListenerContainer{consumerGroup='my-consumers-group', nameServer='120.55.183.155:9876', topic='chat', consumeMode=CONCURRENTLY, selectorType=TAG, selectorExpression='*', messageModel=CLUSTERING}
2024-02-09 01:44:15 |INFO  |SpringApplicationShutdownHook |NacosServiceRegistry.java:80 |com.alibaba.cloud.nacos.registry.NacosServiceRegistry |De-registering from Nacos Server now...
2024-02-09 01:44:15 |INFO  |SpringApplicationShutdownHook |NacosServiceRegistry.java:100 |com.alibaba.cloud.nacos.registry.NacosServiceRegistry |De-registration finished.
2024-02-09 01:44:15 |INFO  |SpringApplicationShutdownHook |DruidDataSource.java:2063 |com.alibaba.druid.pool.DruidDataSource |{dataSource-1} closing ...
2024-02-09 01:44:15 |INFO  |SpringApplicationShutdownHook |DruidDataSource.java:2136 |com.alibaba.druid.pool.DruidDataSource |{dataSource-1} closed
2024-02-09 01:44:16 |INFO  |NettyClientSelector_1 |Slf4jLoggerFactory.java:95 |RocketmqRemoting |closeChannel: close the connection to remote address[120.55.183.155:10911] result: true
2024-02-09 01:44:16 |INFO  |NettyClientSelector_1 |Slf4jLoggerFactory.java:95 |RocketmqRemoting |closeChannel: close the connection to remote address[120.55.183.155:9876] result: true
2024-02-09 01:44:16 |INFO  |NettyClientSelector_1 |Slf4jLoggerFactory.java:95 |RocketmqRemoting |closeChannel: close the connection to remote address[120.55.183.155:10911] result: true
2024-02-09 01:44:16 |INFO  |NettyClientSelector_1 |Slf4jLoggerFactory.java:95 |RocketmqRemoting |closeChannel: close the connection to remote address[120.55.183.155:9876] result: true
2024-02-09 01:44:16 |WARN  |SpringApplicationShutdownHook |DisposableBeanAdapter.java:222 |org.springframework.beans.factory.support.DisposableBeanAdapter |Invocation of destroy method failed on bean with name 'rocketMQTemplate': java.lang.IllegalStateException: Shutdown in progress
2024-02-09 01:44:16 |WARN  |SpringApplicationShutdownHook |DisposableBeanAdapter.java:329 |org.springframework.beans.factory.support.DisposableBeanAdapter |Custom destroy method 'shutdown' on bean with name 'defaultMQProducer' threw an exception: java.lang.IllegalStateException: Shutdown in progress
2024-02-09 09:29:52 |INFO  |background-preinit |Version.java:21 |org.hibernate.validator.internal.util.Version |HV000001: Hibernate Validator 6.2.4.Final
2024-02-09 09:29:52 |INFO  |main |StartupInfoLogger.java:55 |ljl.bilibili.notice.MessageApplication |Starting MessageApplication using Java 1.8.0_65 on DESKTOP-4C1V07J with PID 8628 (E:\bilibili\notice\target\classes started by Administrator in E:\bilibili)
2024-02-09 09:29:52 |INFO  |main |SpringApplication.java:651 |ljl.bilibili.notice.MessageApplication |The following 1 profile is active: "test"
2024-02-09 09:29:55 |INFO  |main |RepositoryConfigurationDelegate.java:262 |org.springframework.data.repository.config.RepositoryConfigurationDelegate |Multiple Spring Data modules found, entering strict repository configuration mode
2024-02-09 09:29:55 |INFO  |main |RepositoryConfigurationDelegate.java:132 |org.springframework.data.repository.config.RepositoryConfigurationDelegate |Bootstrapping Spring Data Redis repositories in DEFAULT mode.
2024-02-09 09:29:56 |INFO  |main |RepositoryConfigurationDelegate.java:201 |org.springframework.data.repository.config.RepositoryConfigurationDelegate |Finished Spring Data repository scanning in 29 ms. Found 0 Redis repository interfaces.
2024-02-09 09:29:56 |INFO  |main |GenericScope.java:283 |org.springframework.cloud.context.scope.GenericScope |BeanFactory id=c330a51b-4a9c-3da2-bfa6-63411fb3c753
2024-02-09 09:29:56 |INFO  |main |PostProcessorRegistrationDelegate.java:376 |org.springframework.context.support.PostProcessorRegistrationDelegate$BeanPostProcessorChecker |Bean 'org.apache.rocketmq.spring.autoconfigure.RocketMQAutoConfiguration' of type [org.apache.rocketmq.spring.autoconfigure.RocketMQAutoConfiguration$$EnhancerBySpringCGLIB$$98741ba5] is not eligible for getting processed by all BeanPostProcessors (for example: not eligible for auto-proxying)
2024-02-09 09:29:56 |INFO  |main |PostProcessorRegistrationDelegate.java:376 |org.springframework.context.support.PostProcessorRegistrationDelegate$BeanPostProcessorChecker |Bean 'org.springframework.cloud.commons.config.CommonsConfigAutoConfiguration' of type [org.springframework.cloud.commons.config.CommonsConfigAutoConfiguration] is not eligible for getting processed by all BeanPostProcessors (for example: not eligible for auto-proxying)
2024-02-09 09:29:56 |INFO  |main |PostProcessorRegistrationDelegate.java:376 |org.springframework.context.support.PostProcessorRegistrationDelegate$BeanPostProcessorChecker |Bean 'org.springframework.cloud.client.loadbalancer.LoadBalancerDefaultMappingsProviderAutoConfiguration' of type [org.springframework.cloud.client.loadbalancer.LoadBalancerDefaultMappingsProviderAutoConfiguration] is not eligible for getting processed by all BeanPostProcessors (for example: not eligible for auto-proxying)
2024-02-09 09:29:56 |INFO  |main |PostProcessorRegistrationDelegate.java:376 |org.springframework.context.support.PostProcessorRegistrationDelegate$BeanPostProcessorChecker |Bean 'loadBalancerClientsDefaultsMappingsProvider' of type [org.springframework.cloud.client.loadbalancer.LoadBalancerDefaultMappingsProviderAutoConfiguration$$Lambda$411/1388958672] is not eligible for getting processed by all BeanPostProcessors (for example: not eligible for auto-proxying)
2024-02-09 09:29:56 |INFO  |main |PostProcessorRegistrationDelegate.java:376 |org.springframework.context.support.PostProcessorRegistrationDelegate$BeanPostProcessorChecker |Bean 'defaultsBindHandlerAdvisor' of type [org.springframework.cloud.commons.config.DefaultsBindHandlerAdvisor] is not eligible for getting processed by all BeanPostProcessors (for example: not eligible for auto-proxying)
2024-02-09 09:29:56 |INFO  |main |PostProcessorRegistrationDelegate.java:376 |org.springframework.context.support.PostProcessorRegistrationDelegate$BeanPostProcessorChecker |Bean 'rocketmq-org.apache.rocketmq.spring.autoconfigure.RocketMQProperties' of type [org.apache.rocketmq.spring.autoconfigure.RocketMQProperties] is not eligible for getting processed by all BeanPostProcessors (for example: not eligible for auto-proxying)
2024-02-09 09:29:57 |INFO  |main |PostProcessorRegistrationDelegate.java:376 |org.springframework.context.support.PostProcessorRegistrationDelegate$BeanPostProcessorChecker |Bean 'defaultMQProducer' of type [org.apache.rocketmq.client.producer.DefaultMQProducer] is not eligible for getting processed by all BeanPostProcessors (for example: not eligible for auto-proxying)
2024-02-09 09:29:57 |INFO  |main |PostProcessorRegistrationDelegate.java:376 |org.springframework.context.support.PostProcessorRegistrationDelegate$BeanPostProcessorChecker |Bean 'org.apache.rocketmq.spring.autoconfigure.JacksonFallbackConfiguration' of type [org.apache.rocketmq.spring.autoconfigure.JacksonFallbackConfiguration$$EnhancerBySpringCGLIB$$c9efb207] is not eligible for getting processed by all BeanPostProcessors (for example: not eligible for auto-proxying)
2024-02-09 09:29:57 |INFO  |main |PostProcessorRegistrationDelegate.java:376 |org.springframework.context.support.PostProcessorRegistrationDelegate$BeanPostProcessorChecker |Bean 'rocketMQMessageObjectMapper' of type [com.fasterxml.jackson.databind.ObjectMapper] is not eligible for getting processed by all BeanPostProcessors (for example: not eligible for auto-proxying)
2024-02-09 09:29:57 |INFO  |main |PostProcessorRegistrationDelegate.java:376 |org.springframework.context.support.PostProcessorRegistrationDelegate$BeanPostProcessorChecker |Bean 'org.apache.rocketmq.spring.autoconfigure.MessageConverterConfiguration' of type [org.apache.rocketmq.spring.autoconfigure.MessageConverterConfiguration$$EnhancerBySpringCGLIB$$b3831493] is not eligible for getting processed by all BeanPostProcessors (for example: not eligible for auto-proxying)
2024-02-09 09:29:58 |INFO  |main |PostProcessorRegistrationDelegate.java:376 |org.springframework.context.support.PostProcessorRegistrationDelegate$BeanPostProcessorChecker |Bean 'createRocketMQMessageConverter' of type [org.apache.rocketmq.spring.support.RocketMQMessageConverter] is not eligible for getting processed by all BeanPostProcessors (for example: not eligible for auto-proxying)
2024-02-09 09:29:59 |INFO  |main |PostProcessorRegistrationDelegate.java:376 |org.springframework.context.support.PostProcessorRegistrationDelegate$BeanPostProcessorChecker |Bean 'rocketMQTemplate' of type [org.apache.rocketmq.spring.core.RocketMQTemplate] is not eligible for getting processed by all BeanPostProcessors (for example: not eligible for auto-proxying)
2024-02-09 09:29:59 |INFO  |main |PostProcessorRegistrationDelegate.java:376 |org.springframework.context.support.PostProcessorRegistrationDelegate$BeanPostProcessorChecker |Bean 'transactionHandlerRegistry' of type [org.apache.rocketmq.spring.config.TransactionHandlerRegistry] is not eligible for getting processed by all BeanPostProcessors (for example: not eligible for auto-proxying)
2024-02-09 09:30:01 |INFO  |main |TomcatWebServer.java:108 |org.springframework.boot.web.embedded.tomcat.TomcatWebServer |Tomcat initialized with port(s): 30000 (http)
2024-02-09 09:30:01 |INFO  |main |DirectJDKLog.java:173 |org.apache.coyote.http11.Http11NioProtocol |Initializing ProtocolHandler ["http-nio-30000"]
2024-02-09 09:30:01 |INFO  |main |DirectJDKLog.java:173 |org.apache.catalina.core.StandardService |Starting service [Tomcat]
2024-02-09 09:30:01 |INFO  |main |DirectJDKLog.java:173 |org.apache.catalina.core.StandardEngine |Starting Servlet engine: [Apache Tomcat/9.0.65]
2024-02-09 09:30:01 |INFO  |main |DirectJDKLog.java:173 |org.apache.catalina.core.ContainerBase.[Tomcat].[localhost].[/] |Initializing Spring embedded WebApplicationContext
2024-02-09 09:30:01 |INFO  |main |ServletWebServerApplicationContext.java:290 |org.springframework.boot.web.servlet.context.ServletWebServerApplicationContext |Root WebApplicationContext: initialization completed in 8508 ms
2024-02-09 09:30:14 |INFO  |main |MybatisPlusJoinAutoConfiguration.java:140 |com.github.yulichang.autoconfigure.MybatisPlusJoinAutoConfiguration |mybatis plus join properties config complete
2024-02-09 09:30:14 |INFO  |main |MybatisPlusJoinAutoConfiguration.java:140 |com.github.yulichang.autoconfigure.MybatisPlusJoinAutoConfiguration |mybatis plus join SqlInjector init
2024-02-09 09:30:17 |WARN  |main |TableInfoHelper.java:423 |com.baomidou.mybatisplus.core.metadata.TableInfoHelper |This primary key of "id" is primitive !不建议如此请使用包装类 in Class: "ljl.entity.notice.dynamic.DynamicToUser"
2024-02-09 09:30:19 |INFO  |main |WebMvcPropertySourcedRequestMappingHandlerMapping.java:69 |springfox.documentation.spring.web.WebMvcPropertySourcedRequestMappingHandlerMapping |Mapped URL path [/v2/api-docs] onto method [springfox.documentation.swagger2.web.Swagger2ControllerWebMvc#getDocumentation(String, HttpServletRequest)]
2024-02-09 09:30:20 |INFO  |main |RpcClientFactory.java:80 |com.alibaba.nacos.common.remote.client |[RpcClientFactory] create a new rpc client of 5272d314-c2d8-43e8-ad4c-82e47d11ee44
2024-02-09 09:30:20 |INFO  |main |Reflections.java:232 |org.reflections.Reflections |Reflections took 79 ms to scan 1 urls, producing 3 keys and 6 values 
2024-02-09 09:30:20 |INFO  |main |Reflections.java:232 |org.reflections.Reflections |Reflections took 34 ms to scan 1 urls, producing 4 keys and 9 values 
2024-02-09 09:30:20 |INFO  |main |Reflections.java:232 |org.reflections.Reflections |Reflections took 34 ms to scan 1 urls, producing 3 keys and 10 values 
2024-02-09 09:30:21 |INFO  |main |Reflections.java:232 |org.reflections.Reflections |Reflections took 192 ms to scan 219 urls, producing 0 keys and 0 values 
2024-02-09 09:30:21 |INFO  |main |Reflections.java:232 |org.reflections.Reflections |Reflections took 11 ms to scan 1 urls, producing 1 keys and 5 values 
2024-02-09 09:30:21 |INFO  |main |Reflections.java:232 |org.reflections.Reflections |Reflections took 12 ms to scan 1 urls, producing 1 keys and 7 values 
2024-02-09 09:30:21 |INFO  |main |Reflections.java:232 |org.reflections.Reflections |Reflections took 11 ms to scan 1 urls, producing 2 keys and 8 values 
2024-02-09 09:30:21 |INFO  |main |Reflections.java:232 |org.reflections.Reflections |Reflections took 161 ms to scan 219 urls, producing 0 keys and 0 values 
2024-02-09 09:30:21 |INFO  |main |LoggerUtils.java:60 |com.alibaba.nacos.common.remote.client |[5272d314-c2d8-43e8-ad4c-82e47d11ee44] RpcClient init label, labels = {module=naming, source=sdk}
2024-02-09 09:30:21 |INFO  |main |LoggerUtils.java:60 |com.alibaba.nacos.common.remote.client |[5272d314-c2d8-43e8-ad4c-82e47d11ee44] RpcClient init, ServerListFactory = com.alibaba.nacos.client.naming.core.ServerListManager
2024-02-09 09:30:21 |INFO  |main |LoggerUtils.java:60 |com.alibaba.nacos.common.remote.client |[5272d314-c2d8-43e8-ad4c-82e47d11ee44] Registry connection listener to current client:com.alibaba.nacos.client.naming.remote.gprc.redo.NamingGrpcRedoService
2024-02-09 09:30:21 |INFO  |main |LoggerUtils.java:60 |com.alibaba.nacos.common.remote.client |[5272d314-c2d8-43e8-ad4c-82e47d11ee44] Register server push request handler:com.alibaba.nacos.client.naming.remote.gprc.NamingPushRequestHandler
2024-02-09 09:30:21 |INFO  |main |LoggerUtils.java:60 |com.alibaba.nacos.common.remote.client |[5272d314-c2d8-43e8-ad4c-82e47d11ee44] Try to connect to server on start up, server: {serverIp = '116.62.71.84', server main port = 8848}
2024-02-09 09:30:26 |INFO  |main |LoggerUtils.java:60 |com.alibaba.nacos.common.remote.client |[5272d314-c2d8-43e8-ad4c-82e47d11ee44] Success to connect to server [116.62.71.84:8848] on start up, connectionId = 1707442226132_120.227.129.112_46726
2024-02-09 09:30:26 |INFO  |com.alibaba.nacos.client.remote.worker |LoggerUtils.java:60 |com.alibaba.nacos.common.remote.client |[5272d314-c2d8-43e8-ad4c-82e47d11ee44] Notify connected event to listeners.
2024-02-09 09:30:26 |INFO  |main |LoggerUtils.java:60 |com.alibaba.nacos.common.remote.client |[5272d314-c2d8-43e8-ad4c-82e47d11ee44] Register server push request handler:com.alibaba.nacos.common.remote.client.RpcClient$ConnectResetRequestHandler
2024-02-09 09:30:26 |INFO  |main |LoggerUtils.java:60 |com.alibaba.nacos.common.remote.client |[5272d314-c2d8-43e8-ad4c-82e47d11ee44] Register server push request handler:com.alibaba.nacos.common.remote.client.RpcClient$$Lambda$935/406153553
2024-02-09 09:30:27 |WARN  |main |LoadBalancerCacheAutoConfiguration.java:82 |org.springframework.cloud.loadbalancer.config.LoadBalancerCacheAutoConfiguration$LoadBalancerCaffeineWarnLogger |Spring Cloud LoadBalancer is currently working with the default cache. While this cache implementation is useful for development and tests, it's recommended to use Caffeine cache in production.You can switch to using Caffeine cache, by adding it and org.springframework.cache.caffeine.CaffeineCacheManager to the classpath.
2024-02-09 09:30:28 |INFO  |main |DefaultRocketMQListenerContainer.java:281 |org.apache.rocketmq.spring.support.DefaultRocketMQListenerContainer |running container: DefaultRocketMQListenerContainer{consumerGroup='my-consumers-group', nameServer='120.55.183.155:9876', topic='chat', consumeMode=CONCURRENTLY, selectorType=TAG, selectorExpression='*', messageModel=CLUSTERING}
2024-02-09 09:30:28 |INFO  |main |ListenerContainerConfiguration.java:127 |org.apache.rocketmq.spring.autoconfigure.ListenerContainerConfiguration |Register the listener to container, listenerBeanName:chatConsumer, containerBeanName:org.apache.rocketmq.spring.support.DefaultRocketMQListenerContainer_1
2024-02-09 09:30:28 |INFO  |main |DefaultRocketMQListenerContainer.java:281 |org.apache.rocketmq.spring.support.DefaultRocketMQListenerContainer |running container: DefaultRocketMQListenerContainer{consumerGroup='my-consumer1-group', nameServer='120.55.183.155:9876', topic='comment', consumeMode=CONCURRENTLY, selectorType=TAG, selectorExpression='*', messageModel=CLUSTERING}
2024-02-09 09:30:28 |INFO  |main |ListenerContainerConfiguration.java:127 |org.apache.rocketmq.spring.autoconfigure.ListenerContainerConfiguration |Register the listener to container, listenerBeanName:commentConsumer, containerBeanName:org.apache.rocketmq.spring.support.DefaultRocketMQListenerContainer_2
2024-02-09 09:30:29 |INFO  |main |DefaultRocketMQListenerContainer.java:281 |org.apache.rocketmq.spring.support.DefaultRocketMQListenerContainer |running container: DefaultRocketMQListenerContainer{consumerGroup='my-consumer2-group', nameServer='120.55.183.155:9876', topic='dynamic', consumeMode=CONCURRENTLY, selectorType=TAG, selectorExpression='*', messageModel=CLUSTERING}
2024-02-09 09:30:29 |INFO  |main |ListenerContainerConfiguration.java:127 |org.apache.rocketmq.spring.autoconfigure.ListenerContainerConfiguration |Register the listener to container, listenerBeanName:dynamicConsumer, containerBeanName:org.apache.rocketmq.spring.support.DefaultRocketMQListenerContainer_3
2024-02-09 09:30:30 |INFO  |main |DefaultRocketMQListenerContainer.java:281 |org.apache.rocketmq.spring.support.DefaultRocketMQListenerContainer |running container: DefaultRocketMQListenerContainer{consumerGroup='my-consumer3-group', nameServer='120.55.183.155:9876', topic='like', consumeMode=CONCURRENTLY, selectorType=TAG, selectorExpression='*', messageModel=CLUSTERING}
2024-02-09 09:30:30 |INFO  |main |ListenerContainerConfiguration.java:127 |org.apache.rocketmq.spring.autoconfigure.ListenerContainerConfiguration |Register the listener to container, listenerBeanName:likeConsumer, containerBeanName:org.apache.rocketmq.spring.support.DefaultRocketMQListenerContainer_4
2024-02-09 09:30:30 |INFO  |main |DefaultRocketMQListenerContainer.java:281 |org.apache.rocketmq.spring.support.DefaultRocketMQListenerContainer |running container: DefaultRocketMQListenerContainer{consumerGroup='my-consumers-group4', nameServer='120.55.183.155:9876', topic='mysqlToEs', consumeMode=CONCURRENTLY, selectorType=TAG, selectorExpression='*', messageModel=CLUSTERING}
2024-02-09 09:30:30 |INFO  |main |ListenerContainerConfiguration.java:127 |org.apache.rocketmq.spring.autoconfigure.ListenerContainerConfiguration |Register the listener to container, listenerBeanName:mysqlToEsConsumer, containerBeanName:org.apache.rocketmq.spring.support.DefaultRocketMQListenerContainer_5
2024-02-09 09:30:30 |INFO  |main |DirectJDKLog.java:173 |org.apache.coyote.http11.Http11NioProtocol |Starting ProtocolHandler ["http-nio-30000"]
2024-02-09 09:30:30 |INFO  |main |TomcatWebServer.java:220 |org.springframework.boot.web.embedded.tomcat.TomcatWebServer |Tomcat started on port(s): 30000 (http) with context path ''
2024-02-09 09:30:30 |INFO  |main |NacosServiceRegistry.java:65 |com.alibaba.cloud.nacos.registry.NacosServiceRegistry |nacos registry, DEFAULT_GROUP notice 192.168.0.102:30000 register finished
2024-02-09 09:30:31 |INFO  |main |DocumentationPluginsBootstrapper.java:93 |springfox.documentation.spring.web.plugins.DocumentationPluginsBootstrapper |Documentation plugins bootstrapped
2024-02-09 09:30:31 |INFO  |main |AbstractDocumentationPluginsBootstrapper.java:79 |springfox.documentation.spring.web.plugins.DocumentationPluginsBootstrapper |Found 1 custom documentation plugin(s)
2024-02-09 09:30:31 |INFO  |main |ApiListingReferenceScanner.java:44 |springfox.documentation.spring.web.scanners.ApiListingReferenceScanner |Scanning for api listing references
2024-02-09 09:30:31 |INFO  |main |StartupInfoLogger.java:61 |ljl.bilibili.notice.MessageApplication |Started MessageApplication in 40.212 seconds (JVM running for 49.65)
2024-02-09 09:30:37 |INFO  |http-nio-30000-exec-1 |DirectJDKLog.java:173 |org.apache.catalina.core.ContainerBase.[Tomcat].[localhost].[/] |Initializing Spring DispatcherServlet 'dispatcherServlet'
2024-02-09 09:30:37 |INFO  |http-nio-30000-exec-1 |FrameworkServlet.java:525 |org.springframework.web.servlet.DispatcherServlet |Initializing Servlet 'dispatcherServlet'
2024-02-09 09:30:37 |INFO  |http-nio-30000-exec-1 |FrameworkServlet.java:547 |org.springframework.web.servlet.DispatcherServlet |Completed initialization in 2 ms
2024-02-09 09:30:45 |WARN  |Thread-45 |NotifyCenter.java:136 |com.alibaba.nacos.common.notify.NotifyCenter |[NotifyCenter] Start destroying Publisher
2024-02-09 09:30:45 |WARN  |Thread-45 |NotifyCenter.java:153 |com.alibaba.nacos.common.notify.NotifyCenter |[NotifyCenter] Destruction of the end
2024-02-09 09:30:45 |WARN  |Thread-48 |HttpClientBeanHolder.java:108 |com.alibaba.nacos.common.http.HttpClientBeanHolder |[HttpClientBeanHolder] Start destroying common HttpClient
2024-02-09 09:30:45 |WARN  |Thread-48 |HttpClientBeanHolder.java:114 |com.alibaba.nacos.common.http.HttpClientBeanHolder |[HttpClientBeanHolder] Destruction of the end
2024-02-09 09:30:46 |INFO  |SpringApplicationShutdownHook |DefaultRocketMQListenerContainer.java:254 |org.apache.rocketmq.spring.support.DefaultRocketMQListenerContainer |container destroyed, DefaultRocketMQListenerContainer{consumerGroup='my-consumers-group4', nameServer='120.55.183.155:9876', topic='mysqlToEs', consumeMode=CONCURRENTLY, selectorType=TAG, selectorExpression='*', messageModel=CLUSTERING}
2024-02-09 09:30:46 |INFO  |SpringApplicationShutdownHook |DefaultRocketMQListenerContainer.java:254 |org.apache.rocketmq.spring.support.DefaultRocketMQListenerContainer |container destroyed, DefaultRocketMQListenerContainer{consumerGroup='my-consumer3-group', nameServer='120.55.183.155:9876', topic='like', consumeMode=CONCURRENTLY, selectorType=TAG, selectorExpression='*', messageModel=CLUSTERING}
2024-02-09 09:30:46 |INFO  |SpringApplicationShutdownHook |DefaultRocketMQListenerContainer.java:254 |org.apache.rocketmq.spring.support.DefaultRocketMQListenerContainer |container destroyed, DefaultRocketMQListenerContainer{consumerGroup='my-consumer2-group', nameServer='120.55.183.155:9876', topic='dynamic', consumeMode=CONCURRENTLY, selectorType=TAG, selectorExpression='*', messageModel=CLUSTERING}
2024-02-09 09:30:46 |INFO  |SpringApplicationShutdownHook |DefaultRocketMQListenerContainer.java:254 |org.apache.rocketmq.spring.support.DefaultRocketMQListenerContainer |container destroyed, DefaultRocketMQListenerContainer{consumerGroup='my-consumer1-group', nameServer='120.55.183.155:9876', topic='comment', consumeMode=CONCURRENTLY, selectorType=TAG, selectorExpression='*', messageModel=CLUSTERING}
2024-02-09 09:30:46 |INFO  |SpringApplicationShutdownHook |DefaultRocketMQListenerContainer.java:254 |org.apache.rocketmq.spring.support.DefaultRocketMQListenerContainer |container destroyed, DefaultRocketMQListenerContainer{consumerGroup='my-consumers-group', nameServer='120.55.183.155:9876', topic='chat', consumeMode=CONCURRENTLY, selectorType=TAG, selectorExpression='*', messageModel=CLUSTERING}
2024-02-09 09:30:46 |INFO  |SpringApplicationShutdownHook |NacosServiceRegistry.java:80 |com.alibaba.cloud.nacos.registry.NacosServiceRegistry |De-registering from Nacos Server now...
2024-02-09 09:30:46 |INFO  |SpringApplicationShutdownHook |NacosServiceRegistry.java:100 |com.alibaba.cloud.nacos.registry.NacosServiceRegistry |De-registration finished.
2024-02-09 09:30:46 |INFO  |SpringApplicationShutdownHook |DruidDataSource.java:2063 |com.alibaba.druid.pool.DruidDataSource |{dataSource-0} closing ...
2024-02-09 09:30:46 |INFO  |NettyClientSelector_1 |Slf4jLoggerFactory.java:95 |RocketmqRemoting |closeChannel: close the connection to remote address[120.55.183.155:10911] result: true
2024-02-09 09:30:46 |INFO  |NettyClientSelector_1 |Slf4jLoggerFactory.java:95 |RocketmqRemoting |closeChannel: close the connection to remote address[120.55.183.155:9876] result: true
2024-02-09 09:30:46 |WARN  |SpringApplicationShutdownHook |DisposableBeanAdapter.java:222 |org.springframework.beans.factory.support.DisposableBeanAdapter |Invocation of destroy method failed on bean with name 'rocketMQTemplate': java.lang.IllegalStateException: Shutdown in progress
2024-02-09 09:30:46 |WARN  |SpringApplicationShutdownHook |DisposableBeanAdapter.java:329 |org.springframework.beans.factory.support.DisposableBeanAdapter |Custom destroy method 'shutdown' on bean with name 'defaultMQProducer' threw an exception: java.lang.IllegalStateException: Shutdown in progress
