2024-02-05 22:11:24 |WARN  |main |TableInfoHelper.java:423 |com.baomidou.mybatisplus.core.metadata.TableInfoHelper |This primary key of "id" is primitive !不建议如此请使用包装类 in Class: "ljl.entity.video.dynamic.DynamicToUser"
2024-02-05 22:11:36 |WARN  |main |LoadBalancerCacheAutoConfiguration.java:82 |org.springframework.cloud.loadbalancer.config.LoadBalancerCacheAutoConfiguration$LoadBalancerCaffeineWarnLogger |Spring Cloud LoadBalancer is currently working with the default cache. While this cache implementation is useful for development and tests, it's recommended to use Caffeine cache in production.You can switch to using Caffeine cache, by adding it and org.springframework.cache.caffeine.CaffeineCacheManager to the classpath.
2024-02-05 22:16:27 |WARN  |Thread-51 |NotifyCenter.java:136 |com.alibaba.nacos.common.notify.NotifyCenter |[NotifyCenter] Start destroying Publisher
2024-02-05 22:16:27 |WARN  |Thread-54 |HttpClientBeanHolder.java:108 |com.alibaba.nacos.common.http.HttpClientBeanHolder |[HttpClientBeanHolder] Start destroying common HttpClient
2024-02-05 22:16:27 |WARN  |Thread-51 |NotifyCenter.java:153 |com.alibaba.nacos.common.notify.NotifyCenter |[NotifyCenter] Destruction of the end
2024-02-05 22:16:27 |WARN  |Thread-54 |HttpClientBeanHolder.java:114 |com.alibaba.nacos.common.http.HttpClientBeanHolder |[HttpClientBeanHolder] Destruction of the end
2024-02-05 22:16:27 |WARN  |SpringApplicationShutdownHook |DisposableBeanAdapter.java:222 |org.springframework.beans.factory.support.DisposableBeanAdapter |Invocation of destroy method failed on bean with name 'rocketMQTemplate': java.lang.IllegalStateException: Shutdown in progress
2024-02-05 22:16:27 |WARN  |SpringApplicationShutdownHook |DisposableBeanAdapter.java:329 |org.springframework.beans.factory.support.DisposableBeanAdapter |Custom destroy method 'shutdown' on bean with name 'defaultMQProducer' threw an exception: java.lang.IllegalStateException: Shutdown in progress
2024-02-05 22:17:05 |WARN  |main |TableInfoHelper.java:423 |com.baomidou.mybatisplus.core.metadata.TableInfoHelper |This primary key of "id" is primitive !不建议如此请使用包装类 in Class: "ljl.entity.video.dynamic.DynamicToUser"
2024-02-05 22:17:19 |WARN  |main |LoadBalancerCacheAutoConfiguration.java:82 |org.springframework.cloud.loadbalancer.config.LoadBalancerCacheAutoConfiguration$LoadBalancerCaffeineWarnLogger |Spring Cloud LoadBalancer is currently working with the default cache. While this cache implementation is useful for development and tests, it's recommended to use Caffeine cache in production.You can switch to using Caffeine cache, by adding it and org.springframework.cache.caffeine.CaffeineCacheManager to the classpath.
2024-02-05 22:24:35 |WARN  |nacos-grpc-client-executor-81 |LoggerUtils.java:86 |com.alibaba.nacos.common.remote.client.grpc.GrpcClient |[1707142638208_120.227.130.72_2073]Ignore error event,isRunning:true,isAbandon=true
2024-02-05 22:28:09 |WARN  |ConsumeMessageThread_1 |DefaultRocketMQListenerContainer.java:354 |org.apache.rocketmq.spring.support.DefaultRocketMQListenerContainer |consume message failed. messageExt:MessageExt [queueId=2, storeSize=323, queueOffset=0, sysFlag=0, bornTimestamp=1707143240347, bornHost=/120.227.130.72:3064, storeTimestamp=1707143240303, storeHost=/120.55.183.155:10911, msgId=7837B79B00002A9F0000000000003283, commitLogOffset=12931, bodyCRC=1236310653, reconsumeTimes=0, preparedTransactionOffset=0, toString()=Message{topic='mysqlToEs', flag=0, properties={MIN_OFFSET=0, MAX_OFFSET=1, CONSUME_START_TIME=1707143240406, id=1a968d6e-1434-b09e-b664-396a02698355, UNIQ_KEY=C0A800663BDC14DAD5DC196AF69B0003, CLUSTER=DefaultCluster, contentType=text/plain;charset=UTF-8, timestamp=1707143240346}, body=[123, 34, 105, 100, 34, 58, 50, 44, 34, 116, 121, 112, 101, 34, 58, 34, 117, 112, 100, 97, 116, 101, 34, 44, 34, 116, 97, 98, 108, 101, 34, 58, 34, 118, 105, 100, 101, 111, 34, 44, 34, 99, 111, 108, 108, 101, 99, 116, 95, 99, 111, 117, 110, 116, 34, 58, 50, 125], transactionId='null'}]
java.lang.ClassCastException: java.util.HashMap cannot be cast to java.lang.String
	at org.springframework.data.redis.serializer.StringRedisSerializer.serialize(StringRedisSerializer.java:36)
	at org.springframework.data.redis.core.AbstractOperations.rawValue(AbstractOperations.java:128)
	at org.springframework.data.redis.core.DefaultListOperations.rightPush(DefaultListOperations.java:279)
	at ljl.consumer.mysql_es.MysqlToEsConsumer.onMessage(MysqlToEsConsumer.java:58)
	at ljl.consumer.mysql_es.MysqlToEsConsumer.onMessage(MysqlToEsConsumer.java:16)
	at org.apache.rocketmq.spring.support.DefaultRocketMQListenerContainer$DefaultMessageListenerConcurrently.consumeMessage(DefaultRocketMQListenerContainer.java:350)
	at org.apache.rocketmq.client.impl.consumer.ConsumeMessageConcurrentlyService$ConsumeRequest.run(ConsumeMessageConcurrentlyService.java:411)
	at java.util.concurrent.Executors$RunnableAdapter.call(Executors.java:511)
	at java.util.concurrent.FutureTask.run$$$capture(FutureTask.java:266)
	at java.util.concurrent.FutureTask.run(FutureTask.java)
	at java.util.concurrent.ThreadPoolExecutor.runWorker(ThreadPoolExecutor.java:1142)
	at java.util.concurrent.ThreadPoolExecutor$Worker.run(ThreadPoolExecutor.java:617)
	at java.lang.Thread.run(Thread.java:745)
2024-02-05 22:28:42 |WARN  |nacos-grpc-client-executor-121 |LoggerUtils.java:86 |com.alibaba.nacos.common.remote.client.grpc.GrpcClient |[1707143039517_120.227.130.72_3012]Ignore error event,isRunning:true,isAbandon=true
2024-02-05 22:29:43 |WARN  |Thread-56 |HttpClientBeanHolder.java:108 |com.alibaba.nacos.common.http.HttpClientBeanHolder |[HttpClientBeanHolder] Start destroying common HttpClient
2024-02-05 22:29:43 |WARN  |Thread-53 |NotifyCenter.java:136 |com.alibaba.nacos.common.notify.NotifyCenter |[NotifyCenter] Start destroying Publisher
2024-02-05 22:29:43 |WARN  |Thread-53 |NotifyCenter.java:153 |com.alibaba.nacos.common.notify.NotifyCenter |[NotifyCenter] Destruction of the end
2024-02-05 22:29:43 |WARN  |Thread-56 |HttpClientBeanHolder.java:114 |com.alibaba.nacos.common.http.HttpClientBeanHolder |[HttpClientBeanHolder] Destruction of the end
2024-02-05 22:29:44 |WARN  |SpringApplicationShutdownHook |DisposableBeanAdapter.java:222 |org.springframework.beans.factory.support.DisposableBeanAdapter |Invocation of destroy method failed on bean with name 'rocketMQTemplate': java.lang.IllegalStateException: Shutdown in progress
2024-02-05 22:29:44 |WARN  |SpringApplicationShutdownHook |DisposableBeanAdapter.java:329 |org.springframework.beans.factory.support.DisposableBeanAdapter |Custom destroy method 'shutdown' on bean with name 'defaultMQProducer' threw an exception: java.lang.IllegalStateException: Shutdown in progress
2024-02-05 22:30:14 |WARN  |main |TableInfoHelper.java:423 |com.baomidou.mybatisplus.core.metadata.TableInfoHelper |This primary key of "id" is primitive !不建议如此请使用包装类 in Class: "ljl.entity.video.dynamic.DynamicToUser"
2024-02-05 22:30:23 |WARN  |main |LoadBalancerCacheAutoConfiguration.java:82 |org.springframework.cloud.loadbalancer.config.LoadBalancerCacheAutoConfiguration$LoadBalancerCaffeineWarnLogger |Spring Cloud LoadBalancer is currently working with the default cache. While this cache implementation is useful for development and tests, it's recommended to use Caffeine cache in production.You can switch to using Caffeine cache, by adding it and org.springframework.cache.caffeine.CaffeineCacheManager to the classpath.
2024-02-05 22:31:55 |WARN  |ConsumeMessageThread_1 |DefaultRocketMQListenerContainer.java:354 |org.apache.rocketmq.spring.support.DefaultRocketMQListenerContainer |consume message failed. messageExt:MessageExt [queueId=3, storeSize=323, queueOffset=0, sysFlag=0, bornTimestamp=1707143495406, bornHost=/120.227.130.72:2193, storeTimestamp=1707143495360, storeHost=/120.55.183.155:10911, msgId=7837B79B00002A9F000000000000572D, commitLogOffset=22317, bodyCRC=1236310653, reconsumeTimes=0, preparedTransactionOffset=0, toString()=Message{topic='mysqlToEs', flag=0, properties={MIN_OFFSET=0, MAX_OFFSET=1, CONSUME_START_TIME=1707143495462, id=706ccc9f-8712-862a-1f95-7a197a0b419b, UNIQ_KEY=C0A800661D1814DAD5DC196EDAEE0003, CLUSTER=DefaultCluster, contentType=text/plain;charset=UTF-8, timestamp=1707143495403}, body=[123, 34, 105, 100, 34, 58, 50, 44, 34, 116, 121, 112, 101, 34, 58, 34, 117, 112, 100, 97, 116, 101, 34, 44, 34, 116, 97, 98, 108, 101, 34, 58, 34, 118, 105, 100, 101, 111, 34, 44, 34, 99, 111, 108, 108, 101, 99, 116, 95, 99, 111, 117, 110, 116, 34, 58, 50, 125], transactionId='null'}]
org.springframework.data.redis.RedisConnectionFailureException: Unable to connect to Redis; nested exception is io.lettuce.core.RedisConnectionException: Unable to connect to localhost:6379
	at org.springframework.data.redis.connection.lettuce.LettuceConnectionFactory$ExceptionTranslatingConnectionProvider.translateException(LettuceConnectionFactory.java:1689)
	at org.springframework.data.redis.connection.lettuce.LettuceConnectionFactory$ExceptionTranslatingConnectionProvider.getConnection(LettuceConnectionFactory.java:1597)
	at org.springframework.data.redis.connection.lettuce.LettuceConnectionFactory$SharedConnection.getNativeConnection(LettuceConnectionFactory.java:1383)
	at org.springframework.data.redis.connection.lettuce.LettuceConnectionFactory$SharedConnection.getConnection(LettuceConnectionFactory.java:1366)
	at org.springframework.data.redis.connection.lettuce.LettuceConnectionFactory.getSharedConnection(LettuceConnectionFactory.java:1093)
	at org.springframework.data.redis.connection.lettuce.LettuceConnectionFactory.getConnection(LettuceConnectionFactory.java:421)
	at org.springframework.data.redis.core.RedisConnectionUtils.fetchConnection(RedisConnectionUtils.java:193)
	at org.springframework.data.redis.core.RedisConnectionUtils.doGetConnection(RedisConnectionUtils.java:144)
	at org.springframework.data.redis.core.RedisConnectionUtils.getConnection(RedisConnectionUtils.java:105)
	at org.springframework.data.redis.core.RedisTemplate.execute(RedisTemplate.java:210)
	at org.springframework.data.redis.core.RedisTemplate.execute(RedisTemplate.java:190)
	at org.springframework.data.redis.core.AbstractOperations.execute(AbstractOperations.java:97)
	at org.springframework.data.redis.core.DefaultListOperations.rightPush(DefaultListOperations.java:280)
	at ljl.consumer.mysql_es.MysqlToEsConsumer.onMessage(MysqlToEsConsumer.java:59)
	at ljl.consumer.mysql_es.MysqlToEsConsumer.onMessage(MysqlToEsConsumer.java:16)
	at org.apache.rocketmq.spring.support.DefaultRocketMQListenerContainer$DefaultMessageListenerConcurrently.consumeMessage(DefaultRocketMQListenerContainer.java:350)
	at org.apache.rocketmq.client.impl.consumer.ConsumeMessageConcurrentlyService$ConsumeRequest.run(ConsumeMessageConcurrentlyService.java:411)
	at java.util.concurrent.Executors$RunnableAdapter.call(Executors.java:511)
	at java.util.concurrent.FutureTask.run$$$capture(FutureTask.java:266)
	at java.util.concurrent.FutureTask.run(FutureTask.java)
	at java.util.concurrent.ThreadPoolExecutor.runWorker(ThreadPoolExecutor.java:1142)
	at java.util.concurrent.ThreadPoolExecutor$Worker.run(ThreadPoolExecutor.java:617)
	at java.lang.Thread.run(Thread.java:745)
Caused by: io.lettuce.core.RedisConnectionException: Unable to connect to localhost:6379
	at io.lettuce.core.RedisConnectionException.create(RedisConnectionException.java:78)
	at io.lettuce.core.RedisConnectionException.create(RedisConnectionException.java:56)
	at io.lettuce.core.AbstractRedisClient.getConnection(AbstractRedisClient.java:330)
	at io.lettuce.core.RedisClient.connect(RedisClient.java:216)
	at org.springframework.data.redis.connection.lettuce.StandaloneConnectionProvider.lambda$getConnection$1(StandaloneConnectionProvider.java:115)
	at java.util.Optional.orElseGet(Optional.java:267)
	at org.springframework.data.redis.connection.lettuce.StandaloneConnectionProvider.getConnection(StandaloneConnectionProvider.java:115)
	at org.springframework.data.redis.connection.lettuce.LettuceConnectionFactory$ExceptionTranslatingConnectionProvider.getConnection(LettuceConnectionFactory.java:1595)
	... 21 common frames omitted
Caused by: io.netty.channel.AbstractChannel$AnnotatedConnectException: Connection refused: no further information: localhost/127.0.0.1:6379
Caused by: java.net.ConnectException: Connection refused: no further information
	at sun.nio.ch.SocketChannelImpl.checkConnect(Native Method)
	at sun.nio.ch.SocketChannelImpl.finishConnect(SocketChannelImpl.java:717)
	at io.netty.channel.socket.nio.NioSocketChannel.doFinishConnect(NioSocketChannel.java:337)
	at io.netty.channel.nio.AbstractNioChannel$AbstractNioUnsafe.finishConnect(AbstractNioChannel.java:334)
	at io.netty.channel.nio.NioEventLoop.processSelectedKey(NioEventLoop.java:710)
	at io.netty.channel.nio.NioEventLoop.processSelectedKeysOptimized(NioEventLoop.java:658)
	at io.netty.channel.nio.NioEventLoop.processSelectedKeys(NioEventLoop.java:584)
	at io.netty.channel.nio.NioEventLoop.run(NioEventLoop.java:496)
	at io.netty.util.concurrent.SingleThreadEventExecutor$4.run(SingleThreadEventExecutor.java:997)
	at io.netty.util.internal.ThreadExecutorMap$2.run(ThreadExecutorMap.java:74)
	at io.netty.util.concurrent.FastThreadLocalRunnable.run(FastThreadLocalRunnable.java:30)
	at java.lang.Thread.run(Thread.java:745)
2024-02-05 22:32:51 |WARN  |Thread-38 |HttpClientBeanHolder.java:108 |com.alibaba.nacos.common.http.HttpClientBeanHolder |[HttpClientBeanHolder] Start destroying common HttpClient
2024-02-05 22:32:51 |WARN  |Thread-35 |NotifyCenter.java:136 |com.alibaba.nacos.common.notify.NotifyCenter |[NotifyCenter] Start destroying Publisher
2024-02-05 22:32:51 |WARN  |Thread-35 |NotifyCenter.java:153 |com.alibaba.nacos.common.notify.NotifyCenter |[NotifyCenter] Destruction of the end
2024-02-05 22:32:51 |WARN  |Thread-38 |HttpClientBeanHolder.java:114 |com.alibaba.nacos.common.http.HttpClientBeanHolder |[HttpClientBeanHolder] Destruction of the end
2024-02-05 22:32:52 |WARN  |SpringApplicationShutdownHook |DisposableBeanAdapter.java:222 |org.springframework.beans.factory.support.DisposableBeanAdapter |Invocation of destroy method failed on bean with name 'rocketMQTemplate': java.lang.IllegalStateException: Shutdown in progress
2024-02-05 22:32:52 |WARN  |SpringApplicationShutdownHook |DisposableBeanAdapter.java:329 |org.springframework.beans.factory.support.DisposableBeanAdapter |Custom destroy method 'shutdown' on bean with name 'defaultMQProducer' threw an exception: java.lang.IllegalStateException: Shutdown in progress
2024-02-05 22:33:06 |WARN  |main |TableInfoHelper.java:423 |com.baomidou.mybatisplus.core.metadata.TableInfoHelper |This primary key of "id" is primitive !不建议如此请使用包装类 in Class: "ljl.entity.video.dynamic.DynamicToUser"
2024-02-05 22:33:10 |WARN  |main |LoadBalancerCacheAutoConfiguration.java:82 |org.springframework.cloud.loadbalancer.config.LoadBalancerCacheAutoConfiguration$LoadBalancerCaffeineWarnLogger |Spring Cloud LoadBalancer is currently working with the default cache. While this cache implementation is useful for development and tests, it's recommended to use Caffeine cache in production.You can switch to using Caffeine cache, by adding it and org.springframework.cache.caffeine.CaffeineCacheManager to the classpath.
2024-02-05 22:36:21 |WARN  |Thread-31 |HttpClientBeanHolder.java:108 |com.alibaba.nacos.common.http.HttpClientBeanHolder |[HttpClientBeanHolder] Start destroying common HttpClient
2024-02-05 22:36:21 |WARN  |Thread-28 |NotifyCenter.java:136 |com.alibaba.nacos.common.notify.NotifyCenter |[NotifyCenter] Start destroying Publisher
2024-02-05 22:36:21 |WARN  |Thread-28 |NotifyCenter.java:153 |com.alibaba.nacos.common.notify.NotifyCenter |[NotifyCenter] Destruction of the end
2024-02-05 22:36:21 |WARN  |Thread-31 |HttpClientBeanHolder.java:114 |com.alibaba.nacos.common.http.HttpClientBeanHolder |[HttpClientBeanHolder] Destruction of the end
2024-02-05 22:36:22 |WARN  |SpringApplicationShutdownHook |DisposableBeanAdapter.java:222 |org.springframework.beans.factory.support.DisposableBeanAdapter |Invocation of destroy method failed on bean with name 'rocketMQTemplate': java.lang.IllegalStateException: Shutdown in progress
2024-02-05 22:36:22 |WARN  |SpringApplicationShutdownHook |DisposableBeanAdapter.java:329 |org.springframework.beans.factory.support.DisposableBeanAdapter |Custom destroy method 'shutdown' on bean with name 'defaultMQProducer' threw an exception: java.lang.IllegalStateException: Shutdown in progress
2024-02-05 22:36:47 |WARN  |main |TableInfoHelper.java:423 |com.baomidou.mybatisplus.core.metadata.TableInfoHelper |This primary key of "id" is primitive !不建议如此请使用包装类 in Class: "ljl.entity.video.dynamic.DynamicToUser"
2024-02-05 22:36:56 |WARN  |main |LoadBalancerCacheAutoConfiguration.java:82 |org.springframework.cloud.loadbalancer.config.LoadBalancerCacheAutoConfiguration$LoadBalancerCaffeineWarnLogger |Spring Cloud LoadBalancer is currently working with the default cache. While this cache implementation is useful for development and tests, it's recommended to use Caffeine cache in production.You can switch to using Caffeine cache, by adding it and org.springframework.cache.caffeine.CaffeineCacheManager to the classpath.
2024-02-05 23:14:12 |WARN  |Thread-37 |NotifyCenter.java:136 |com.alibaba.nacos.common.notify.NotifyCenter |[NotifyCenter] Start destroying Publisher
2024-02-05 23:14:12 |WARN  |Thread-40 |HttpClientBeanHolder.java:108 |com.alibaba.nacos.common.http.HttpClientBeanHolder |[HttpClientBeanHolder] Start destroying common HttpClient
2024-02-05 23:14:12 |WARN  |Thread-37 |NotifyCenter.java:153 |com.alibaba.nacos.common.notify.NotifyCenter |[NotifyCenter] Destruction of the end
2024-02-05 23:14:12 |WARN  |Thread-40 |HttpClientBeanHolder.java:114 |com.alibaba.nacos.common.http.HttpClientBeanHolder |[HttpClientBeanHolder] Destruction of the end
2024-02-05 23:14:15 |WARN  |SpringApplicationShutdownHook |DisposableBeanAdapter.java:222 |org.springframework.beans.factory.support.DisposableBeanAdapter |Invocation of destroy method failed on bean with name 'rocketMQTemplate': java.lang.IllegalStateException: Shutdown in progress
2024-02-05 23:14:15 |WARN  |SpringApplicationShutdownHook |DisposableBeanAdapter.java:329 |org.springframework.beans.factory.support.DisposableBeanAdapter |Custom destroy method 'shutdown' on bean with name 'defaultMQProducer' threw an exception: java.lang.IllegalStateException: Shutdown in progress
2024-02-05 23:14:33 |WARN  |main |TableInfoHelper.java:423 |com.baomidou.mybatisplus.core.metadata.TableInfoHelper |This primary key of "id" is primitive !不建议如此请使用包装类 in Class: "ljl.entity.video.dynamic.DynamicToUser"
2024-02-05 23:14:37 |WARN  |main |LoadBalancerCacheAutoConfiguration.java:82 |org.springframework.cloud.loadbalancer.config.LoadBalancerCacheAutoConfiguration$LoadBalancerCaffeineWarnLogger |Spring Cloud LoadBalancer is currently working with the default cache. While this cache implementation is useful for development and tests, it's recommended to use Caffeine cache in production.You can switch to using Caffeine cache, by adding it and org.springframework.cache.caffeine.CaffeineCacheManager to the classpath.
