2024-02-07 13:32:44 |WARN  |main |LoadBalancerCacheAutoConfiguration.java:82 |org.springframework.cloud.loadbalancer.config.LoadBalancerCacheAutoConfiguration$LoadBalancerCaffeineWarnLogger |Spring Cloud LoadBalancer is currently working with the default cache. While this cache implementation is useful for development and tests, it's recommended to use Caffeine cache in production.You can switch to using Caffeine cache, by adding it and org.springframework.cache.caffeine.CaffeineCacheManager to the classpath.
2024-02-07 13:32:45 |WARN  |main |TableInfoHelper.java:423 |com.baomidou.mybatisplus.core.metadata.TableInfoHelper |This primary key of "id" is primitive !不建议如此请使用包装类 in Class: "ljl.entity.video.dynamic.DynamicToUser"
2024-02-07 13:48:43 |WARN  |Thread-42 |NotifyCenter.java:136 |com.alibaba.nacos.common.notify.NotifyCenter |[NotifyCenter] Start destroying Publisher
2024-02-07 13:48:43 |WARN  |Thread-45 |HttpClientBeanHolder.java:108 |com.alibaba.nacos.common.http.HttpClientBeanHolder |[HttpClientBeanHolder] Start destroying common HttpClient
2024-02-07 13:48:43 |WARN  |Thread-42 |NotifyCenter.java:153 |com.alibaba.nacos.common.notify.NotifyCenter |[NotifyCenter] Destruction of the end
2024-02-07 13:48:43 |WARN  |Thread-45 |HttpClientBeanHolder.java:114 |com.alibaba.nacos.common.http.HttpClientBeanHolder |[HttpClientBeanHolder] Destruction of the end
2024-02-07 13:49:38 |WARN  |main |LoadBalancerCacheAutoConfiguration.java:82 |org.springframework.cloud.loadbalancer.config.LoadBalancerCacheAutoConfiguration$LoadBalancerCaffeineWarnLogger |Spring Cloud LoadBalancer is currently working with the default cache. While this cache implementation is useful for development and tests, it's recommended to use Caffeine cache in production.You can switch to using Caffeine cache, by adding it and org.springframework.cache.caffeine.CaffeineCacheManager to the classpath.
2024-02-07 13:49:39 |WARN  |main |TableInfoHelper.java:423 |com.baomidou.mybatisplus.core.metadata.TableInfoHelper |This primary key of "id" is primitive !不建议如此请使用包装类 in Class: "ljl.entity.video.dynamic.DynamicToUser"
2024-02-07 13:50:32 |WARN  |Thread-49 |NotifyCenter.java:136 |com.alibaba.nacos.common.notify.NotifyCenter |[NotifyCenter] Start destroying Publisher
2024-02-07 13:50:32 |WARN  |Thread-49 |NotifyCenter.java:153 |com.alibaba.nacos.common.notify.NotifyCenter |[NotifyCenter] Destruction of the end
2024-02-07 13:50:32 |WARN  |Thread-52 |HttpClientBeanHolder.java:108 |com.alibaba.nacos.common.http.HttpClientBeanHolder |[HttpClientBeanHolder] Start destroying common HttpClient
2024-02-07 13:50:32 |WARN  |Thread-52 |HttpClientBeanHolder.java:114 |com.alibaba.nacos.common.http.HttpClientBeanHolder |[HttpClientBeanHolder] Destruction of the end
2024-02-07 13:51:42 |WARN  |main |LoadBalancerCacheAutoConfiguration.java:82 |org.springframework.cloud.loadbalancer.config.LoadBalancerCacheAutoConfiguration$LoadBalancerCaffeineWarnLogger |Spring Cloud LoadBalancer is currently working with the default cache. While this cache implementation is useful for development and tests, it's recommended to use Caffeine cache in production.You can switch to using Caffeine cache, by adding it and org.springframework.cache.caffeine.CaffeineCacheManager to the classpath.
2024-02-07 13:51:43 |WARN  |main |TableInfoHelper.java:423 |com.baomidou.mybatisplus.core.metadata.TableInfoHelper |This primary key of "id" is primitive !不建议如此请使用包装类 in Class: "ljl.entity.video.dynamic.DynamicToUser"
2024-02-07 14:06:51 |WARN  |Thread-47 |HttpClientBeanHolder.java:108 |com.alibaba.nacos.common.http.HttpClientBeanHolder |[HttpClientBeanHolder] Start destroying common HttpClient
2024-02-07 14:06:51 |WARN  |Thread-43 |NotifyCenter.java:136 |com.alibaba.nacos.common.notify.NotifyCenter |[NotifyCenter] Start destroying Publisher
2024-02-07 14:06:51 |WARN  |Thread-47 |HttpClientBeanHolder.java:114 |com.alibaba.nacos.common.http.HttpClientBeanHolder |[HttpClientBeanHolder] Destruction of the end
2024-02-07 14:06:51 |WARN  |Thread-43 |NotifyCenter.java:153 |com.alibaba.nacos.common.notify.NotifyCenter |[NotifyCenter] Destruction of the end
2024-02-07 14:08:40 |WARN  |main |LoadBalancerCacheAutoConfiguration.java:82 |org.springframework.cloud.loadbalancer.config.LoadBalancerCacheAutoConfiguration$LoadBalancerCaffeineWarnLogger |Spring Cloud LoadBalancer is currently working with the default cache. While this cache implementation is useful for development and tests, it's recommended to use Caffeine cache in production.You can switch to using Caffeine cache, by adding it and org.springframework.cache.caffeine.CaffeineCacheManager to the classpath.
2024-02-07 14:08:42 |WARN  |main |TableInfoHelper.java:423 |com.baomidou.mybatisplus.core.metadata.TableInfoHelper |This primary key of "id" is primitive !不建议如此请使用包装类 in Class: "ljl.entity.video.dynamic.DynamicToUser"
2024-02-07 14:50:02 |WARN  |Thread-50 |NotifyCenter.java:136 |com.alibaba.nacos.common.notify.NotifyCenter |[NotifyCenter] Start destroying Publisher
2024-02-07 14:50:02 |WARN  |Thread-53 |HttpClientBeanHolder.java:108 |com.alibaba.nacos.common.http.HttpClientBeanHolder |[HttpClientBeanHolder] Start destroying common HttpClient
2024-02-07 14:50:02 |WARN  |Thread-50 |NotifyCenter.java:153 |com.alibaba.nacos.common.notify.NotifyCenter |[NotifyCenter] Destruction of the end
2024-02-07 14:50:02 |WARN  |Thread-53 |HttpClientBeanHolder.java:114 |com.alibaba.nacos.common.http.HttpClientBeanHolder |[HttpClientBeanHolder] Destruction of the end
2024-02-07 16:34:43 |WARN  |main |AbstractApplicationContext.java:591 |org.springframework.boot.web.reactive.context.AnnotationConfigReactiveWebServerApplicationContext |Exception encountered during context initialization - cancelling refresh attempt: org.springframework.beans.factory.UnsatisfiedDependencyException: Error creating bean with name 'nettyWriteResponseFilter' defined in class path resource [org/springframework/cloud/gateway/config/GatewayAutoConfiguration$NettyConfiguration.class]: Unsatisfied dependency expressed through method 'nettyWriteResponseFilter' parameter 0; nested exception is org.springframework.boot.context.properties.ConfigurationPropertiesBindException: Error creating bean with name 'gatewayProperties': Could not bind properties to 'GatewayProperties' : prefix=spring.cloud.gateway, ignoreInvalidFields=false, ignoreUnknownFields=true; nested exception is org.springframework.boot.context.properties.bind.BindException: Failed to bind properties under 'spring.cloud.gateway.routes[1].filters' to java.util.List<org.springframework.cloud.gateway.filter.FilterDefinition>
2024-02-07 16:36:31 |WARN  |main |LoadBalancerCacheAutoConfiguration.java:82 |org.springframework.cloud.loadbalancer.config.LoadBalancerCacheAutoConfiguration$LoadBalancerCaffeineWarnLogger |Spring Cloud LoadBalancer is currently working with the default cache. While this cache implementation is useful for development and tests, it's recommended to use Caffeine cache in production.You can switch to using Caffeine cache, by adding it and org.springframework.cache.caffeine.CaffeineCacheManager to the classpath.
2024-02-07 16:36:32 |WARN  |main |TableInfoHelper.java:423 |com.baomidou.mybatisplus.core.metadata.TableInfoHelper |This primary key of "id" is primitive !不建议如此请使用包装类 in Class: "ljl.entity.video.dynamic.DynamicToUser"
2024-02-07 16:45:56 |WARN  |nacos-grpc-client-executor-118 |LoggerUtils.java:86 |com.alibaba.nacos.common.remote.client.grpc.GrpcClient |[1707294990119_120.227.129.112_46705]Ignore error event,isRunning:true,isAbandon=true
2024-02-07 17:10:20 |WARN  |Thread-36 |HttpClientBeanHolder.java:108 |com.alibaba.nacos.common.http.HttpClientBeanHolder |[HttpClientBeanHolder] Start destroying common HttpClient
2024-02-07 17:10:20 |WARN  |Thread-33 |NotifyCenter.java:136 |com.alibaba.nacos.common.notify.NotifyCenter |[NotifyCenter] Start destroying Publisher
2024-02-07 17:10:20 |WARN  |Thread-33 |NotifyCenter.java:153 |com.alibaba.nacos.common.notify.NotifyCenter |[NotifyCenter] Destruction of the end
2024-02-07 17:10:20 |WARN  |Thread-36 |HttpClientBeanHolder.java:114 |com.alibaba.nacos.common.http.HttpClientBeanHolder |[HttpClientBeanHolder] Destruction of the end
