2024-02-17 23:14:19 |INFO  |main |StartupInfoLogger.java:55 |ljl.search.SearchApplication |Starting SearchApplication using Java 1.8.0_65 on DESKTOP-4C1V07J with PID 15680 (E:\bilibili\search\target\classes started by Administrator in E:\bilibili)
2024-02-17 23:14:19 |INFO  |main |SpringApplication.java:645 |ljl.search.SearchApplication |No active profile set, falling back to 1 default profile: "default"
2024-02-17 23:14:22 |INFO  |main |RepositoryConfigurationDelegate.java:262 |org.springframework.data.repository.config.RepositoryConfigurationDelegate |Multiple Spring Data modules found, entering strict repository configuration mode
2024-02-17 23:14:22 |INFO  |main |RepositoryConfigurationDelegate.java:132 |org.springframework.data.repository.config.RepositoryConfigurationDelegate |Bootstrapping Spring Data Elasticsearch repositories in DEFAULT mode.
2024-02-17 23:14:22 |INFO  |main |RepositoryConfigurationDelegate.java:201 |org.springframework.data.repository.config.RepositoryConfigurationDelegate |Finished Spring Data repository scanning in 29 ms. Found 0 Elasticsearch repository interfaces.
2024-02-17 23:14:22 |INFO  |main |RepositoryConfigurationDelegate.java:262 |org.springframework.data.repository.config.RepositoryConfigurationDelegate |Multiple Spring Data modules found, entering strict repository configuration mode
2024-02-17 23:14:22 |INFO  |main |RepositoryConfigurationDelegate.java:132 |org.springframework.data.repository.config.RepositoryConfigurationDelegate |Bootstrapping Spring Data Reactive Elasticsearch repositories in DEFAULT mode.
2024-02-17 23:14:23 |INFO  |main |RepositoryConfigurationDelegate.java:201 |org.springframework.data.repository.config.RepositoryConfigurationDelegate |Finished Spring Data repository scanning in 13 ms. Found 0 Reactive Elasticsearch repository interfaces.
2024-02-17 23:14:23 |INFO  |main |RepositoryConfigurationDelegate.java:262 |org.springframework.data.repository.config.RepositoryConfigurationDelegate |Multiple Spring Data modules found, entering strict repository configuration mode
2024-02-17 23:14:23 |INFO  |main |RepositoryConfigurationDelegate.java:132 |org.springframework.data.repository.config.RepositoryConfigurationDelegate |Bootstrapping Spring Data Redis repositories in DEFAULT mode.
2024-02-17 23:14:23 |INFO  |main |RepositoryConfigurationDelegate.java:201 |org.springframework.data.repository.config.RepositoryConfigurationDelegate |Finished Spring Data repository scanning in 13 ms. Found 0 Redis repository interfaces.
2024-02-17 23:14:23 |INFO  |main |GenericScope.java:283 |org.springframework.cloud.context.scope.GenericScope |BeanFactory id=22b33437-0966-3037-84b2-08ef0b56ab50
2024-02-17 23:14:25 |INFO  |main |TomcatWebServer.java:108 |org.springframework.boot.web.embedded.tomcat.TomcatWebServer |Tomcat initialized with port(s): 8201 (http)
2024-02-17 23:14:25 |INFO  |main |DirectJDKLog.java:173 |org.apache.coyote.http11.Http11NioProtocol |Initializing ProtocolHandler ["http-nio-8201"]
2024-02-17 23:14:25 |INFO  |main |DirectJDKLog.java:173 |org.apache.catalina.core.StandardService |Starting service [Tomcat]
2024-02-17 23:14:25 |INFO  |main |DirectJDKLog.java:173 |org.apache.catalina.core.StandardEngine |Starting Servlet engine: [Apache Tomcat/9.0.65]
2024-02-17 23:14:25 |INFO  |main |DirectJDKLog.java:173 |org.apache.catalina.core.ContainerBase.[Tomcat].[localhost].[/] |Initializing Spring embedded WebApplicationContext
2024-02-17 23:14:25 |INFO  |main |ServletWebServerApplicationContext.java:290 |org.springframework.boot.web.servlet.context.ServletWebServerApplicationContext |Root WebApplicationContext: initialization completed in 5791 ms
2024-02-17 23:14:26 |INFO  |main |ElasticsearchClientConfig.java:76 |ljl.search.config.ElasticsearchClientConfig |Connecting Elasticsearch...
2024-02-17 23:14:27 |INFO  |main |ElasticsearchClientConfig.java:91 |ljl.search.config.ElasticsearchClientConfig |Elasticsearch Connected!
2024-02-17 23:14:27 |INFO  |main |MybatisPlusJoinAutoConfiguration.java:140 |com.github.yulichang.autoconfigure.MybatisPlusJoinAutoConfiguration |mybatis plus join properties config complete
2024-02-17 23:14:27 |INFO  |main |MybatisPlusJoinAutoConfiguration.java:140 |com.github.yulichang.autoconfigure.MybatisPlusJoinAutoConfiguration |mybatis plus join SqlInjector init
2024-02-17 23:14:30 |INFO  |main |WebMvcPropertySourcedRequestMappingHandlerMapping.java:69 |springfox.documentation.spring.web.WebMvcPropertySourcedRequestMappingHandlerMapping |Mapped URL path [/v2/api-docs] onto method [springfox.documentation.swagger2.web.Swagger2ControllerWebMvc#getDocumentation(String, HttpServletRequest)]
2024-02-17 23:14:30 |INFO  |main |XxlJobConfig.java:46 |ljl.search.config.XxlJobConfig |>>>>>>>>>>> xxl-job config init.
2024-02-17 23:14:32 |INFO  |main |RpcClientFactory.java:80 |com.alibaba.nacos.common.remote.client |[RpcClientFactory] create a new rpc client of c6b46a72-f9c4-423b-8a0b-3d1e9890bee1
2024-02-17 23:14:32 |INFO  |main |Reflections.java:232 |org.reflections.Reflections |Reflections took 106 ms to scan 1 urls, producing 3 keys and 6 values 
2024-02-17 23:14:32 |INFO  |main |Reflections.java:232 |org.reflections.Reflections |Reflections took 26 ms to scan 1 urls, producing 4 keys and 9 values 
2024-02-17 23:14:32 |INFO  |main |Reflections.java:232 |org.reflections.Reflections |Reflections took 32 ms to scan 1 urls, producing 3 keys and 10 values 
2024-02-17 23:14:32 |INFO  |main |Reflections.java:232 |org.reflections.Reflections |Reflections took 162 ms to scan 241 urls, producing 0 keys and 0 values 
2024-02-17 23:14:32 |INFO  |main |Reflections.java:232 |org.reflections.Reflections |Reflections took 17 ms to scan 1 urls, producing 1 keys and 5 values 
2024-02-17 23:14:32 |INFO  |main |Reflections.java:232 |org.reflections.Reflections |Reflections took 12 ms to scan 1 urls, producing 1 keys and 7 values 
2024-02-17 23:14:32 |INFO  |main |Reflections.java:232 |org.reflections.Reflections |Reflections took 17 ms to scan 1 urls, producing 2 keys and 8 values 
2024-02-17 23:14:32 |INFO  |main |Reflections.java:232 |org.reflections.Reflections |Reflections took 237 ms to scan 241 urls, producing 0 keys and 0 values 
2024-02-17 23:14:32 |INFO  |main |LoggerUtils.java:60 |com.alibaba.nacos.common.remote.client |[c6b46a72-f9c4-423b-8a0b-3d1e9890bee1] RpcClient init label, labels = {module=naming, source=sdk}
2024-02-17 23:14:32 |INFO  |main |LoggerUtils.java:60 |com.alibaba.nacos.common.remote.client |[c6b46a72-f9c4-423b-8a0b-3d1e9890bee1] RpcClient init, ServerListFactory = com.alibaba.nacos.client.naming.core.ServerListManager
2024-02-17 23:14:32 |INFO  |main |LoggerUtils.java:60 |com.alibaba.nacos.common.remote.client |[c6b46a72-f9c4-423b-8a0b-3d1e9890bee1] Registry connection listener to current client:com.alibaba.nacos.client.naming.remote.gprc.redo.NamingGrpcRedoService
2024-02-17 23:14:32 |INFO  |main |LoggerUtils.java:60 |com.alibaba.nacos.common.remote.client |[c6b46a72-f9c4-423b-8a0b-3d1e9890bee1] Register server push request handler:com.alibaba.nacos.client.naming.remote.gprc.NamingPushRequestHandler
2024-02-17 23:14:32 |INFO  |main |LoggerUtils.java:60 |com.alibaba.nacos.common.remote.client |[c6b46a72-f9c4-423b-8a0b-3d1e9890bee1] Try to connect to server on start up, server: {serverIp = '116.62.71.84', server main port = 8848}
2024-02-17 23:14:35 |INFO  |main |LoggerUtils.java:60 |com.alibaba.nacos.common.remote.client |[c6b46a72-f9c4-423b-8a0b-3d1e9890bee1] Success to connect to server [116.62.71.84:8848] on start up, connectionId = 1708182875354_120.227.129.112_46528
2024-02-17 23:14:35 |INFO  |com.alibaba.nacos.client.remote.worker |LoggerUtils.java:60 |com.alibaba.nacos.common.remote.client |[c6b46a72-f9c4-423b-8a0b-3d1e9890bee1] Notify connected event to listeners.
2024-02-17 23:14:35 |INFO  |main |LoggerUtils.java:60 |com.alibaba.nacos.common.remote.client |[c6b46a72-f9c4-423b-8a0b-3d1e9890bee1] Register server push request handler:com.alibaba.nacos.common.remote.client.RpcClient$ConnectResetRequestHandler
2024-02-17 23:14:35 |INFO  |main |LoggerUtils.java:60 |com.alibaba.nacos.common.remote.client |[c6b46a72-f9c4-423b-8a0b-3d1e9890bee1] Register server push request handler:com.alibaba.nacos.common.remote.client.RpcClient$$Lambda$1144/993293369
2024-02-17 23:14:36 |WARN  |main |LoadBalancerCacheAutoConfiguration.java:82 |org.springframework.cloud.loadbalancer.config.LoadBalancerCacheAutoConfiguration$LoadBalancerCaffeineWarnLogger |Spring Cloud LoadBalancer is currently working with the default cache. While this cache implementation is useful for development and tests, it's recommended to use Caffeine cache in production.You can switch to using Caffeine cache, by adding it and org.springframework.cache.caffeine.CaffeineCacheManager to the classpath.
2024-02-17 23:14:37 |WARN  |main |TableInfoHelper.java:423 |com.baomidou.mybatisplus.core.metadata.TableInfoHelper |This primary key of "id" is primitive !不建议如此请使用包装类 in Class: "ljl.entity.notice.dynamic.DynamicToUser"
2024-02-17 23:14:38 |INFO  |main |XxlJobExecutor.java:183 |com.xxl.job.core.executor.XxlJobExecutor |>>>>>>>>>>> xxl-job register jobhandler success, name:mysqlToEs, jobHandler:com.xxl.job.core.handler.impl.MethodJobHandler@19c1f6f4[class ljl.search.handler.MysqlToEsHandler#demoJobHandler]
2024-02-17 23:14:40 |INFO  |main |DirectJDKLog.java:173 |org.apache.coyote.http11.Http11NioProtocol |Starting ProtocolHandler ["http-nio-8201"]
2024-02-17 23:14:40 |INFO  |main |TomcatWebServer.java:220 |org.springframework.boot.web.embedded.tomcat.TomcatWebServer |Tomcat started on port(s): 8201 (http) with context path ''
2024-02-17 23:14:41 |INFO  |main |NacosServiceRegistry.java:65 |com.alibaba.cloud.nacos.registry.NacosServiceRegistry |nacos registry, DEFAULT_GROUP search 192.168.0.100:8201 register finished
2024-02-17 23:14:41 |INFO  |Thread-58 |EmbedServer.java:82 |com.xxl.job.core.server.EmbedServer |>>>>>>>>>>> xxl-job remoting server start success, nettype = class com.xxl.job.core.server.EmbedServer, port = 9916
2024-02-17 23:14:42 |INFO  |main |DocumentationPluginsBootstrapper.java:93 |springfox.documentation.spring.web.plugins.DocumentationPluginsBootstrapper |Documentation plugins bootstrapped
2024-02-17 23:14:42 |INFO  |main |AbstractDocumentationPluginsBootstrapper.java:79 |springfox.documentation.spring.web.plugins.DocumentationPluginsBootstrapper |Found 1 custom documentation plugin(s)
2024-02-17 23:14:42 |INFO  |main |ApiListingReferenceScanner.java:44 |springfox.documentation.spring.web.scanners.ApiListingReferenceScanner |Scanning for api listing references
2024-02-17 23:14:43 |INFO  |main |StartupInfoLogger.java:61 |ljl.search.SearchApplication |Started SearchApplication in 26.965 seconds (JVM running for 29.524)
2024-02-17 23:15:14 |INFO  |http-nio-8201-exec-10 |DirectJDKLog.java:173 |org.apache.catalina.core.ContainerBase.[Tomcat].[localhost].[/] |Initializing Spring DispatcherServlet 'dispatcherServlet'
2024-02-17 23:15:14 |INFO  |http-nio-8201-exec-10 |FrameworkServlet.java:525 |org.springframework.web.servlet.DispatcherServlet |Initializing Servlet 'dispatcherServlet'
2024-02-17 23:15:14 |INFO  |http-nio-8201-exec-10 |FrameworkServlet.java:547 |org.springframework.web.servlet.DispatcherServlet |Completed initialization in 2 ms
2024-02-17 23:21:02 |INFO  |com.alibaba.nacos.client.remote.worker |TimeBasedFilter.java:24 |ljl.filter.TimeBasedFilter |






2024-02-17 23:21:02 |INFO  |com.alibaba.nacos.client.remote.worker |LoggerUtils.java:60 |com.alibaba.nacos.common.remote.client |[c6b46a72-f9c4-423b-8a0b-3d1e9890bee1] Server healthy check fail, currentConnection = 1708182875354_120.227.129.112_46528
2024-02-17 23:21:02 |INFO  |com.alibaba.nacos.client.remote.worker |LoggerUtils.java:60 |com.alibaba.nacos.common.remote.client |[c6b46a72-f9c4-423b-8a0b-3d1e9890bee1] Try to reconnect to a new server, server is  not appointed, will choose a random server.
2024-02-17 23:21:02 |INFO  |com.alibaba.nacos.client.remote.worker |LoggerUtils.java:60 |com.alibaba.nacos.common.remote.client |[c6b46a72-f9c4-423b-8a0b-3d1e9890bee1] Success to connect a server [116.62.71.84:8848], connectionId = 1708183262070_120.227.129.112_47011
2024-02-17 23:21:02 |INFO  |com.alibaba.nacos.client.remote.worker |LoggerUtils.java:60 |com.alibaba.nacos.common.remote.client |[c6b46a72-f9c4-423b-8a0b-3d1e9890bee1] Abandon prev connection, server is 116.62.71.84:8848, connectionId is 1708182875354_120.227.129.112_46528
2024-02-17 23:21:02 |INFO  |com.alibaba.nacos.client.remote.worker |RpcClient.java:591 |com.alibaba.nacos.common.remote.client |Close current connection 1708182875354_120.227.129.112_46528
2024-02-17 23:21:02 |INFO  |com.alibaba.nacos.client.remote.worker |LoggerUtils.java:60 |com.alibaba.nacos.common.remote.client |[c6b46a72-f9c4-423b-8a0b-3d1e9890bee1] Notify disconnected event to listeners
2024-02-17 23:21:02 |INFO  |com.alibaba.nacos.client.remote.worker |LoggerUtils.java:60 |com.alibaba.nacos.common.remote.client |[c6b46a72-f9c4-423b-8a0b-3d1e9890bee1] Notify connected event to listeners.
2024-02-17 23:21:02 |WARN  |nacos-grpc-client-executor-87 |LoggerUtils.java:86 |com.alibaba.nacos.common.remote.client.grpc.GrpcClient |[1708182875354_120.227.129.112_46528]Ignore error event,isRunning:true,isAbandon=true
2024-02-17 23:22:33 |WARN  |Thread-38 |HttpClientBeanHolder.java:108 |com.alibaba.nacos.common.http.HttpClientBeanHolder |[HttpClientBeanHolder] Start destroying common HttpClient
2024-02-17 23:22:33 |WARN  |Thread-38 |HttpClientBeanHolder.java:114 |com.alibaba.nacos.common.http.HttpClientBeanHolder |[HttpClientBeanHolder] Destruction of the end
2024-02-17 23:22:33 |WARN  |Thread-35 |NotifyCenter.java:136 |com.alibaba.nacos.common.notify.NotifyCenter |[NotifyCenter] Start destroying Publisher
2024-02-17 23:22:33 |WARN  |Thread-35 |NotifyCenter.java:153 |com.alibaba.nacos.common.notify.NotifyCenter |[NotifyCenter] Destruction of the end
2024-02-17 23:22:33 |INFO  |SpringApplicationShutdownHook |NacosServiceRegistry.java:80 |com.alibaba.cloud.nacos.registry.NacosServiceRegistry |De-registering from Nacos Server now...
2024-02-17 23:22:33 |INFO  |SpringApplicationShutdownHook |NacosServiceRegistry.java:100 |com.alibaba.cloud.nacos.registry.NacosServiceRegistry |De-registration finished.
2024-02-17 23:22:33 |INFO  |Thread-58 |EmbedServer.java:91 |com.xxl.job.core.server.EmbedServer |>>>>>>>>>>> xxl-job remoting server stop.
2024-02-17 23:22:33 |INFO  |xxl-job, executor ExecutorRegistryThread |ExecutorRegistryThread.java:87 |com.xxl.job.core.thread.ExecutorRegistryThread |>>>>>>>>>>> xxl-job registry-remove success, registryParam:RegistryParam{registryGroup='EXECUTOR', registryKey='demo-service-impl', registryValue='http://192.168.0.100:9916/'}, registryResult:ReturnT [code=200, msg=null, content=null]
2024-02-17 23:22:33 |INFO  |xxl-job, executor ExecutorRegistryThread |ExecutorRegistryThread.java:105 |com.xxl.job.core.thread.ExecutorRegistryThread |>>>>>>>>>>> xxl-job, executor registry thread destroy.
2024-02-17 23:22:33 |INFO  |SpringApplicationShutdownHook |EmbedServer.java:117 |com.xxl.job.core.server.EmbedServer |>>>>>>>>>>> xxl-job remoting server destroy success.
2024-02-17 23:22:33 |INFO  |xxl-job, executor TriggerCallbackThread |TriggerCallbackThread.java:98 |com.xxl.job.core.thread.TriggerCallbackThread |>>>>>>>>>>> xxl-job, executor callback thread destroy.
2024-02-17 23:22:33 |INFO  |Thread-57 |TriggerCallbackThread.java:128 |com.xxl.job.core.thread.TriggerCallbackThread |>>>>>>>>>>> xxl-job, executor retry callback thread destroy.
2024-02-17 23:22:33 |INFO  |SpringApplicationShutdownHook |DruidDataSource.java:2063 |com.alibaba.druid.pool.DruidDataSource |{dataSource-0} closing ...
2024-02-17 23:23:10 |INFO  |main |StartupInfoLogger.java:55 |ljl.search.SearchApplication |Starting SearchApplication using Java 1.8.0_65 on DESKTOP-4C1V07J with PID 14524 (E:\bilibili\search\target\classes started by Administrator in E:\bilibili)
2024-02-17 23:23:10 |INFO  |main |SpringApplication.java:645 |ljl.search.SearchApplication |No active profile set, falling back to 1 default profile: "default"
2024-02-17 23:23:13 |INFO  |main |RepositoryConfigurationDelegate.java:262 |org.springframework.data.repository.config.RepositoryConfigurationDelegate |Multiple Spring Data modules found, entering strict repository configuration mode
2024-02-17 23:23:13 |INFO  |main |RepositoryConfigurationDelegate.java:132 |org.springframework.data.repository.config.RepositoryConfigurationDelegate |Bootstrapping Spring Data Elasticsearch repositories in DEFAULT mode.
2024-02-17 23:23:13 |INFO  |main |RepositoryConfigurationDelegate.java:201 |org.springframework.data.repository.config.RepositoryConfigurationDelegate |Finished Spring Data repository scanning in 24 ms. Found 0 Elasticsearch repository interfaces.
2024-02-17 23:23:13 |INFO  |main |RepositoryConfigurationDelegate.java:262 |org.springframework.data.repository.config.RepositoryConfigurationDelegate |Multiple Spring Data modules found, entering strict repository configuration mode
2024-02-17 23:23:13 |INFO  |main |RepositoryConfigurationDelegate.java:132 |org.springframework.data.repository.config.RepositoryConfigurationDelegate |Bootstrapping Spring Data Reactive Elasticsearch repositories in DEFAULT mode.
2024-02-17 23:23:13 |INFO  |main |RepositoryConfigurationDelegate.java:201 |org.springframework.data.repository.config.RepositoryConfigurationDelegate |Finished Spring Data repository scanning in 12 ms. Found 0 Reactive Elasticsearch repository interfaces.
2024-02-17 23:23:13 |INFO  |main |RepositoryConfigurationDelegate.java:262 |org.springframework.data.repository.config.RepositoryConfigurationDelegate |Multiple Spring Data modules found, entering strict repository configuration mode
2024-02-17 23:23:13 |INFO  |main |RepositoryConfigurationDelegate.java:132 |org.springframework.data.repository.config.RepositoryConfigurationDelegate |Bootstrapping Spring Data Redis repositories in DEFAULT mode.
2024-02-17 23:23:13 |INFO  |main |RepositoryConfigurationDelegate.java:201 |org.springframework.data.repository.config.RepositoryConfigurationDelegate |Finished Spring Data repository scanning in 12 ms. Found 0 Redis repository interfaces.
2024-02-17 23:23:14 |INFO  |main |GenericScope.java:283 |org.springframework.cloud.context.scope.GenericScope |BeanFactory id=22b33437-0966-3037-84b2-08ef0b56ab50
2024-02-17 23:23:16 |INFO  |main |TomcatWebServer.java:108 |org.springframework.boot.web.embedded.tomcat.TomcatWebServer |Tomcat initialized with port(s): 8201 (http)
2024-02-17 23:23:16 |INFO  |main |DirectJDKLog.java:173 |org.apache.coyote.http11.Http11NioProtocol |Initializing ProtocolHandler ["http-nio-8201"]
2024-02-17 23:23:16 |INFO  |main |DirectJDKLog.java:173 |org.apache.catalina.core.StandardService |Starting service [Tomcat]
2024-02-17 23:23:16 |INFO  |main |DirectJDKLog.java:173 |org.apache.catalina.core.StandardEngine |Starting Servlet engine: [Apache Tomcat/9.0.65]
2024-02-17 23:23:17 |INFO  |main |DirectJDKLog.java:173 |org.apache.catalina.core.ContainerBase.[Tomcat].[localhost].[/] |Initializing Spring embedded WebApplicationContext
2024-02-17 23:23:17 |INFO  |main |ServletWebServerApplicationContext.java:290 |org.springframework.boot.web.servlet.context.ServletWebServerApplicationContext |Root WebApplicationContext: initialization completed in 6126 ms
2024-02-17 23:23:18 |INFO  |main |ElasticsearchClientConfig.java:76 |ljl.search.config.ElasticsearchClientConfig |Connecting Elasticsearch...
2024-02-17 23:23:18 |INFO  |main |ElasticsearchClientConfig.java:91 |ljl.search.config.ElasticsearchClientConfig |Elasticsearch Connected!
2024-02-17 23:23:19 |INFO  |main |MybatisPlusJoinAutoConfiguration.java:140 |com.github.yulichang.autoconfigure.MybatisPlusJoinAutoConfiguration |mybatis plus join properties config complete
2024-02-17 23:23:20 |INFO  |main |MybatisPlusJoinAutoConfiguration.java:140 |com.github.yulichang.autoconfigure.MybatisPlusJoinAutoConfiguration |mybatis plus join SqlInjector init
2024-02-17 23:23:23 |INFO  |main |WebMvcPropertySourcedRequestMappingHandlerMapping.java:69 |springfox.documentation.spring.web.WebMvcPropertySourcedRequestMappingHandlerMapping |Mapped URL path [/v2/api-docs] onto method [springfox.documentation.swagger2.web.Swagger2ControllerWebMvc#getDocumentation(String, HttpServletRequest)]
2024-02-17 23:23:23 |INFO  |main |XxlJobConfig.java:46 |ljl.search.config.XxlJobConfig |>>>>>>>>>>> xxl-job config init.
2024-02-17 23:23:25 |INFO  |main |RpcClientFactory.java:80 |com.alibaba.nacos.common.remote.client |[RpcClientFactory] create a new rpc client of 2ccddc38-5fb3-47eb-974f-52ff35c1c6a8
2024-02-17 23:23:25 |INFO  |main |Reflections.java:232 |org.reflections.Reflections |Reflections took 371 ms to scan 1 urls, producing 3 keys and 6 values 
2024-02-17 23:23:25 |INFO  |main |Reflections.java:232 |org.reflections.Reflections |Reflections took 17 ms to scan 1 urls, producing 4 keys and 9 values 
2024-02-17 23:23:25 |INFO  |main |Reflections.java:232 |org.reflections.Reflections |Reflections took 12 ms to scan 1 urls, producing 3 keys and 10 values 
2024-02-17 23:23:26 |INFO  |main |Reflections.java:232 |org.reflections.Reflections |Reflections took 191 ms to scan 241 urls, producing 0 keys and 0 values 
2024-02-17 23:23:26 |INFO  |main |Reflections.java:232 |org.reflections.Reflections |Reflections took 11 ms to scan 1 urls, producing 1 keys and 5 values 
2024-02-17 23:23:26 |INFO  |main |Reflections.java:232 |org.reflections.Reflections |Reflections took 14 ms to scan 1 urls, producing 1 keys and 7 values 
2024-02-17 23:23:26 |INFO  |main |Reflections.java:232 |org.reflections.Reflections |Reflections took 10 ms to scan 1 urls, producing 2 keys and 8 values 
2024-02-17 23:23:26 |INFO  |main |Reflections.java:232 |org.reflections.Reflections |Reflections took 151 ms to scan 241 urls, producing 0 keys and 0 values 
2024-02-17 23:23:26 |INFO  |main |LoggerUtils.java:60 |com.alibaba.nacos.common.remote.client |[2ccddc38-5fb3-47eb-974f-52ff35c1c6a8] RpcClient init label, labels = {module=naming, source=sdk}
2024-02-17 23:23:26 |INFO  |main |LoggerUtils.java:60 |com.alibaba.nacos.common.remote.client |[2ccddc38-5fb3-47eb-974f-52ff35c1c6a8] RpcClient init, ServerListFactory = com.alibaba.nacos.client.naming.core.ServerListManager
2024-02-17 23:23:26 |INFO  |main |LoggerUtils.java:60 |com.alibaba.nacos.common.remote.client |[2ccddc38-5fb3-47eb-974f-52ff35c1c6a8] Registry connection listener to current client:com.alibaba.nacos.client.naming.remote.gprc.redo.NamingGrpcRedoService
2024-02-17 23:23:26 |INFO  |main |LoggerUtils.java:60 |com.alibaba.nacos.common.remote.client |[2ccddc38-5fb3-47eb-974f-52ff35c1c6a8] Register server push request handler:com.alibaba.nacos.client.naming.remote.gprc.NamingPushRequestHandler
2024-02-17 23:23:26 |INFO  |main |LoggerUtils.java:60 |com.alibaba.nacos.common.remote.client |[2ccddc38-5fb3-47eb-974f-52ff35c1c6a8] Try to connect to server on start up, server: {serverIp = '116.62.71.84', server main port = 8848}
2024-02-17 23:23:31 |INFO  |main |LoggerUtils.java:60 |com.alibaba.nacos.common.remote.client |[2ccddc38-5fb3-47eb-974f-52ff35c1c6a8] Success to connect to server [116.62.71.84:8848] on start up, connectionId = 1708183410140_120.227.129.112_46100
2024-02-17 23:23:31 |INFO  |com.alibaba.nacos.client.remote.worker |LoggerUtils.java:60 |com.alibaba.nacos.common.remote.client |[2ccddc38-5fb3-47eb-974f-52ff35c1c6a8] Notify connected event to listeners.
2024-02-17 23:23:31 |INFO  |main |LoggerUtils.java:60 |com.alibaba.nacos.common.remote.client |[2ccddc38-5fb3-47eb-974f-52ff35c1c6a8] Register server push request handler:com.alibaba.nacos.common.remote.client.RpcClient$ConnectResetRequestHandler
2024-02-17 23:23:31 |INFO  |main |LoggerUtils.java:60 |com.alibaba.nacos.common.remote.client |[2ccddc38-5fb3-47eb-974f-52ff35c1c6a8] Register server push request handler:com.alibaba.nacos.common.remote.client.RpcClient$$Lambda$1144/996584564
2024-02-17 23:23:32 |WARN  |main |LoadBalancerCacheAutoConfiguration.java:82 |org.springframework.cloud.loadbalancer.config.LoadBalancerCacheAutoConfiguration$LoadBalancerCaffeineWarnLogger |Spring Cloud LoadBalancer is currently working with the default cache. While this cache implementation is useful for development and tests, it's recommended to use Caffeine cache in production.You can switch to using Caffeine cache, by adding it and org.springframework.cache.caffeine.CaffeineCacheManager to the classpath.
2024-02-17 23:23:32 |WARN  |main |TableInfoHelper.java:423 |com.baomidou.mybatisplus.core.metadata.TableInfoHelper |This primary key of "id" is primitive !不建议如此请使用包装类 in Class: "ljl.entity.notice.dynamic.DynamicToUser"
2024-02-17 23:23:32 |INFO  |main |XxlJobExecutor.java:183 |com.xxl.job.core.executor.XxlJobExecutor |>>>>>>>>>>> xxl-job register jobhandler success, name:mysqlToEs, jobHandler:com.xxl.job.core.handler.impl.MethodJobHandler@2a9f8d47[class ljl.search.handler.MysqlToEsHandler#demoJobHandler]
2024-02-17 23:23:33 |INFO  |main |DirectJDKLog.java:173 |org.apache.coyote.http11.Http11NioProtocol |Starting ProtocolHandler ["http-nio-8201"]
2024-02-17 23:23:33 |INFO  |main |TomcatWebServer.java:220 |org.springframework.boot.web.embedded.tomcat.TomcatWebServer |Tomcat started on port(s): 8201 (http) with context path ''
2024-02-17 23:23:33 |INFO  |main |NacosServiceRegistry.java:65 |com.alibaba.cloud.nacos.registry.NacosServiceRegistry |nacos registry, DEFAULT_GROUP search 192.168.0.100:8201 register finished
2024-02-17 23:23:33 |INFO  |Thread-62 |EmbedServer.java:82 |com.xxl.job.core.server.EmbedServer |>>>>>>>>>>> xxl-job remoting server start success, nettype = class com.xxl.job.core.server.EmbedServer, port = 9916
2024-02-17 23:23:33 |INFO  |main |DocumentationPluginsBootstrapper.java:93 |springfox.documentation.spring.web.plugins.DocumentationPluginsBootstrapper |Documentation plugins bootstrapped
2024-02-17 23:23:33 |INFO  |main |AbstractDocumentationPluginsBootstrapper.java:79 |springfox.documentation.spring.web.plugins.DocumentationPluginsBootstrapper |Found 1 custom documentation plugin(s)
2024-02-17 23:23:33 |INFO  |main |ApiListingReferenceScanner.java:44 |springfox.documentation.spring.web.scanners.ApiListingReferenceScanner |Scanning for api listing references
2024-02-17 23:23:34 |INFO  |main |StartupInfoLogger.java:61 |ljl.search.SearchApplication |Started SearchApplication in 24.853 seconds (JVM running for 26.622)
2024-02-17 23:24:12 |INFO  |http-nio-8201-exec-1 |DirectJDKLog.java:173 |org.apache.catalina.core.ContainerBase.[Tomcat].[localhost].[/] |Initializing Spring DispatcherServlet 'dispatcherServlet'
2024-02-17 23:24:12 |INFO  |http-nio-8201-exec-1 |FrameworkServlet.java:525 |org.springframework.web.servlet.DispatcherServlet |Initializing Servlet 'dispatcherServlet'
2024-02-17 23:24:12 |INFO  |http-nio-8201-exec-1 |FrameworkServlet.java:547 |org.springframework.web.servlet.DispatcherServlet |Completed initialization in 1 ms
2024-02-17 23:25:38 |WARN  |Thread-40 |HttpClientBeanHolder.java:108 |com.alibaba.nacos.common.http.HttpClientBeanHolder |[HttpClientBeanHolder] Start destroying common HttpClient
2024-02-17 23:25:38 |WARN  |Thread-37 |NotifyCenter.java:136 |com.alibaba.nacos.common.notify.NotifyCenter |[NotifyCenter] Start destroying Publisher
2024-02-17 23:25:38 |WARN  |Thread-40 |HttpClientBeanHolder.java:114 |com.alibaba.nacos.common.http.HttpClientBeanHolder |[HttpClientBeanHolder] Destruction of the end
2024-02-17 23:25:38 |WARN  |Thread-37 |NotifyCenter.java:153 |com.alibaba.nacos.common.notify.NotifyCenter |[NotifyCenter] Destruction of the end
2024-02-17 23:25:38 |INFO  |SpringApplicationShutdownHook |NacosServiceRegistry.java:80 |com.alibaba.cloud.nacos.registry.NacosServiceRegistry |De-registering from Nacos Server now...
2024-02-17 23:25:38 |INFO  |SpringApplicationShutdownHook |NacosServiceRegistry.java:100 |com.alibaba.cloud.nacos.registry.NacosServiceRegistry |De-registration finished.
2024-02-17 23:25:38 |INFO  |Thread-62 |EmbedServer.java:91 |com.xxl.job.core.server.EmbedServer |>>>>>>>>>>> xxl-job remoting server stop.
2024-02-17 23:25:38 |INFO  |xxl-job, executor ExecutorRegistryThread |ExecutorRegistryThread.java:87 |com.xxl.job.core.thread.ExecutorRegistryThread |>>>>>>>>>>> xxl-job registry-remove success, registryParam:RegistryParam{registryGroup='EXECUTOR', registryKey='demo-service-impl', registryValue='http://192.168.0.100:9916/'}, registryResult:ReturnT [code=200, msg=null, content=null]
2024-02-17 23:25:38 |INFO  |xxl-job, executor ExecutorRegistryThread |ExecutorRegistryThread.java:105 |com.xxl.job.core.thread.ExecutorRegistryThread |>>>>>>>>>>> xxl-job, executor registry thread destroy.
2024-02-17 23:25:38 |INFO  |SpringApplicationShutdownHook |EmbedServer.java:117 |com.xxl.job.core.server.EmbedServer |>>>>>>>>>>> xxl-job remoting server destroy success.
2024-02-17 23:25:38 |INFO  |xxl-job, executor TriggerCallbackThread |TriggerCallbackThread.java:98 |com.xxl.job.core.thread.TriggerCallbackThread |>>>>>>>>>>> xxl-job, executor callback thread destroy.
2024-02-17 23:25:38 |INFO  |Thread-61 |TriggerCallbackThread.java:128 |com.xxl.job.core.thread.TriggerCallbackThread |>>>>>>>>>>> xxl-job, executor retry callback thread destroy.
2024-02-17 23:25:38 |INFO  |SpringApplicationShutdownHook |DruidDataSource.java:2063 |com.alibaba.druid.pool.DruidDataSource |{dataSource-0} closing ...
2024-02-17 23:55:01 |INFO  |main |StartupInfoLogger.java:55 |ljl.search.SearchApplication |Starting SearchApplication using Java 1.8.0_65 on DESKTOP-4C1V07J with PID 18276 (E:\bilibili\search\target\classes started by Administrator in E:\bilibili)
2024-02-17 23:55:01 |INFO  |main |SpringApplication.java:645 |ljl.search.SearchApplication |No active profile set, falling back to 1 default profile: "default"
2024-02-17 23:55:14 |INFO  |main |RepositoryConfigurationDelegate.java:262 |org.springframework.data.repository.config.RepositoryConfigurationDelegate |Multiple Spring Data modules found, entering strict repository configuration mode
2024-02-17 23:55:14 |INFO  |main |RepositoryConfigurationDelegate.java:132 |org.springframework.data.repository.config.RepositoryConfigurationDelegate |Bootstrapping Spring Data Elasticsearch repositories in DEFAULT mode.
2024-02-17 23:55:14 |INFO  |main |RepositoryConfigurationDelegate.java:201 |org.springframework.data.repository.config.RepositoryConfigurationDelegate |Finished Spring Data repository scanning in 30 ms. Found 0 Elasticsearch repository interfaces.
2024-02-17 23:55:14 |INFO  |main |RepositoryConfigurationDelegate.java:262 |org.springframework.data.repository.config.RepositoryConfigurationDelegate |Multiple Spring Data modules found, entering strict repository configuration mode
2024-02-17 23:55:14 |INFO  |main |RepositoryConfigurationDelegate.java:132 |org.springframework.data.repository.config.RepositoryConfigurationDelegate |Bootstrapping Spring Data Reactive Elasticsearch repositories in DEFAULT mode.
2024-02-17 23:55:14 |INFO  |main |RepositoryConfigurationDelegate.java:201 |org.springframework.data.repository.config.RepositoryConfigurationDelegate |Finished Spring Data repository scanning in 7 ms. Found 0 Reactive Elasticsearch repository interfaces.
2024-02-17 23:55:14 |INFO  |main |RepositoryConfigurationDelegate.java:262 |org.springframework.data.repository.config.RepositoryConfigurationDelegate |Multiple Spring Data modules found, entering strict repository configuration mode
2024-02-17 23:55:14 |INFO  |main |RepositoryConfigurationDelegate.java:132 |org.springframework.data.repository.config.RepositoryConfigurationDelegate |Bootstrapping Spring Data Redis repositories in DEFAULT mode.
2024-02-17 23:55:14 |INFO  |main |RepositoryConfigurationDelegate.java:201 |org.springframework.data.repository.config.RepositoryConfigurationDelegate |Finished Spring Data repository scanning in 13 ms. Found 0 Redis repository interfaces.
2024-02-17 23:55:17 |INFO  |main |GenericScope.java:283 |org.springframework.cloud.context.scope.GenericScope |BeanFactory id=22b33437-0966-3037-84b2-08ef0b56ab50
2024-02-17 23:55:23 |INFO  |main |TomcatWebServer.java:108 |org.springframework.boot.web.embedded.tomcat.TomcatWebServer |Tomcat initialized with port(s): 8201 (http)
2024-02-17 23:55:23 |INFO  |main |DirectJDKLog.java:173 |org.apache.coyote.http11.Http11NioProtocol |Initializing ProtocolHandler ["http-nio-8201"]
2024-02-17 23:55:23 |INFO  |main |DirectJDKLog.java:173 |org.apache.catalina.core.StandardService |Starting service [Tomcat]
2024-02-17 23:55:23 |INFO  |main |DirectJDKLog.java:173 |org.apache.catalina.core.StandardEngine |Starting Servlet engine: [Apache Tomcat/9.0.65]
2024-02-17 23:55:25 |INFO  |main |DirectJDKLog.java:173 |org.apache.catalina.core.ContainerBase.[Tomcat].[localhost].[/] |Initializing Spring embedded WebApplicationContext
2024-02-17 23:55:25 |INFO  |main |ServletWebServerApplicationContext.java:290 |org.springframework.boot.web.servlet.context.ServletWebServerApplicationContext |Root WebApplicationContext: initialization completed in 22816 ms
2024-02-17 23:55:27 |INFO  |main |ElasticsearchClientConfig.java:76 |ljl.search.config.ElasticsearchClientConfig |Connecting Elasticsearch...
2024-02-17 23:55:29 |INFO  |main |ElasticsearchClientConfig.java:91 |ljl.search.config.ElasticsearchClientConfig |Elasticsearch Connected!
2024-02-17 23:55:29 |INFO  |main |MybatisPlusJoinAutoConfiguration.java:140 |com.github.yulichang.autoconfigure.MybatisPlusJoinAutoConfiguration |mybatis plus join properties config complete
2024-02-17 23:55:30 |INFO  |main |MybatisPlusJoinAutoConfiguration.java:140 |com.github.yulichang.autoconfigure.MybatisPlusJoinAutoConfiguration |mybatis plus join SqlInjector init
2024-02-17 23:55:38 |INFO  |main |WebMvcPropertySourcedRequestMappingHandlerMapping.java:69 |springfox.documentation.spring.web.WebMvcPropertySourcedRequestMappingHandlerMapping |Mapped URL path [/v2/api-docs] onto method [springfox.documentation.swagger2.web.Swagger2ControllerWebMvc#getDocumentation(String, HttpServletRequest)]
2024-02-17 23:55:38 |INFO  |main |XxlJobConfig.java:46 |ljl.search.config.XxlJobConfig |>>>>>>>>>>> xxl-job config init.
2024-02-17 23:55:42 |INFO  |main |RpcClientFactory.java:80 |com.alibaba.nacos.common.remote.client |[RpcClientFactory] create a new rpc client of 6e7657d7-1492-43da-bbf8-0faf12d28655
2024-02-17 23:55:42 |INFO  |main |Reflections.java:232 |org.reflections.Reflections |Reflections took 100 ms to scan 1 urls, producing 3 keys and 6 values 
2024-02-17 23:55:42 |INFO  |main |Reflections.java:232 |org.reflections.Reflections |Reflections took 35 ms to scan 1 urls, producing 4 keys and 9 values 
2024-02-17 23:55:42 |INFO  |main |Reflections.java:232 |org.reflections.Reflections |Reflections took 16 ms to scan 1 urls, producing 3 keys and 10 values 
2024-02-17 23:55:43 |INFO  |main |Reflections.java:232 |org.reflections.Reflections |Reflections took 291 ms to scan 241 urls, producing 0 keys and 0 values 
2024-02-17 23:55:43 |INFO  |main |Reflections.java:232 |org.reflections.Reflections |Reflections took 18 ms to scan 1 urls, producing 1 keys and 5 values 
2024-02-17 23:55:43 |INFO  |main |Reflections.java:232 |org.reflections.Reflections |Reflections took 21 ms to scan 1 urls, producing 1 keys and 7 values 
2024-02-17 23:55:43 |INFO  |main |Reflections.java:232 |org.reflections.Reflections |Reflections took 16 ms to scan 1 urls, producing 2 keys and 8 values 
2024-02-17 23:55:43 |INFO  |main |Reflections.java:232 |org.reflections.Reflections |Reflections took 222 ms to scan 241 urls, producing 0 keys and 0 values 
2024-02-17 23:55:43 |INFO  |main |LoggerUtils.java:60 |com.alibaba.nacos.common.remote.client |[6e7657d7-1492-43da-bbf8-0faf12d28655] RpcClient init label, labels = {module=naming, source=sdk}
2024-02-17 23:55:43 |INFO  |main |LoggerUtils.java:60 |com.alibaba.nacos.common.remote.client |[6e7657d7-1492-43da-bbf8-0faf12d28655] RpcClient init, ServerListFactory = com.alibaba.nacos.client.naming.core.ServerListManager
2024-02-17 23:55:43 |INFO  |main |LoggerUtils.java:60 |com.alibaba.nacos.common.remote.client |[6e7657d7-1492-43da-bbf8-0faf12d28655] Registry connection listener to current client:com.alibaba.nacos.client.naming.remote.gprc.redo.NamingGrpcRedoService
2024-02-17 23:55:43 |INFO  |main |LoggerUtils.java:60 |com.alibaba.nacos.common.remote.client |[6e7657d7-1492-43da-bbf8-0faf12d28655] Register server push request handler:com.alibaba.nacos.client.naming.remote.gprc.NamingPushRequestHandler
2024-02-17 23:55:43 |INFO  |main |LoggerUtils.java:60 |com.alibaba.nacos.common.remote.client |[6e7657d7-1492-43da-bbf8-0faf12d28655] Try to connect to server on start up, server: {serverIp = '116.62.71.84', server main port = 8848}
2024-02-17 23:55:48 |INFO  |main |LoggerUtils.java:60 |com.alibaba.nacos.common.remote.client |[6e7657d7-1492-43da-bbf8-0faf12d28655] Success to connect to server [116.62.71.84:8848] on start up, connectionId = 1708185347473_120.227.129.112_46864
2024-02-17 23:55:48 |INFO  |com.alibaba.nacos.client.remote.worker |LoggerUtils.java:60 |com.alibaba.nacos.common.remote.client |[6e7657d7-1492-43da-bbf8-0faf12d28655] Notify connected event to listeners.
2024-02-17 23:55:48 |INFO  |main |LoggerUtils.java:60 |com.alibaba.nacos.common.remote.client |[6e7657d7-1492-43da-bbf8-0faf12d28655] Register server push request handler:com.alibaba.nacos.common.remote.client.RpcClient$ConnectResetRequestHandler
2024-02-17 23:55:48 |INFO  |main |LoggerUtils.java:60 |com.alibaba.nacos.common.remote.client |[6e7657d7-1492-43da-bbf8-0faf12d28655] Register server push request handler:com.alibaba.nacos.common.remote.client.RpcClient$$Lambda$1144/1535684464
2024-02-17 23:55:50 |WARN  |main |LoadBalancerCacheAutoConfiguration.java:82 |org.springframework.cloud.loadbalancer.config.LoadBalancerCacheAutoConfiguration$LoadBalancerCaffeineWarnLogger |Spring Cloud LoadBalancer is currently working with the default cache. While this cache implementation is useful for development and tests, it's recommended to use Caffeine cache in production.You can switch to using Caffeine cache, by adding it and org.springframework.cache.caffeine.CaffeineCacheManager to the classpath.
2024-02-17 23:55:51 |WARN  |main |TableInfoHelper.java:423 |com.baomidou.mybatisplus.core.metadata.TableInfoHelper |This primary key of "id" is primitive !不建议如此请使用包装类 in Class: "ljl.entity.notice.dynamic.DynamicToUser"
2024-02-17 23:55:51 |INFO  |main |XxlJobExecutor.java:183 |com.xxl.job.core.executor.XxlJobExecutor |>>>>>>>>>>> xxl-job register jobhandler success, name:mysqlToEs, jobHandler:com.xxl.job.core.handler.impl.MethodJobHandler@5d3f8661[class ljl.search.handler.MysqlToEsHandler#demoJobHandler]
2024-02-17 23:55:52 |INFO  |main |DirectJDKLog.java:173 |org.apache.coyote.http11.Http11NioProtocol |Starting ProtocolHandler ["http-nio-8201"]
2024-02-17 23:55:52 |INFO  |main |TomcatWebServer.java:220 |org.springframework.boot.web.embedded.tomcat.TomcatWebServer |Tomcat started on port(s): 8201 (http) with context path ''
2024-02-17 23:55:52 |INFO  |main |NacosServiceRegistry.java:65 |com.alibaba.cloud.nacos.registry.NacosServiceRegistry |nacos registry, DEFAULT_GROUP search 192.168.0.100:8201 register finished
2024-02-17 23:55:53 |INFO  |main |DocumentationPluginsBootstrapper.java:93 |springfox.documentation.spring.web.plugins.DocumentationPluginsBootstrapper |Documentation plugins bootstrapped
2024-02-17 23:55:53 |INFO  |main |AbstractDocumentationPluginsBootstrapper.java:79 |springfox.documentation.spring.web.plugins.DocumentationPluginsBootstrapper |Found 1 custom documentation plugin(s)
2024-02-17 23:55:53 |INFO  |Thread-134 |EmbedServer.java:82 |com.xxl.job.core.server.EmbedServer |>>>>>>>>>>> xxl-job remoting server start success, nettype = class com.xxl.job.core.server.EmbedServer, port = 9916
2024-02-17 23:55:53 |INFO  |main |ApiListingReferenceScanner.java:44 |springfox.documentation.spring.web.scanners.ApiListingReferenceScanner |Scanning for api listing references
2024-02-17 23:55:54 |INFO  |main |StartupInfoLogger.java:61 |ljl.search.SearchApplication |Started SearchApplication in 63.305 seconds (JVM running for 69.743)
2024-02-17 23:56:15 |INFO  |http-nio-8201-exec-1 |DirectJDKLog.java:173 |org.apache.catalina.core.ContainerBase.[Tomcat].[localhost].[/] |Initializing Spring DispatcherServlet 'dispatcherServlet'
2024-02-17 23:56:15 |INFO  |http-nio-8201-exec-1 |FrameworkServlet.java:525 |org.springframework.web.servlet.DispatcherServlet |Initializing Servlet 'dispatcherServlet'
2024-02-17 23:56:15 |INFO  |http-nio-8201-exec-1 |FrameworkServlet.java:547 |org.springframework.web.servlet.DispatcherServlet |Completed initialization in 3 ms
2024-02-17 23:57:44 |WARN  |Thread-105 |NotifyCenter.java:136 |com.alibaba.nacos.common.notify.NotifyCenter |[NotifyCenter] Start destroying Publisher
2024-02-17 23:57:44 |WARN  |Thread-105 |NotifyCenter.java:153 |com.alibaba.nacos.common.notify.NotifyCenter |[NotifyCenter] Destruction of the end
2024-02-17 23:57:44 |WARN  |Thread-108 |HttpClientBeanHolder.java:108 |com.alibaba.nacos.common.http.HttpClientBeanHolder |[HttpClientBeanHolder] Start destroying common HttpClient
2024-02-17 23:57:44 |WARN  |Thread-108 |HttpClientBeanHolder.java:114 |com.alibaba.nacos.common.http.HttpClientBeanHolder |[HttpClientBeanHolder] Destruction of the end
2024-02-17 23:57:45 |INFO  |SpringApplicationShutdownHook |NacosServiceRegistry.java:80 |com.alibaba.cloud.nacos.registry.NacosServiceRegistry |De-registering from Nacos Server now...
2024-02-17 23:57:45 |INFO  |SpringApplicationShutdownHook |NacosServiceRegistry.java:100 |com.alibaba.cloud.nacos.registry.NacosServiceRegistry |De-registration finished.
2024-02-17 23:57:45 |INFO  |Thread-134 |EmbedServer.java:91 |com.xxl.job.core.server.EmbedServer |>>>>>>>>>>> xxl-job remoting server stop.
2024-02-17 23:57:45 |INFO  |xxl-job, executor ExecutorRegistryThread |ExecutorRegistryThread.java:87 |com.xxl.job.core.thread.ExecutorRegistryThread |>>>>>>>>>>> xxl-job registry-remove success, registryParam:RegistryParam{registryGroup='EXECUTOR', registryKey='demo-service-impl', registryValue='http://192.168.0.100:9916/'}, registryResult:ReturnT [code=200, msg=null, content=null]
2024-02-17 23:57:45 |INFO  |xxl-job, executor ExecutorRegistryThread |ExecutorRegistryThread.java:105 |com.xxl.job.core.thread.ExecutorRegistryThread |>>>>>>>>>>> xxl-job, executor registry thread destroy.
2024-02-17 23:57:45 |INFO  |SpringApplicationShutdownHook |EmbedServer.java:117 |com.xxl.job.core.server.EmbedServer |>>>>>>>>>>> xxl-job remoting server destroy success.
2024-02-17 23:57:45 |INFO  |xxl-job, executor TriggerCallbackThread |TriggerCallbackThread.java:98 |com.xxl.job.core.thread.TriggerCallbackThread |>>>>>>>>>>> xxl-job, executor callback thread destroy.
2024-02-17 23:57:45 |INFO  |Thread-133 |TriggerCallbackThread.java:128 |com.xxl.job.core.thread.TriggerCallbackThread |>>>>>>>>>>> xxl-job, executor retry callback thread destroy.
2024-02-17 23:57:46 |INFO  |SpringApplicationShutdownHook |DruidDataSource.java:2063 |com.alibaba.druid.pool.DruidDataSource |{dataSource-0} closing ...
2024-02-17 23:58:31 |INFO  |main |StartupInfoLogger.java:55 |ljl.search.SearchApplication |Starting SearchApplication using Java 1.8.0_65 on DESKTOP-4C1V07J with PID 17448 (E:\bilibili\search\target\classes started by Administrator in E:\bilibili)
2024-02-17 23:58:31 |INFO  |main |SpringApplication.java:645 |ljl.search.SearchApplication |No active profile set, falling back to 1 default profile: "default"
2024-02-17 23:58:37 |INFO  |main |RepositoryConfigurationDelegate.java:262 |org.springframework.data.repository.config.RepositoryConfigurationDelegate |Multiple Spring Data modules found, entering strict repository configuration mode
2024-02-17 23:58:37 |INFO  |main |RepositoryConfigurationDelegate.java:132 |org.springframework.data.repository.config.RepositoryConfigurationDelegate |Bootstrapping Spring Data Elasticsearch repositories in DEFAULT mode.
2024-02-17 23:58:38 |INFO  |main |RepositoryConfigurationDelegate.java:201 |org.springframework.data.repository.config.RepositoryConfigurationDelegate |Finished Spring Data repository scanning in 33 ms. Found 0 Elasticsearch repository interfaces.
2024-02-17 23:58:38 |INFO  |main |RepositoryConfigurationDelegate.java:262 |org.springframework.data.repository.config.RepositoryConfigurationDelegate |Multiple Spring Data modules found, entering strict repository configuration mode
2024-02-17 23:58:38 |INFO  |main |RepositoryConfigurationDelegate.java:132 |org.springframework.data.repository.config.RepositoryConfigurationDelegate |Bootstrapping Spring Data Reactive Elasticsearch repositories in DEFAULT mode.
2024-02-17 23:58:38 |INFO  |main |RepositoryConfigurationDelegate.java:201 |org.springframework.data.repository.config.RepositoryConfigurationDelegate |Finished Spring Data repository scanning in 15 ms. Found 0 Reactive Elasticsearch repository interfaces.
2024-02-17 23:58:38 |INFO  |main |RepositoryConfigurationDelegate.java:262 |org.springframework.data.repository.config.RepositoryConfigurationDelegate |Multiple Spring Data modules found, entering strict repository configuration mode
2024-02-17 23:58:38 |INFO  |main |RepositoryConfigurationDelegate.java:132 |org.springframework.data.repository.config.RepositoryConfigurationDelegate |Bootstrapping Spring Data Redis repositories in DEFAULT mode.
2024-02-17 23:58:39 |INFO  |main |RepositoryConfigurationDelegate.java:201 |org.springframework.data.repository.config.RepositoryConfigurationDelegate |Finished Spring Data repository scanning in 9 ms. Found 0 Redis repository interfaces.
2024-02-17 23:58:39 |INFO  |main |GenericScope.java:283 |org.springframework.cloud.context.scope.GenericScope |BeanFactory id=22b33437-0966-3037-84b2-08ef0b56ab50
2024-02-17 23:58:42 |INFO  |main |TomcatWebServer.java:108 |org.springframework.boot.web.embedded.tomcat.TomcatWebServer |Tomcat initialized with port(s): 8201 (http)
2024-02-17 23:58:42 |INFO  |main |DirectJDKLog.java:173 |org.apache.coyote.http11.Http11NioProtocol |Initializing ProtocolHandler ["http-nio-8201"]
2024-02-17 23:58:42 |INFO  |main |DirectJDKLog.java:173 |org.apache.catalina.core.StandardService |Starting service [Tomcat]
2024-02-17 23:58:42 |INFO  |main |DirectJDKLog.java:173 |org.apache.catalina.core.StandardEngine |Starting Servlet engine: [Apache Tomcat/9.0.65]
2024-02-17 23:58:44 |INFO  |main |DirectJDKLog.java:173 |org.apache.catalina.core.ContainerBase.[Tomcat].[localhost].[/] |Initializing Spring embedded WebApplicationContext
2024-02-17 23:58:44 |INFO  |main |ServletWebServerApplicationContext.java:290 |org.springframework.boot.web.servlet.context.ServletWebServerApplicationContext |Root WebApplicationContext: initialization completed in 9553 ms
2024-02-17 23:58:44 |INFO  |main |ElasticsearchClientConfig.java:76 |ljl.search.config.ElasticsearchClientConfig |Connecting Elasticsearch...
2024-02-17 23:58:45 |INFO  |main |ElasticsearchClientConfig.java:91 |ljl.search.config.ElasticsearchClientConfig |Elasticsearch Connected!
2024-02-17 23:58:45 |INFO  |main |MybatisPlusJoinAutoConfiguration.java:140 |com.github.yulichang.autoconfigure.MybatisPlusJoinAutoConfiguration |mybatis plus join properties config complete
2024-02-17 23:58:47 |INFO  |main |MybatisPlusJoinAutoConfiguration.java:140 |com.github.yulichang.autoconfigure.MybatisPlusJoinAutoConfiguration |mybatis plus join SqlInjector init
2024-02-17 23:58:51 |INFO  |main |WebMvcPropertySourcedRequestMappingHandlerMapping.java:69 |springfox.documentation.spring.web.WebMvcPropertySourcedRequestMappingHandlerMapping |Mapped URL path [/v2/api-docs] onto method [springfox.documentation.swagger2.web.Swagger2ControllerWebMvc#getDocumentation(String, HttpServletRequest)]
2024-02-17 23:58:51 |INFO  |main |XxlJobConfig.java:46 |ljl.search.config.XxlJobConfig |>>>>>>>>>>> xxl-job config init.
2024-02-17 23:58:53 |INFO  |main |RpcClientFactory.java:80 |com.alibaba.nacos.common.remote.client |[RpcClientFactory] create a new rpc client of f0fe8347-7ace-4a68-ad7f-dfd300201396
2024-02-17 23:58:54 |INFO  |main |Reflections.java:232 |org.reflections.Reflections |Reflections took 694 ms to scan 1 urls, producing 3 keys and 6 values 
2024-02-17 23:58:54 |INFO  |main |Reflections.java:232 |org.reflections.Reflections |Reflections took 33 ms to scan 1 urls, producing 4 keys and 9 values 
2024-02-17 23:58:54 |INFO  |main |Reflections.java:232 |org.reflections.Reflections |Reflections took 36 ms to scan 1 urls, producing 3 keys and 10 values 
2024-02-17 23:58:54 |INFO  |main |Reflections.java:232 |org.reflections.Reflections |Reflections took 256 ms to scan 241 urls, producing 0 keys and 0 values 
2024-02-17 23:58:54 |INFO  |main |Reflections.java:232 |org.reflections.Reflections |Reflections took 11 ms to scan 1 urls, producing 1 keys and 5 values 
2024-02-17 23:58:54 |INFO  |main |Reflections.java:232 |org.reflections.Reflections |Reflections took 11 ms to scan 1 urls, producing 1 keys and 7 values 
2024-02-17 23:58:54 |INFO  |main |Reflections.java:232 |org.reflections.Reflections |Reflections took 11 ms to scan 1 urls, producing 2 keys and 8 values 
2024-02-17 23:58:54 |INFO  |main |Reflections.java:232 |org.reflections.Reflections |Reflections took 181 ms to scan 241 urls, producing 0 keys and 0 values 
2024-02-17 23:58:54 |INFO  |main |LoggerUtils.java:60 |com.alibaba.nacos.common.remote.client |[f0fe8347-7ace-4a68-ad7f-dfd300201396] RpcClient init label, labels = {module=naming, source=sdk}
2024-02-17 23:58:55 |INFO  |main |LoggerUtils.java:60 |com.alibaba.nacos.common.remote.client |[f0fe8347-7ace-4a68-ad7f-dfd300201396] RpcClient init, ServerListFactory = com.alibaba.nacos.client.naming.core.ServerListManager
2024-02-17 23:58:55 |INFO  |main |LoggerUtils.java:60 |com.alibaba.nacos.common.remote.client |[f0fe8347-7ace-4a68-ad7f-dfd300201396] Registry connection listener to current client:com.alibaba.nacos.client.naming.remote.gprc.redo.NamingGrpcRedoService
2024-02-17 23:58:55 |INFO  |main |LoggerUtils.java:60 |com.alibaba.nacos.common.remote.client |[f0fe8347-7ace-4a68-ad7f-dfd300201396] Register server push request handler:com.alibaba.nacos.client.naming.remote.gprc.NamingPushRequestHandler
2024-02-17 23:58:55 |INFO  |main |LoggerUtils.java:60 |com.alibaba.nacos.common.remote.client |[f0fe8347-7ace-4a68-ad7f-dfd300201396] Try to connect to server on start up, server: {serverIp = '116.62.71.84', server main port = 8848}
2024-02-17 23:59:02 |INFO  |main |LoggerUtils.java:60 |com.alibaba.nacos.common.remote.client |[f0fe8347-7ace-4a68-ad7f-dfd300201396] Success to connect to server [116.62.71.84:8848] on start up, connectionId = 1708185542435_120.227.129.112_47032
2024-02-17 23:59:02 |INFO  |com.alibaba.nacos.client.remote.worker |LoggerUtils.java:60 |com.alibaba.nacos.common.remote.client |[f0fe8347-7ace-4a68-ad7f-dfd300201396] Notify connected event to listeners.
2024-02-17 23:59:02 |INFO  |main |LoggerUtils.java:60 |com.alibaba.nacos.common.remote.client |[f0fe8347-7ace-4a68-ad7f-dfd300201396] Register server push request handler:com.alibaba.nacos.common.remote.client.RpcClient$ConnectResetRequestHandler
2024-02-17 23:59:02 |INFO  |main |LoggerUtils.java:60 |com.alibaba.nacos.common.remote.client |[f0fe8347-7ace-4a68-ad7f-dfd300201396] Register server push request handler:com.alibaba.nacos.common.remote.client.RpcClient$$Lambda$1144/175881660
2024-02-17 23:59:03 |WARN  |main |LoadBalancerCacheAutoConfiguration.java:82 |org.springframework.cloud.loadbalancer.config.LoadBalancerCacheAutoConfiguration$LoadBalancerCaffeineWarnLogger |Spring Cloud LoadBalancer is currently working with the default cache. While this cache implementation is useful for development and tests, it's recommended to use Caffeine cache in production.You can switch to using Caffeine cache, by adding it and org.springframework.cache.caffeine.CaffeineCacheManager to the classpath.
2024-02-17 23:59:04 |WARN  |main |TableInfoHelper.java:423 |com.baomidou.mybatisplus.core.metadata.TableInfoHelper |This primary key of "id" is primitive !不建议如此请使用包装类 in Class: "ljl.entity.notice.dynamic.DynamicToUser"
2024-02-17 23:59:06 |INFO  |main |XxlJobExecutor.java:183 |com.xxl.job.core.executor.XxlJobExecutor |>>>>>>>>>>> xxl-job register jobhandler success, name:mysqlToEs, jobHandler:com.xxl.job.core.handler.impl.MethodJobHandler@38ba8b45[class ljl.search.handler.MysqlToEsHandler#demoJobHandler]
2024-02-17 23:59:07 |INFO  |main |DirectJDKLog.java:173 |org.apache.coyote.http11.Http11NioProtocol |Starting ProtocolHandler ["http-nio-8201"]
2024-02-17 23:59:07 |INFO  |main |TomcatWebServer.java:220 |org.springframework.boot.web.embedded.tomcat.TomcatWebServer |Tomcat started on port(s): 8201 (http) with context path ''
2024-02-17 23:59:07 |INFO  |main |NacosServiceRegistry.java:65 |com.alibaba.cloud.nacos.registry.NacosServiceRegistry |nacos registry, DEFAULT_GROUP search 192.168.0.100:8201 register finished
2024-02-17 23:59:07 |INFO  |Thread-89 |EmbedServer.java:82 |com.xxl.job.core.server.EmbedServer |>>>>>>>>>>> xxl-job remoting server start success, nettype = class com.xxl.job.core.server.EmbedServer, port = 9916
2024-02-17 23:59:08 |INFO  |main |DocumentationPluginsBootstrapper.java:93 |springfox.documentation.spring.web.plugins.DocumentationPluginsBootstrapper |Documentation plugins bootstrapped
2024-02-17 23:59:08 |INFO  |main |AbstractDocumentationPluginsBootstrapper.java:79 |springfox.documentation.spring.web.plugins.DocumentationPluginsBootstrapper |Found 1 custom documentation plugin(s)
2024-02-17 23:59:08 |INFO  |main |ApiListingReferenceScanner.java:44 |springfox.documentation.spring.web.scanners.ApiListingReferenceScanner |Scanning for api listing references
2024-02-17 23:59:08 |INFO  |main |StartupInfoLogger.java:61 |ljl.search.SearchApplication |Started SearchApplication in 38.768 seconds (JVM running for 41.474)
2024-02-17 23:59:17 |INFO  |http-nio-8201-exec-1 |DirectJDKLog.java:173 |org.apache.catalina.core.ContainerBase.[Tomcat].[localhost].[/] |Initializing Spring DispatcherServlet 'dispatcherServlet'
2024-02-17 23:59:17 |INFO  |http-nio-8201-exec-1 |FrameworkServlet.java:525 |org.springframework.web.servlet.DispatcherServlet |Initializing Servlet 'dispatcherServlet'
2024-02-17 23:59:17 |INFO  |http-nio-8201-exec-1 |FrameworkServlet.java:547 |org.springframework.web.servlet.DispatcherServlet |Completed initialization in 5 ms
