2024-02-13 01:09:39 |INFO  |Thread-25 |TimeBasedFilter.java:24 |ljl.filter.TimeBasedFilter |






2024-02-13 01:09:39 |INFO  |Thread-22 |TimeBasedFilter.java:24 |ljl.filter.TimeBasedFilter |






2024-02-13 01:09:39 |WARN  |Thread-25 |HttpClientBeanHolder.java:108 |com.alibaba.nacos.common.http.HttpClientBeanHolder |[HttpClientBeanHolder] Start destroying common HttpClient
2024-02-13 01:09:39 |WARN  |Thread-22 |NotifyCenter.java:136 |com.alibaba.nacos.common.notify.NotifyCenter |[NotifyCenter] Start destroying Publisher
2024-02-13 01:09:39 |WARN  |Thread-22 |NotifyCenter.java:153 |com.alibaba.nacos.common.notify.NotifyCenter |[NotifyCenter] Destruction of the end
2024-02-13 01:09:39 |WARN  |Thread-25 |HttpClientBeanHolder.java:114 |com.alibaba.nacos.common.http.HttpClientBeanHolder |[HttpClientBeanHolder] Destruction of the end
2024-02-13 01:09:43 |INFO  |SpringApplicationShutdownHook |NacosServiceRegistry.java:80 |com.alibaba.cloud.nacos.registry.NacosServiceRegistry |De-registering from Nacos Server now...
2024-02-13 01:09:43 |INFO  |SpringApplicationShutdownHook |NacosServiceRegistry.java:100 |com.alibaba.cloud.nacos.registry.NacosServiceRegistry |De-registration finished.
2024-02-13 01:09:43 |INFO  |SpringApplicationShutdownHook |DruidDataSource.java:2063 |com.alibaba.druid.pool.DruidDataSource |{dataSource-0} closing ...
2024-02-13 19:36:30 |INFO  |main |StartupInfoLogger.java:55 |ljl.bilibili.ChatApplication |Starting ChatApplication using Java 1.8.0_65 on DESKTOP-4C1V07J with PID 1984 (E:\bilibili\chat\target\classes started by Administrator in E:\bilibili)
2024-02-13 19:36:30 |INFO  |main |SpringApplication.java:645 |ljl.bilibili.ChatApplication |No active profile set, falling back to 1 default profile: "default"
2024-02-13 19:36:32 |INFO  |main |GenericScope.java:283 |org.springframework.cloud.context.scope.GenericScope |BeanFactory id=ffe17f71-4052-30d8-8f86-19873343bbd3
2024-02-13 19:36:33 |INFO  |main |TomcatWebServer.java:108 |org.springframework.boot.web.embedded.tomcat.TomcatWebServer |Tomcat initialized with port(s): 1688 (http)
2024-02-13 19:36:33 |INFO  |main |DirectJDKLog.java:173 |org.apache.coyote.http11.Http11NioProtocol |Initializing ProtocolHandler ["http-nio-1688"]
2024-02-13 19:36:33 |INFO  |main |DirectJDKLog.java:173 |org.apache.catalina.core.StandardService |Starting service [Tomcat]
2024-02-13 19:36:33 |INFO  |main |DirectJDKLog.java:173 |org.apache.catalina.core.StandardEngine |Starting Servlet engine: [Apache Tomcat/9.0.65]
2024-02-13 19:36:33 |INFO  |main |DirectJDKLog.java:173 |org.apache.catalina.core.ContainerBase.[Tomcat].[localhost].[/] |Initializing Spring embedded WebApplicationContext
2024-02-13 19:36:33 |INFO  |main |ServletWebServerApplicationContext.java:290 |org.springframework.boot.web.servlet.context.ServletWebServerApplicationContext |Root WebApplicationContext: initialization completed in 3058 ms
2024-02-13 19:36:33 |INFO  |main |MybatisPlusJoinAutoConfiguration.java:140 |com.github.yulichang.autoconfigure.MybatisPlusJoinAutoConfiguration |mybatis plus join properties config complete
2024-02-13 19:36:33 |INFO  |main |MybatisPlusJoinAutoConfiguration.java:140 |com.github.yulichang.autoconfigure.MybatisPlusJoinAutoConfiguration |mybatis plus join SqlInjector init
2024-02-13 19:36:34 |INFO  |main |BigModel.java:229 |ljl.chat.handler.BigModelHandler |执行@PostConstruct方法
2024-02-13 19:36:35 |INFO  |main |BigModel.java:237 |ljl.chat.handler.BigModelHandler |WebSocket连接请求已发送
2024-02-13 19:36:35 |INFO  |main |WebMvcPropertySourcedRequestMappingHandlerMapping.java:69 |springfox.documentation.spring.web.WebMvcPropertySourcedRequestMappingHandlerMapping |Mapped URL path [/v2/api-docs] onto method [springfox.documentation.swagger2.web.Swagger2ControllerWebMvc#getDocumentation(String, HttpServletRequest)]
2024-02-13 19:36:36 |INFO  |main |RpcClientFactory.java:80 |com.alibaba.nacos.common.remote.client |[RpcClientFactory] create a new rpc client of fda23c70-6592-496b-9656-dc6fa68fdfa3
2024-02-13 19:36:36 |INFO  |main |Reflections.java:232 |org.reflections.Reflections |Reflections took 69 ms to scan 1 urls, producing 3 keys and 6 values 
2024-02-13 19:36:36 |INFO  |main |Reflections.java:232 |org.reflections.Reflections |Reflections took 21 ms to scan 1 urls, producing 4 keys and 9 values 
2024-02-13 19:36:36 |INFO  |main |Reflections.java:232 |org.reflections.Reflections |Reflections took 48 ms to scan 1 urls, producing 3 keys and 10 values 
2024-02-13 19:36:36 |INFO  |main |Reflections.java:232 |org.reflections.Reflections |Reflections took 122 ms to scan 161 urls, producing 0 keys and 0 values 
2024-02-13 19:36:36 |INFO  |main |Reflections.java:232 |org.reflections.Reflections |Reflections took 14 ms to scan 1 urls, producing 1 keys and 5 values 
2024-02-13 19:36:36 |INFO  |main |Reflections.java:232 |org.reflections.Reflections |Reflections took 13 ms to scan 1 urls, producing 1 keys and 7 values 
2024-02-13 19:36:36 |INFO  |main |Reflections.java:232 |org.reflections.Reflections |Reflections took 12 ms to scan 1 urls, producing 2 keys and 8 values 
2024-02-13 19:36:36 |INFO  |main |Reflections.java:232 |org.reflections.Reflections |Reflections took 134 ms to scan 161 urls, producing 0 keys and 0 values 
2024-02-13 19:36:36 |INFO  |main |LoggerUtils.java:60 |com.alibaba.nacos.common.remote.client |[fda23c70-6592-496b-9656-dc6fa68fdfa3] RpcClient init label, labels = {module=naming, source=sdk}
2024-02-13 19:36:36 |INFO  |main |LoggerUtils.java:60 |com.alibaba.nacos.common.remote.client |[fda23c70-6592-496b-9656-dc6fa68fdfa3] RpcClient init, ServerListFactory = com.alibaba.nacos.client.naming.core.ServerListManager
2024-02-13 19:36:36 |INFO  |main |LoggerUtils.java:60 |com.alibaba.nacos.common.remote.client |[fda23c70-6592-496b-9656-dc6fa68fdfa3] Registry connection listener to current client:com.alibaba.nacos.client.naming.remote.gprc.redo.NamingGrpcRedoService
2024-02-13 19:36:36 |INFO  |main |LoggerUtils.java:60 |com.alibaba.nacos.common.remote.client |[fda23c70-6592-496b-9656-dc6fa68fdfa3] Register server push request handler:com.alibaba.nacos.client.naming.remote.gprc.NamingPushRequestHandler
2024-02-13 19:36:36 |INFO  |main |LoggerUtils.java:60 |com.alibaba.nacos.common.remote.client |[fda23c70-6592-496b-9656-dc6fa68fdfa3] Try to connect to server on start up, server: {serverIp = '116.62.71.84', server main port = 8848}
2024-02-13 19:36:38 |INFO  |main |LoggerUtils.java:60 |com.alibaba.nacos.common.remote.client |[fda23c70-6592-496b-9656-dc6fa68fdfa3] Success to connect to server [116.62.71.84:8848] on start up, connectionId = 1707824198711_223.150.228.133_15192
2024-02-13 19:36:38 |INFO  |com.alibaba.nacos.client.remote.worker |LoggerUtils.java:60 |com.alibaba.nacos.common.remote.client |[fda23c70-6592-496b-9656-dc6fa68fdfa3] Notify connected event to listeners.
2024-02-13 19:36:38 |INFO  |main |LoggerUtils.java:60 |com.alibaba.nacos.common.remote.client |[fda23c70-6592-496b-9656-dc6fa68fdfa3] Register server push request handler:com.alibaba.nacos.common.remote.client.RpcClient$ConnectResetRequestHandler
2024-02-13 19:36:38 |INFO  |main |LoggerUtils.java:60 |com.alibaba.nacos.common.remote.client |[fda23c70-6592-496b-9656-dc6fa68fdfa3] Register server push request handler:com.alibaba.nacos.common.remote.client.RpcClient$$Lambda$757/1583850640
2024-02-13 19:36:39 |WARN  |main |LoadBalancerCacheAutoConfiguration.java:82 |org.springframework.cloud.loadbalancer.config.LoadBalancerCacheAutoConfiguration$LoadBalancerCaffeineWarnLogger |Spring Cloud LoadBalancer is currently working with the default cache. While this cache implementation is useful for development and tests, it's recommended to use Caffeine cache in production.You can switch to using Caffeine cache, by adding it and org.springframework.cache.caffeine.CaffeineCacheManager to the classpath.
2024-02-13 19:36:39 |WARN  |main |TableInfoHelper.java:423 |com.baomidou.mybatisplus.core.metadata.TableInfoHelper |This primary key of "id" is primitive !不建议如此请使用包装类 in Class: "ljl.entity.notice.dynamic.DynamicToUser"
2024-02-13 19:36:40 |INFO  |main |DirectJDKLog.java:173 |org.apache.coyote.http11.Http11NioProtocol |Starting ProtocolHandler ["http-nio-1688"]
2024-02-13 19:36:40 |INFO  |main |TomcatWebServer.java:220 |org.springframework.boot.web.embedded.tomcat.TomcatWebServer |Tomcat started on port(s): 1688 (http) with context path ''
2024-02-13 19:36:40 |INFO  |main |NacosServiceRegistry.java:65 |com.alibaba.cloud.nacos.registry.NacosServiceRegistry |nacos registry, DEFAULT_GROUP chat 192.168.1.24:1688 register finished
2024-02-13 19:36:40 |INFO  |main |DocumentationPluginsBootstrapper.java:93 |springfox.documentation.spring.web.plugins.DocumentationPluginsBootstrapper |Documentation plugins bootstrapped
2024-02-13 19:36:40 |INFO  |main |AbstractDocumentationPluginsBootstrapper.java:79 |springfox.documentation.spring.web.plugins.DocumentationPluginsBootstrapper |Found 1 custom documentation plugin(s)
2024-02-13 19:36:40 |INFO  |main |ApiListingReferenceScanner.java:44 |springfox.documentation.spring.web.scanners.ApiListingReferenceScanner |Scanning for api listing references
2024-02-13 19:36:40 |INFO  |main |StartupInfoLogger.java:61 |ljl.bilibili.ChatApplication |Started ChatApplication in 11.935 seconds (JVM running for 13.617)
2024-02-13 19:38:09 |INFO  |http-nio-1688-exec-1 |DirectJDKLog.java:173 |org.apache.catalina.core.ContainerBase.[Tomcat].[localhost].[/] |Initializing Spring DispatcherServlet 'dispatcherServlet'
2024-02-13 19:38:09 |INFO  |http-nio-1688-exec-1 |FrameworkServlet.java:525 |org.springframework.web.servlet.DispatcherServlet |Initializing Servlet 'dispatcherServlet'
2024-02-13 19:38:09 |INFO  |http-nio-1688-exec-1 |FrameworkServlet.java:547 |org.springframework.web.servlet.DispatcherServlet |Completed initialization in 3 ms
2024-02-13 19:55:09 |INFO  |Thread-23 |TimeBasedFilter.java:24 |ljl.filter.TimeBasedFilter |






2024-02-13 19:55:09 |WARN  |Thread-23 |HttpClientBeanHolder.java:108 |com.alibaba.nacos.common.http.HttpClientBeanHolder |[HttpClientBeanHolder] Start destroying common HttpClient
2024-02-13 19:55:09 |INFO  |Thread-20 |TimeBasedFilter.java:24 |ljl.filter.TimeBasedFilter |






2024-02-13 19:55:09 |WARN  |Thread-20 |NotifyCenter.java:136 |com.alibaba.nacos.common.notify.NotifyCenter |[NotifyCenter] Start destroying Publisher
2024-02-13 19:55:09 |WARN  |Thread-20 |NotifyCenter.java:153 |com.alibaba.nacos.common.notify.NotifyCenter |[NotifyCenter] Destruction of the end
2024-02-13 19:55:09 |WARN  |Thread-23 |HttpClientBeanHolder.java:114 |com.alibaba.nacos.common.http.HttpClientBeanHolder |[HttpClientBeanHolder] Destruction of the end
2024-02-13 19:55:09 |INFO  |SpringApplicationShutdownHook |NacosServiceRegistry.java:80 |com.alibaba.cloud.nacos.registry.NacosServiceRegistry |De-registering from Nacos Server now...
2024-02-13 19:55:09 |INFO  |SpringApplicationShutdownHook |NacosServiceRegistry.java:100 |com.alibaba.cloud.nacos.registry.NacosServiceRegistry |De-registration finished.
2024-02-13 19:55:09 |INFO  |SpringApplicationShutdownHook |DruidDataSource.java:2063 |com.alibaba.druid.pool.DruidDataSource |{dataSource-0} closing ...
2024-02-13 19:55:27 |INFO  |main |StartupInfoLogger.java:55 |ljl.bilibili.ChatApplication |Starting ChatApplication using Java 1.8.0_65 on DESKTOP-4C1V07J with PID 632 (E:\bilibili\chat\target\classes started by Administrator in E:\bilibili)
2024-02-13 19:55:27 |INFO  |main |SpringApplication.java:645 |ljl.bilibili.ChatApplication |No active profile set, falling back to 1 default profile: "default"
2024-02-13 19:55:29 |INFO  |main |GenericScope.java:283 |org.springframework.cloud.context.scope.GenericScope |BeanFactory id=ffe17f71-4052-30d8-8f86-19873343bbd3
2024-02-13 19:55:30 |INFO  |main |TomcatWebServer.java:108 |org.springframework.boot.web.embedded.tomcat.TomcatWebServer |Tomcat initialized with port(s): 1688 (http)
2024-02-13 19:55:30 |INFO  |main |DirectJDKLog.java:173 |org.apache.coyote.http11.Http11NioProtocol |Initializing ProtocolHandler ["http-nio-1688"]
2024-02-13 19:55:30 |INFO  |main |DirectJDKLog.java:173 |org.apache.catalina.core.StandardService |Starting service [Tomcat]
2024-02-13 19:55:30 |INFO  |main |DirectJDKLog.java:173 |org.apache.catalina.core.StandardEngine |Starting Servlet engine: [Apache Tomcat/9.0.65]
2024-02-13 19:55:30 |INFO  |main |DirectJDKLog.java:173 |org.apache.catalina.core.ContainerBase.[Tomcat].[localhost].[/] |Initializing Spring embedded WebApplicationContext
2024-02-13 19:55:30 |INFO  |main |ServletWebServerApplicationContext.java:290 |org.springframework.boot.web.servlet.context.ServletWebServerApplicationContext |Root WebApplicationContext: initialization completed in 2357 ms
2024-02-13 19:55:30 |INFO  |main |MybatisPlusJoinAutoConfiguration.java:140 |com.github.yulichang.autoconfigure.MybatisPlusJoinAutoConfiguration |mybatis plus join properties config complete
2024-02-13 19:55:30 |INFO  |main |MybatisPlusJoinAutoConfiguration.java:140 |com.github.yulichang.autoconfigure.MybatisPlusJoinAutoConfiguration |mybatis plus join SqlInjector init
2024-02-13 19:55:31 |INFO  |main |BigModel.java:229 |ljl.chat.handler.BigModelHandler |执行@PostConstruct方法
2024-02-13 19:55:31 |INFO  |main |BigModel.java:237 |ljl.chat.handler.BigModelHandler |WebSocket连接请求已发送
2024-02-13 19:55:32 |INFO  |main |WebMvcPropertySourcedRequestMappingHandlerMapping.java:69 |springfox.documentation.spring.web.WebMvcPropertySourcedRequestMappingHandlerMapping |Mapped URL path [/v2/api-docs] onto method [springfox.documentation.swagger2.web.Swagger2ControllerWebMvc#getDocumentation(String, HttpServletRequest)]
2024-02-13 19:55:33 |INFO  |main |RpcClientFactory.java:80 |com.alibaba.nacos.common.remote.client |[RpcClientFactory] create a new rpc client of b5df4b45-90d0-40ed-8bd9-86d9c63e2496
2024-02-13 19:55:33 |INFO  |main |Reflections.java:232 |org.reflections.Reflections |Reflections took 43 ms to scan 1 urls, producing 3 keys and 6 values 
2024-02-13 19:55:33 |INFO  |main |Reflections.java:232 |org.reflections.Reflections |Reflections took 40 ms to scan 1 urls, producing 4 keys and 9 values 
2024-02-13 19:55:33 |INFO  |main |Reflections.java:232 |org.reflections.Reflections |Reflections took 13 ms to scan 1 urls, producing 3 keys and 10 values 
2024-02-13 19:55:33 |INFO  |main |Reflections.java:232 |org.reflections.Reflections |Reflections took 147 ms to scan 161 urls, producing 0 keys and 0 values 
2024-02-13 19:55:33 |INFO  |main |Reflections.java:232 |org.reflections.Reflections |Reflections took 12 ms to scan 1 urls, producing 1 keys and 5 values 
2024-02-13 19:55:33 |INFO  |main |Reflections.java:232 |org.reflections.Reflections |Reflections took 12 ms to scan 1 urls, producing 1 keys and 7 values 
2024-02-13 19:55:33 |INFO  |main |Reflections.java:232 |org.reflections.Reflections |Reflections took 10 ms to scan 1 urls, producing 2 keys and 8 values 
2024-02-13 19:55:33 |INFO  |main |Reflections.java:232 |org.reflections.Reflections |Reflections took 124 ms to scan 161 urls, producing 0 keys and 0 values 
2024-02-13 19:55:33 |INFO  |main |LoggerUtils.java:60 |com.alibaba.nacos.common.remote.client |[b5df4b45-90d0-40ed-8bd9-86d9c63e2496] RpcClient init label, labels = {module=naming, source=sdk}
2024-02-13 19:55:33 |INFO  |main |LoggerUtils.java:60 |com.alibaba.nacos.common.remote.client |[b5df4b45-90d0-40ed-8bd9-86d9c63e2496] RpcClient init, ServerListFactory = com.alibaba.nacos.client.naming.core.ServerListManager
2024-02-13 19:55:33 |INFO  |main |LoggerUtils.java:60 |com.alibaba.nacos.common.remote.client |[b5df4b45-90d0-40ed-8bd9-86d9c63e2496] Registry connection listener to current client:com.alibaba.nacos.client.naming.remote.gprc.redo.NamingGrpcRedoService
2024-02-13 19:55:33 |INFO  |main |LoggerUtils.java:60 |com.alibaba.nacos.common.remote.client |[b5df4b45-90d0-40ed-8bd9-86d9c63e2496] Register server push request handler:com.alibaba.nacos.client.naming.remote.gprc.NamingPushRequestHandler
2024-02-13 19:55:33 |INFO  |main |LoggerUtils.java:60 |com.alibaba.nacos.common.remote.client |[b5df4b45-90d0-40ed-8bd9-86d9c63e2496] Try to connect to server on start up, server: {serverIp = '116.62.71.84', server main port = 8848}
2024-02-13 19:55:35 |INFO  |main |LoggerUtils.java:60 |com.alibaba.nacos.common.remote.client |[b5df4b45-90d0-40ed-8bd9-86d9c63e2496] Success to connect to server [116.62.71.84:8848] on start up, connectionId = 1707825335297_223.150.228.133_15773
2024-02-13 19:55:35 |INFO  |com.alibaba.nacos.client.remote.worker |LoggerUtils.java:60 |com.alibaba.nacos.common.remote.client |[b5df4b45-90d0-40ed-8bd9-86d9c63e2496] Notify connected event to listeners.
2024-02-13 19:55:35 |INFO  |main |LoggerUtils.java:60 |com.alibaba.nacos.common.remote.client |[b5df4b45-90d0-40ed-8bd9-86d9c63e2496] Register server push request handler:com.alibaba.nacos.common.remote.client.RpcClient$ConnectResetRequestHandler
2024-02-13 19:55:35 |INFO  |main |LoggerUtils.java:60 |com.alibaba.nacos.common.remote.client |[b5df4b45-90d0-40ed-8bd9-86d9c63e2496] Register server push request handler:com.alibaba.nacos.common.remote.client.RpcClient$$Lambda$757/343803700
2024-02-13 19:55:35 |WARN  |main |LoadBalancerCacheAutoConfiguration.java:82 |org.springframework.cloud.loadbalancer.config.LoadBalancerCacheAutoConfiguration$LoadBalancerCaffeineWarnLogger |Spring Cloud LoadBalancer is currently working with the default cache. While this cache implementation is useful for development and tests, it's recommended to use Caffeine cache in production.You can switch to using Caffeine cache, by adding it and org.springframework.cache.caffeine.CaffeineCacheManager to the classpath.
2024-02-13 19:55:35 |WARN  |main |TableInfoHelper.java:423 |com.baomidou.mybatisplus.core.metadata.TableInfoHelper |This primary key of "id" is primitive !不建议如此请使用包装类 in Class: "ljl.entity.notice.dynamic.DynamicToUser"
2024-02-13 19:55:36 |INFO  |main |DirectJDKLog.java:173 |org.apache.coyote.http11.Http11NioProtocol |Starting ProtocolHandler ["http-nio-1688"]
2024-02-13 19:55:36 |INFO  |main |TomcatWebServer.java:220 |org.springframework.boot.web.embedded.tomcat.TomcatWebServer |Tomcat started on port(s): 1688 (http) with context path ''
2024-02-13 19:55:36 |INFO  |main |NacosServiceRegistry.java:65 |com.alibaba.cloud.nacos.registry.NacosServiceRegistry |nacos registry, DEFAULT_GROUP chat 192.168.1.24:1688 register finished
2024-02-13 19:55:37 |INFO  |main |DocumentationPluginsBootstrapper.java:93 |springfox.documentation.spring.web.plugins.DocumentationPluginsBootstrapper |Documentation plugins bootstrapped
2024-02-13 19:55:37 |INFO  |main |AbstractDocumentationPluginsBootstrapper.java:79 |springfox.documentation.spring.web.plugins.DocumentationPluginsBootstrapper |Found 1 custom documentation plugin(s)
2024-02-13 19:55:37 |INFO  |main |ApiListingReferenceScanner.java:44 |springfox.documentation.spring.web.scanners.ApiListingReferenceScanner |Scanning for api listing references
2024-02-13 19:55:37 |INFO  |main |StartupInfoLogger.java:61 |ljl.bilibili.ChatApplication |Started ChatApplication in 10.333 seconds (JVM running for 11.609)
2024-02-13 19:55:53 |INFO  |http-nio-1688-exec-1 |DirectJDKLog.java:173 |org.apache.catalina.core.ContainerBase.[Tomcat].[localhost].[/] |Initializing Spring DispatcherServlet 'dispatcherServlet'
2024-02-13 19:55:53 |INFO  |http-nio-1688-exec-1 |FrameworkServlet.java:525 |org.springframework.web.servlet.DispatcherServlet |Initializing Servlet 'dispatcherServlet'
2024-02-13 19:55:53 |INFO  |http-nio-1688-exec-1 |FrameworkServlet.java:547 |org.springframework.web.servlet.DispatcherServlet |Completed initialization in 1 ms
2024-02-13 19:56:05 |INFO  |http-nio-1688-exec-6 |DruidDataSource.java:975 |com.alibaba.druid.pool.DruidDataSource |{dataSource-1} inited
2024-02-13 19:56:05 |ERROR |http-nio-1688-exec-6 |DirectJDKLog.java:175 |org.apache.catalina.core.ContainerBase.[Tomcat].[localhost].[/].[dispatcherServlet] |Servlet.service() for servlet [dispatcherServlet] in context with path [] threw exception [Request processing failed; nested exception is org.springframework.jdbc.BadSqlGrammarException: 
### Error updating database.  Cause: java.sql.SQLSyntaxErrorException: Unknown column 'senderId' in 'field list'
### The error may exist in ljl/mapper/chat/ChatSessionMapper.java (best guess)
### The error may involve ljl.mapper.chat.ChatSessionMapper.insert-Inline
### The error occurred while setting parameters
### SQL: INSERT INTO chat_session  ( senderId, receiverId )  VALUES  ( ?, ? )
### Cause: java.sql.SQLSyntaxErrorException: Unknown column 'senderId' in 'field list'
; bad SQL grammar []; nested exception is java.sql.SQLSyntaxErrorException: Unknown column 'senderId' in 'field list'] with root cause
java.sql.SQLSyntaxErrorException: Unknown column 'senderId' in 'field list'
	at com.mysql.cj.jdbc.exceptions.SQLError.createSQLException(SQLError.java:120)
	at com.mysql.cj.jdbc.exceptions.SQLExceptionsMapping.translateException(SQLExceptionsMapping.java:122)
	at com.mysql.cj.jdbc.ClientPreparedStatement.executeInternal(ClientPreparedStatement.java:916)
	at com.mysql.cj.jdbc.ClientPreparedStatement.execute(ClientPreparedStatement.java:354)
	at com.alibaba.druid.pool.DruidPooledPreparedStatement.execute(DruidPooledPreparedStatement.java:483)
	at org.apache.ibatis.executor.statement.PreparedStatementHandler.update(PreparedStatementHandler.java:47)
	at org.apache.ibatis.executor.statement.RoutingStatementHandler.update(RoutingStatementHandler.java:74)
	at org.apache.ibatis.executor.SimpleExecutor.doUpdate(SimpleExecutor.java:50)
	at org.apache.ibatis.executor.BaseExecutor.update(BaseExecutor.java:117)
	at org.apache.ibatis.executor.CachingExecutor.update(CachingExecutor.java:76)
	at sun.reflect.NativeMethodAccessorImpl.invoke0(Native Method)
	at sun.reflect.NativeMethodAccessorImpl.invoke(NativeMethodAccessorImpl.java:62)
	at sun.reflect.DelegatingMethodAccessorImpl.invoke(DelegatingMethodAccessorImpl.java:43)
	at java.lang.reflect.Method.invoke(Method.java:497)
	at org.apache.ibatis.plugin.Plugin.invoke(Plugin.java:64)
	at com.sun.proxy.$Proxy142.update(Unknown Source)
	at org.apache.ibatis.session.defaults.DefaultSqlSession.update(DefaultSqlSession.java:194)
	at org.apache.ibatis.session.defaults.DefaultSqlSession.insert(DefaultSqlSession.java:181)
	at sun.reflect.NativeMethodAccessorImpl.invoke0(Native Method)
	at sun.reflect.NativeMethodAccessorImpl.invoke(NativeMethodAccessorImpl.java:62)
	at sun.reflect.DelegatingMethodAccessorImpl.invoke(DelegatingMethodAccessorImpl.java:43)
	at java.lang.reflect.Method.invoke(Method.java:497)
	at org.mybatis.spring.SqlSessionTemplate$SqlSessionInterceptor.invoke(SqlSessionTemplate.java:427)
	at com.sun.proxy.$Proxy90.insert(Unknown Source)
	at org.mybatis.spring.SqlSessionTemplate.insert(SqlSessionTemplate.java:272)
	at com.baomidou.mybatisplus.core.override.MybatisMapperMethod.execute(MybatisMapperMethod.java:59)
	at com.baomidou.mybatisplus.core.override.MybatisMapperProxy$PlainMethodInvoker.invoke(MybatisMapperProxy.java:148)
	at com.baomidou.mybatisplus.core.override.MybatisMapperProxy.invoke(MybatisMapperProxy.java:89)
	at com.sun.proxy.$Proxy97.insert(Unknown Source)
	at ljl.chat.service.ChatService.addChatSession(ChatService.java:56)
	at ljl.chat.controller.ChatController.addChatSession(ChatController.java:65)
	at sun.reflect.NativeMethodAccessorImpl.invoke0(Native Method)
	at sun.reflect.NativeMethodAccessorImpl.invoke(NativeMethodAccessorImpl.java:62)
	at sun.reflect.DelegatingMethodAccessorImpl.invoke(DelegatingMethodAccessorImpl.java:43)
	at java.lang.reflect.Method.invoke(Method.java:497)
	at org.springframework.web.method.support.InvocableHandlerMethod.doInvoke(InvocableHandlerMethod.java:205)
	at org.springframework.web.method.support.InvocableHandlerMethod.invokeForRequest(InvocableHandlerMethod.java:150)
	at org.springframework.web.servlet.mvc.method.annotation.ServletInvocableHandlerMethod.invokeAndHandle(ServletInvocableHandlerMethod.java:117)
	at org.springframework.web.servlet.mvc.method.annotation.RequestMappingHandlerAdapter.invokeHandlerMethod(RequestMappingHandlerAdapter.java:895)
	at org.springframework.web.servlet.mvc.method.annotation.RequestMappingHandlerAdapter.handleInternal(RequestMappingHandlerAdapter.java:808)
	at org.springframework.web.servlet.mvc.method.AbstractHandlerMethodAdapter.handle(AbstractHandlerMethodAdapter.java:87)
	at org.springframework.web.servlet.DispatcherServlet.doDispatch(DispatcherServlet.java:1070)
	at org.springframework.web.servlet.DispatcherServlet.doService(DispatcherServlet.java:963)
	at org.springframework.web.servlet.FrameworkServlet.processRequest(FrameworkServlet.java:1006)
	at org.springframework.web.servlet.FrameworkServlet.doPost(FrameworkServlet.java:909)
	at javax.servlet.http.HttpServlet.service(HttpServlet.java:681)
	at org.springframework.web.servlet.FrameworkServlet.service(FrameworkServlet.java:883)
	at javax.servlet.http.HttpServlet.service(HttpServlet.java:764)
	at org.apache.catalina.core.ApplicationFilterChain.internalDoFilter(ApplicationFilterChain.java:227)
	at org.apache.catalina.core.ApplicationFilterChain.doFilter(ApplicationFilterChain.java:162)
	at org.apache.tomcat.websocket.server.WsFilter.doFilter(WsFilter.java:53)
	at org.apache.catalina.core.ApplicationFilterChain.internalDoFilter(ApplicationFilterChain.java:189)
	at org.apache.catalina.core.ApplicationFilterChain.doFilter(ApplicationFilterChain.java:162)
	at org.springframework.web.filter.RequestContextFilter.doFilterInternal(RequestContextFilter.java:100)
	at org.springframework.web.filter.OncePerRequestFilter.doFilter(OncePerRequestFilter.java:117)
	at org.apache.catalina.core.ApplicationFilterChain.internalDoFilter(ApplicationFilterChain.java:189)
	at org.apache.catalina.core.ApplicationFilterChain.doFilter(ApplicationFilterChain.java:162)
	at org.springframework.web.filter.FormContentFilter.doFilterInternal(FormContentFilter.java:93)
	at org.springframework.web.filter.OncePerRequestFilter.doFilter(OncePerRequestFilter.java:117)
	at org.apache.catalina.core.ApplicationFilterChain.internalDoFilter(ApplicationFilterChain.java:189)
	at org.apache.catalina.core.ApplicationFilterChain.doFilter(ApplicationFilterChain.java:162)
	at org.springframework.web.filter.CharacterEncodingFilter.doFilterInternal(CharacterEncodingFilter.java:201)
	at org.springframework.web.filter.OncePerRequestFilter.doFilter(OncePerRequestFilter.java:117)
	at org.apache.catalina.core.ApplicationFilterChain.internalDoFilter(ApplicationFilterChain.java:189)
	at org.apache.catalina.core.ApplicationFilterChain.doFilter(ApplicationFilterChain.java:162)
	at org.apache.catalina.core.StandardWrapperValve.invoke(StandardWrapperValve.java:197)
	at org.apache.catalina.core.StandardContextValve.invoke(StandardContextValve.java:97)
	at org.apache.catalina.authenticator.AuthenticatorBase.invoke(AuthenticatorBase.java:541)
	at org.apache.catalina.core.StandardHostValve.invoke(StandardHostValve.java:135)
	at org.apache.catalina.valves.ErrorReportValve.invoke(ErrorReportValve.java:92)
	at org.apache.catalina.core.StandardEngineValve.invoke(StandardEngineValve.java:78)
	at org.apache.catalina.connector.CoyoteAdapter.service(CoyoteAdapter.java:360)
	at org.apache.coyote.http11.Http11Processor.service(Http11Processor.java:399)
	at org.apache.coyote.AbstractProcessorLight.process(AbstractProcessorLight.java:65)
	at org.apache.coyote.AbstractProtocol$ConnectionHandler.process(AbstractProtocol.java:890)
	at org.apache.tomcat.util.net.NioEndpoint$SocketProcessor.doRun(NioEndpoint.java:1789)
	at org.apache.tomcat.util.net.SocketProcessorBase.run(SocketProcessorBase.java:49)
	at org.apache.tomcat.util.threads.ThreadPoolExecutor.runWorker(ThreadPoolExecutor.java:1191)
	at org.apache.tomcat.util.threads.ThreadPoolExecutor$Worker.run(ThreadPoolExecutor.java:659)
	at org.apache.tomcat.util.threads.TaskThread$WrappingRunnable.run(TaskThread.java:61)
	at java.lang.Thread.run(Thread.java:745)
2024-02-13 19:56:51 |WARN  |Thread-18 |NotifyCenter.java:136 |com.alibaba.nacos.common.notify.NotifyCenter |[NotifyCenter] Start destroying Publisher
2024-02-13 19:56:51 |WARN  |Thread-18 |NotifyCenter.java:153 |com.alibaba.nacos.common.notify.NotifyCenter |[NotifyCenter] Destruction of the end
2024-02-13 19:56:51 |WARN  |Thread-21 |HttpClientBeanHolder.java:108 |com.alibaba.nacos.common.http.HttpClientBeanHolder |[HttpClientBeanHolder] Start destroying common HttpClient
2024-02-13 19:56:51 |WARN  |Thread-21 |HttpClientBeanHolder.java:114 |com.alibaba.nacos.common.http.HttpClientBeanHolder |[HttpClientBeanHolder] Destruction of the end
2024-02-13 19:56:52 |INFO  |SpringApplicationShutdownHook |NacosServiceRegistry.java:80 |com.alibaba.cloud.nacos.registry.NacosServiceRegistry |De-registering from Nacos Server now...
2024-02-13 19:56:52 |INFO  |SpringApplicationShutdownHook |NacosServiceRegistry.java:100 |com.alibaba.cloud.nacos.registry.NacosServiceRegistry |De-registration finished.
2024-02-13 19:56:52 |INFO  |SpringApplicationShutdownHook |DruidDataSource.java:2063 |com.alibaba.druid.pool.DruidDataSource |{dataSource-1} closing ...
2024-02-13 19:56:52 |INFO  |SpringApplicationShutdownHook |DruidDataSource.java:2136 |com.alibaba.druid.pool.DruidDataSource |{dataSource-1} closed
2024-02-13 19:57:03 |INFO  |main |StartupInfoLogger.java:55 |ljl.bilibili.ChatApplication |Starting ChatApplication using Java 1.8.0_65 on DESKTOP-4C1V07J with PID 12524 (E:\bilibili\chat\target\classes started by Administrator in E:\bilibili)
2024-02-13 19:57:03 |INFO  |main |SpringApplication.java:645 |ljl.bilibili.ChatApplication |No active profile set, falling back to 1 default profile: "default"
2024-02-13 19:57:05 |INFO  |main |GenericScope.java:283 |org.springframework.cloud.context.scope.GenericScope |BeanFactory id=ffe17f71-4052-30d8-8f86-19873343bbd3
2024-02-13 19:57:05 |INFO  |main |TomcatWebServer.java:108 |org.springframework.boot.web.embedded.tomcat.TomcatWebServer |Tomcat initialized with port(s): 1688 (http)
2024-02-13 19:57:05 |INFO  |main |DirectJDKLog.java:173 |org.apache.coyote.http11.Http11NioProtocol |Initializing ProtocolHandler ["http-nio-1688"]
2024-02-13 19:57:05 |INFO  |main |DirectJDKLog.java:173 |org.apache.catalina.core.StandardService |Starting service [Tomcat]
2024-02-13 19:57:05 |INFO  |main |DirectJDKLog.java:173 |org.apache.catalina.core.StandardEngine |Starting Servlet engine: [Apache Tomcat/9.0.65]
2024-02-13 19:57:06 |INFO  |main |DirectJDKLog.java:173 |org.apache.catalina.core.ContainerBase.[Tomcat].[localhost].[/] |Initializing Spring embedded WebApplicationContext
2024-02-13 19:57:06 |INFO  |main |ServletWebServerApplicationContext.java:290 |org.springframework.boot.web.servlet.context.ServletWebServerApplicationContext |Root WebApplicationContext: initialization completed in 2691 ms
2024-02-13 19:57:06 |INFO  |main |MybatisPlusJoinAutoConfiguration.java:140 |com.github.yulichang.autoconfigure.MybatisPlusJoinAutoConfiguration |mybatis plus join properties config complete
2024-02-13 19:57:06 |INFO  |main |MybatisPlusJoinAutoConfiguration.java:140 |com.github.yulichang.autoconfigure.MybatisPlusJoinAutoConfiguration |mybatis plus join SqlInjector init
2024-02-13 19:57:07 |INFO  |main |BigModel.java:229 |ljl.chat.handler.BigModelHandler |执行@PostConstruct方法
2024-02-13 19:57:08 |INFO  |main |BigModel.java:237 |ljl.chat.handler.BigModelHandler |WebSocket连接请求已发送
2024-02-13 19:57:08 |INFO  |main |WebMvcPropertySourcedRequestMappingHandlerMapping.java:69 |springfox.documentation.spring.web.WebMvcPropertySourcedRequestMappingHandlerMapping |Mapped URL path [/v2/api-docs] onto method [springfox.documentation.swagger2.web.Swagger2ControllerWebMvc#getDocumentation(String, HttpServletRequest)]
2024-02-13 19:57:08 |INFO  |main |RpcClientFactory.java:80 |com.alibaba.nacos.common.remote.client |[RpcClientFactory] create a new rpc client of a6f22423-56ff-44ed-9c09-8f5566f5cdf8
2024-02-13 19:57:09 |INFO  |main |Reflections.java:232 |org.reflections.Reflections |Reflections took 41 ms to scan 1 urls, producing 3 keys and 6 values 
2024-02-13 19:57:09 |INFO  |main |Reflections.java:232 |org.reflections.Reflections |Reflections took 23 ms to scan 1 urls, producing 4 keys and 9 values 
2024-02-13 19:57:09 |INFO  |main |Reflections.java:232 |org.reflections.Reflections |Reflections took 39 ms to scan 1 urls, producing 3 keys and 10 values 
2024-02-13 19:57:09 |INFO  |main |Reflections.java:232 |org.reflections.Reflections |Reflections took 165 ms to scan 161 urls, producing 0 keys and 0 values 
2024-02-13 19:57:09 |INFO  |main |Reflections.java:232 |org.reflections.Reflections |Reflections took 10 ms to scan 1 urls, producing 1 keys and 5 values 
2024-02-13 19:57:09 |INFO  |main |Reflections.java:232 |org.reflections.Reflections |Reflections took 19 ms to scan 1 urls, producing 1 keys and 7 values 
2024-02-13 19:57:09 |INFO  |main |Reflections.java:232 |org.reflections.Reflections |Reflections took 11 ms to scan 1 urls, producing 2 keys and 8 values 
2024-02-13 19:57:09 |INFO  |main |Reflections.java:232 |org.reflections.Reflections |Reflections took 138 ms to scan 161 urls, producing 0 keys and 0 values 
2024-02-13 19:57:09 |INFO  |main |LoggerUtils.java:60 |com.alibaba.nacos.common.remote.client |[a6f22423-56ff-44ed-9c09-8f5566f5cdf8] RpcClient init label, labels = {module=naming, source=sdk}
2024-02-13 19:57:09 |INFO  |main |LoggerUtils.java:60 |com.alibaba.nacos.common.remote.client |[a6f22423-56ff-44ed-9c09-8f5566f5cdf8] RpcClient init, ServerListFactory = com.alibaba.nacos.client.naming.core.ServerListManager
2024-02-13 19:57:09 |INFO  |main |LoggerUtils.java:60 |com.alibaba.nacos.common.remote.client |[a6f22423-56ff-44ed-9c09-8f5566f5cdf8] Registry connection listener to current client:com.alibaba.nacos.client.naming.remote.gprc.redo.NamingGrpcRedoService
2024-02-13 19:57:09 |INFO  |main |LoggerUtils.java:60 |com.alibaba.nacos.common.remote.client |[a6f22423-56ff-44ed-9c09-8f5566f5cdf8] Register server push request handler:com.alibaba.nacos.client.naming.remote.gprc.NamingPushRequestHandler
2024-02-13 19:57:09 |INFO  |main |LoggerUtils.java:60 |com.alibaba.nacos.common.remote.client |[a6f22423-56ff-44ed-9c09-8f5566f5cdf8] Try to connect to server on start up, server: {serverIp = '116.62.71.84', server main port = 8848}
2024-02-13 19:57:10 |INFO  |main |LoggerUtils.java:60 |com.alibaba.nacos.common.remote.client |[a6f22423-56ff-44ed-9c09-8f5566f5cdf8] Success to connect to server [116.62.71.84:8848] on start up, connectionId = 1707825430784_223.150.228.133_15823
2024-02-13 19:57:10 |INFO  |com.alibaba.nacos.client.remote.worker |LoggerUtils.java:60 |com.alibaba.nacos.common.remote.client |[a6f22423-56ff-44ed-9c09-8f5566f5cdf8] Notify connected event to listeners.
2024-02-13 19:57:10 |INFO  |main |LoggerUtils.java:60 |com.alibaba.nacos.common.remote.client |[a6f22423-56ff-44ed-9c09-8f5566f5cdf8] Register server push request handler:com.alibaba.nacos.common.remote.client.RpcClient$ConnectResetRequestHandler
2024-02-13 19:57:10 |INFO  |main |LoggerUtils.java:60 |com.alibaba.nacos.common.remote.client |[a6f22423-56ff-44ed-9c09-8f5566f5cdf8] Register server push request handler:com.alibaba.nacos.common.remote.client.RpcClient$$Lambda$757/2072701904
2024-02-13 19:57:11 |WARN  |main |LoadBalancerCacheAutoConfiguration.java:82 |org.springframework.cloud.loadbalancer.config.LoadBalancerCacheAutoConfiguration$LoadBalancerCaffeineWarnLogger |Spring Cloud LoadBalancer is currently working with the default cache. While this cache implementation is useful for development and tests, it's recommended to use Caffeine cache in production.You can switch to using Caffeine cache, by adding it and org.springframework.cache.caffeine.CaffeineCacheManager to the classpath.
2024-02-13 19:57:11 |WARN  |main |TableInfoHelper.java:423 |com.baomidou.mybatisplus.core.metadata.TableInfoHelper |This primary key of "id" is primitive !不建议如此请使用包装类 in Class: "ljl.entity.notice.dynamic.DynamicToUser"
2024-02-13 19:57:12 |INFO  |main |DirectJDKLog.java:173 |org.apache.coyote.http11.Http11NioProtocol |Starting ProtocolHandler ["http-nio-1688"]
2024-02-13 19:57:12 |INFO  |main |TomcatWebServer.java:220 |org.springframework.boot.web.embedded.tomcat.TomcatWebServer |Tomcat started on port(s): 1688 (http) with context path ''
2024-02-13 19:57:12 |INFO  |main |NacosServiceRegistry.java:65 |com.alibaba.cloud.nacos.registry.NacosServiceRegistry |nacos registry, DEFAULT_GROUP chat 192.168.1.24:1688 register finished
2024-02-13 19:57:12 |INFO  |main |DocumentationPluginsBootstrapper.java:93 |springfox.documentation.spring.web.plugins.DocumentationPluginsBootstrapper |Documentation plugins bootstrapped
2024-02-13 19:57:12 |INFO  |main |AbstractDocumentationPluginsBootstrapper.java:79 |springfox.documentation.spring.web.plugins.DocumentationPluginsBootstrapper |Found 1 custom documentation plugin(s)
2024-02-13 19:57:12 |INFO  |main |ApiListingReferenceScanner.java:44 |springfox.documentation.spring.web.scanners.ApiListingReferenceScanner |Scanning for api listing references
2024-02-13 19:57:13 |INFO  |main |StartupInfoLogger.java:61 |ljl.bilibili.ChatApplication |Started ChatApplication in 10.708 seconds (JVM running for 12.031)
2024-02-13 19:57:24 |INFO  |http-nio-1688-exec-1 |DirectJDKLog.java:173 |org.apache.catalina.core.ContainerBase.[Tomcat].[localhost].[/] |Initializing Spring DispatcherServlet 'dispatcherServlet'
2024-02-13 19:57:24 |INFO  |http-nio-1688-exec-1 |FrameworkServlet.java:525 |org.springframework.web.servlet.DispatcherServlet |Initializing Servlet 'dispatcherServlet'
2024-02-13 19:57:24 |INFO  |http-nio-1688-exec-1 |FrameworkServlet.java:547 |org.springframework.web.servlet.DispatcherServlet |Completed initialization in 6 ms
2024-02-13 19:57:24 |INFO  |http-nio-1688-exec-1 |DruidDataSource.java:975 |com.alibaba.druid.pool.DruidDataSource |{dataSource-1} inited
2024-02-13 20:03:24 |INFO  |Thread-20 |TimeBasedFilter.java:24 |ljl.filter.TimeBasedFilter |






2024-02-13 20:03:24 |INFO  |Thread-17 |TimeBasedFilter.java:24 |ljl.filter.TimeBasedFilter |






2024-02-13 20:03:24 |WARN  |Thread-20 |HttpClientBeanHolder.java:108 |com.alibaba.nacos.common.http.HttpClientBeanHolder |[HttpClientBeanHolder] Start destroying common HttpClient
2024-02-13 20:03:24 |WARN  |Thread-17 |NotifyCenter.java:136 |com.alibaba.nacos.common.notify.NotifyCenter |[NotifyCenter] Start destroying Publisher
2024-02-13 20:03:24 |WARN  |Thread-17 |NotifyCenter.java:153 |com.alibaba.nacos.common.notify.NotifyCenter |[NotifyCenter] Destruction of the end
2024-02-13 20:03:24 |WARN  |Thread-20 |HttpClientBeanHolder.java:114 |com.alibaba.nacos.common.http.HttpClientBeanHolder |[HttpClientBeanHolder] Destruction of the end
2024-02-13 20:03:24 |INFO  |SpringApplicationShutdownHook |NacosServiceRegistry.java:80 |com.alibaba.cloud.nacos.registry.NacosServiceRegistry |De-registering from Nacos Server now...
2024-02-13 20:03:24 |INFO  |SpringApplicationShutdownHook |NacosServiceRegistry.java:100 |com.alibaba.cloud.nacos.registry.NacosServiceRegistry |De-registration finished.
2024-02-13 20:03:24 |INFO  |SpringApplicationShutdownHook |DruidDataSource.java:2063 |com.alibaba.druid.pool.DruidDataSource |{dataSource-1} closing ...
2024-02-13 20:03:24 |INFO  |SpringApplicationShutdownHook |DruidDataSource.java:2136 |com.alibaba.druid.pool.DruidDataSource |{dataSource-1} closed
2024-02-13 20:03:39 |INFO  |main |StartupInfoLogger.java:55 |ljl.bilibili.ChatApplication |Starting ChatApplication using Java 1.8.0_65 on DESKTOP-4C1V07J with PID 12400 (E:\bilibili\chat\target\classes started by Administrator in E:\bilibili)
2024-02-13 20:03:39 |INFO  |main |SpringApplication.java:645 |ljl.bilibili.ChatApplication |No active profile set, falling back to 1 default profile: "default"
2024-02-13 20:03:42 |INFO  |main |GenericScope.java:283 |org.springframework.cloud.context.scope.GenericScope |BeanFactory id=ffe17f71-4052-30d8-8f86-19873343bbd3
2024-02-13 20:03:43 |INFO  |main |TomcatWebServer.java:108 |org.springframework.boot.web.embedded.tomcat.TomcatWebServer |Tomcat initialized with port(s): 1688 (http)
2024-02-13 20:03:43 |INFO  |main |DirectJDKLog.java:173 |org.apache.coyote.http11.Http11NioProtocol |Initializing ProtocolHandler ["http-nio-1688"]
2024-02-13 20:03:43 |INFO  |main |DirectJDKLog.java:173 |org.apache.catalina.core.StandardService |Starting service [Tomcat]
2024-02-13 20:03:43 |INFO  |main |DirectJDKLog.java:173 |org.apache.catalina.core.StandardEngine |Starting Servlet engine: [Apache Tomcat/9.0.65]
2024-02-13 20:03:43 |INFO  |main |DirectJDKLog.java:173 |org.apache.catalina.core.ContainerBase.[Tomcat].[localhost].[/] |Initializing Spring embedded WebApplicationContext
2024-02-13 20:03:43 |INFO  |main |ServletWebServerApplicationContext.java:290 |org.springframework.boot.web.servlet.context.ServletWebServerApplicationContext |Root WebApplicationContext: initialization completed in 3843 ms
2024-02-13 20:03:43 |INFO  |main |MybatisPlusJoinAutoConfiguration.java:140 |com.github.yulichang.autoconfigure.MybatisPlusJoinAutoConfiguration |mybatis plus join properties config complete
2024-02-13 20:03:43 |INFO  |main |MybatisPlusJoinAutoConfiguration.java:140 |com.github.yulichang.autoconfigure.MybatisPlusJoinAutoConfiguration |mybatis plus join SqlInjector init
2024-02-13 20:03:45 |INFO  |main |BigModel.java:229 |ljl.chat.handler.BigModelHandler |执行@PostConstruct方法
2024-02-13 20:03:45 |INFO  |main |BigModel.java:237 |ljl.chat.handler.BigModelHandler |WebSocket连接请求已发送
2024-02-13 20:03:46 |INFO  |main |WebMvcPropertySourcedRequestMappingHandlerMapping.java:69 |springfox.documentation.spring.web.WebMvcPropertySourcedRequestMappingHandlerMapping |Mapped URL path [/v2/api-docs] onto method [springfox.documentation.swagger2.web.Swagger2ControllerWebMvc#getDocumentation(String, HttpServletRequest)]
2024-02-13 20:03:47 |INFO  |main |RpcClientFactory.java:80 |com.alibaba.nacos.common.remote.client |[RpcClientFactory] create a new rpc client of 8883c760-e3c1-4541-a57c-1fc577a1439c
2024-02-13 20:03:47 |INFO  |main |Reflections.java:232 |org.reflections.Reflections |Reflections took 81 ms to scan 1 urls, producing 3 keys and 6 values 
2024-02-13 20:03:47 |INFO  |main |Reflections.java:232 |org.reflections.Reflections |Reflections took 79 ms to scan 1 urls, producing 4 keys and 9 values 
2024-02-13 20:03:47 |INFO  |main |Reflections.java:232 |org.reflections.Reflections |Reflections took 54 ms to scan 1 urls, producing 3 keys and 10 values 
2024-02-13 20:03:47 |INFO  |main |Reflections.java:232 |org.reflections.Reflections |Reflections took 222 ms to scan 161 urls, producing 0 keys and 0 values 
2024-02-13 20:03:47 |INFO  |main |Reflections.java:232 |org.reflections.Reflections |Reflections took 11 ms to scan 1 urls, producing 1 keys and 5 values 
2024-02-13 20:03:47 |INFO  |main |Reflections.java:232 |org.reflections.Reflections |Reflections took 24 ms to scan 1 urls, producing 1 keys and 7 values 
2024-02-13 20:03:47 |INFO  |main |Reflections.java:232 |org.reflections.Reflections |Reflections took 12 ms to scan 1 urls, producing 2 keys and 8 values 
2024-02-13 20:03:47 |INFO  |main |Reflections.java:232 |org.reflections.Reflections |Reflections took 194 ms to scan 161 urls, producing 0 keys and 0 values 
2024-02-13 20:03:47 |INFO  |main |LoggerUtils.java:60 |com.alibaba.nacos.common.remote.client |[8883c760-e3c1-4541-a57c-1fc577a1439c] RpcClient init label, labels = {module=naming, source=sdk}
2024-02-13 20:03:47 |INFO  |main |LoggerUtils.java:60 |com.alibaba.nacos.common.remote.client |[8883c760-e3c1-4541-a57c-1fc577a1439c] RpcClient init, ServerListFactory = com.alibaba.nacos.client.naming.core.ServerListManager
2024-02-13 20:03:47 |INFO  |main |LoggerUtils.java:60 |com.alibaba.nacos.common.remote.client |[8883c760-e3c1-4541-a57c-1fc577a1439c] Registry connection listener to current client:com.alibaba.nacos.client.naming.remote.gprc.redo.NamingGrpcRedoService
2024-02-13 20:03:47 |INFO  |main |LoggerUtils.java:60 |com.alibaba.nacos.common.remote.client |[8883c760-e3c1-4541-a57c-1fc577a1439c] Register server push request handler:com.alibaba.nacos.client.naming.remote.gprc.NamingPushRequestHandler
2024-02-13 20:03:47 |INFO  |main |LoggerUtils.java:60 |com.alibaba.nacos.common.remote.client |[8883c760-e3c1-4541-a57c-1fc577a1439c] Try to connect to server on start up, server: {serverIp = '116.62.71.84', server main port = 8848}
2024-02-13 20:03:49 |INFO  |main |LoggerUtils.java:60 |com.alibaba.nacos.common.remote.client |[8883c760-e3c1-4541-a57c-1fc577a1439c] Success to connect to server [116.62.71.84:8848] on start up, connectionId = 1707825829337_223.150.228.133_15943
2024-02-13 20:03:49 |INFO  |com.alibaba.nacos.client.remote.worker |LoggerUtils.java:60 |com.alibaba.nacos.common.remote.client |[8883c760-e3c1-4541-a57c-1fc577a1439c] Notify connected event to listeners.
2024-02-13 20:03:49 |INFO  |main |LoggerUtils.java:60 |com.alibaba.nacos.common.remote.client |[8883c760-e3c1-4541-a57c-1fc577a1439c] Register server push request handler:com.alibaba.nacos.common.remote.client.RpcClient$ConnectResetRequestHandler
2024-02-13 20:03:49 |INFO  |main |LoggerUtils.java:60 |com.alibaba.nacos.common.remote.client |[8883c760-e3c1-4541-a57c-1fc577a1439c] Register server push request handler:com.alibaba.nacos.common.remote.client.RpcClient$$Lambda$757/2072701904
2024-02-13 20:03:49 |WARN  |main |LoadBalancerCacheAutoConfiguration.java:82 |org.springframework.cloud.loadbalancer.config.LoadBalancerCacheAutoConfiguration$LoadBalancerCaffeineWarnLogger |Spring Cloud LoadBalancer is currently working with the default cache. While this cache implementation is useful for development and tests, it's recommended to use Caffeine cache in production.You can switch to using Caffeine cache, by adding it and org.springframework.cache.caffeine.CaffeineCacheManager to the classpath.
2024-02-13 20:03:49 |WARN  |main |TableInfoHelper.java:423 |com.baomidou.mybatisplus.core.metadata.TableInfoHelper |This primary key of "id" is primitive !不建议如此请使用包装类 in Class: "ljl.entity.notice.dynamic.DynamicToUser"
2024-02-13 20:03:50 |INFO  |main |DirectJDKLog.java:173 |org.apache.coyote.http11.Http11NioProtocol |Starting ProtocolHandler ["http-nio-1688"]
2024-02-13 20:03:50 |INFO  |main |TomcatWebServer.java:220 |org.springframework.boot.web.embedded.tomcat.TomcatWebServer |Tomcat started on port(s): 1688 (http) with context path ''
2024-02-13 20:03:50 |INFO  |main |NacosServiceRegistry.java:65 |com.alibaba.cloud.nacos.registry.NacosServiceRegistry |nacos registry, DEFAULT_GROUP chat 192.168.1.24:1688 register finished
2024-02-13 20:03:51 |INFO  |main |DocumentationPluginsBootstrapper.java:93 |springfox.documentation.spring.web.plugins.DocumentationPluginsBootstrapper |Documentation plugins bootstrapped
2024-02-13 20:03:51 |INFO  |main |AbstractDocumentationPluginsBootstrapper.java:79 |springfox.documentation.spring.web.plugins.DocumentationPluginsBootstrapper |Found 1 custom documentation plugin(s)
2024-02-13 20:03:51 |INFO  |main |ApiListingReferenceScanner.java:44 |springfox.documentation.spring.web.scanners.ApiListingReferenceScanner |Scanning for api listing references
2024-02-13 20:03:51 |INFO  |main |StartupInfoLogger.java:61 |ljl.bilibili.ChatApplication |Started ChatApplication in 12.648 seconds (JVM running for 14.213)
2024-02-13 20:04:07 |INFO  |http-nio-1688-exec-1 |DirectJDKLog.java:173 |org.apache.catalina.core.ContainerBase.[Tomcat].[localhost].[/] |Initializing Spring DispatcherServlet 'dispatcherServlet'
2024-02-13 20:04:07 |INFO  |http-nio-1688-exec-1 |FrameworkServlet.java:525 |org.springframework.web.servlet.DispatcherServlet |Initializing Servlet 'dispatcherServlet'
2024-02-13 20:04:07 |INFO  |http-nio-1688-exec-1 |FrameworkServlet.java:547 |org.springframework.web.servlet.DispatcherServlet |Completed initialization in 2 ms
2024-02-13 20:04:16 |INFO  |http-nio-1688-exec-5 |DruidDataSource.java:975 |com.alibaba.druid.pool.DruidDataSource |{dataSource-1} inited
2024-02-13 20:20:16 |INFO  |Thread-22 |TimeBasedFilter.java:24 |ljl.filter.TimeBasedFilter |






2024-02-13 20:20:16 |WARN  |Thread-22 |HttpClientBeanHolder.java:108 |com.alibaba.nacos.common.http.HttpClientBeanHolder |[HttpClientBeanHolder] Start destroying common HttpClient
2024-02-13 20:20:16 |INFO  |Thread-19 |TimeBasedFilter.java:24 |ljl.filter.TimeBasedFilter |






2024-02-13 20:20:16 |WARN  |Thread-19 |NotifyCenter.java:136 |com.alibaba.nacos.common.notify.NotifyCenter |[NotifyCenter] Start destroying Publisher
2024-02-13 20:20:16 |WARN  |Thread-19 |NotifyCenter.java:153 |com.alibaba.nacos.common.notify.NotifyCenter |[NotifyCenter] Destruction of the end
2024-02-13 20:20:16 |WARN  |Thread-22 |HttpClientBeanHolder.java:114 |com.alibaba.nacos.common.http.HttpClientBeanHolder |[HttpClientBeanHolder] Destruction of the end
2024-02-13 20:20:16 |INFO  |SpringApplicationShutdownHook |NacosServiceRegistry.java:80 |com.alibaba.cloud.nacos.registry.NacosServiceRegistry |De-registering from Nacos Server now...
2024-02-13 20:20:16 |INFO  |SpringApplicationShutdownHook |NacosServiceRegistry.java:100 |com.alibaba.cloud.nacos.registry.NacosServiceRegistry |De-registration finished.
2024-02-13 20:20:16 |INFO  |SpringApplicationShutdownHook |DruidDataSource.java:2063 |com.alibaba.druid.pool.DruidDataSource |{dataSource-1} closing ...
2024-02-13 20:20:17 |INFO  |SpringApplicationShutdownHook |DruidDataSource.java:2136 |com.alibaba.druid.pool.DruidDataSource |{dataSource-1} closed
2024-02-13 20:20:34 |INFO  |main |StartupInfoLogger.java:55 |ljl.bilibili.ChatApplication |Starting ChatApplication using Java 1.8.0_65 on DESKTOP-4C1V07J with PID 2140 (E:\bilibili\chat\target\classes started by Administrator in E:\bilibili)
2024-02-13 20:20:34 |INFO  |main |SpringApplication.java:645 |ljl.bilibili.ChatApplication |No active profile set, falling back to 1 default profile: "default"
2024-02-13 20:20:36 |INFO  |main |GenericScope.java:283 |org.springframework.cloud.context.scope.GenericScope |BeanFactory id=2e84ca4e-7657-3e0f-98ae-eb70903855fe
2024-02-13 20:20:36 |INFO  |main |TomcatWebServer.java:108 |org.springframework.boot.web.embedded.tomcat.TomcatWebServer |Tomcat initialized with port(s): 1688 (http)
2024-02-13 20:20:36 |INFO  |main |DirectJDKLog.java:173 |org.apache.coyote.http11.Http11NioProtocol |Initializing ProtocolHandler ["http-nio-1688"]
2024-02-13 20:20:36 |INFO  |main |DirectJDKLog.java:173 |org.apache.catalina.core.StandardService |Starting service [Tomcat]
2024-02-13 20:20:36 |INFO  |main |DirectJDKLog.java:173 |org.apache.catalina.core.StandardEngine |Starting Servlet engine: [Apache Tomcat/9.0.65]
2024-02-13 20:20:36 |INFO  |main |DirectJDKLog.java:173 |org.apache.catalina.core.ContainerBase.[Tomcat].[localhost].[/] |Initializing Spring embedded WebApplicationContext
2024-02-13 20:20:36 |INFO  |main |ServletWebServerApplicationContext.java:290 |org.springframework.boot.web.servlet.context.ServletWebServerApplicationContext |Root WebApplicationContext: initialization completed in 2308 ms
2024-02-13 20:20:36 |INFO  |main |MybatisPlusJoinAutoConfiguration.java:140 |com.github.yulichang.autoconfigure.MybatisPlusJoinAutoConfiguration |mybatis plus join properties config complete
2024-02-13 20:20:37 |INFO  |main |MybatisPlusJoinAutoConfiguration.java:140 |com.github.yulichang.autoconfigure.MybatisPlusJoinAutoConfiguration |mybatis plus join SqlInjector init
2024-02-13 20:20:39 |INFO  |main |WebMvcPropertySourcedRequestMappingHandlerMapping.java:69 |springfox.documentation.spring.web.WebMvcPropertySourcedRequestMappingHandlerMapping |Mapped URL path [/v2/api-docs] onto method [springfox.documentation.swagger2.web.Swagger2ControllerWebMvc#getDocumentation(String, HttpServletRequest)]
2024-02-13 20:20:39 |INFO  |main |RpcClientFactory.java:80 |com.alibaba.nacos.common.remote.client |[RpcClientFactory] create a new rpc client of d2d89d9b-77c9-4ba4-874a-81e64e24d2f2
2024-02-13 20:20:39 |INFO  |main |Reflections.java:232 |org.reflections.Reflections |Reflections took 35 ms to scan 1 urls, producing 3 keys and 6 values 
2024-02-13 20:20:39 |INFO  |main |Reflections.java:232 |org.reflections.Reflections |Reflections took 19 ms to scan 1 urls, producing 4 keys and 9 values 
2024-02-13 20:20:39 |INFO  |main |Reflections.java:232 |org.reflections.Reflections |Reflections took 16 ms to scan 1 urls, producing 3 keys and 10 values 
2024-02-13 20:20:40 |INFO  |main |Reflections.java:232 |org.reflections.Reflections |Reflections took 155 ms to scan 161 urls, producing 0 keys and 0 values 
2024-02-13 20:20:40 |INFO  |main |Reflections.java:232 |org.reflections.Reflections |Reflections took 10 ms to scan 1 urls, producing 1 keys and 5 values 
2024-02-13 20:20:40 |INFO  |main |Reflections.java:232 |org.reflections.Reflections |Reflections took 11 ms to scan 1 urls, producing 1 keys and 7 values 
2024-02-13 20:20:40 |INFO  |main |Reflections.java:232 |org.reflections.Reflections |Reflections took 11 ms to scan 1 urls, producing 2 keys and 8 values 
2024-02-13 20:20:40 |INFO  |main |Reflections.java:232 |org.reflections.Reflections |Reflections took 109 ms to scan 161 urls, producing 0 keys and 0 values 
2024-02-13 20:20:40 |INFO  |main |LoggerUtils.java:60 |com.alibaba.nacos.common.remote.client |[d2d89d9b-77c9-4ba4-874a-81e64e24d2f2] RpcClient init label, labels = {module=naming, source=sdk}
2024-02-13 20:20:40 |INFO  |main |LoggerUtils.java:60 |com.alibaba.nacos.common.remote.client |[d2d89d9b-77c9-4ba4-874a-81e64e24d2f2] RpcClient init, ServerListFactory = com.alibaba.nacos.client.naming.core.ServerListManager
2024-02-13 20:20:40 |INFO  |main |LoggerUtils.java:60 |com.alibaba.nacos.common.remote.client |[d2d89d9b-77c9-4ba4-874a-81e64e24d2f2] Registry connection listener to current client:com.alibaba.nacos.client.naming.remote.gprc.redo.NamingGrpcRedoService
2024-02-13 20:20:40 |INFO  |main |LoggerUtils.java:60 |com.alibaba.nacos.common.remote.client |[d2d89d9b-77c9-4ba4-874a-81e64e24d2f2] Register server push request handler:com.alibaba.nacos.client.naming.remote.gprc.NamingPushRequestHandler
2024-02-13 20:20:40 |INFO  |main |LoggerUtils.java:60 |com.alibaba.nacos.common.remote.client |[d2d89d9b-77c9-4ba4-874a-81e64e24d2f2] Try to connect to server on start up, server: {serverIp = '116.62.71.84', server main port = 8848}
2024-02-13 20:20:41 |INFO  |main |LoggerUtils.java:60 |com.alibaba.nacos.common.remote.client |[d2d89d9b-77c9-4ba4-874a-81e64e24d2f2] Success to connect to server [116.62.71.84:8848] on start up, connectionId = 1707826841438_223.150.228.133_16455
2024-02-13 20:20:41 |INFO  |com.alibaba.nacos.client.remote.worker |LoggerUtils.java:60 |com.alibaba.nacos.common.remote.client |[d2d89d9b-77c9-4ba4-874a-81e64e24d2f2] Notify connected event to listeners.
2024-02-13 20:20:41 |INFO  |main |LoggerUtils.java:60 |com.alibaba.nacos.common.remote.client |[d2d89d9b-77c9-4ba4-874a-81e64e24d2f2] Register server push request handler:com.alibaba.nacos.common.remote.client.RpcClient$ConnectResetRequestHandler
2024-02-13 20:20:41 |INFO  |main |LoggerUtils.java:60 |com.alibaba.nacos.common.remote.client |[d2d89d9b-77c9-4ba4-874a-81e64e24d2f2] Register server push request handler:com.alibaba.nacos.common.remote.client.RpcClient$$Lambda$753/1038585959
2024-02-13 20:20:42 |WARN  |main |LoadBalancerCacheAutoConfiguration.java:82 |org.springframework.cloud.loadbalancer.config.LoadBalancerCacheAutoConfiguration$LoadBalancerCaffeineWarnLogger |Spring Cloud LoadBalancer is currently working with the default cache. While this cache implementation is useful for development and tests, it's recommended to use Caffeine cache in production.You can switch to using Caffeine cache, by adding it and org.springframework.cache.caffeine.CaffeineCacheManager to the classpath.
2024-02-13 20:20:42 |WARN  |main |TableInfoHelper.java:423 |com.baomidou.mybatisplus.core.metadata.TableInfoHelper |This primary key of "id" is primitive !不建议如此请使用包装类 in Class: "ljl.entity.notice.dynamic.DynamicToUser"
2024-02-13 20:20:42 |INFO  |main |DirectJDKLog.java:173 |org.apache.coyote.http11.Http11NioProtocol |Starting ProtocolHandler ["http-nio-1688"]
2024-02-13 20:20:42 |INFO  |main |TomcatWebServer.java:220 |org.springframework.boot.web.embedded.tomcat.TomcatWebServer |Tomcat started on port(s): 1688 (http) with context path ''
2024-02-13 20:20:43 |INFO  |main |NacosServiceRegistry.java:65 |com.alibaba.cloud.nacos.registry.NacosServiceRegistry |nacos registry, DEFAULT_GROUP chat 192.168.1.24:1688 register finished
2024-02-13 20:20:43 |INFO  |main |DocumentationPluginsBootstrapper.java:93 |springfox.documentation.spring.web.plugins.DocumentationPluginsBootstrapper |Documentation plugins bootstrapped
2024-02-13 20:20:43 |INFO  |main |AbstractDocumentationPluginsBootstrapper.java:79 |springfox.documentation.spring.web.plugins.DocumentationPluginsBootstrapper |Found 1 custom documentation plugin(s)
2024-02-13 20:20:43 |INFO  |main |ApiListingReferenceScanner.java:44 |springfox.documentation.spring.web.scanners.ApiListingReferenceScanner |Scanning for api listing references
2024-02-13 20:20:43 |INFO  |main |StartupInfoLogger.java:61 |ljl.bilibili.ChatApplication |Started ChatApplication in 10.088 seconds (JVM running for 11.302)
2024-02-13 23:20:44 |INFO  |Thread-21 |TimeBasedFilter.java:24 |ljl.filter.TimeBasedFilter |






2024-02-13 23:20:44 |INFO  |Thread-18 |TimeBasedFilter.java:24 |ljl.filter.TimeBasedFilter |






2024-02-13 23:20:44 |WARN  |Thread-18 |NotifyCenter.java:136 |com.alibaba.nacos.common.notify.NotifyCenter |[NotifyCenter] Start destroying Publisher
2024-02-13 23:20:44 |WARN  |Thread-21 |HttpClientBeanHolder.java:108 |com.alibaba.nacos.common.http.HttpClientBeanHolder |[HttpClientBeanHolder] Start destroying common HttpClient
2024-02-13 23:20:44 |WARN  |Thread-18 |NotifyCenter.java:153 |com.alibaba.nacos.common.notify.NotifyCenter |[NotifyCenter] Destruction of the end
2024-02-13 23:20:44 |WARN  |Thread-21 |HttpClientBeanHolder.java:114 |com.alibaba.nacos.common.http.HttpClientBeanHolder |[HttpClientBeanHolder] Destruction of the end
2024-02-13 23:20:45 |INFO  |SpringApplicationShutdownHook |NacosServiceRegistry.java:80 |com.alibaba.cloud.nacos.registry.NacosServiceRegistry |De-registering from Nacos Server now...
2024-02-13 23:20:45 |INFO  |SpringApplicationShutdownHook |NacosServiceRegistry.java:100 |com.alibaba.cloud.nacos.registry.NacosServiceRegistry |De-registration finished.
2024-02-13 23:20:45 |INFO  |SpringApplicationShutdownHook |DruidDataSource.java:2063 |com.alibaba.druid.pool.DruidDataSource |{dataSource-0} closing ...
2024-02-13 23:45:35 |INFO  |main |StartupInfoLogger.java:55 |ljl.bilibili.ChatApplication |Starting ChatApplication using Java 1.8.0_65 on DESKTOP-4C1V07J with PID 2508 (E:\bilibili\chat\target\classes started by Administrator in E:\bilibili)
2024-02-13 23:45:35 |INFO  |main |SpringApplication.java:645 |ljl.bilibili.ChatApplication |No active profile set, falling back to 1 default profile: "default"
2024-02-13 23:45:38 |INFO  |main |GenericScope.java:283 |org.springframework.cloud.context.scope.GenericScope |BeanFactory id=2e84ca4e-7657-3e0f-98ae-eb70903855fe
2024-02-13 23:45:39 |INFO  |main |TomcatWebServer.java:108 |org.springframework.boot.web.embedded.tomcat.TomcatWebServer |Tomcat initialized with port(s): 1688 (http)
2024-02-13 23:45:39 |INFO  |main |DirectJDKLog.java:173 |org.apache.coyote.http11.Http11NioProtocol |Initializing ProtocolHandler ["http-nio-1688"]
2024-02-13 23:45:39 |INFO  |main |DirectJDKLog.java:173 |org.apache.catalina.core.StandardService |Starting service [Tomcat]
2024-02-13 23:45:39 |INFO  |main |DirectJDKLog.java:173 |org.apache.catalina.core.StandardEngine |Starting Servlet engine: [Apache Tomcat/9.0.65]
2024-02-13 23:45:39 |INFO  |main |DirectJDKLog.java:173 |org.apache.catalina.core.ContainerBase.[Tomcat].[localhost].[/] |Initializing Spring embedded WebApplicationContext
2024-02-13 23:45:39 |INFO  |main |ServletWebServerApplicationContext.java:290 |org.springframework.boot.web.servlet.context.ServletWebServerApplicationContext |Root WebApplicationContext: initialization completed in 3531 ms
2024-02-13 23:45:39 |INFO  |main |MybatisPlusJoinAutoConfiguration.java:140 |com.github.yulichang.autoconfigure.MybatisPlusJoinAutoConfiguration |mybatis plus join properties config complete
2024-02-13 23:45:40 |INFO  |main |MybatisPlusJoinAutoConfiguration.java:140 |com.github.yulichang.autoconfigure.MybatisPlusJoinAutoConfiguration |mybatis plus join SqlInjector init
2024-02-13 23:45:41 |INFO  |main |WebMvcPropertySourcedRequestMappingHandlerMapping.java:69 |springfox.documentation.spring.web.WebMvcPropertySourcedRequestMappingHandlerMapping |Mapped URL path [/v2/api-docs] onto method [springfox.documentation.swagger2.web.Swagger2ControllerWebMvc#getDocumentation(String, HttpServletRequest)]
2024-02-13 23:45:42 |INFO  |main |RpcClientFactory.java:80 |com.alibaba.nacos.common.remote.client |[RpcClientFactory] create a new rpc client of 40eff9a6-7582-4b31-b53b-4bc127d070b5
2024-02-13 23:45:42 |INFO  |main |Reflections.java:232 |org.reflections.Reflections |Reflections took 84 ms to scan 1 urls, producing 3 keys and 6 values 
2024-02-13 23:45:42 |INFO  |main |Reflections.java:232 |org.reflections.Reflections |Reflections took 29 ms to scan 1 urls, producing 4 keys and 9 values 
2024-02-13 23:45:42 |INFO  |main |Reflections.java:232 |org.reflections.Reflections |Reflections took 16 ms to scan 1 urls, producing 3 keys and 10 values 
2024-02-13 23:45:43 |INFO  |main |Reflections.java:232 |org.reflections.Reflections |Reflections took 181 ms to scan 162 urls, producing 0 keys and 0 values 
2024-02-13 23:45:43 |INFO  |main |Reflections.java:232 |org.reflections.Reflections |Reflections took 23 ms to scan 1 urls, producing 1 keys and 5 values 
2024-02-13 23:45:43 |INFO  |main |Reflections.java:232 |org.reflections.Reflections |Reflections took 30 ms to scan 1 urls, producing 1 keys and 7 values 
2024-02-13 23:45:43 |INFO  |main |Reflections.java:232 |org.reflections.Reflections |Reflections took 12 ms to scan 1 urls, producing 2 keys and 8 values 
2024-02-13 23:45:43 |INFO  |main |Reflections.java:232 |org.reflections.Reflections |Reflections took 129 ms to scan 162 urls, producing 0 keys and 0 values 
2024-02-13 23:45:43 |INFO  |main |LoggerUtils.java:60 |com.alibaba.nacos.common.remote.client |[40eff9a6-7582-4b31-b53b-4bc127d070b5] RpcClient init label, labels = {module=naming, source=sdk}
2024-02-13 23:45:43 |INFO  |main |LoggerUtils.java:60 |com.alibaba.nacos.common.remote.client |[40eff9a6-7582-4b31-b53b-4bc127d070b5] RpcClient init, ServerListFactory = com.alibaba.nacos.client.naming.core.ServerListManager
2024-02-13 23:45:43 |INFO  |main |LoggerUtils.java:60 |com.alibaba.nacos.common.remote.client |[40eff9a6-7582-4b31-b53b-4bc127d070b5] Registry connection listener to current client:com.alibaba.nacos.client.naming.remote.gprc.redo.NamingGrpcRedoService
2024-02-13 23:45:43 |INFO  |main |LoggerUtils.java:60 |com.alibaba.nacos.common.remote.client |[40eff9a6-7582-4b31-b53b-4bc127d070b5] Register server push request handler:com.alibaba.nacos.client.naming.remote.gprc.NamingPushRequestHandler
2024-02-13 23:45:43 |INFO  |main |LoggerUtils.java:60 |com.alibaba.nacos.common.remote.client |[40eff9a6-7582-4b31-b53b-4bc127d070b5] Try to connect to server on start up, server: {serverIp = '116.62.71.84', server main port = 8848}
2024-02-13 23:45:50 |INFO  |main |LoggerUtils.java:60 |com.alibaba.nacos.common.remote.client |[40eff9a6-7582-4b31-b53b-4bc127d070b5] Success to connect to server [116.62.71.84:8848] on start up, connectionId = 1707839150104_223.150.228.133_16865
2024-02-13 23:45:50 |INFO  |com.alibaba.nacos.client.remote.worker |LoggerUtils.java:60 |com.alibaba.nacos.common.remote.client |[40eff9a6-7582-4b31-b53b-4bc127d070b5] Notify connected event to listeners.
2024-02-13 23:45:50 |INFO  |main |LoggerUtils.java:60 |com.alibaba.nacos.common.remote.client |[40eff9a6-7582-4b31-b53b-4bc127d070b5] Register server push request handler:com.alibaba.nacos.common.remote.client.RpcClient$ConnectResetRequestHandler
2024-02-13 23:45:50 |INFO  |main |LoggerUtils.java:60 |com.alibaba.nacos.common.remote.client |[40eff9a6-7582-4b31-b53b-4bc127d070b5] Register server push request handler:com.alibaba.nacos.common.remote.client.RpcClient$$Lambda$753/1614556654
2024-02-13 23:45:54 |WARN  |main |LoadBalancerCacheAutoConfiguration.java:82 |org.springframework.cloud.loadbalancer.config.LoadBalancerCacheAutoConfiguration$LoadBalancerCaffeineWarnLogger |Spring Cloud LoadBalancer is currently working with the default cache. While this cache implementation is useful for development and tests, it's recommended to use Caffeine cache in production.You can switch to using Caffeine cache, by adding it and org.springframework.cache.caffeine.CaffeineCacheManager to the classpath.
2024-02-13 23:45:54 |WARN  |main |TableInfoHelper.java:423 |com.baomidou.mybatisplus.core.metadata.TableInfoHelper |This primary key of "id" is primitive !不建议如此请使用包装类 in Class: "ljl.entity.notice.dynamic.DynamicToUser"
2024-02-13 23:45:55 |INFO  |main |DirectJDKLog.java:173 |org.apache.coyote.http11.Http11NioProtocol |Starting ProtocolHandler ["http-nio-1688"]
2024-02-13 23:45:55 |INFO  |main |TomcatWebServer.java:220 |org.springframework.boot.web.embedded.tomcat.TomcatWebServer |Tomcat started on port(s): 1688 (http) with context path ''
2024-02-13 23:45:55 |INFO  |main |NacosServiceRegistry.java:65 |com.alibaba.cloud.nacos.registry.NacosServiceRegistry |nacos registry, DEFAULT_GROUP chat 192.168.1.24:1688 register finished
2024-02-13 23:45:56 |INFO  |main |DocumentationPluginsBootstrapper.java:93 |springfox.documentation.spring.web.plugins.DocumentationPluginsBootstrapper |Documentation plugins bootstrapped
2024-02-13 23:45:56 |INFO  |main |AbstractDocumentationPluginsBootstrapper.java:79 |springfox.documentation.spring.web.plugins.DocumentationPluginsBootstrapper |Found 1 custom documentation plugin(s)
2024-02-13 23:45:56 |INFO  |main |ApiListingReferenceScanner.java:44 |springfox.documentation.spring.web.scanners.ApiListingReferenceScanner |Scanning for api listing references
2024-02-13 23:45:56 |INFO  |main |StartupInfoLogger.java:61 |ljl.bilibili.ChatApplication |Started ChatApplication in 22.296 seconds (JVM running for 26.606)
2024-02-13 23:46:18 |INFO  |http-nio-1688-exec-1 |DirectJDKLog.java:173 |org.apache.catalina.core.ContainerBase.[Tomcat].[localhost].[/] |Initializing Spring DispatcherServlet 'dispatcherServlet'
2024-02-13 23:46:18 |INFO  |http-nio-1688-exec-1 |FrameworkServlet.java:525 |org.springframework.web.servlet.DispatcherServlet |Initializing Servlet 'dispatcherServlet'
2024-02-13 23:46:18 |INFO  |http-nio-1688-exec-1 |FrameworkServlet.java:547 |org.springframework.web.servlet.DispatcherServlet |Completed initialization in 3 ms
2024-02-13 23:48:08 |WARN  |Thread-23 |NotifyCenter.java:136 |com.alibaba.nacos.common.notify.NotifyCenter |[NotifyCenter] Start destroying Publisher
2024-02-13 23:48:08 |WARN  |Thread-23 |NotifyCenter.java:153 |com.alibaba.nacos.common.notify.NotifyCenter |[NotifyCenter] Destruction of the end
2024-02-13 23:48:08 |WARN  |Thread-26 |HttpClientBeanHolder.java:108 |com.alibaba.nacos.common.http.HttpClientBeanHolder |[HttpClientBeanHolder] Start destroying common HttpClient
2024-02-13 23:48:08 |WARN  |Thread-26 |HttpClientBeanHolder.java:114 |com.alibaba.nacos.common.http.HttpClientBeanHolder |[HttpClientBeanHolder] Destruction of the end
2024-02-13 23:48:09 |INFO  |SpringApplicationShutdownHook |NacosServiceRegistry.java:80 |com.alibaba.cloud.nacos.registry.NacosServiceRegistry |De-registering from Nacos Server now...
2024-02-13 23:48:09 |INFO  |SpringApplicationShutdownHook |NacosServiceRegistry.java:100 |com.alibaba.cloud.nacos.registry.NacosServiceRegistry |De-registration finished.
2024-02-13 23:48:09 |INFO  |SpringApplicationShutdownHook |DruidDataSource.java:2063 |com.alibaba.druid.pool.DruidDataSource |{dataSource-0} closing ...
2024-02-13 23:48:21 |INFO  |main |StartupInfoLogger.java:55 |ljl.bilibili.ChatApplication |Starting ChatApplication using Java 1.8.0_65 on DESKTOP-4C1V07J with PID 14032 (E:\bilibili\chat\target\classes started by Administrator in E:\bilibili)
2024-02-13 23:48:21 |INFO  |main |SpringApplication.java:645 |ljl.bilibili.ChatApplication |No active profile set, falling back to 1 default profile: "default"
2024-02-13 23:48:23 |INFO  |main |GenericScope.java:283 |org.springframework.cloud.context.scope.GenericScope |BeanFactory id=2e84ca4e-7657-3e0f-98ae-eb70903855fe
2024-02-13 23:48:24 |INFO  |main |TomcatWebServer.java:108 |org.springframework.boot.web.embedded.tomcat.TomcatWebServer |Tomcat initialized with port(s): 1688 (http)
2024-02-13 23:48:24 |INFO  |main |DirectJDKLog.java:173 |org.apache.coyote.http11.Http11NioProtocol |Initializing ProtocolHandler ["http-nio-1688"]
2024-02-13 23:48:24 |INFO  |main |DirectJDKLog.java:173 |org.apache.catalina.core.StandardService |Starting service [Tomcat]
2024-02-13 23:48:24 |INFO  |main |DirectJDKLog.java:173 |org.apache.catalina.core.StandardEngine |Starting Servlet engine: [Apache Tomcat/9.0.65]
2024-02-13 23:48:24 |INFO  |main |DirectJDKLog.java:173 |org.apache.catalina.core.ContainerBase.[Tomcat].[localhost].[/] |Initializing Spring embedded WebApplicationContext
2024-02-13 23:48:24 |INFO  |main |ServletWebServerApplicationContext.java:290 |org.springframework.boot.web.servlet.context.ServletWebServerApplicationContext |Root WebApplicationContext: initialization completed in 2851 ms
2024-02-13 23:48:24 |INFO  |main |MybatisPlusJoinAutoConfiguration.java:140 |com.github.yulichang.autoconfigure.MybatisPlusJoinAutoConfiguration |mybatis plus join properties config complete
2024-02-13 23:48:25 |INFO  |main |MybatisPlusJoinAutoConfiguration.java:140 |com.github.yulichang.autoconfigure.MybatisPlusJoinAutoConfiguration |mybatis plus join SqlInjector init
2024-02-13 23:48:26 |INFO  |main |WebMvcPropertySourcedRequestMappingHandlerMapping.java:69 |springfox.documentation.spring.web.WebMvcPropertySourcedRequestMappingHandlerMapping |Mapped URL path [/v2/api-docs] onto method [springfox.documentation.swagger2.web.Swagger2ControllerWebMvc#getDocumentation(String, HttpServletRequest)]
2024-02-13 23:48:27 |INFO  |main |RpcClientFactory.java:80 |com.alibaba.nacos.common.remote.client |[RpcClientFactory] create a new rpc client of e4394053-19cc-428a-a90a-69f6d8f6ac08
2024-02-13 23:48:27 |INFO  |main |Reflections.java:232 |org.reflections.Reflections |Reflections took 67 ms to scan 1 urls, producing 3 keys and 6 values 
2024-02-13 23:48:27 |INFO  |main |Reflections.java:232 |org.reflections.Reflections |Reflections took 23 ms to scan 1 urls, producing 4 keys and 9 values 
2024-02-13 23:48:27 |INFO  |main |Reflections.java:232 |org.reflections.Reflections |Reflections took 30 ms to scan 1 urls, producing 3 keys and 10 values 
2024-02-13 23:48:27 |INFO  |main |Reflections.java:232 |org.reflections.Reflections |Reflections took 147 ms to scan 162 urls, producing 0 keys and 0 values 
2024-02-13 23:48:27 |INFO  |main |Reflections.java:232 |org.reflections.Reflections |Reflections took 12 ms to scan 1 urls, producing 1 keys and 5 values 
2024-02-13 23:48:27 |INFO  |main |Reflections.java:232 |org.reflections.Reflections |Reflections took 12 ms to scan 1 urls, producing 1 keys and 7 values 
2024-02-13 23:48:27 |INFO  |main |Reflections.java:232 |org.reflections.Reflections |Reflections took 11 ms to scan 1 urls, producing 2 keys and 8 values 
2024-02-13 23:48:27 |INFO  |main |Reflections.java:232 |org.reflections.Reflections |Reflections took 119 ms to scan 162 urls, producing 0 keys and 0 values 
2024-02-13 23:48:27 |INFO  |main |LoggerUtils.java:60 |com.alibaba.nacos.common.remote.client |[e4394053-19cc-428a-a90a-69f6d8f6ac08] RpcClient init label, labels = {module=naming, source=sdk}
2024-02-13 23:48:27 |INFO  |main |LoggerUtils.java:60 |com.alibaba.nacos.common.remote.client |[e4394053-19cc-428a-a90a-69f6d8f6ac08] RpcClient init, ServerListFactory = com.alibaba.nacos.client.naming.core.ServerListManager
2024-02-13 23:48:27 |INFO  |main |LoggerUtils.java:60 |com.alibaba.nacos.common.remote.client |[e4394053-19cc-428a-a90a-69f6d8f6ac08] Registry connection listener to current client:com.alibaba.nacos.client.naming.remote.gprc.redo.NamingGrpcRedoService
2024-02-13 23:48:27 |INFO  |main |LoggerUtils.java:60 |com.alibaba.nacos.common.remote.client |[e4394053-19cc-428a-a90a-69f6d8f6ac08] Register server push request handler:com.alibaba.nacos.client.naming.remote.gprc.NamingPushRequestHandler
2024-02-13 23:48:27 |INFO  |main |LoggerUtils.java:60 |com.alibaba.nacos.common.remote.client |[e4394053-19cc-428a-a90a-69f6d8f6ac08] Try to connect to server on start up, server: {serverIp = '116.62.71.84', server main port = 8848}
2024-02-13 23:48:38 |INFO  |main |LoggerUtils.java:60 |com.alibaba.nacos.common.remote.client |[e4394053-19cc-428a-a90a-69f6d8f6ac08] Success to connect to server [116.62.71.84:8848] on start up, connectionId = 1707839318554_223.150.228.133_17115
2024-02-13 23:48:38 |INFO  |com.alibaba.nacos.client.remote.worker |LoggerUtils.java:60 |com.alibaba.nacos.common.remote.client |[e4394053-19cc-428a-a90a-69f6d8f6ac08] Notify connected event to listeners.
2024-02-13 23:48:38 |INFO  |main |LoggerUtils.java:60 |com.alibaba.nacos.common.remote.client |[e4394053-19cc-428a-a90a-69f6d8f6ac08] Register server push request handler:com.alibaba.nacos.common.remote.client.RpcClient$ConnectResetRequestHandler
2024-02-13 23:48:38 |INFO  |main |LoggerUtils.java:60 |com.alibaba.nacos.common.remote.client |[e4394053-19cc-428a-a90a-69f6d8f6ac08] Register server push request handler:com.alibaba.nacos.common.remote.client.RpcClient$$Lambda$753/1442249061
2024-02-13 23:48:39 |WARN  |main |LoadBalancerCacheAutoConfiguration.java:82 |org.springframework.cloud.loadbalancer.config.LoadBalancerCacheAutoConfiguration$LoadBalancerCaffeineWarnLogger |Spring Cloud LoadBalancer is currently working with the default cache. While this cache implementation is useful for development and tests, it's recommended to use Caffeine cache in production.You can switch to using Caffeine cache, by adding it and org.springframework.cache.caffeine.CaffeineCacheManager to the classpath.
2024-02-13 23:48:39 |WARN  |main |TableInfoHelper.java:423 |com.baomidou.mybatisplus.core.metadata.TableInfoHelper |This primary key of "id" is primitive !不建议如此请使用包装类 in Class: "ljl.entity.notice.dynamic.DynamicToUser"
2024-02-13 23:48:39 |INFO  |main |DirectJDKLog.java:173 |org.apache.coyote.http11.Http11NioProtocol |Starting ProtocolHandler ["http-nio-1688"]
2024-02-13 23:48:39 |INFO  |main |TomcatWebServer.java:220 |org.springframework.boot.web.embedded.tomcat.TomcatWebServer |Tomcat started on port(s): 1688 (http) with context path ''
2024-02-13 23:48:39 |INFO  |main |NacosServiceRegistry.java:65 |com.alibaba.cloud.nacos.registry.NacosServiceRegistry |nacos registry, DEFAULT_GROUP chat 192.168.1.24:1688 register finished
2024-02-13 23:48:40 |INFO  |main |DocumentationPluginsBootstrapper.java:93 |springfox.documentation.spring.web.plugins.DocumentationPluginsBootstrapper |Documentation plugins bootstrapped
2024-02-13 23:48:40 |INFO  |main |AbstractDocumentationPluginsBootstrapper.java:79 |springfox.documentation.spring.web.plugins.DocumentationPluginsBootstrapper |Found 1 custom documentation plugin(s)
2024-02-13 23:48:40 |INFO  |main |ApiListingReferenceScanner.java:44 |springfox.documentation.spring.web.scanners.ApiListingReferenceScanner |Scanning for api listing references
2024-02-13 23:48:40 |INFO  |main |StartupInfoLogger.java:61 |ljl.bilibili.ChatApplication |Started ChatApplication in 19.792 seconds (JVM running for 21.519)
2024-02-13 23:48:55 |INFO  |http-nio-1688-exec-2 |DirectJDKLog.java:173 |org.apache.catalina.core.ContainerBase.[Tomcat].[localhost].[/] |Initializing Spring DispatcherServlet 'dispatcherServlet'
2024-02-13 23:48:55 |INFO  |http-nio-1688-exec-2 |FrameworkServlet.java:525 |org.springframework.web.servlet.DispatcherServlet |Initializing Servlet 'dispatcherServlet'
2024-02-13 23:48:55 |INFO  |http-nio-1688-exec-2 |FrameworkServlet.java:547 |org.springframework.web.servlet.DispatcherServlet |Completed initialization in 2 ms
2024-02-13 23:51:46 |WARN  |Thread-21 |HttpClientBeanHolder.java:108 |com.alibaba.nacos.common.http.HttpClientBeanHolder |[HttpClientBeanHolder] Start destroying common HttpClient
2024-02-13 23:51:46 |WARN  |Thread-18 |NotifyCenter.java:136 |com.alibaba.nacos.common.notify.NotifyCenter |[NotifyCenter] Start destroying Publisher
2024-02-13 23:51:46 |WARN  |Thread-18 |NotifyCenter.java:153 |com.alibaba.nacos.common.notify.NotifyCenter |[NotifyCenter] Destruction of the end
2024-02-13 23:51:46 |WARN  |Thread-21 |HttpClientBeanHolder.java:114 |com.alibaba.nacos.common.http.HttpClientBeanHolder |[HttpClientBeanHolder] Destruction of the end
2024-02-13 23:51:47 |INFO  |SpringApplicationShutdownHook |NacosServiceRegistry.java:80 |com.alibaba.cloud.nacos.registry.NacosServiceRegistry |De-registering from Nacos Server now...
2024-02-13 23:51:47 |INFO  |SpringApplicationShutdownHook |NacosServiceRegistry.java:100 |com.alibaba.cloud.nacos.registry.NacosServiceRegistry |De-registration finished.
2024-02-13 23:51:47 |INFO  |SpringApplicationShutdownHook |DruidDataSource.java:2063 |com.alibaba.druid.pool.DruidDataSource |{dataSource-0} closing ...
2024-02-13 23:52:15 |INFO  |main |StartupInfoLogger.java:55 |ljl.bilibili.ChatApplication |Starting ChatApplication using Java 1.8.0_65 on DESKTOP-4C1V07J with PID 13660 (E:\bilibili\chat\target\classes started by Administrator in E:\bilibili)
2024-02-13 23:52:15 |INFO  |main |SpringApplication.java:645 |ljl.bilibili.ChatApplication |No active profile set, falling back to 1 default profile: "default"
2024-02-13 23:52:19 |INFO  |main |GenericScope.java:283 |org.springframework.cloud.context.scope.GenericScope |BeanFactory id=2e84ca4e-7657-3e0f-98ae-eb70903855fe
2024-02-13 23:52:20 |INFO  |main |TomcatWebServer.java:108 |org.springframework.boot.web.embedded.tomcat.TomcatWebServer |Tomcat initialized with port(s): 1688 (http)
2024-02-13 23:52:20 |INFO  |main |DirectJDKLog.java:173 |org.apache.coyote.http11.Http11NioProtocol |Initializing ProtocolHandler ["http-nio-1688"]
2024-02-13 23:52:20 |INFO  |main |DirectJDKLog.java:173 |org.apache.catalina.core.StandardService |Starting service [Tomcat]
2024-02-13 23:52:20 |INFO  |main |DirectJDKLog.java:173 |org.apache.catalina.core.StandardEngine |Starting Servlet engine: [Apache Tomcat/9.0.65]
2024-02-13 23:52:21 |INFO  |main |DirectJDKLog.java:173 |org.apache.catalina.core.ContainerBase.[Tomcat].[localhost].[/] |Initializing Spring embedded WebApplicationContext
2024-02-13 23:52:21 |INFO  |main |ServletWebServerApplicationContext.java:290 |org.springframework.boot.web.servlet.context.ServletWebServerApplicationContext |Root WebApplicationContext: initialization completed in 6303 ms
2024-02-13 23:52:22 |INFO  |main |MybatisPlusJoinAutoConfiguration.java:140 |com.github.yulichang.autoconfigure.MybatisPlusJoinAutoConfiguration |mybatis plus join properties config complete
2024-02-13 23:52:22 |INFO  |main |MybatisPlusJoinAutoConfiguration.java:140 |com.github.yulichang.autoconfigure.MybatisPlusJoinAutoConfiguration |mybatis plus join SqlInjector init
2024-02-13 23:52:24 |INFO  |main |WebMvcPropertySourcedRequestMappingHandlerMapping.java:69 |springfox.documentation.spring.web.WebMvcPropertySourcedRequestMappingHandlerMapping |Mapped URL path [/v2/api-docs] onto method [springfox.documentation.swagger2.web.Swagger2ControllerWebMvc#getDocumentation(String, HttpServletRequest)]
2024-02-13 23:52:25 |INFO  |main |RpcClientFactory.java:80 |com.alibaba.nacos.common.remote.client |[RpcClientFactory] create a new rpc client of 6ba9aa32-8542-4fc3-a66b-a248a386ec44
2024-02-13 23:52:25 |INFO  |main |Reflections.java:232 |org.reflections.Reflections |Reflections took 61 ms to scan 1 urls, producing 3 keys and 6 values 
2024-02-13 23:52:25 |INFO  |main |Reflections.java:232 |org.reflections.Reflections |Reflections took 30 ms to scan 1 urls, producing 4 keys and 9 values 
2024-02-13 23:52:25 |INFO  |main |Reflections.java:232 |org.reflections.Reflections |Reflections took 16 ms to scan 1 urls, producing 3 keys and 10 values 
2024-02-13 23:52:25 |INFO  |main |Reflections.java:232 |org.reflections.Reflections |Reflections took 236 ms to scan 162 urls, producing 0 keys and 0 values 
2024-02-13 23:52:25 |INFO  |main |Reflections.java:232 |org.reflections.Reflections |Reflections took 18 ms to scan 1 urls, producing 1 keys and 5 values 
2024-02-13 23:52:25 |INFO  |main |Reflections.java:232 |org.reflections.Reflections |Reflections took 13 ms to scan 1 urls, producing 1 keys and 7 values 
2024-02-13 23:52:25 |INFO  |main |Reflections.java:232 |org.reflections.Reflections |Reflections took 22 ms to scan 1 urls, producing 2 keys and 8 values 
2024-02-13 23:52:26 |INFO  |main |Reflections.java:232 |org.reflections.Reflections |Reflections took 240 ms to scan 162 urls, producing 0 keys and 0 values 
2024-02-13 23:52:26 |INFO  |main |LoggerUtils.java:60 |com.alibaba.nacos.common.remote.client |[6ba9aa32-8542-4fc3-a66b-a248a386ec44] RpcClient init label, labels = {module=naming, source=sdk}
2024-02-13 23:52:26 |INFO  |main |LoggerUtils.java:60 |com.alibaba.nacos.common.remote.client |[6ba9aa32-8542-4fc3-a66b-a248a386ec44] RpcClient init, ServerListFactory = com.alibaba.nacos.client.naming.core.ServerListManager
2024-02-13 23:52:26 |INFO  |main |LoggerUtils.java:60 |com.alibaba.nacos.common.remote.client |[6ba9aa32-8542-4fc3-a66b-a248a386ec44] Registry connection listener to current client:com.alibaba.nacos.client.naming.remote.gprc.redo.NamingGrpcRedoService
2024-02-13 23:52:26 |INFO  |main |LoggerUtils.java:60 |com.alibaba.nacos.common.remote.client |[6ba9aa32-8542-4fc3-a66b-a248a386ec44] Register server push request handler:com.alibaba.nacos.client.naming.remote.gprc.NamingPushRequestHandler
2024-02-13 23:52:26 |INFO  |main |LoggerUtils.java:60 |com.alibaba.nacos.common.remote.client |[6ba9aa32-8542-4fc3-a66b-a248a386ec44] Try to connect to server on start up, server: {serverIp = '116.62.71.84', server main port = 8848}
2024-02-13 23:52:31 |INFO  |main |LoggerUtils.java:60 |com.alibaba.nacos.common.remote.client |[6ba9aa32-8542-4fc3-a66b-a248a386ec44] Success to connect to server [116.62.71.84:8848] on start up, connectionId = 1707839550939_223.150.228.133_17302
2024-02-13 23:52:31 |INFO  |com.alibaba.nacos.client.remote.worker |LoggerUtils.java:60 |com.alibaba.nacos.common.remote.client |[6ba9aa32-8542-4fc3-a66b-a248a386ec44] Notify connected event to listeners.
2024-02-13 23:52:31 |INFO  |main |LoggerUtils.java:60 |com.alibaba.nacos.common.remote.client |[6ba9aa32-8542-4fc3-a66b-a248a386ec44] Register server push request handler:com.alibaba.nacos.common.remote.client.RpcClient$ConnectResetRequestHandler
2024-02-13 23:52:31 |INFO  |main |LoggerUtils.java:60 |com.alibaba.nacos.common.remote.client |[6ba9aa32-8542-4fc3-a66b-a248a386ec44] Register server push request handler:com.alibaba.nacos.common.remote.client.RpcClient$$Lambda$753/1602363550
2024-02-13 23:52:31 |WARN  |main |LoadBalancerCacheAutoConfiguration.java:82 |org.springframework.cloud.loadbalancer.config.LoadBalancerCacheAutoConfiguration$LoadBalancerCaffeineWarnLogger |Spring Cloud LoadBalancer is currently working with the default cache. While this cache implementation is useful for development and tests, it's recommended to use Caffeine cache in production.You can switch to using Caffeine cache, by adding it and org.springframework.cache.caffeine.CaffeineCacheManager to the classpath.
2024-02-13 23:52:31 |WARN  |main |TableInfoHelper.java:423 |com.baomidou.mybatisplus.core.metadata.TableInfoHelper |This primary key of "id" is primitive !不建议如此请使用包装类 in Class: "ljl.entity.notice.dynamic.DynamicToUser"
2024-02-13 23:52:32 |INFO  |main |DirectJDKLog.java:173 |org.apache.coyote.http11.Http11NioProtocol |Starting ProtocolHandler ["http-nio-1688"]
2024-02-13 23:52:33 |INFO  |main |TomcatWebServer.java:220 |org.springframework.boot.web.embedded.tomcat.TomcatWebServer |Tomcat started on port(s): 1688 (http) with context path ''
2024-02-13 23:52:33 |INFO  |main |NacosServiceRegistry.java:65 |com.alibaba.cloud.nacos.registry.NacosServiceRegistry |nacos registry, DEFAULT_GROUP chat 192.168.1.24:1688 register finished
2024-02-13 23:52:33 |INFO  |main |DocumentationPluginsBootstrapper.java:93 |springfox.documentation.spring.web.plugins.DocumentationPluginsBootstrapper |Documentation plugins bootstrapped
2024-02-13 23:52:33 |INFO  |main |AbstractDocumentationPluginsBootstrapper.java:79 |springfox.documentation.spring.web.plugins.DocumentationPluginsBootstrapper |Found 1 custom documentation plugin(s)
2024-02-13 23:52:33 |INFO  |main |ApiListingReferenceScanner.java:44 |springfox.documentation.spring.web.scanners.ApiListingReferenceScanner |Scanning for api listing references
2024-02-13 23:52:33 |INFO  |main |StartupInfoLogger.java:61 |ljl.bilibili.ChatApplication |Started ChatApplication in 20.007 seconds (JVM running for 24.37)
2024-02-13 23:52:41 |INFO  |http-nio-1688-exec-1 |DirectJDKLog.java:173 |org.apache.catalina.core.ContainerBase.[Tomcat].[localhost].[/] |Initializing Spring DispatcherServlet 'dispatcherServlet'
2024-02-13 23:52:41 |INFO  |http-nio-1688-exec-1 |FrameworkServlet.java:525 |org.springframework.web.servlet.DispatcherServlet |Initializing Servlet 'dispatcherServlet'
2024-02-13 23:52:41 |INFO  |http-nio-1688-exec-1 |FrameworkServlet.java:547 |org.springframework.web.servlet.DispatcherServlet |Completed initialization in 2 ms
2024-02-13 23:53:30 |INFO  |com.alibaba.nacos.client.remote.worker |LoggerUtils.java:60 |com.alibaba.nacos.common.remote.client |[6ba9aa32-8542-4fc3-a66b-a248a386ec44] Server healthy check fail, currentConnection = 1707839550939_223.150.228.133_17302
2024-02-13 23:53:31 |INFO  |com.alibaba.nacos.client.remote.worker |LoggerUtils.java:60 |com.alibaba.nacos.common.remote.client |[6ba9aa32-8542-4fc3-a66b-a248a386ec44] Try to reconnect to a new server, server is  not appointed, will choose a random server.
2024-02-13 23:53:31 |INFO  |com.alibaba.nacos.client.remote.worker |LoggerUtils.java:60 |com.alibaba.nacos.common.remote.client |[6ba9aa32-8542-4fc3-a66b-a248a386ec44] Success to connect a server [116.62.71.84:8848], connectionId = 1707839611845_223.150.228.133_17323
2024-02-13 23:53:31 |INFO  |com.alibaba.nacos.client.remote.worker |LoggerUtils.java:60 |com.alibaba.nacos.common.remote.client |[6ba9aa32-8542-4fc3-a66b-a248a386ec44] Abandon prev connection, server is 116.62.71.84:8848, connectionId is 1707839550939_223.150.228.133_17302
2024-02-13 23:53:31 |INFO  |com.alibaba.nacos.client.remote.worker |RpcClient.java:591 |com.alibaba.nacos.common.remote.client |Close current connection 1707839550939_223.150.228.133_17302
2024-02-13 23:53:31 |INFO  |com.alibaba.nacos.client.remote.worker |LoggerUtils.java:60 |com.alibaba.nacos.common.remote.client |[6ba9aa32-8542-4fc3-a66b-a248a386ec44] Notify disconnected event to listeners
2024-02-13 23:53:31 |INFO  |com.alibaba.nacos.client.remote.worker |LoggerUtils.java:60 |com.alibaba.nacos.common.remote.client |[6ba9aa32-8542-4fc3-a66b-a248a386ec44] Notify connected event to listeners.
2024-02-13 23:53:31 |WARN  |nacos-grpc-client-executor-12 |LoggerUtils.java:86 |com.alibaba.nacos.common.remote.client.grpc.GrpcClient |[1707839550939_223.150.228.133_17302]Ignore error event,isRunning:true,isAbandon=true
2024-02-13 23:53:54 |INFO  |com.alibaba.nacos.client.remote.worker |LoggerUtils.java:60 |com.alibaba.nacos.common.remote.client |[6ba9aa32-8542-4fc3-a66b-a248a386ec44] Server healthy check fail, currentConnection = 1707839611845_223.150.228.133_17323
2024-02-13 23:53:56 |INFO  |com.alibaba.nacos.client.remote.worker |LoggerUtils.java:60 |com.alibaba.nacos.common.remote.client |[6ba9aa32-8542-4fc3-a66b-a248a386ec44] Try to reconnect to a new server, server is  not appointed, will choose a random server.
2024-02-13 23:54:15 |ERROR |com.alibaba.nacos.client.remote.worker |LoggerUtils.java:99 |com.alibaba.nacos.common.remote.client.grpc.GrpcClient |Server check fail, please check server 116.62.71.84 ,port 9848 is available , error ={}
java.util.concurrent.TimeoutException: Waited 3000 milliseconds (plus 3073 milliseconds, 386200 nanoseconds delay) for com.alibaba.nacos.shaded.io.grpc.stub.ClientCalls$GrpcFuture@5b7bcea[status=PENDING, info=[GrpcFuture{clientCall={delegate={delegate=ClientCallImpl{method=MethodDescriptor{fullMethodName=Request/request, type=UNARY, idempotent=false, safe=false, sampledToLocalTracing=true, requestMarshaller=com.alibaba.nacos.shaded.io.grpc.protobuf.lite.ProtoLiteUtils$MessageMarshaller@4f00214a, responseMarshaller=com.alibaba.nacos.shaded.io.grpc.protobuf.lite.ProtoLiteUtils$MessageMarshaller@5682a178, schemaDescriptor=com.alibaba.nacos.api.grpc.auto.RequestGrpc$RequestMethodDescriptorSupplier@3253b8b8}}}}}]]
	at com.alibaba.nacos.shaded.com.google.common.util.concurrent.AbstractFuture.get(AbstractFuture.java:508)
	at com.alibaba.nacos.common.remote.client.grpc.GrpcClient.serverCheck(GrpcClient.java:148)
	at com.alibaba.nacos.common.remote.client.grpc.GrpcClient.connectToServer(GrpcClient.java:264)
	at com.alibaba.nacos.common.remote.client.RpcClient.reconnect(RpcClient.java:522)
	at com.alibaba.nacos.common.remote.client.RpcClient.lambda$start$2(RpcClient.java:370)
	at java.util.concurrent.Executors$RunnableAdapter.call(Executors.java:511)
	at java.util.concurrent.FutureTask.run$$$capture(FutureTask.java:266)
	at java.util.concurrent.FutureTask.run(FutureTask.java)
	at java.util.concurrent.ScheduledThreadPoolExecutor$ScheduledFutureTask.access$201(ScheduledThreadPoolExecutor.java:180)
	at java.util.concurrent.ScheduledThreadPoolExecutor$ScheduledFutureTask.run(ScheduledThreadPoolExecutor.java:293)
	at java.util.concurrent.ThreadPoolExecutor.runWorker(ThreadPoolExecutor.java:1142)
	at java.util.concurrent.ThreadPoolExecutor$Worker.run(ThreadPoolExecutor.java:617)
	at java.lang.Thread.run(Thread.java:745)
2024-02-13 23:54:35 |INFO  |com.alibaba.nacos.client.remote.worker |LoggerUtils.java:60 |com.alibaba.nacos.common.remote.client |[6ba9aa32-8542-4fc3-a66b-a248a386ec44] Success to connect a server [116.62.71.84:8848], connectionId = 1707839674539_223.150.228.133_17370
2024-02-13 23:54:38 |INFO  |com.alibaba.nacos.client.remote.worker |LoggerUtils.java:60 |com.alibaba.nacos.common.remote.client |[6ba9aa32-8542-4fc3-a66b-a248a386ec44] Abandon prev connection, server is 116.62.71.84:8848, connectionId is 1707839611845_223.150.228.133_17323
2024-02-13 23:54:38 |INFO  |com.alibaba.nacos.client.remote.worker |RpcClient.java:591 |com.alibaba.nacos.common.remote.client |Close current connection 1707839611845_223.150.228.133_17323
2024-02-13 23:54:42 |INFO  |com.alibaba.nacos.client.remote.worker |LoggerUtils.java:60 |com.alibaba.nacos.common.remote.client |[6ba9aa32-8542-4fc3-a66b-a248a386ec44] Notify disconnected event to listeners
2024-02-13 23:54:48 |WARN  |nacos-grpc-client-executor-20 |LoggerUtils.java:86 |com.alibaba.nacos.common.remote.client.grpc.GrpcClient |[1707839611845_223.150.228.133_17323]Ignore error event,isRunning:true,isAbandon=true
2024-02-13 23:54:48 |INFO  |com.alibaba.nacos.client.remote.worker |LoggerUtils.java:60 |com.alibaba.nacos.common.remote.client |[6ba9aa32-8542-4fc3-a66b-a248a386ec44] Notify connected event to listeners.
