2024-02-25 13:28:01 |INFO  |main |StartupInfoLogger.java:55 |ljl.user_center.CenterEditApplication |Starting CenterEditApplication using Java 1.8.0_65 on DESKTOP-4C1V07J with PID 8356 (E:\bilibili\user_center\target\classes started by Administrator in E:\bilibili)
2024-02-25 13:28:01 |INFO  |main |SpringApplication.java:645 |ljl.user_center.CenterEditApplication |No active profile set, falling back to 1 default profile: "default"
2024-02-25 13:28:09 |INFO  |main |GenericScope.java:283 |org.springframework.cloud.context.scope.GenericScope |BeanFactory id=c54bc169-09c4-34aa-8ab7-2aa245c76d85
2024-02-25 13:28:13 |INFO  |main |TomcatWebServer.java:108 |org.springframework.boot.web.embedded.tomcat.TomcatWebServer |Tomcat initialized with port(s): 3000 (http)
2024-02-25 13:28:13 |INFO  |main |DirectJDKLog.java:173 |org.apache.coyote.http11.Http11NioProtocol |Initializing ProtocolHandler ["http-nio-3000"]
2024-02-25 13:28:13 |INFO  |main |DirectJDKLog.java:173 |org.apache.catalina.core.StandardService |Starting service [Tomcat]
2024-02-25 13:28:13 |INFO  |main |DirectJDKLog.java:173 |org.apache.catalina.core.StandardEngine |Starting Servlet engine: [Apache Tomcat/9.0.65]
2024-02-25 13:28:14 |INFO  |main |DirectJDKLog.java:173 |org.apache.catalina.core.ContainerBase.[Tomcat].[localhost].[/] |Initializing Spring embedded WebApplicationContext
2024-02-25 13:28:14 |INFO  |main |ServletWebServerApplicationContext.java:290 |org.springframework.boot.web.servlet.context.ServletWebServerApplicationContext |Root WebApplicationContext: initialization completed in 12670 ms
2024-02-25 13:28:20 |INFO  |main |MybatisPlusJoinAutoConfiguration.java:140 |com.github.yulichang.autoconfigure.MybatisPlusJoinAutoConfiguration |mybatis plus join properties config complete
2024-02-25 13:28:26 |INFO  |main |MybatisPlusJoinAutoConfiguration.java:140 |com.github.yulichang.autoconfigure.MybatisPlusJoinAutoConfiguration |mybatis plus join SqlInjector init
2024-02-25 13:28:29 |INFO  |main |DruidDataSource.java:2063 |com.alibaba.druid.pool.DruidDataSource |{dataSource-0} closing ...
2024-02-25 13:28:30 |INFO  |main |DirectJDKLog.java:173 |org.apache.catalina.core.StandardService |Stopping service [Tomcat]
2024-02-25 13:28:31 |INFO  |main |ConditionEvaluationReportLoggingListener.java:136 |org.springframework.boot.autoconfigure.logging.ConditionEvaluationReportLoggingListener |

Error starting ApplicationContext. To display the conditions report re-run your application with 'debug' enabled.
2024-02-25 13:28:32 |INFO  |Thread-41 |ZipkinAutoConfiguration.java:144 |org.springframework.cloud.sleuth.autoconfig.zipkin2.ZipkinAutoConfiguration |Flushing remaining spans on shutdown
2024-02-25 13:30:25 |INFO  |main |StartupInfoLogger.java:55 |ljl.user_center.CenterEditApplication |Starting CenterEditApplication using Java 1.8.0_65 on DESKTOP-4C1V07J with PID 11756 (E:\bilibili\user_center\target\classes started by Administrator in E:\bilibili)
2024-02-25 13:30:25 |INFO  |main |SpringApplication.java:645 |ljl.user_center.CenterEditApplication |No active profile set, falling back to 1 default profile: "default"
2024-02-25 13:30:27 |INFO  |main |GenericScope.java:283 |org.springframework.cloud.context.scope.GenericScope |BeanFactory id=c54bc169-09c4-34aa-8ab7-2aa245c76d85
2024-02-25 13:30:27 |INFO  |main |TomcatWebServer.java:108 |org.springframework.boot.web.embedded.tomcat.TomcatWebServer |Tomcat initialized with port(s): 3000 (http)
2024-02-25 13:30:27 |INFO  |main |DirectJDKLog.java:173 |org.apache.coyote.http11.Http11NioProtocol |Initializing ProtocolHandler ["http-nio-3000"]
2024-02-25 13:30:27 |INFO  |main |DirectJDKLog.java:173 |org.apache.catalina.core.StandardService |Starting service [Tomcat]
2024-02-25 13:30:27 |INFO  |main |DirectJDKLog.java:173 |org.apache.catalina.core.StandardEngine |Starting Servlet engine: [Apache Tomcat/9.0.65]
2024-02-25 13:30:28 |INFO  |main |DirectJDKLog.java:173 |org.apache.catalina.core.ContainerBase.[Tomcat].[localhost].[/] |Initializing Spring embedded WebApplicationContext
2024-02-25 13:30:28 |INFO  |main |ServletWebServerApplicationContext.java:290 |org.springframework.boot.web.servlet.context.ServletWebServerApplicationContext |Root WebApplicationContext: initialization completed in 2742 ms
2024-02-25 13:30:28 |INFO  |main |MybatisPlusJoinAutoConfiguration.java:140 |com.github.yulichang.autoconfigure.MybatisPlusJoinAutoConfiguration |mybatis plus join properties config complete
2024-02-25 13:30:29 |INFO  |main |MybatisPlusJoinAutoConfiguration.java:140 |com.github.yulichang.autoconfigure.MybatisPlusJoinAutoConfiguration |mybatis plus join SqlInjector init
2024-02-25 13:30:32 |INFO  |main |WebMvcPropertySourcedRequestMappingHandlerMapping.java:69 |springfox.documentation.spring.web.WebMvcPropertySourcedRequestMappingHandlerMapping |Mapped URL path [/v2/api-docs] onto method [springfox.documentation.swagger2.web.Swagger2ControllerWebMvc#getDocumentation(String, HttpServletRequest)]
2024-02-25 13:30:34 |INFO  |main |RpcClientFactory.java:80 |com.alibaba.nacos.common.remote.client |[RpcClientFactory] create a new rpc client of ab34a006-5c4a-4bcb-9e40-7dcc23d936b2
2024-02-25 13:30:34 |INFO  |main |Reflections.java:232 |org.reflections.Reflections |Reflections took 541 ms to scan 1 urls, producing 3 keys and 6 values 
2024-02-25 13:30:35 |INFO  |main |Reflections.java:232 |org.reflections.Reflections |Reflections took 31 ms to scan 1 urls, producing 4 keys and 9 values 
2024-02-25 13:30:35 |INFO  |main |Reflections.java:232 |org.reflections.Reflections |Reflections took 38 ms to scan 1 urls, producing 3 keys and 10 values 
2024-02-25 13:30:35 |INFO  |main |Reflections.java:232 |org.reflections.Reflections |Reflections took 217 ms to scan 197 urls, producing 0 keys and 0 values 
2024-02-25 13:30:35 |INFO  |main |Reflections.java:232 |org.reflections.Reflections |Reflections took 21 ms to scan 1 urls, producing 1 keys and 5 values 
2024-02-25 13:30:35 |INFO  |main |Reflections.java:232 |org.reflections.Reflections |Reflections took 21 ms to scan 1 urls, producing 1 keys and 7 values 
2024-02-25 13:30:35 |INFO  |main |Reflections.java:232 |org.reflections.Reflections |Reflections took 17 ms to scan 1 urls, producing 2 keys and 8 values 
2024-02-25 13:30:35 |INFO  |main |Reflections.java:232 |org.reflections.Reflections |Reflections took 258 ms to scan 197 urls, producing 0 keys and 0 values 
2024-02-25 13:30:36 |INFO  |main |LoggerUtils.java:60 |com.alibaba.nacos.common.remote.client |[ab34a006-5c4a-4bcb-9e40-7dcc23d936b2] RpcClient init label, labels = {module=naming, source=sdk}
2024-02-25 13:30:36 |INFO  |main |LoggerUtils.java:60 |com.alibaba.nacos.common.remote.client |[ab34a006-5c4a-4bcb-9e40-7dcc23d936b2] RpcClient init, ServerListFactory = com.alibaba.nacos.client.naming.core.ServerListManager
2024-02-25 13:30:36 |INFO  |main |LoggerUtils.java:60 |com.alibaba.nacos.common.remote.client |[ab34a006-5c4a-4bcb-9e40-7dcc23d936b2] Registry connection listener to current client:com.alibaba.nacos.client.naming.remote.gprc.redo.NamingGrpcRedoService
2024-02-25 13:30:36 |INFO  |main |LoggerUtils.java:60 |com.alibaba.nacos.common.remote.client |[ab34a006-5c4a-4bcb-9e40-7dcc23d936b2] Register server push request handler:com.alibaba.nacos.client.naming.remote.gprc.NamingPushRequestHandler
2024-02-25 13:30:36 |INFO  |main |LoggerUtils.java:60 |com.alibaba.nacos.common.remote.client |[ab34a006-5c4a-4bcb-9e40-7dcc23d936b2] Try to connect to server on start up, server: {serverIp = '116.62.71.84', server main port = 8848}
2024-02-25 13:30:40 |INFO  |main |LoggerUtils.java:60 |com.alibaba.nacos.common.remote.client |[ab34a006-5c4a-4bcb-9e40-7dcc23d936b2] Success to connect to server [116.62.71.84:8848] on start up, connectionId = 1708839039348_120.227.129.112_46283
2024-02-25 13:30:40 |INFO  |com.alibaba.nacos.client.remote.worker |LoggerUtils.java:60 |com.alibaba.nacos.common.remote.client |[ab34a006-5c4a-4bcb-9e40-7dcc23d936b2] Notify connected event to listeners.
2024-02-25 13:30:40 |INFO  |main |LoggerUtils.java:60 |com.alibaba.nacos.common.remote.client |[ab34a006-5c4a-4bcb-9e40-7dcc23d936b2] Register server push request handler:com.alibaba.nacos.common.remote.client.RpcClient$ConnectResetRequestHandler
2024-02-25 13:30:40 |INFO  |main |LoggerUtils.java:60 |com.alibaba.nacos.common.remote.client |[ab34a006-5c4a-4bcb-9e40-7dcc23d936b2] Register server push request handler:com.alibaba.nacos.common.remote.client.RpcClient$$Lambda$824/1162780005
2024-02-25 13:30:44 |INFO  |main |DirectJDKLog.java:173 |org.apache.coyote.http11.Http11NioProtocol |Starting ProtocolHandler ["http-nio-3000"]
2024-02-25 13:30:44 |INFO  |main |TomcatWebServer.java:220 |org.springframework.boot.web.embedded.tomcat.TomcatWebServer |Tomcat started on port(s): 3000 (http) with context path ''
2024-02-25 13:30:44 |INFO  |main |NacosServiceRegistry.java:65 |com.alibaba.cloud.nacos.registry.NacosServiceRegistry |nacos registry, DEFAULT_GROUP user-center 192.168.10.5:3000 register finished
2024-02-25 13:30:45 |INFO  |main |DocumentationPluginsBootstrapper.java:93 |springfox.documentation.spring.web.plugins.DocumentationPluginsBootstrapper |Documentation plugins bootstrapped
2024-02-25 13:30:45 |INFO  |main |AbstractDocumentationPluginsBootstrapper.java:79 |springfox.documentation.spring.web.plugins.DocumentationPluginsBootstrapper |Found 1 custom documentation plugin(s)
2024-02-25 13:30:45 |INFO  |main |ApiListingReferenceScanner.java:44 |springfox.documentation.spring.web.scanners.ApiListingReferenceScanner |Scanning for api listing references
2024-02-25 13:30:45 |INFO  |main |StartupInfoLogger.java:61 |ljl.user_center.CenterEditApplication |Started CenterEditApplication in 21.1 seconds (JVM running for 22.281)
2024-02-25 13:31:30 |INFO  |http-nio-3000-exec-3 |DirectJDKLog.java:173 |org.apache.catalina.core.ContainerBase.[Tomcat].[localhost].[/] |Initializing Spring DispatcherServlet 'dispatcherServlet'
2024-02-25 13:31:30 |INFO  |http-nio-3000-exec-3 |FrameworkServlet.java:525 |org.springframework.web.servlet.DispatcherServlet |Initializing Servlet 'dispatcherServlet'
2024-02-25 13:31:30 |INFO  |http-nio-3000-exec-3 |FrameworkServlet.java:547 |org.springframework.web.servlet.DispatcherServlet |Completed initialization in 3 ms
2024-02-25 13:35:59 |INFO  |Thread-25 |TimeBasedFilter.java:24 |ljl.filter.TimeBasedFilter |






2024-02-25 13:35:59 |INFO  |Thread-28 |TimeBasedFilter.java:24 |ljl.filter.TimeBasedFilter |






2024-02-25 13:35:59 |INFO  |Thread-11 |ZipkinAutoConfiguration.java:144 |org.springframework.cloud.sleuth.autoconfig.zipkin2.ZipkinAutoConfiguration |Flushing remaining spans on shutdown
2024-02-25 13:35:59 |INFO  |SpringApplicationShutdownHook |NacosServiceRegistry.java:80 |com.alibaba.cloud.nacos.registry.NacosServiceRegistry |De-registering from Nacos Server now...
2024-02-25 13:35:59 |INFO  |SpringApplicationShutdownHook |NacosServiceRegistry.java:100 |com.alibaba.cloud.nacos.registry.NacosServiceRegistry |De-registration finished.
2024-02-25 13:35:59 |INFO  |SpringApplicationShutdownHook |DruidDataSource.java:2063 |com.alibaba.druid.pool.DruidDataSource |{dataSource-0} closing ...
2024-02-25 13:36:10 |INFO  |main |StartupInfoLogger.java:55 |ljl.user_center.CenterEditApplication |Starting CenterEditApplication using Java 1.8.0_65 on DESKTOP-4C1V07J with PID 13456 (E:\bilibili\user_center\target\classes started by Administrator in E:\bilibili)
2024-02-25 13:36:10 |INFO  |main |SpringApplication.java:645 |ljl.user_center.CenterEditApplication |No active profile set, falling back to 1 default profile: "default"
2024-02-25 13:36:12 |INFO  |main |GenericScope.java:283 |org.springframework.cloud.context.scope.GenericScope |BeanFactory id=c54bc169-09c4-34aa-8ab7-2aa245c76d85
2024-02-25 13:36:13 |INFO  |main |TomcatWebServer.java:108 |org.springframework.boot.web.embedded.tomcat.TomcatWebServer |Tomcat initialized with port(s): 3000 (http)
2024-02-25 13:36:13 |INFO  |main |DirectJDKLog.java:173 |org.apache.coyote.http11.Http11NioProtocol |Initializing ProtocolHandler ["http-nio-3000"]
2024-02-25 13:36:13 |INFO  |main |DirectJDKLog.java:173 |org.apache.catalina.core.StandardService |Starting service [Tomcat]
2024-02-25 13:36:13 |INFO  |main |DirectJDKLog.java:173 |org.apache.catalina.core.StandardEngine |Starting Servlet engine: [Apache Tomcat/9.0.65]
2024-02-25 13:36:13 |INFO  |main |DirectJDKLog.java:173 |org.apache.catalina.core.ContainerBase.[Tomcat].[localhost].[/] |Initializing Spring embedded WebApplicationContext
2024-02-25 13:36:13 |INFO  |main |ServletWebServerApplicationContext.java:290 |org.springframework.boot.web.servlet.context.ServletWebServerApplicationContext |Root WebApplicationContext: initialization completed in 2798 ms
2024-02-25 13:36:13 |INFO  |main |MybatisPlusJoinAutoConfiguration.java:140 |com.github.yulichang.autoconfigure.MybatisPlusJoinAutoConfiguration |mybatis plus join properties config complete
2024-02-25 13:36:14 |INFO  |main |MybatisPlusJoinAutoConfiguration.java:140 |com.github.yulichang.autoconfigure.MybatisPlusJoinAutoConfiguration |mybatis plus join SqlInjector init
2024-02-25 13:36:15 |INFO  |main |WebMvcPropertySourcedRequestMappingHandlerMapping.java:69 |springfox.documentation.spring.web.WebMvcPropertySourcedRequestMappingHandlerMapping |Mapped URL path [/v2/api-docs] onto method [springfox.documentation.swagger2.web.Swagger2ControllerWebMvc#getDocumentation(String, HttpServletRequest)]
2024-02-25 13:36:16 |INFO  |main |RpcClientFactory.java:80 |com.alibaba.nacos.common.remote.client |[RpcClientFactory] create a new rpc client of 6e738143-5ddf-418e-b135-9dabbea5c0e3
2024-02-25 13:36:16 |INFO  |main |Reflections.java:232 |org.reflections.Reflections |Reflections took 41 ms to scan 1 urls, producing 3 keys and 6 values 
2024-02-25 13:36:16 |INFO  |main |Reflections.java:232 |org.reflections.Reflections |Reflections took 40 ms to scan 1 urls, producing 4 keys and 9 values 
2024-02-25 13:36:16 |INFO  |main |Reflections.java:232 |org.reflections.Reflections |Reflections took 12 ms to scan 1 urls, producing 3 keys and 10 values 
2024-02-25 13:36:16 |INFO  |main |Reflections.java:232 |org.reflections.Reflections |Reflections took 142 ms to scan 197 urls, producing 0 keys and 0 values 
2024-02-25 13:36:16 |INFO  |main |Reflections.java:232 |org.reflections.Reflections |Reflections took 11 ms to scan 1 urls, producing 1 keys and 5 values 
2024-02-25 13:36:17 |INFO  |main |Reflections.java:232 |org.reflections.Reflections |Reflections took 11 ms to scan 1 urls, producing 1 keys and 7 values 
2024-02-25 13:36:17 |INFO  |main |Reflections.java:232 |org.reflections.Reflections |Reflections took 11 ms to scan 1 urls, producing 2 keys and 8 values 
2024-02-25 13:36:17 |INFO  |main |Reflections.java:232 |org.reflections.Reflections |Reflections took 135 ms to scan 197 urls, producing 0 keys and 0 values 
2024-02-25 13:36:17 |INFO  |main |LoggerUtils.java:60 |com.alibaba.nacos.common.remote.client |[6e738143-5ddf-418e-b135-9dabbea5c0e3] RpcClient init label, labels = {module=naming, source=sdk}
2024-02-25 13:36:17 |INFO  |main |LoggerUtils.java:60 |com.alibaba.nacos.common.remote.client |[6e738143-5ddf-418e-b135-9dabbea5c0e3] RpcClient init, ServerListFactory = com.alibaba.nacos.client.naming.core.ServerListManager
2024-02-25 13:36:17 |INFO  |main |LoggerUtils.java:60 |com.alibaba.nacos.common.remote.client |[6e738143-5ddf-418e-b135-9dabbea5c0e3] Registry connection listener to current client:com.alibaba.nacos.client.naming.remote.gprc.redo.NamingGrpcRedoService
2024-02-25 13:36:17 |INFO  |main |LoggerUtils.java:60 |com.alibaba.nacos.common.remote.client |[6e738143-5ddf-418e-b135-9dabbea5c0e3] Register server push request handler:com.alibaba.nacos.client.naming.remote.gprc.NamingPushRequestHandler
2024-02-25 13:36:17 |INFO  |main |LoggerUtils.java:60 |com.alibaba.nacos.common.remote.client |[6e738143-5ddf-418e-b135-9dabbea5c0e3] Try to connect to server on start up, server: {serverIp = '116.62.71.84', server main port = 8848}
2024-02-25 13:36:18 |INFO  |main |LoggerUtils.java:60 |com.alibaba.nacos.common.remote.client |[6e738143-5ddf-418e-b135-9dabbea5c0e3] Success to connect to server [116.62.71.84:8848] on start up, connectionId = 1708839378257_120.227.129.112_46406
2024-02-25 13:36:18 |INFO  |com.alibaba.nacos.client.remote.worker |LoggerUtils.java:60 |com.alibaba.nacos.common.remote.client |[6e738143-5ddf-418e-b135-9dabbea5c0e3] Notify connected event to listeners.
2024-02-25 13:36:18 |INFO  |main |LoggerUtils.java:60 |com.alibaba.nacos.common.remote.client |[6e738143-5ddf-418e-b135-9dabbea5c0e3] Register server push request handler:com.alibaba.nacos.common.remote.client.RpcClient$ConnectResetRequestHandler
2024-02-25 13:36:18 |INFO  |main |LoggerUtils.java:60 |com.alibaba.nacos.common.remote.client |[6e738143-5ddf-418e-b135-9dabbea5c0e3] Register server push request handler:com.alibaba.nacos.common.remote.client.RpcClient$$Lambda$824/1162780005
2024-02-25 13:36:20 |INFO  |main |DirectJDKLog.java:173 |org.apache.coyote.http11.Http11NioProtocol |Starting ProtocolHandler ["http-nio-3000"]
2024-02-25 13:36:20 |INFO  |main |TomcatWebServer.java:220 |org.springframework.boot.web.embedded.tomcat.TomcatWebServer |Tomcat started on port(s): 3000 (http) with context path ''
2024-02-25 13:36:20 |INFO  |main |NacosServiceRegistry.java:65 |com.alibaba.cloud.nacos.registry.NacosServiceRegistry |nacos registry, DEFAULT_GROUP user-center 192.168.10.5:3000 register finished
2024-02-25 13:36:20 |INFO  |main |DocumentationPluginsBootstrapper.java:93 |springfox.documentation.spring.web.plugins.DocumentationPluginsBootstrapper |Documentation plugins bootstrapped
2024-02-25 13:36:20 |INFO  |main |AbstractDocumentationPluginsBootstrapper.java:79 |springfox.documentation.spring.web.plugins.DocumentationPluginsBootstrapper |Found 1 custom documentation plugin(s)
2024-02-25 13:36:20 |INFO  |main |ApiListingReferenceScanner.java:44 |springfox.documentation.spring.web.scanners.ApiListingReferenceScanner |Scanning for api listing references
2024-02-25 13:36:20 |INFO  |main |StartupInfoLogger.java:61 |ljl.user_center.CenterEditApplication |Started CenterEditApplication in 11.438 seconds (JVM running for 12.695)
2024-02-25 13:36:45 |INFO  |http-nio-3000-exec-1 |DirectJDKLog.java:173 |org.apache.catalina.core.ContainerBase.[Tomcat].[localhost].[/] |Initializing Spring DispatcherServlet 'dispatcherServlet'
2024-02-25 13:36:45 |INFO  |http-nio-3000-exec-1 |FrameworkServlet.java:525 |org.springframework.web.servlet.DispatcherServlet |Initializing Servlet 'dispatcherServlet'
2024-02-25 13:36:45 |INFO  |http-nio-3000-exec-1 |FrameworkServlet.java:547 |org.springframework.web.servlet.DispatcherServlet |Completed initialization in 2 ms
2024-02-25 13:36:46 |INFO  |http-nio-3000-exec-1 |DruidDataSource.java:975 |com.alibaba.druid.pool.DruidDataSource |{dataSource-1} inited
2024-02-25 13:38:57 |INFO  |Thread-12 |ZipkinAutoConfiguration.java:144 |org.springframework.cloud.sleuth.autoconfig.zipkin2.ZipkinAutoConfiguration |Flushing remaining spans on shutdown
2024-02-25 13:38:57 |INFO  |SpringApplicationShutdownHook |NacosServiceRegistry.java:80 |com.alibaba.cloud.nacos.registry.NacosServiceRegistry |De-registering from Nacos Server now...
2024-02-25 13:38:57 |INFO  |SpringApplicationShutdownHook |NacosServiceRegistry.java:100 |com.alibaba.cloud.nacos.registry.NacosServiceRegistry |De-registration finished.
2024-02-25 13:38:57 |INFO  |SpringApplicationShutdownHook |DruidDataSource.java:2063 |com.alibaba.druid.pool.DruidDataSource |{dataSource-1} closing ...
2024-02-25 13:38:57 |INFO  |SpringApplicationShutdownHook |DruidDataSource.java:2136 |com.alibaba.druid.pool.DruidDataSource |{dataSource-1} closed
2024-02-25 13:39:12 |INFO  |main |StartupInfoLogger.java:55 |ljl.user_center.CenterEditApplication |Starting CenterEditApplication using Java 1.8.0_65 on DESKTOP-4C1V07J with PID 4584 (E:\bilibili\user_center\target\classes started by Administrator in E:\bilibili)
2024-02-25 13:39:12 |INFO  |main |SpringApplication.java:645 |ljl.user_center.CenterEditApplication |No active profile set, falling back to 1 default profile: "default"
2024-02-25 13:39:14 |INFO  |main |GenericScope.java:283 |org.springframework.cloud.context.scope.GenericScope |BeanFactory id=c54bc169-09c4-34aa-8ab7-2aa245c76d85
2024-02-25 13:39:14 |INFO  |main |TomcatWebServer.java:108 |org.springframework.boot.web.embedded.tomcat.TomcatWebServer |Tomcat initialized with port(s): 3000 (http)
2024-02-25 13:39:14 |INFO  |main |DirectJDKLog.java:173 |org.apache.coyote.http11.Http11NioProtocol |Initializing ProtocolHandler ["http-nio-3000"]
2024-02-25 13:39:14 |INFO  |main |DirectJDKLog.java:173 |org.apache.catalina.core.StandardService |Starting service [Tomcat]
2024-02-25 13:39:14 |INFO  |main |DirectJDKLog.java:173 |org.apache.catalina.core.StandardEngine |Starting Servlet engine: [Apache Tomcat/9.0.65]
2024-02-25 13:39:15 |INFO  |main |DirectJDKLog.java:173 |org.apache.catalina.core.ContainerBase.[Tomcat].[localhost].[/] |Initializing Spring embedded WebApplicationContext
2024-02-25 13:39:15 |INFO  |main |ServletWebServerApplicationContext.java:290 |org.springframework.boot.web.servlet.context.ServletWebServerApplicationContext |Root WebApplicationContext: initialization completed in 2674 ms
2024-02-25 13:39:15 |INFO  |main |MybatisPlusJoinAutoConfiguration.java:140 |com.github.yulichang.autoconfigure.MybatisPlusJoinAutoConfiguration |mybatis plus join properties config complete
2024-02-25 13:39:15 |INFO  |main |MybatisPlusJoinAutoConfiguration.java:140 |com.github.yulichang.autoconfigure.MybatisPlusJoinAutoConfiguration |mybatis plus join SqlInjector init
2024-02-25 13:39:18 |INFO  |main |WebMvcPropertySourcedRequestMappingHandlerMapping.java:69 |springfox.documentation.spring.web.WebMvcPropertySourcedRequestMappingHandlerMapping |Mapped URL path [/v2/api-docs] onto method [springfox.documentation.swagger2.web.Swagger2ControllerWebMvc#getDocumentation(String, HttpServletRequest)]
2024-02-25 13:39:18 |INFO  |main |RpcClientFactory.java:80 |com.alibaba.nacos.common.remote.client |[RpcClientFactory] create a new rpc client of 050cb75e-362f-43db-acd7-d157c2e52cbb
2024-02-25 13:39:18 |INFO  |main |Reflections.java:232 |org.reflections.Reflections |Reflections took 60 ms to scan 1 urls, producing 3 keys and 6 values 
2024-02-25 13:39:18 |INFO  |main |Reflections.java:232 |org.reflections.Reflections |Reflections took 18 ms to scan 1 urls, producing 4 keys and 9 values 
2024-02-25 13:39:18 |INFO  |main |Reflections.java:232 |org.reflections.Reflections |Reflections took 14 ms to scan 1 urls, producing 3 keys and 10 values 
2024-02-25 13:39:19 |INFO  |main |Reflections.java:232 |org.reflections.Reflections |Reflections took 152 ms to scan 197 urls, producing 0 keys and 0 values 
2024-02-25 13:39:19 |INFO  |main |Reflections.java:232 |org.reflections.Reflections |Reflections took 11 ms to scan 1 urls, producing 1 keys and 5 values 
2024-02-25 13:39:19 |INFO  |main |Reflections.java:232 |org.reflections.Reflections |Reflections took 11 ms to scan 1 urls, producing 1 keys and 7 values 
2024-02-25 13:39:19 |INFO  |main |Reflections.java:232 |org.reflections.Reflections |Reflections took 11 ms to scan 1 urls, producing 2 keys and 8 values 
2024-02-25 13:39:19 |INFO  |main |Reflections.java:232 |org.reflections.Reflections |Reflections took 169 ms to scan 197 urls, producing 0 keys and 0 values 
2024-02-25 13:39:19 |INFO  |main |LoggerUtils.java:60 |com.alibaba.nacos.common.remote.client |[050cb75e-362f-43db-acd7-d157c2e52cbb] RpcClient init label, labels = {module=naming, source=sdk}
2024-02-25 13:39:19 |INFO  |main |LoggerUtils.java:60 |com.alibaba.nacos.common.remote.client |[050cb75e-362f-43db-acd7-d157c2e52cbb] RpcClient init, ServerListFactory = com.alibaba.nacos.client.naming.core.ServerListManager
2024-02-25 13:39:19 |INFO  |main |LoggerUtils.java:60 |com.alibaba.nacos.common.remote.client |[050cb75e-362f-43db-acd7-d157c2e52cbb] Registry connection listener to current client:com.alibaba.nacos.client.naming.remote.gprc.redo.NamingGrpcRedoService
2024-02-25 13:39:19 |INFO  |main |LoggerUtils.java:60 |com.alibaba.nacos.common.remote.client |[050cb75e-362f-43db-acd7-d157c2e52cbb] Register server push request handler:com.alibaba.nacos.client.naming.remote.gprc.NamingPushRequestHandler
2024-02-25 13:39:19 |INFO  |main |LoggerUtils.java:60 |com.alibaba.nacos.common.remote.client |[050cb75e-362f-43db-acd7-d157c2e52cbb] Try to connect to server on start up, server: {serverIp = '116.62.71.84', server main port = 8848}
2024-02-25 13:39:20 |INFO  |main |LoggerUtils.java:60 |com.alibaba.nacos.common.remote.client |[050cb75e-362f-43db-acd7-d157c2e52cbb] Success to connect to server [116.62.71.84:8848] on start up, connectionId = 1708839560595_120.227.129.112_46477
2024-02-25 13:39:20 |INFO  |com.alibaba.nacos.client.remote.worker |LoggerUtils.java:60 |com.alibaba.nacos.common.remote.client |[050cb75e-362f-43db-acd7-d157c2e52cbb] Notify connected event to listeners.
2024-02-25 13:39:20 |INFO  |main |LoggerUtils.java:60 |com.alibaba.nacos.common.remote.client |[050cb75e-362f-43db-acd7-d157c2e52cbb] Register server push request handler:com.alibaba.nacos.common.remote.client.RpcClient$ConnectResetRequestHandler
2024-02-25 13:39:20 |INFO  |main |LoggerUtils.java:60 |com.alibaba.nacos.common.remote.client |[050cb75e-362f-43db-acd7-d157c2e52cbb] Register server push request handler:com.alibaba.nacos.common.remote.client.RpcClient$$Lambda$824/1803977322
2024-02-25 13:39:22 |INFO  |main |DirectJDKLog.java:173 |org.apache.coyote.http11.Http11NioProtocol |Starting ProtocolHandler ["http-nio-3000"]
2024-02-25 13:39:22 |INFO  |main |TomcatWebServer.java:220 |org.springframework.boot.web.embedded.tomcat.TomcatWebServer |Tomcat started on port(s): 3000 (http) with context path ''
2024-02-25 13:39:22 |INFO  |main |NacosServiceRegistry.java:65 |com.alibaba.cloud.nacos.registry.NacosServiceRegistry |nacos registry, DEFAULT_GROUP user-center 192.168.10.5:3000 register finished
2024-02-25 13:39:22 |INFO  |main |DocumentationPluginsBootstrapper.java:93 |springfox.documentation.spring.web.plugins.DocumentationPluginsBootstrapper |Documentation plugins bootstrapped
2024-02-25 13:39:22 |INFO  |main |AbstractDocumentationPluginsBootstrapper.java:79 |springfox.documentation.spring.web.plugins.DocumentationPluginsBootstrapper |Found 1 custom documentation plugin(s)
2024-02-25 13:39:22 |INFO  |main |ApiListingReferenceScanner.java:44 |springfox.documentation.spring.web.scanners.ApiListingReferenceScanner |Scanning for api listing references
2024-02-25 13:39:23 |INFO  |main |StartupInfoLogger.java:61 |ljl.user_center.CenterEditApplication |Started CenterEditApplication in 11.784 seconds (JVM running for 13.338)
2024-02-25 13:39:58 |INFO  |http-nio-3000-exec-2 |DirectJDKLog.java:173 |org.apache.catalina.core.ContainerBase.[Tomcat].[localhost].[/] |Initializing Spring DispatcherServlet 'dispatcherServlet'
2024-02-25 13:39:58 |INFO  |http-nio-3000-exec-2 |FrameworkServlet.java:525 |org.springframework.web.servlet.DispatcherServlet |Initializing Servlet 'dispatcherServlet'
2024-02-25 13:39:58 |INFO  |http-nio-3000-exec-2 |FrameworkServlet.java:547 |org.springframework.web.servlet.DispatcherServlet |Completed initialization in 1 ms
2024-02-25 13:39:59 |INFO  |http-nio-3000-exec-2 |DruidDataSource.java:975 |com.alibaba.druid.pool.DruidDataSource |{dataSource-1} inited
2024-02-25 13:41:30 |INFO  |Thread-12 |ZipkinAutoConfiguration.java:144 |org.springframework.cloud.sleuth.autoconfig.zipkin2.ZipkinAutoConfiguration |Flushing remaining spans on shutdown
2024-02-25 13:41:30 |INFO  |SpringApplicationShutdownHook |NacosServiceRegistry.java:80 |com.alibaba.cloud.nacos.registry.NacosServiceRegistry |De-registering from Nacos Server now...
2024-02-25 13:41:30 |INFO  |SpringApplicationShutdownHook |NacosServiceRegistry.java:100 |com.alibaba.cloud.nacos.registry.NacosServiceRegistry |De-registration finished.
2024-02-25 13:41:30 |INFO  |SpringApplicationShutdownHook |DruidDataSource.java:2063 |com.alibaba.druid.pool.DruidDataSource |{dataSource-1} closing ...
2024-02-25 13:41:30 |INFO  |SpringApplicationShutdownHook |DruidDataSource.java:2136 |com.alibaba.druid.pool.DruidDataSource |{dataSource-1} closed
2024-02-25 13:41:45 |INFO  |main |StartupInfoLogger.java:55 |ljl.user_center.CenterEditApplication |Starting CenterEditApplication using Java 1.8.0_65 on DESKTOP-4C1V07J with PID 13980 (E:\bilibili\user_center\target\classes started by Administrator in E:\bilibili)
2024-02-25 13:41:45 |INFO  |main |SpringApplication.java:645 |ljl.user_center.CenterEditApplication |No active profile set, falling back to 1 default profile: "default"
2024-02-25 13:41:47 |INFO  |main |GenericScope.java:283 |org.springframework.cloud.context.scope.GenericScope |BeanFactory id=c54bc169-09c4-34aa-8ab7-2aa245c76d85
2024-02-25 13:41:48 |INFO  |main |TomcatWebServer.java:108 |org.springframework.boot.web.embedded.tomcat.TomcatWebServer |Tomcat initialized with port(s): 3000 (http)
2024-02-25 13:41:48 |INFO  |main |DirectJDKLog.java:173 |org.apache.coyote.http11.Http11NioProtocol |Initializing ProtocolHandler ["http-nio-3000"]
2024-02-25 13:41:48 |INFO  |main |DirectJDKLog.java:173 |org.apache.catalina.core.StandardService |Starting service [Tomcat]
2024-02-25 13:41:48 |INFO  |main |DirectJDKLog.java:173 |org.apache.catalina.core.StandardEngine |Starting Servlet engine: [Apache Tomcat/9.0.65]
2024-02-25 13:41:48 |INFO  |main |DirectJDKLog.java:173 |org.apache.catalina.core.ContainerBase.[Tomcat].[localhost].[/] |Initializing Spring embedded WebApplicationContext
2024-02-25 13:41:48 |INFO  |main |ServletWebServerApplicationContext.java:290 |org.springframework.boot.web.servlet.context.ServletWebServerApplicationContext |Root WebApplicationContext: initialization completed in 3203 ms
2024-02-25 13:41:49 |INFO  |main |MybatisPlusJoinAutoConfiguration.java:140 |com.github.yulichang.autoconfigure.MybatisPlusJoinAutoConfiguration |mybatis plus join properties config complete
2024-02-25 13:41:49 |INFO  |main |MybatisPlusJoinAutoConfiguration.java:140 |com.github.yulichang.autoconfigure.MybatisPlusJoinAutoConfiguration |mybatis plus join SqlInjector init
2024-02-25 13:41:52 |INFO  |main |WebMvcPropertySourcedRequestMappingHandlerMapping.java:69 |springfox.documentation.spring.web.WebMvcPropertySourcedRequestMappingHandlerMapping |Mapped URL path [/v2/api-docs] onto method [springfox.documentation.swagger2.web.Swagger2ControllerWebMvc#getDocumentation(String, HttpServletRequest)]
2024-02-25 13:41:54 |INFO  |main |RpcClientFactory.java:80 |com.alibaba.nacos.common.remote.client |[RpcClientFactory] create a new rpc client of da90863e-ad4d-41c9-a546-211d122b2a37
2024-02-25 13:41:54 |INFO  |main |Reflections.java:232 |org.reflections.Reflections |Reflections took 34 ms to scan 1 urls, producing 3 keys and 6 values 
2024-02-25 13:41:54 |INFO  |main |Reflections.java:232 |org.reflections.Reflections |Reflections took 17 ms to scan 1 urls, producing 4 keys and 9 values 
2024-02-25 13:41:54 |INFO  |main |Reflections.java:232 |org.reflections.Reflections |Reflections took 12 ms to scan 1 urls, producing 3 keys and 10 values 
2024-02-25 13:41:54 |INFO  |main |Reflections.java:232 |org.reflections.Reflections |Reflections took 151 ms to scan 197 urls, producing 0 keys and 0 values 
2024-02-25 13:41:54 |INFO  |main |Reflections.java:232 |org.reflections.Reflections |Reflections took 10 ms to scan 1 urls, producing 1 keys and 5 values 
2024-02-25 13:41:54 |INFO  |main |Reflections.java:232 |org.reflections.Reflections |Reflections took 12 ms to scan 1 urls, producing 1 keys and 7 values 
2024-02-25 13:41:54 |INFO  |main |Reflections.java:232 |org.reflections.Reflections |Reflections took 13 ms to scan 1 urls, producing 2 keys and 8 values 
2024-02-25 13:41:54 |INFO  |main |Reflections.java:232 |org.reflections.Reflections |Reflections took 148 ms to scan 197 urls, producing 0 keys and 0 values 
2024-02-25 13:41:54 |INFO  |main |LoggerUtils.java:60 |com.alibaba.nacos.common.remote.client |[da90863e-ad4d-41c9-a546-211d122b2a37] RpcClient init label, labels = {module=naming, source=sdk}
2024-02-25 13:41:54 |INFO  |main |LoggerUtils.java:60 |com.alibaba.nacos.common.remote.client |[da90863e-ad4d-41c9-a546-211d122b2a37] RpcClient init, ServerListFactory = com.alibaba.nacos.client.naming.core.ServerListManager
2024-02-25 13:41:54 |INFO  |main |LoggerUtils.java:60 |com.alibaba.nacos.common.remote.client |[da90863e-ad4d-41c9-a546-211d122b2a37] Registry connection listener to current client:com.alibaba.nacos.client.naming.remote.gprc.redo.NamingGrpcRedoService
2024-02-25 13:41:54 |INFO  |main |LoggerUtils.java:60 |com.alibaba.nacos.common.remote.client |[da90863e-ad4d-41c9-a546-211d122b2a37] Register server push request handler:com.alibaba.nacos.client.naming.remote.gprc.NamingPushRequestHandler
2024-02-25 13:41:54 |INFO  |main |LoggerUtils.java:60 |com.alibaba.nacos.common.remote.client |[da90863e-ad4d-41c9-a546-211d122b2a37] Try to connect to server on start up, server: {serverIp = '116.62.71.84', server main port = 8848}
2024-02-25 13:41:55 |INFO  |main |LoggerUtils.java:60 |com.alibaba.nacos.common.remote.client |[da90863e-ad4d-41c9-a546-211d122b2a37] Success to connect to server [116.62.71.84:8848] on start up, connectionId = 1708839715680_120.227.129.112_46526
2024-02-25 13:41:55 |INFO  |com.alibaba.nacos.client.remote.worker |LoggerUtils.java:60 |com.alibaba.nacos.common.remote.client |[da90863e-ad4d-41c9-a546-211d122b2a37] Notify connected event to listeners.
2024-02-25 13:41:55 |INFO  |main |LoggerUtils.java:60 |com.alibaba.nacos.common.remote.client |[da90863e-ad4d-41c9-a546-211d122b2a37] Register server push request handler:com.alibaba.nacos.common.remote.client.RpcClient$ConnectResetRequestHandler
2024-02-25 13:41:55 |INFO  |main |LoggerUtils.java:60 |com.alibaba.nacos.common.remote.client |[da90863e-ad4d-41c9-a546-211d122b2a37] Register server push request handler:com.alibaba.nacos.common.remote.client.RpcClient$$Lambda$824/902894836
2024-02-25 13:41:57 |INFO  |main |DirectJDKLog.java:173 |org.apache.coyote.http11.Http11NioProtocol |Starting ProtocolHandler ["http-nio-3000"]
2024-02-25 13:41:57 |INFO  |main |TomcatWebServer.java:220 |org.springframework.boot.web.embedded.tomcat.TomcatWebServer |Tomcat started on port(s): 3000 (http) with context path ''
2024-02-25 13:41:57 |INFO  |main |NacosServiceRegistry.java:65 |com.alibaba.cloud.nacos.registry.NacosServiceRegistry |nacos registry, DEFAULT_GROUP user-center 192.168.10.5:3000 register finished
2024-02-25 13:41:58 |INFO  |main |DocumentationPluginsBootstrapper.java:93 |springfox.documentation.spring.web.plugins.DocumentationPluginsBootstrapper |Documentation plugins bootstrapped
2024-02-25 13:41:58 |INFO  |main |AbstractDocumentationPluginsBootstrapper.java:79 |springfox.documentation.spring.web.plugins.DocumentationPluginsBootstrapper |Found 1 custom documentation plugin(s)
2024-02-25 13:41:58 |INFO  |main |ApiListingReferenceScanner.java:44 |springfox.documentation.spring.web.scanners.ApiListingReferenceScanner |Scanning for api listing references
2024-02-25 13:41:58 |INFO  |main |StartupInfoLogger.java:61 |ljl.user_center.CenterEditApplication |Started CenterEditApplication in 14.649 seconds (JVM running for 16.165)
2024-02-25 13:43:12 |INFO  |http-nio-3000-exec-1 |DirectJDKLog.java:173 |org.apache.catalina.core.ContainerBase.[Tomcat].[localhost].[/] |Initializing Spring DispatcherServlet 'dispatcherServlet'
2024-02-25 13:43:12 |INFO  |http-nio-3000-exec-1 |FrameworkServlet.java:525 |org.springframework.web.servlet.DispatcherServlet |Initializing Servlet 'dispatcherServlet'
2024-02-25 13:43:12 |INFO  |http-nio-3000-exec-1 |FrameworkServlet.java:547 |org.springframework.web.servlet.DispatcherServlet |Completed initialization in 6 ms
2024-02-25 13:43:13 |INFO  |http-nio-3000-exec-1 |DruidDataSource.java:975 |com.alibaba.druid.pool.DruidDataSource |{dataSource-1} inited
2024-02-25 13:49:16 |INFO  |Thread-12 |TimeBasedFilter.java:24 |ljl.filter.TimeBasedFilter |






2024-02-25 13:49:16 |INFO  |Thread-24 |TimeBasedFilter.java:24 |ljl.filter.TimeBasedFilter |






2024-02-25 13:49:16 |INFO  |Thread-27 |TimeBasedFilter.java:24 |ljl.filter.TimeBasedFilter |






2024-02-25 13:49:16 |INFO  |Thread-12 |ZipkinAutoConfiguration.java:144 |org.springframework.cloud.sleuth.autoconfig.zipkin2.ZipkinAutoConfiguration |Flushing remaining spans on shutdown
2024-02-25 13:49:17 |INFO  |SpringApplicationShutdownHook |NacosServiceRegistry.java:80 |com.alibaba.cloud.nacos.registry.NacosServiceRegistry |De-registering from Nacos Server now...
2024-02-25 13:49:17 |INFO  |SpringApplicationShutdownHook |NacosServiceRegistry.java:100 |com.alibaba.cloud.nacos.registry.NacosServiceRegistry |De-registration finished.
2024-02-25 13:49:17 |INFO  |SpringApplicationShutdownHook |DruidDataSource.java:2063 |com.alibaba.druid.pool.DruidDataSource |{dataSource-1} closing ...
2024-02-25 13:49:17 |INFO  |SpringApplicationShutdownHook |DruidDataSource.java:2136 |com.alibaba.druid.pool.DruidDataSource |{dataSource-1} closed
2024-02-25 13:49:37 |INFO  |main |StartupInfoLogger.java:55 |ljl.user_center.CenterEditApplication |Starting CenterEditApplication using Java 1.8.0_65 on DESKTOP-4C1V07J with PID 14208 (E:\bilibili\user_center\target\classes started by Administrator in E:\bilibili)
2024-02-25 13:49:37 |INFO  |main |SpringApplication.java:645 |ljl.user_center.CenterEditApplication |No active profile set, falling back to 1 default profile: "default"
2024-02-25 13:49:39 |INFO  |main |GenericScope.java:283 |org.springframework.cloud.context.scope.GenericScope |BeanFactory id=c54bc169-09c4-34aa-8ab7-2aa245c76d85
2024-02-25 13:49:40 |INFO  |main |TomcatWebServer.java:108 |org.springframework.boot.web.embedded.tomcat.TomcatWebServer |Tomcat initialized with port(s): 3000 (http)
2024-02-25 13:49:40 |INFO  |main |DirectJDKLog.java:173 |org.apache.coyote.http11.Http11NioProtocol |Initializing ProtocolHandler ["http-nio-3000"]
2024-02-25 13:49:40 |INFO  |main |DirectJDKLog.java:173 |org.apache.catalina.core.StandardService |Starting service [Tomcat]
2024-02-25 13:49:40 |INFO  |main |DirectJDKLog.java:173 |org.apache.catalina.core.StandardEngine |Starting Servlet engine: [Apache Tomcat/9.0.65]
2024-02-25 13:49:40 |INFO  |main |DirectJDKLog.java:173 |org.apache.catalina.core.ContainerBase.[Tomcat].[localhost].[/] |Initializing Spring embedded WebApplicationContext
2024-02-25 13:49:40 |INFO  |main |ServletWebServerApplicationContext.java:290 |org.springframework.boot.web.servlet.context.ServletWebServerApplicationContext |Root WebApplicationContext: initialization completed in 3670 ms
2024-02-25 13:49:41 |INFO  |main |MybatisPlusJoinAutoConfiguration.java:140 |com.github.yulichang.autoconfigure.MybatisPlusJoinAutoConfiguration |mybatis plus join properties config complete
2024-02-25 13:49:41 |INFO  |main |MybatisPlusJoinAutoConfiguration.java:140 |com.github.yulichang.autoconfigure.MybatisPlusJoinAutoConfiguration |mybatis plus join SqlInjector init
2024-02-25 13:49:43 |INFO  |main |WebMvcPropertySourcedRequestMappingHandlerMapping.java:69 |springfox.documentation.spring.web.WebMvcPropertySourcedRequestMappingHandlerMapping |Mapped URL path [/v2/api-docs] onto method [springfox.documentation.swagger2.web.Swagger2ControllerWebMvc#getDocumentation(String, HttpServletRequest)]
2024-02-25 13:49:44 |INFO  |main |RpcClientFactory.java:80 |com.alibaba.nacos.common.remote.client |[RpcClientFactory] create a new rpc client of 93e4016d-2340-46f5-aa1e-1bb9055099e8
2024-02-25 13:49:45 |INFO  |main |Reflections.java:232 |org.reflections.Reflections |Reflections took 73 ms to scan 1 urls, producing 3 keys and 6 values 
2024-02-25 13:49:45 |INFO  |main |Reflections.java:232 |org.reflections.Reflections |Reflections took 44 ms to scan 1 urls, producing 4 keys and 9 values 
2024-02-25 13:49:45 |INFO  |main |Reflections.java:232 |org.reflections.Reflections |Reflections took 13 ms to scan 1 urls, producing 3 keys and 10 values 
2024-02-25 13:49:45 |INFO  |main |Reflections.java:232 |org.reflections.Reflections |Reflections took 204 ms to scan 197 urls, producing 0 keys and 0 values 
2024-02-25 13:49:45 |INFO  |main |Reflections.java:232 |org.reflections.Reflections |Reflections took 11 ms to scan 1 urls, producing 1 keys and 5 values 
2024-02-25 13:49:45 |INFO  |main |Reflections.java:232 |org.reflections.Reflections |Reflections took 12 ms to scan 1 urls, producing 1 keys and 7 values 
2024-02-25 13:49:45 |INFO  |main |Reflections.java:232 |org.reflections.Reflections |Reflections took 11 ms to scan 1 urls, producing 2 keys and 8 values 
2024-02-25 13:49:45 |INFO  |main |Reflections.java:232 |org.reflections.Reflections |Reflections took 156 ms to scan 197 urls, producing 0 keys and 0 values 
2024-02-25 13:49:45 |INFO  |main |LoggerUtils.java:60 |com.alibaba.nacos.common.remote.client |[93e4016d-2340-46f5-aa1e-1bb9055099e8] RpcClient init label, labels = {module=naming, source=sdk}
2024-02-25 13:49:45 |INFO  |main |LoggerUtils.java:60 |com.alibaba.nacos.common.remote.client |[93e4016d-2340-46f5-aa1e-1bb9055099e8] RpcClient init, ServerListFactory = com.alibaba.nacos.client.naming.core.ServerListManager
2024-02-25 13:49:45 |INFO  |main |LoggerUtils.java:60 |com.alibaba.nacos.common.remote.client |[93e4016d-2340-46f5-aa1e-1bb9055099e8] Registry connection listener to current client:com.alibaba.nacos.client.naming.remote.gprc.redo.NamingGrpcRedoService
2024-02-25 13:49:45 |INFO  |main |LoggerUtils.java:60 |com.alibaba.nacos.common.remote.client |[93e4016d-2340-46f5-aa1e-1bb9055099e8] Register server push request handler:com.alibaba.nacos.client.naming.remote.gprc.NamingPushRequestHandler
2024-02-25 13:49:45 |INFO  |main |LoggerUtils.java:60 |com.alibaba.nacos.common.remote.client |[93e4016d-2340-46f5-aa1e-1bb9055099e8] Try to connect to server on start up, server: {serverIp = '116.62.71.84', server main port = 8848}
2024-02-25 13:49:47 |INFO  |main |LoggerUtils.java:60 |com.alibaba.nacos.common.remote.client |[93e4016d-2340-46f5-aa1e-1bb9055099e8] Success to connect to server [116.62.71.84:8848] on start up, connectionId = 1708840187021_120.227.129.112_46930
2024-02-25 13:49:47 |INFO  |com.alibaba.nacos.client.remote.worker |LoggerUtils.java:60 |com.alibaba.nacos.common.remote.client |[93e4016d-2340-46f5-aa1e-1bb9055099e8] Notify connected event to listeners.
2024-02-25 13:49:47 |INFO  |main |LoggerUtils.java:60 |com.alibaba.nacos.common.remote.client |[93e4016d-2340-46f5-aa1e-1bb9055099e8] Register server push request handler:com.alibaba.nacos.common.remote.client.RpcClient$ConnectResetRequestHandler
2024-02-25 13:49:47 |INFO  |main |LoggerUtils.java:60 |com.alibaba.nacos.common.remote.client |[93e4016d-2340-46f5-aa1e-1bb9055099e8] Register server push request handler:com.alibaba.nacos.common.remote.client.RpcClient$$Lambda$824/902894836
2024-02-25 13:49:49 |INFO  |main |DirectJDKLog.java:173 |org.apache.coyote.http11.Http11NioProtocol |Starting ProtocolHandler ["http-nio-3000"]
2024-02-25 13:49:49 |INFO  |main |TomcatWebServer.java:220 |org.springframework.boot.web.embedded.tomcat.TomcatWebServer |Tomcat started on port(s): 3000 (http) with context path ''
2024-02-25 13:49:49 |INFO  |main |NacosServiceRegistry.java:65 |com.alibaba.cloud.nacos.registry.NacosServiceRegistry |nacos registry, DEFAULT_GROUP user-center 192.168.10.5:3000 register finished
2024-02-25 13:49:49 |INFO  |main |DocumentationPluginsBootstrapper.java:93 |springfox.documentation.spring.web.plugins.DocumentationPluginsBootstrapper |Documentation plugins bootstrapped
2024-02-25 13:49:49 |INFO  |main |AbstractDocumentationPluginsBootstrapper.java:79 |springfox.documentation.spring.web.plugins.DocumentationPluginsBootstrapper |Found 1 custom documentation plugin(s)
2024-02-25 13:49:49 |INFO  |main |ApiListingReferenceScanner.java:44 |springfox.documentation.spring.web.scanners.ApiListingReferenceScanner |Scanning for api listing references
2024-02-25 13:49:49 |INFO  |main |StartupInfoLogger.java:61 |ljl.user_center.CenterEditApplication |Started CenterEditApplication in 13.81 seconds (JVM running for 15.26)
2024-02-25 13:50:13 |INFO  |http-nio-3000-exec-1 |DirectJDKLog.java:173 |org.apache.catalina.core.ContainerBase.[Tomcat].[localhost].[/] |Initializing Spring DispatcherServlet 'dispatcherServlet'
2024-02-25 13:50:13 |INFO  |http-nio-3000-exec-1 |FrameworkServlet.java:525 |org.springframework.web.servlet.DispatcherServlet |Initializing Servlet 'dispatcherServlet'
2024-02-25 13:50:14 |INFO  |http-nio-3000-exec-1 |FrameworkServlet.java:547 |org.springframework.web.servlet.DispatcherServlet |Completed initialization in 4 ms
2024-02-25 13:50:15 |INFO  |http-nio-3000-exec-1 |DruidDataSource.java:975 |com.alibaba.druid.pool.DruidDataSource |{dataSource-1} inited
2024-02-25 13:50:58 |INFO  |Thread-14 |ZipkinAutoConfiguration.java:144 |org.springframework.cloud.sleuth.autoconfig.zipkin2.ZipkinAutoConfiguration |Flushing remaining spans on shutdown
2024-02-25 13:50:59 |INFO  |SpringApplicationShutdownHook |NacosServiceRegistry.java:80 |com.alibaba.cloud.nacos.registry.NacosServiceRegistry |De-registering from Nacos Server now...
2024-02-25 13:50:59 |INFO  |SpringApplicationShutdownHook |NacosServiceRegistry.java:100 |com.alibaba.cloud.nacos.registry.NacosServiceRegistry |De-registration finished.
2024-02-25 13:50:59 |INFO  |SpringApplicationShutdownHook |DruidDataSource.java:2063 |com.alibaba.druid.pool.DruidDataSource |{dataSource-1} closing ...
2024-02-25 13:50:59 |INFO  |SpringApplicationShutdownHook |DruidDataSource.java:2136 |com.alibaba.druid.pool.DruidDataSource |{dataSource-1} closed
2024-02-25 13:51:12 |INFO  |main |StartupInfoLogger.java:55 |ljl.user_center.CenterEditApplication |Starting CenterEditApplication using Java 1.8.0_65 on DESKTOP-4C1V07J with PID 11240 (E:\bilibili\user_center\target\classes started by Administrator in E:\bilibili)
2024-02-25 13:51:12 |INFO  |main |SpringApplication.java:645 |ljl.user_center.CenterEditApplication |No active profile set, falling back to 1 default profile: "default"
2024-02-25 13:51:15 |INFO  |main |GenericScope.java:283 |org.springframework.cloud.context.scope.GenericScope |BeanFactory id=c54bc169-09c4-34aa-8ab7-2aa245c76d85
2024-02-25 13:51:16 |INFO  |main |TomcatWebServer.java:108 |org.springframework.boot.web.embedded.tomcat.TomcatWebServer |Tomcat initialized with port(s): 3000 (http)
2024-02-25 13:51:16 |INFO  |main |DirectJDKLog.java:173 |org.apache.coyote.http11.Http11NioProtocol |Initializing ProtocolHandler ["http-nio-3000"]
2024-02-25 13:51:16 |INFO  |main |DirectJDKLog.java:173 |org.apache.catalina.core.StandardService |Starting service [Tomcat]
2024-02-25 13:51:16 |INFO  |main |DirectJDKLog.java:173 |org.apache.catalina.core.StandardEngine |Starting Servlet engine: [Apache Tomcat/9.0.65]
2024-02-25 13:51:16 |INFO  |main |DirectJDKLog.java:173 |org.apache.catalina.core.ContainerBase.[Tomcat].[localhost].[/] |Initializing Spring embedded WebApplicationContext
2024-02-25 13:51:16 |INFO  |main |ServletWebServerApplicationContext.java:290 |org.springframework.boot.web.servlet.context.ServletWebServerApplicationContext |Root WebApplicationContext: initialization completed in 3624 ms
2024-02-25 13:51:17 |INFO  |main |MybatisPlusJoinAutoConfiguration.java:140 |com.github.yulichang.autoconfigure.MybatisPlusJoinAutoConfiguration |mybatis plus join properties config complete
2024-02-25 13:51:17 |INFO  |main |MybatisPlusJoinAutoConfiguration.java:140 |com.github.yulichang.autoconfigure.MybatisPlusJoinAutoConfiguration |mybatis plus join SqlInjector init
2024-02-25 13:51:19 |INFO  |main |WebMvcPropertySourcedRequestMappingHandlerMapping.java:69 |springfox.documentation.spring.web.WebMvcPropertySourcedRequestMappingHandlerMapping |Mapped URL path [/v2/api-docs] onto method [springfox.documentation.swagger2.web.Swagger2ControllerWebMvc#getDocumentation(String, HttpServletRequest)]
2024-02-25 13:51:20 |INFO  |main |RpcClientFactory.java:80 |com.alibaba.nacos.common.remote.client |[RpcClientFactory] create a new rpc client of ae449b47-a0aa-4ad2-8b65-143d8ea4a90c
2024-02-25 13:51:20 |INFO  |main |Reflections.java:232 |org.reflections.Reflections |Reflections took 69 ms to scan 1 urls, producing 3 keys and 6 values 
2024-02-25 13:51:20 |INFO  |main |Reflections.java:232 |org.reflections.Reflections |Reflections took 17 ms to scan 1 urls, producing 4 keys and 9 values 
2024-02-25 13:51:20 |INFO  |main |Reflections.java:232 |org.reflections.Reflections |Reflections took 13 ms to scan 1 urls, producing 3 keys and 10 values 
2024-02-25 13:51:20 |INFO  |main |Reflections.java:232 |org.reflections.Reflections |Reflections took 160 ms to scan 197 urls, producing 0 keys and 0 values 
2024-02-25 13:51:20 |INFO  |main |Reflections.java:232 |org.reflections.Reflections |Reflections took 11 ms to scan 1 urls, producing 1 keys and 5 values 
2024-02-25 13:51:20 |INFO  |main |Reflections.java:232 |org.reflections.Reflections |Reflections took 11 ms to scan 1 urls, producing 1 keys and 7 values 
2024-02-25 13:51:20 |INFO  |main |Reflections.java:232 |org.reflections.Reflections |Reflections took 10 ms to scan 1 urls, producing 2 keys and 8 values 
2024-02-25 13:51:20 |INFO  |main |Reflections.java:232 |org.reflections.Reflections |Reflections took 153 ms to scan 197 urls, producing 0 keys and 0 values 
2024-02-25 13:51:20 |INFO  |main |LoggerUtils.java:60 |com.alibaba.nacos.common.remote.client |[ae449b47-a0aa-4ad2-8b65-143d8ea4a90c] RpcClient init label, labels = {module=naming, source=sdk}
2024-02-25 13:51:20 |INFO  |main |LoggerUtils.java:60 |com.alibaba.nacos.common.remote.client |[ae449b47-a0aa-4ad2-8b65-143d8ea4a90c] RpcClient init, ServerListFactory = com.alibaba.nacos.client.naming.core.ServerListManager
2024-02-25 13:51:20 |INFO  |main |LoggerUtils.java:60 |com.alibaba.nacos.common.remote.client |[ae449b47-a0aa-4ad2-8b65-143d8ea4a90c] Registry connection listener to current client:com.alibaba.nacos.client.naming.remote.gprc.redo.NamingGrpcRedoService
2024-02-25 13:51:20 |INFO  |main |LoggerUtils.java:60 |com.alibaba.nacos.common.remote.client |[ae449b47-a0aa-4ad2-8b65-143d8ea4a90c] Register server push request handler:com.alibaba.nacos.client.naming.remote.gprc.NamingPushRequestHandler
2024-02-25 13:51:20 |INFO  |main |LoggerUtils.java:60 |com.alibaba.nacos.common.remote.client |[ae449b47-a0aa-4ad2-8b65-143d8ea4a90c] Try to connect to server on start up, server: {serverIp = '116.62.71.84', server main port = 8848}
2024-02-25 13:51:22 |INFO  |main |LoggerUtils.java:60 |com.alibaba.nacos.common.remote.client |[ae449b47-a0aa-4ad2-8b65-143d8ea4a90c] Success to connect to server [116.62.71.84:8848] on start up, connectionId = 1708840282147_120.227.129.112_47041
2024-02-25 13:51:22 |INFO  |com.alibaba.nacos.client.remote.worker |LoggerUtils.java:60 |com.alibaba.nacos.common.remote.client |[ae449b47-a0aa-4ad2-8b65-143d8ea4a90c] Notify connected event to listeners.
2024-02-25 13:51:22 |INFO  |main |LoggerUtils.java:60 |com.alibaba.nacos.common.remote.client |[ae449b47-a0aa-4ad2-8b65-143d8ea4a90c] Register server push request handler:com.alibaba.nacos.common.remote.client.RpcClient$ConnectResetRequestHandler
2024-02-25 13:51:22 |INFO  |main |LoggerUtils.java:60 |com.alibaba.nacos.common.remote.client |[ae449b47-a0aa-4ad2-8b65-143d8ea4a90c] Register server push request handler:com.alibaba.nacos.common.remote.client.RpcClient$$Lambda$824/60924092
2024-02-25 13:51:24 |INFO  |main |DirectJDKLog.java:173 |org.apache.coyote.http11.Http11NioProtocol |Starting ProtocolHandler ["http-nio-3000"]
2024-02-25 13:51:24 |INFO  |main |TomcatWebServer.java:220 |org.springframework.boot.web.embedded.tomcat.TomcatWebServer |Tomcat started on port(s): 3000 (http) with context path ''
2024-02-25 13:51:24 |INFO  |main |NacosServiceRegistry.java:65 |com.alibaba.cloud.nacos.registry.NacosServiceRegistry |nacos registry, DEFAULT_GROUP user-center 192.168.10.5:3000 register finished
2024-02-25 13:51:24 |INFO  |main |DocumentationPluginsBootstrapper.java:93 |springfox.documentation.spring.web.plugins.DocumentationPluginsBootstrapper |Documentation plugins bootstrapped
2024-02-25 13:51:24 |INFO  |main |AbstractDocumentationPluginsBootstrapper.java:79 |springfox.documentation.spring.web.plugins.DocumentationPluginsBootstrapper |Found 1 custom documentation plugin(s)
2024-02-25 13:51:24 |INFO  |main |ApiListingReferenceScanner.java:44 |springfox.documentation.spring.web.scanners.ApiListingReferenceScanner |Scanning for api listing references
2024-02-25 13:51:25 |INFO  |main |StartupInfoLogger.java:61 |ljl.user_center.CenterEditApplication |Started CenterEditApplication in 13.648 seconds (JVM running for 15.374)
2024-02-25 13:51:54 |INFO  |http-nio-3000-exec-1 |DirectJDKLog.java:173 |org.apache.catalina.core.ContainerBase.[Tomcat].[localhost].[/] |Initializing Spring DispatcherServlet 'dispatcherServlet'
2024-02-25 13:51:54 |INFO  |http-nio-3000-exec-1 |FrameworkServlet.java:525 |org.springframework.web.servlet.DispatcherServlet |Initializing Servlet 'dispatcherServlet'
2024-02-25 13:51:54 |INFO  |http-nio-3000-exec-1 |FrameworkServlet.java:547 |org.springframework.web.servlet.DispatcherServlet |Completed initialization in 2 ms
2024-02-25 13:51:55 |INFO  |http-nio-3000-exec-1 |DruidDataSource.java:975 |com.alibaba.druid.pool.DruidDataSource |{dataSource-1} inited
2024-02-25 13:57:25 |INFO  |Thread-14 |TimeBasedFilter.java:24 |ljl.filter.TimeBasedFilter |






2024-02-25 13:57:25 |INFO  |Thread-14 |ZipkinAutoConfiguration.java:144 |org.springframework.cloud.sleuth.autoconfig.zipkin2.ZipkinAutoConfiguration |Flushing remaining spans on shutdown
2024-02-25 13:57:25 |INFO  |SpringApplicationShutdownHook |NacosServiceRegistry.java:80 |com.alibaba.cloud.nacos.registry.NacosServiceRegistry |De-registering from Nacos Server now...
2024-02-25 13:57:25 |INFO  |SpringApplicationShutdownHook |NacosServiceRegistry.java:100 |com.alibaba.cloud.nacos.registry.NacosServiceRegistry |De-registration finished.
2024-02-25 13:57:26 |INFO  |SpringApplicationShutdownHook |DruidDataSource.java:2063 |com.alibaba.druid.pool.DruidDataSource |{dataSource-1} closing ...
2024-02-25 13:57:26 |INFO  |SpringApplicationShutdownHook |DruidDataSource.java:2136 |com.alibaba.druid.pool.DruidDataSource |{dataSource-1} closed
