2024-03-04 16:37:25 |INFO  |main |StartupInfoLogger.java:55 |ljl.bilibili.user_center.CenterEditApplication |Starting CenterEditApplication using Java 1.8.0_65 on DESKTOP-4C1V07J with PID 2780 (E:\bilibili\user_center\target\classes started by Administrator in E:\bilibili)
2024-03-04 16:37:25 |INFO  |main |SpringApplication.java:645 |ljl.bilibili.user_center.CenterEditApplication |No active profile set, falling back to 1 default profile: "default"
2024-03-04 16:37:28 |INFO  |main |GenericScope.java:283 |org.springframework.cloud.context.scope.GenericScope |BeanFactory id=402d7099-b687-36ba-96d9-db4afcd58291
2024-03-04 16:37:29 |INFO  |main |TomcatWebServer.java:108 |org.springframework.boot.web.embedded.tomcat.TomcatWebServer |Tomcat initialized with port(s): 3000 (http)
2024-03-04 16:37:29 |INFO  |main |DirectJDKLog.java:173 |org.apache.coyote.http11.Http11NioProtocol |Initializing ProtocolHandler ["http-nio-3000"]
2024-03-04 16:37:29 |INFO  |main |DirectJDKLog.java:173 |org.apache.catalina.core.StandardService |Starting service [Tomcat]
2024-03-04 16:37:29 |INFO  |main |DirectJDKLog.java:173 |org.apache.catalina.core.StandardEngine |Starting Servlet engine: [Apache Tomcat/9.0.65]
2024-03-04 16:37:29 |INFO  |main |DirectJDKLog.java:173 |org.apache.catalina.core.ContainerBase.[Tomcat].[localhost].[/] |Initializing Spring embedded WebApplicationContext
2024-03-04 16:37:29 |INFO  |main |ServletWebServerApplicationContext.java:290 |org.springframework.boot.web.servlet.context.ServletWebServerApplicationContext |Root WebApplicationContext: initialization completed in 4097 ms
2024-03-04 16:37:30 |INFO  |main |MybatisPlusJoinAutoConfiguration.java:140 |com.github.yulichang.autoconfigure.MybatisPlusJoinAutoConfiguration |mybatis plus join properties config complete
2024-03-04 16:37:30 |INFO  |main |MybatisPlusJoinAutoConfiguration.java:140 |com.github.yulichang.autoconfigure.MybatisPlusJoinAutoConfiguration |mybatis plus join SqlInjector init
2024-03-04 16:37:33 |INFO  |main |WebMvcPropertySourcedRequestMappingHandlerMapping.java:69 |springfox.documentation.spring.web.WebMvcPropertySourcedRequestMappingHandlerMapping |Mapped URL path [/v2/api-docs] onto method [springfox.documentation.swagger2.web.Swagger2ControllerWebMvc#getDocumentation(String, HttpServletRequest)]
2024-03-04 16:37:34 |INFO  |main |RpcClientFactory.java:80 |com.alibaba.nacos.common.remote.client |[RpcClientFactory] create a new rpc client of 9b52b437-9c9a-4d9d-972c-565c8f36a9fd
2024-03-04 16:37:34 |INFO  |main |Reflections.java:232 |org.reflections.Reflections |Reflections took 61 ms to scan 1 urls, producing 3 keys and 6 values 
2024-03-04 16:37:34 |INFO  |main |Reflections.java:232 |org.reflections.Reflections |Reflections took 26 ms to scan 1 urls, producing 4 keys and 9 values 
2024-03-04 16:37:34 |INFO  |main |Reflections.java:232 |org.reflections.Reflections |Reflections took 26 ms to scan 1 urls, producing 3 keys and 10 values 
2024-03-04 16:37:34 |INFO  |main |Reflections.java:232 |org.reflections.Reflections |Reflections took 200 ms to scan 199 urls, producing 0 keys and 0 values 
2024-03-04 16:37:34 |INFO  |main |Reflections.java:232 |org.reflections.Reflections |Reflections took 12 ms to scan 1 urls, producing 1 keys and 5 values 
2024-03-04 16:37:35 |INFO  |main |Reflections.java:232 |org.reflections.Reflections |Reflections took 15 ms to scan 1 urls, producing 1 keys and 7 values 
2024-03-04 16:37:35 |INFO  |main |Reflections.java:232 |org.reflections.Reflections |Reflections took 12 ms to scan 1 urls, producing 2 keys and 8 values 
2024-03-04 16:37:35 |INFO  |main |Reflections.java:232 |org.reflections.Reflections |Reflections took 217 ms to scan 199 urls, producing 0 keys and 0 values 
2024-03-04 16:37:35 |INFO  |main |LoggerUtils.java:60 |com.alibaba.nacos.common.remote.client |[9b52b437-9c9a-4d9d-972c-565c8f36a9fd] RpcClient init label, labels = {module=naming, source=sdk}
2024-03-04 16:37:35 |INFO  |main |LoggerUtils.java:60 |com.alibaba.nacos.common.remote.client |[9b52b437-9c9a-4d9d-972c-565c8f36a9fd] RpcClient init, ServerListFactory = com.alibaba.nacos.client.naming.core.ServerListManager
2024-03-04 16:37:35 |INFO  |main |LoggerUtils.java:60 |com.alibaba.nacos.common.remote.client |[9b52b437-9c9a-4d9d-972c-565c8f36a9fd] Registry connection listener to current client:com.alibaba.nacos.client.naming.remote.gprc.redo.NamingGrpcRedoService
2024-03-04 16:37:35 |INFO  |main |LoggerUtils.java:60 |com.alibaba.nacos.common.remote.client |[9b52b437-9c9a-4d9d-972c-565c8f36a9fd] Register server push request handler:com.alibaba.nacos.client.naming.remote.gprc.NamingPushRequestHandler
2024-03-04 16:37:35 |INFO  |main |LoggerUtils.java:60 |com.alibaba.nacos.common.remote.client |[9b52b437-9c9a-4d9d-972c-565c8f36a9fd] Try to connect to server on start up, server: {serverIp = '116.62.71.84', server main port = 8848}
2024-03-04 16:37:36 |INFO  |main |LoggerUtils.java:60 |com.alibaba.nacos.common.remote.client |[9b52b437-9c9a-4d9d-972c-565c8f36a9fd] Success to connect to server [116.62.71.84:8848] on start up, connectionId = 1709541457334_120.227.131.104_44554
2024-03-04 16:37:36 |INFO  |com.alibaba.nacos.client.remote.worker |LoggerUtils.java:60 |com.alibaba.nacos.common.remote.client |[9b52b437-9c9a-4d9d-972c-565c8f36a9fd] Notify connected event to listeners.
2024-03-04 16:37:36 |INFO  |main |LoggerUtils.java:60 |com.alibaba.nacos.common.remote.client |[9b52b437-9c9a-4d9d-972c-565c8f36a9fd] Register server push request handler:com.alibaba.nacos.common.remote.client.RpcClient$ConnectResetRequestHandler
2024-03-04 16:37:36 |INFO  |main |LoggerUtils.java:60 |com.alibaba.nacos.common.remote.client |[9b52b437-9c9a-4d9d-972c-565c8f36a9fd] Register server push request handler:com.alibaba.nacos.common.remote.client.RpcClient$$Lambda$858/655326029
2024-03-04 16:37:38 |INFO  |main |DirectJDKLog.java:173 |org.apache.coyote.http11.Http11NioProtocol |Starting ProtocolHandler ["http-nio-3000"]
2024-03-04 16:37:38 |INFO  |main |TomcatWebServer.java:220 |org.springframework.boot.web.embedded.tomcat.TomcatWebServer |Tomcat started on port(s): 3000 (http) with context path ''
2024-03-04 16:37:38 |INFO  |main |NacosServiceRegistry.java:65 |com.alibaba.cloud.nacos.registry.NacosServiceRegistry |nacos registry, DEFAULT_GROUP user-center 192.168.10.9:3000 register finished
2024-03-04 16:37:39 |INFO  |main |DocumentationPluginsBootstrapper.java:93 |springfox.documentation.spring.web.plugins.DocumentationPluginsBootstrapper |Documentation plugins bootstrapped
2024-03-04 16:37:39 |INFO  |main |AbstractDocumentationPluginsBootstrapper.java:79 |springfox.documentation.spring.web.plugins.DocumentationPluginsBootstrapper |Found 1 custom documentation plugin(s)
2024-03-04 16:37:39 |INFO  |main |ApiListingReferenceScanner.java:44 |springfox.documentation.spring.web.scanners.ApiListingReferenceScanner |Scanning for api listing references
2024-03-04 16:37:39 |INFO  |main |StartupInfoLogger.java:61 |ljl.bilibili.user_center.CenterEditApplication |Started CenterEditApplication in 14.879 seconds (JVM running for 16.5)
2024-03-04 16:42:41 |INFO  |Thread-14 |TimeBasedFilter.java:24 |ljl.filter.TimeBasedFilter |






2024-03-04 16:42:41 |INFO  |Thread-14 |ZipkinAutoConfiguration.java:144 |org.springframework.cloud.sleuth.autoconfig.zipkin2.ZipkinAutoConfiguration |Flushing remaining spans on shutdown
2024-03-04 16:42:43 |INFO  |SpringApplicationShutdownHook |NacosServiceRegistry.java:80 |com.alibaba.cloud.nacos.registry.NacosServiceRegistry |De-registering from Nacos Server now...
2024-03-04 16:42:43 |INFO  |SpringApplicationShutdownHook |NacosServiceRegistry.java:100 |com.alibaba.cloud.nacos.registry.NacosServiceRegistry |De-registration finished.
2024-03-04 16:42:43 |INFO  |SpringApplicationShutdownHook |DruidDataSource.java:2063 |com.alibaba.druid.pool.DruidDataSource |{dataSource-0} closing ...
2024-03-04 20:09:44 |INFO  |main |StartupInfoLogger.java:55 |ljl.bilibili.user_center.CenterEditApplication |Starting CenterEditApplication using Java 1.8.0_65 on DESKTOP-4C1V07J with PID 16292 (E:\bilibili\user_center\target\classes started by Administrator in E:\bilibili)
2024-03-04 20:09:44 |INFO  |main |SpringApplication.java:645 |ljl.bilibili.user_center.CenterEditApplication |No active profile set, falling back to 1 default profile: "default"
2024-03-04 20:09:47 |INFO  |main |GenericScope.java:283 |org.springframework.cloud.context.scope.GenericScope |BeanFactory id=1d3c00c5-baaf-30b0-813c-97d4c3992ba0
2024-03-04 20:09:48 |INFO  |main |TomcatWebServer.java:108 |org.springframework.boot.web.embedded.tomcat.TomcatWebServer |Tomcat initialized with port(s): 3000 (http)
2024-03-04 20:09:48 |INFO  |main |DirectJDKLog.java:173 |org.apache.coyote.http11.Http11NioProtocol |Initializing ProtocolHandler ["http-nio-3000"]
2024-03-04 20:09:48 |INFO  |main |DirectJDKLog.java:173 |org.apache.catalina.core.StandardService |Starting service [Tomcat]
2024-03-04 20:09:48 |INFO  |main |DirectJDKLog.java:173 |org.apache.catalina.core.StandardEngine |Starting Servlet engine: [Apache Tomcat/9.0.65]
2024-03-04 20:09:49 |INFO  |main |DirectJDKLog.java:173 |org.apache.catalina.core.ContainerBase.[Tomcat].[localhost].[/] |Initializing Spring embedded WebApplicationContext
2024-03-04 20:09:49 |INFO  |main |ServletWebServerApplicationContext.java:290 |org.springframework.boot.web.servlet.context.ServletWebServerApplicationContext |Root WebApplicationContext: initialization completed in 4693 ms
2024-03-04 20:09:50 |INFO  |main |MybatisPlusJoinAutoConfiguration.java:140 |com.github.yulichang.autoconfigure.MybatisPlusJoinAutoConfiguration |mybatis plus join properties config complete
2024-03-04 20:09:50 |INFO  |main |MybatisPlusJoinAutoConfiguration.java:140 |com.github.yulichang.autoconfigure.MybatisPlusJoinAutoConfiguration |mybatis plus join SqlInjector init
2024-03-04 20:09:54 |INFO  |main |WebMvcPropertySourcedRequestMappingHandlerMapping.java:69 |springfox.documentation.spring.web.WebMvcPropertySourcedRequestMappingHandlerMapping |Mapped URL path [/v2/api-docs] onto method [springfox.documentation.swagger2.web.Swagger2ControllerWebMvc#getDocumentation(String, HttpServletRequest)]
2024-03-04 20:09:55 |INFO  |main |RpcClientFactory.java:80 |com.alibaba.nacos.common.remote.client |[RpcClientFactory] create a new rpc client of 3da06d6c-5daa-43ed-a5c0-3526521585a8
2024-03-04 20:09:55 |INFO  |main |Reflections.java:232 |org.reflections.Reflections |Reflections took 75 ms to scan 1 urls, producing 3 keys and 6 values 
2024-03-04 20:09:55 |INFO  |main |Reflections.java:232 |org.reflections.Reflections |Reflections took 34 ms to scan 1 urls, producing 4 keys and 9 values 
2024-03-04 20:09:55 |INFO  |main |Reflections.java:232 |org.reflections.Reflections |Reflections took 26 ms to scan 1 urls, producing 3 keys and 10 values 
2024-03-04 20:09:55 |INFO  |main |Reflections.java:232 |org.reflections.Reflections |Reflections took 267 ms to scan 199 urls, producing 0 keys and 0 values 
2024-03-04 20:09:55 |INFO  |main |Reflections.java:232 |org.reflections.Reflections |Reflections took 30 ms to scan 1 urls, producing 1 keys and 5 values 
2024-03-04 20:09:55 |INFO  |main |Reflections.java:232 |org.reflections.Reflections |Reflections took 21 ms to scan 1 urls, producing 1 keys and 7 values 
2024-03-04 20:09:56 |INFO  |main |Reflections.java:232 |org.reflections.Reflections |Reflections took 61 ms to scan 1 urls, producing 2 keys and 8 values 
2024-03-04 20:09:56 |INFO  |main |Reflections.java:232 |org.reflections.Reflections |Reflections took 392 ms to scan 199 urls, producing 0 keys and 0 values 
2024-03-04 20:09:56 |INFO  |main |LoggerUtils.java:60 |com.alibaba.nacos.common.remote.client |[3da06d6c-5daa-43ed-a5c0-3526521585a8] RpcClient init label, labels = {module=naming, source=sdk}
2024-03-04 20:09:56 |INFO  |main |LoggerUtils.java:60 |com.alibaba.nacos.common.remote.client |[3da06d6c-5daa-43ed-a5c0-3526521585a8] RpcClient init, ServerListFactory = com.alibaba.nacos.client.naming.core.ServerListManager
2024-03-04 20:09:56 |INFO  |main |LoggerUtils.java:60 |com.alibaba.nacos.common.remote.client |[3da06d6c-5daa-43ed-a5c0-3526521585a8] Registry connection listener to current client:com.alibaba.nacos.client.naming.remote.gprc.redo.NamingGrpcRedoService
2024-03-04 20:09:56 |INFO  |main |LoggerUtils.java:60 |com.alibaba.nacos.common.remote.client |[3da06d6c-5daa-43ed-a5c0-3526521585a8] Register server push request handler:com.alibaba.nacos.client.naming.remote.gprc.NamingPushRequestHandler
2024-03-04 20:09:56 |INFO  |main |LoggerUtils.java:60 |com.alibaba.nacos.common.remote.client |[3da06d6c-5daa-43ed-a5c0-3526521585a8] Try to connect to server on start up, server: {serverIp = '116.62.71.84', server main port = 8848}
2024-03-04 20:10:00 |INFO  |main |LoggerUtils.java:60 |com.alibaba.nacos.common.remote.client |[3da06d6c-5daa-43ed-a5c0-3526521585a8] Success to connect to server [116.62.71.84:8848] on start up, connectionId = 1709554200242_120.227.131.104_44636
2024-03-04 20:10:00 |INFO  |com.alibaba.nacos.client.remote.worker |LoggerUtils.java:60 |com.alibaba.nacos.common.remote.client |[3da06d6c-5daa-43ed-a5c0-3526521585a8] Notify connected event to listeners.
2024-03-04 20:10:00 |INFO  |main |LoggerUtils.java:60 |com.alibaba.nacos.common.remote.client |[3da06d6c-5daa-43ed-a5c0-3526521585a8] Register server push request handler:com.alibaba.nacos.common.remote.client.RpcClient$ConnectResetRequestHandler
2024-03-04 20:10:00 |INFO  |main |LoggerUtils.java:60 |com.alibaba.nacos.common.remote.client |[3da06d6c-5daa-43ed-a5c0-3526521585a8] Register server push request handler:com.alibaba.nacos.common.remote.client.RpcClient$$Lambda$858/208108926
2024-03-04 20:10:02 |INFO  |main |DirectJDKLog.java:173 |org.apache.coyote.http11.Http11NioProtocol |Starting ProtocolHandler ["http-nio-3000"]
2024-03-04 20:10:02 |INFO  |main |TomcatWebServer.java:220 |org.springframework.boot.web.embedded.tomcat.TomcatWebServer |Tomcat started on port(s): 3000 (http) with context path ''
2024-03-04 20:10:02 |INFO  |main |NacosServiceRegistry.java:65 |com.alibaba.cloud.nacos.registry.NacosServiceRegistry |nacos registry, DEFAULT_GROUP user-center 192.168.10.9:3000 register finished
2024-03-04 20:10:02 |INFO  |main |DocumentationPluginsBootstrapper.java:93 |springfox.documentation.spring.web.plugins.DocumentationPluginsBootstrapper |Documentation plugins bootstrapped
2024-03-04 20:10:02 |INFO  |main |AbstractDocumentationPluginsBootstrapper.java:79 |springfox.documentation.spring.web.plugins.DocumentationPluginsBootstrapper |Found 1 custom documentation plugin(s)
2024-03-04 20:10:02 |INFO  |main |ApiListingReferenceScanner.java:44 |springfox.documentation.spring.web.scanners.ApiListingReferenceScanner |Scanning for api listing references
2024-03-04 20:10:02 |INFO  |main |StartupInfoLogger.java:61 |ljl.bilibili.user_center.CenterEditApplication |Started CenterEditApplication in 20.209 seconds (JVM running for 22.139)
2024-03-04 20:10:34 |INFO  |http-nio-3000-exec-1 |DirectJDKLog.java:173 |org.apache.catalina.core.ContainerBase.[Tomcat].[localhost].[/] |Initializing Spring DispatcherServlet 'dispatcherServlet'
2024-03-04 20:10:34 |INFO  |http-nio-3000-exec-1 |FrameworkServlet.java:525 |org.springframework.web.servlet.DispatcherServlet |Initializing Servlet 'dispatcherServlet'
2024-03-04 20:10:34 |INFO  |http-nio-3000-exec-1 |FrameworkServlet.java:547 |org.springframework.web.servlet.DispatcherServlet |Completed initialization in 3 ms
2024-03-04 20:11:13 |INFO  |Thread-9 |ZipkinAutoConfiguration.java:144 |org.springframework.cloud.sleuth.autoconfig.zipkin2.ZipkinAutoConfiguration |Flushing remaining spans on shutdown
2024-03-04 20:11:15 |INFO  |SpringApplicationShutdownHook |NacosServiceRegistry.java:80 |com.alibaba.cloud.nacos.registry.NacosServiceRegistry |De-registering from Nacos Server now...
2024-03-04 20:11:15 |INFO  |SpringApplicationShutdownHook |NacosServiceRegistry.java:100 |com.alibaba.cloud.nacos.registry.NacosServiceRegistry |De-registration finished.
2024-03-04 20:11:15 |INFO  |SpringApplicationShutdownHook |DruidDataSource.java:2063 |com.alibaba.druid.pool.DruidDataSource |{dataSource-0} closing ...
2024-03-04 20:11:37 |INFO  |main |StartupInfoLogger.java:55 |ljl.bilibili.user_center.CenterEditApplication |Starting CenterEditApplication using Java 1.8.0_65 on DESKTOP-4C1V07J with PID 12004 (E:\bilibili\user_center\target\classes started by Administrator in E:\bilibili)
2024-03-04 20:11:37 |INFO  |main |SpringApplication.java:645 |ljl.bilibili.user_center.CenterEditApplication |No active profile set, falling back to 1 default profile: "default"
2024-03-04 20:11:40 |INFO  |main |GenericScope.java:283 |org.springframework.cloud.context.scope.GenericScope |BeanFactory id=1d3c00c5-baaf-30b0-813c-97d4c3992ba0
2024-03-04 20:11:41 |INFO  |main |TomcatWebServer.java:108 |org.springframework.boot.web.embedded.tomcat.TomcatWebServer |Tomcat initialized with port(s): 3000 (http)
2024-03-04 20:11:41 |INFO  |main |DirectJDKLog.java:173 |org.apache.coyote.http11.Http11NioProtocol |Initializing ProtocolHandler ["http-nio-3000"]
2024-03-04 20:11:41 |INFO  |main |DirectJDKLog.java:173 |org.apache.catalina.core.StandardService |Starting service [Tomcat]
2024-03-04 20:11:41 |INFO  |main |DirectJDKLog.java:173 |org.apache.catalina.core.StandardEngine |Starting Servlet engine: [Apache Tomcat/9.0.65]
2024-03-04 20:11:42 |INFO  |main |DirectJDKLog.java:173 |org.apache.catalina.core.ContainerBase.[Tomcat].[localhost].[/] |Initializing Spring embedded WebApplicationContext
2024-03-04 20:11:42 |INFO  |main |ServletWebServerApplicationContext.java:290 |org.springframework.boot.web.servlet.context.ServletWebServerApplicationContext |Root WebApplicationContext: initialization completed in 4272 ms
2024-03-04 20:11:43 |INFO  |main |MybatisPlusJoinAutoConfiguration.java:140 |com.github.yulichang.autoconfigure.MybatisPlusJoinAutoConfiguration |mybatis plus join properties config complete
2024-03-04 20:11:43 |INFO  |main |MybatisPlusJoinAutoConfiguration.java:140 |com.github.yulichang.autoconfigure.MybatisPlusJoinAutoConfiguration |mybatis plus join SqlInjector init
2024-03-04 20:11:50 |INFO  |main |WebMvcPropertySourcedRequestMappingHandlerMapping.java:69 |springfox.documentation.spring.web.WebMvcPropertySourcedRequestMappingHandlerMapping |Mapped URL path [/v2/api-docs] onto method [springfox.documentation.swagger2.web.Swagger2ControllerWebMvc#getDocumentation(String, HttpServletRequest)]
2024-03-04 20:11:51 |INFO  |main |RpcClientFactory.java:80 |com.alibaba.nacos.common.remote.client |[RpcClientFactory] create a new rpc client of 0979e314-fcce-497e-8da5-55e4582434bb
2024-03-04 20:11:51 |INFO  |main |Reflections.java:232 |org.reflections.Reflections |Reflections took 63 ms to scan 1 urls, producing 3 keys and 6 values 
2024-03-04 20:11:51 |INFO  |main |Reflections.java:232 |org.reflections.Reflections |Reflections took 33 ms to scan 1 urls, producing 4 keys and 9 values 
2024-03-04 20:11:51 |INFO  |main |Reflections.java:232 |org.reflections.Reflections |Reflections took 25 ms to scan 1 urls, producing 3 keys and 10 values 
2024-03-04 20:11:52 |INFO  |main |Reflections.java:232 |org.reflections.Reflections |Reflections took 416 ms to scan 199 urls, producing 0 keys and 0 values 
2024-03-04 20:11:52 |INFO  |main |Reflections.java:232 |org.reflections.Reflections |Reflections took 25 ms to scan 1 urls, producing 1 keys and 5 values 
2024-03-04 20:11:52 |INFO  |main |Reflections.java:232 |org.reflections.Reflections |Reflections took 32 ms to scan 1 urls, producing 1 keys and 7 values 
2024-03-04 20:11:52 |INFO  |main |Reflections.java:232 |org.reflections.Reflections |Reflections took 20 ms to scan 1 urls, producing 2 keys and 8 values 
2024-03-04 20:11:52 |INFO  |main |Reflections.java:232 |org.reflections.Reflections |Reflections took 240 ms to scan 199 urls, producing 0 keys and 0 values 
2024-03-04 20:11:52 |INFO  |main |LoggerUtils.java:60 |com.alibaba.nacos.common.remote.client |[0979e314-fcce-497e-8da5-55e4582434bb] RpcClient init label, labels = {module=naming, source=sdk}
2024-03-04 20:11:52 |INFO  |main |LoggerUtils.java:60 |com.alibaba.nacos.common.remote.client |[0979e314-fcce-497e-8da5-55e4582434bb] RpcClient init, ServerListFactory = com.alibaba.nacos.client.naming.core.ServerListManager
2024-03-04 20:11:52 |INFO  |main |LoggerUtils.java:60 |com.alibaba.nacos.common.remote.client |[0979e314-fcce-497e-8da5-55e4582434bb] Registry connection listener to current client:com.alibaba.nacos.client.naming.remote.gprc.redo.NamingGrpcRedoService
2024-03-04 20:11:52 |INFO  |main |LoggerUtils.java:60 |com.alibaba.nacos.common.remote.client |[0979e314-fcce-497e-8da5-55e4582434bb] Register server push request handler:com.alibaba.nacos.client.naming.remote.gprc.NamingPushRequestHandler
2024-03-04 20:11:52 |INFO  |main |LoggerUtils.java:60 |com.alibaba.nacos.common.remote.client |[0979e314-fcce-497e-8da5-55e4582434bb] Try to connect to server on start up, server: {serverIp = '116.62.71.84', server main port = 8848}
2024-03-04 20:11:56 |INFO  |main |LoggerUtils.java:60 |com.alibaba.nacos.common.remote.client |[0979e314-fcce-497e-8da5-55e4582434bb] Try to connect to server on start up, server: {serverIp = '116.62.71.84', server main port = 8848}
2024-03-04 20:11:57 |INFO  |main |LoggerUtils.java:60 |com.alibaba.nacos.common.remote.client |[0979e314-fcce-497e-8da5-55e4582434bb] Success to connect to server [116.62.71.84:8848] on start up, connectionId = 1709554317587_120.227.131.104_44781
2024-03-04 20:11:57 |INFO  |com.alibaba.nacos.client.remote.worker |LoggerUtils.java:60 |com.alibaba.nacos.common.remote.client |[0979e314-fcce-497e-8da5-55e4582434bb] Notify connected event to listeners.
2024-03-04 20:11:57 |INFO  |main |LoggerUtils.java:60 |com.alibaba.nacos.common.remote.client |[0979e314-fcce-497e-8da5-55e4582434bb] Register server push request handler:com.alibaba.nacos.common.remote.client.RpcClient$ConnectResetRequestHandler
2024-03-04 20:11:57 |INFO  |main |LoggerUtils.java:60 |com.alibaba.nacos.common.remote.client |[0979e314-fcce-497e-8da5-55e4582434bb] Register server push request handler:com.alibaba.nacos.common.remote.client.RpcClient$$Lambda$858/290137108
2024-03-04 20:12:00 |INFO  |main |DirectJDKLog.java:173 |org.apache.coyote.http11.Http11NioProtocol |Starting ProtocolHandler ["http-nio-3000"]
2024-03-04 20:12:00 |INFO  |main |TomcatWebServer.java:220 |org.springframework.boot.web.embedded.tomcat.TomcatWebServer |Tomcat started on port(s): 3000 (http) with context path ''
2024-03-04 20:12:00 |INFO  |main |NacosServiceRegistry.java:65 |com.alibaba.cloud.nacos.registry.NacosServiceRegistry |nacos registry, DEFAULT_GROUP user-center 192.168.10.9:3000 register finished
2024-03-04 20:12:01 |INFO  |main |DocumentationPluginsBootstrapper.java:93 |springfox.documentation.spring.web.plugins.DocumentationPluginsBootstrapper |Documentation plugins bootstrapped
2024-03-04 20:12:01 |INFO  |main |AbstractDocumentationPluginsBootstrapper.java:79 |springfox.documentation.spring.web.plugins.DocumentationPluginsBootstrapper |Found 1 custom documentation plugin(s)
2024-03-04 20:12:01 |INFO  |main |ApiListingReferenceScanner.java:44 |springfox.documentation.spring.web.scanners.ApiListingReferenceScanner |Scanning for api listing references
2024-03-04 20:12:01 |INFO  |main |StartupInfoLogger.java:61 |ljl.bilibili.user_center.CenterEditApplication |Started CenterEditApplication in 26.237 seconds (JVM running for 29.258)
2024-03-04 20:12:07 |INFO  |http-nio-3000-exec-1 |DirectJDKLog.java:173 |org.apache.catalina.core.ContainerBase.[Tomcat].[localhost].[/] |Initializing Spring DispatcherServlet 'dispatcherServlet'
2024-03-04 20:12:07 |INFO  |http-nio-3000-exec-1 |FrameworkServlet.java:525 |org.springframework.web.servlet.DispatcherServlet |Initializing Servlet 'dispatcherServlet'
2024-03-04 20:12:07 |INFO  |http-nio-3000-exec-1 |FrameworkServlet.java:547 |org.springframework.web.servlet.DispatcherServlet |Completed initialization in 3 ms
2024-03-04 20:12:19 |INFO  |http-nio-3000-exec-6 |UserInfoController.java:28 |ljl.bilibili.user_center.controller.user_info.UserInfoController |1
2024-03-04 20:12:19 |INFO  |http-nio-3000-exec-6 |DruidDataSource.java:975 |com.alibaba.druid.pool.DruidDataSource |{dataSource-1} inited
2024-03-04 20:13:04 |INFO  |Thread-14 |ZipkinAutoConfiguration.java:144 |org.springframework.cloud.sleuth.autoconfig.zipkin2.ZipkinAutoConfiguration |Flushing remaining spans on shutdown
2024-03-04 20:13:04 |INFO  |SpringApplicationShutdownHook |NacosServiceRegistry.java:80 |com.alibaba.cloud.nacos.registry.NacosServiceRegistry |De-registering from Nacos Server now...
2024-03-04 20:13:05 |INFO  |SpringApplicationShutdownHook |NacosServiceRegistry.java:100 |com.alibaba.cloud.nacos.registry.NacosServiceRegistry |De-registration finished.
2024-03-04 20:13:05 |INFO  |SpringApplicationShutdownHook |DruidDataSource.java:2063 |com.alibaba.druid.pool.DruidDataSource |{dataSource-1} closing ...
2024-03-04 20:13:05 |INFO  |SpringApplicationShutdownHook |DruidDataSource.java:2136 |com.alibaba.druid.pool.DruidDataSource |{dataSource-1} closed
