2024-01-20 15:49:15 |INFO  |main |StartupInfoLogger.java:55 |ljl.PayApplication |Starting PayApplication using Java 1.8.0_65 on DESKTOP-4C1V07J with PID 13676 (E:\bilibili\pay\target\classes started by Administrator in E:\bilibili)
2024-01-20 15:49:15 |INFO  |main |SpringApplication.java:645 |ljl.PayApplication |No active profile set, falling back to 1 default profile: "default"
2024-01-20 15:49:19 |INFO  |main |GenericScope.java:283 |org.springframework.cloud.context.scope.GenericScope |BeanFactory id=bd717f2e-91d6-36fe-a760-5cfad0bf9c4b
2024-01-20 15:49:21 |INFO  |main |TomcatWebServer.java:108 |org.springframework.boot.web.embedded.tomcat.TomcatWebServer |Tomcat initialized with port(s): 2500 (http)
2024-01-20 15:49:21 |INFO  |main |DirectJDKLog.java:173 |org.apache.coyote.http11.Http11NioProtocol |Initializing ProtocolHandler ["http-nio-2500"]
2024-01-20 15:49:21 |INFO  |main |DirectJDKLog.java:173 |org.apache.catalina.core.StandardService |Starting service [Tomcat]
2024-01-20 15:49:21 |INFO  |main |DirectJDKLog.java:173 |org.apache.catalina.core.StandardEngine |Starting Servlet engine: [Apache Tomcat/9.0.65]
2024-01-20 15:49:22 |INFO  |main |DirectJDKLog.java:173 |org.apache.catalina.core.ContainerBase.[Tomcat].[localhost].[/] |Initializing Spring embedded WebApplicationContext
2024-01-20 15:49:22 |INFO  |main |ServletWebServerApplicationContext.java:290 |org.springframework.boot.web.servlet.context.ServletWebServerApplicationContext |Root WebApplicationContext: initialization completed in 6478 ms
2024-01-20 15:49:29 |INFO  |main |RpcClientFactory.java:80 |com.alibaba.nacos.common.remote.client |[RpcClientFactory] create a new rpc client of 43079e54-a455-4151-a573-324306593690
2024-01-20 15:49:30 |INFO  |main |Reflections.java:232 |org.reflections.Reflections |Reflections took 1044 ms to scan 1 urls, producing 3 keys and 6 values 
2024-01-20 15:49:30 |INFO  |main |Reflections.java:232 |org.reflections.Reflections |Reflections took 35 ms to scan 1 urls, producing 4 keys and 9 values 
2024-01-20 15:49:30 |INFO  |main |Reflections.java:232 |org.reflections.Reflections |Reflections took 37 ms to scan 1 urls, producing 3 keys and 10 values 
2024-01-20 15:49:31 |INFO  |main |Reflections.java:232 |org.reflections.Reflections |Reflections took 527 ms to scan 129 urls, producing 0 keys and 0 values 
2024-01-20 15:49:31 |INFO  |main |Reflections.java:232 |org.reflections.Reflections |Reflections took 33 ms to scan 1 urls, producing 1 keys and 5 values 
2024-01-20 15:49:31 |INFO  |main |Reflections.java:232 |org.reflections.Reflections |Reflections took 47 ms to scan 1 urls, producing 1 keys and 7 values 
2024-01-20 15:49:31 |INFO  |main |Reflections.java:232 |org.reflections.Reflections |Reflections took 99 ms to scan 1 urls, producing 2 keys and 8 values 
2024-01-20 15:49:32 |INFO  |main |Reflections.java:232 |org.reflections.Reflections |Reflections took 811 ms to scan 129 urls, producing 0 keys and 0 values 
2024-01-20 15:49:32 |INFO  |main |LoggerUtils.java:60 |com.alibaba.nacos.common.remote.client |[43079e54-a455-4151-a573-324306593690] RpcClient init label, labels = {module=naming, source=sdk}
2024-01-20 15:49:32 |INFO  |main |LoggerUtils.java:60 |com.alibaba.nacos.common.remote.client |[43079e54-a455-4151-a573-324306593690] RpcClient init, ServerListFactory = com.alibaba.nacos.client.naming.core.ServerListManager
2024-01-20 15:49:32 |INFO  |main |LoggerUtils.java:60 |com.alibaba.nacos.common.remote.client |[43079e54-a455-4151-a573-324306593690] Registry connection listener to current client:com.alibaba.nacos.client.naming.remote.gprc.redo.NamingGrpcRedoService
2024-01-20 15:49:32 |INFO  |main |LoggerUtils.java:60 |com.alibaba.nacos.common.remote.client |[43079e54-a455-4151-a573-324306593690] Register server push request handler:com.alibaba.nacos.client.naming.remote.gprc.NamingPushRequestHandler
2024-01-20 15:49:32 |INFO  |main |LoggerUtils.java:60 |com.alibaba.nacos.common.remote.client |[43079e54-a455-4151-a573-324306593690] Try to connect to server on start up, server: {serverIp = 'localhost', server main port = 8848}
2024-01-20 15:49:38 |INFO  |main |LoggerUtils.java:60 |com.alibaba.nacos.common.remote.client |[43079e54-a455-4151-a573-324306593690] Try to connect to server on start up, server: {serverIp = 'localhost', server main port = 8848}
2024-01-20 15:49:41 |INFO  |main |LoggerUtils.java:60 |com.alibaba.nacos.common.remote.client |[43079e54-a455-4151-a573-324306593690] Try to connect to server on start up, server: {serverIp = 'localhost', server main port = 8848}
2024-01-20 15:49:44 |INFO  |com.alibaba.nacos.client.remote.worker |LoggerUtils.java:60 |com.alibaba.nacos.common.remote.client |[43079e54-a455-4151-a573-324306593690] Try to reconnect to a new server, server is  not appointed, will choose a random server.
2024-01-20 15:49:44 |INFO  |main |LoggerUtils.java:60 |com.alibaba.nacos.common.remote.client |[43079e54-a455-4151-a573-324306593690] Register server push request handler:com.alibaba.nacos.common.remote.client.RpcClient$ConnectResetRequestHandler
2024-01-20 15:49:44 |INFO  |main |LoggerUtils.java:60 |com.alibaba.nacos.common.remote.client |[43079e54-a455-4151-a573-324306593690] Register server push request handler:com.alibaba.nacos.common.remote.client.RpcClient$$Lambda$720/353841915
2024-01-20 15:49:50 |INFO  |main |DirectJDKLog.java:173 |org.apache.coyote.http11.Http11NioProtocol |Starting ProtocolHandler ["http-nio-2500"]
2024-01-20 15:49:51 |INFO  |com.alibaba.nacos.client.remote.worker |LoggerUtils.java:60 |com.alibaba.nacos.common.remote.client |[43079e54-a455-4151-a573-324306593690] Fail to connect server, after trying 1 times, last try server is {serverIp = 'localhost', server main port = 8848}, error = unknown
2024-01-20 15:49:51 |INFO  |main |TomcatWebServer.java:220 |org.springframework.boot.web.embedded.tomcat.TomcatWebServer |Tomcat started on port(s): 2500 (http) with context path ''
2024-01-20 15:49:52 |INFO  |main |DruidDataSource.java:2063 |com.alibaba.druid.pool.DruidDataSource |{dataSource-0} closing ...
2024-01-20 15:49:53 |INFO  |main |DirectJDKLog.java:173 |org.apache.coyote.http11.Http11NioProtocol |Pausing ProtocolHandler ["http-nio-2500"]
2024-01-20 15:49:53 |INFO  |main |DirectJDKLog.java:173 |org.apache.catalina.core.StandardService |Stopping service [Tomcat]
2024-01-20 15:49:53 |INFO  |main |DirectJDKLog.java:173 |org.apache.coyote.http11.Http11NioProtocol |Stopping ProtocolHandler ["http-nio-2500"]
2024-01-20 15:49:53 |INFO  |main |DirectJDKLog.java:173 |org.apache.coyote.http11.Http11NioProtocol |Destroying ProtocolHandler ["http-nio-2500"]
2024-01-20 15:49:53 |INFO  |main |ConditionEvaluationReportLoggingListener.java:136 |org.springframework.boot.autoconfigure.logging.ConditionEvaluationReportLoggingListener |

Error starting ApplicationContext. To display the conditions report re-run your application with 'debug' enabled.
2024-01-20 15:49:54 |INFO  |com.alibaba.nacos.client.remote.worker |LoggerUtils.java:60 |com.alibaba.nacos.common.remote.client |[43079e54-a455-4151-a573-324306593690] Fail to connect server, after trying 2 times, last try server is {serverIp = 'localhost', server main port = 8848}, error = unknown
2024-01-20 15:49:58 |INFO  |com.alibaba.nacos.client.remote.worker |LoggerUtils.java:60 |com.alibaba.nacos.common.remote.client |[43079e54-a455-4151-a573-324306593690] Fail to connect server, after trying 3 times, last try server is {serverIp = 'localhost', server main port = 8848}, error = unknown
2024-01-20 15:50:01 |INFO  |com.alibaba.nacos.client.remote.worker |LoggerUtils.java:60 |com.alibaba.nacos.common.remote.client |[43079e54-a455-4151-a573-324306593690] Fail to connect server, after trying 4 times, last try server is {serverIp = 'localhost', server main port = 8848}, error = unknown
2024-01-20 15:50:05 |INFO  |com.alibaba.nacos.client.remote.worker |LoggerUtils.java:60 |com.alibaba.nacos.common.remote.client |[43079e54-a455-4151-a573-324306593690] Fail to connect server, after trying 5 times, last try server is {serverIp = 'localhost', server main port = 8848}, error = unknown
2024-01-20 15:50:08 |INFO  |com.alibaba.nacos.client.remote.worker |LoggerUtils.java:60 |com.alibaba.nacos.common.remote.client |[43079e54-a455-4151-a573-324306593690] Fail to connect server, after trying 6 times, last try server is {serverIp = 'localhost', server main port = 8848}, error = unknown
2024-01-20 15:50:12 |INFO  |com.alibaba.nacos.client.remote.worker |LoggerUtils.java:60 |com.alibaba.nacos.common.remote.client |[43079e54-a455-4151-a573-324306593690] Fail to connect server, after trying 7 times, last try server is {serverIp = 'localhost', server main port = 8848}, error = unknown
2024-01-20 15:50:16 |INFO  |com.alibaba.nacos.client.remote.worker |LoggerUtils.java:60 |com.alibaba.nacos.common.remote.client |[43079e54-a455-4151-a573-324306593690] Fail to connect server, after trying 8 times, last try server is {serverIp = 'localhost', server main port = 8848}, error = unknown
2024-01-20 15:50:21 |INFO  |com.alibaba.nacos.client.remote.worker |LoggerUtils.java:60 |com.alibaba.nacos.common.remote.client |[43079e54-a455-4151-a573-324306593690] Fail to connect server, after trying 9 times, last try server is {serverIp = 'localhost', server main port = 8848}, error = unknown
2024-01-20 15:50:25 |INFO  |com.alibaba.nacos.client.remote.worker |LoggerUtils.java:60 |com.alibaba.nacos.common.remote.client |[43079e54-a455-4151-a573-324306593690] Fail to connect server, after trying 10 times, last try server is {serverIp = 'localhost', server main port = 8848}, error = unknown
2024-01-20 15:50:29 |INFO  |com.alibaba.nacos.client.remote.worker |LoggerUtils.java:60 |com.alibaba.nacos.common.remote.client |[43079e54-a455-4151-a573-324306593690] Fail to connect server, after trying 11 times, last try server is {serverIp = 'localhost', server main port = 8848}, error = unknown
2024-01-20 15:50:33 |INFO  |com.alibaba.nacos.client.remote.worker |LoggerUtils.java:60 |com.alibaba.nacos.common.remote.client |[43079e54-a455-4151-a573-324306593690] Fail to connect server, after trying 12 times, last try server is {serverIp = 'localhost', server main port = 8848}, error = unknown
2024-01-20 15:50:38 |INFO  |com.alibaba.nacos.client.remote.worker |LoggerUtils.java:60 |com.alibaba.nacos.common.remote.client |[43079e54-a455-4151-a573-324306593690] Fail to connect server, after trying 13 times, last try server is {serverIp = 'localhost', server main port = 8848}, error = unknown
2024-01-20 15:50:42 |INFO  |com.alibaba.nacos.client.remote.worker |LoggerUtils.java:60 |com.alibaba.nacos.common.remote.client |[43079e54-a455-4151-a573-324306593690] Fail to connect server, after trying 14 times, last try server is {serverIp = 'localhost', server main port = 8848}, error = unknown
2024-01-20 15:50:47 |INFO  |com.alibaba.nacos.client.remote.worker |LoggerUtils.java:60 |com.alibaba.nacos.common.remote.client |[43079e54-a455-4151-a573-324306593690] Fail to connect server, after trying 15 times, last try server is {serverIp = 'localhost', server main port = 8848}, error = unknown
2024-01-20 15:50:51 |INFO  |com.alibaba.nacos.client.remote.worker |LoggerUtils.java:60 |com.alibaba.nacos.common.remote.client |[43079e54-a455-4151-a573-324306593690] Fail to connect server, after trying 16 times, last try server is {serverIp = 'localhost', server main port = 8848}, error = unknown
2024-01-20 15:50:56 |INFO  |com.alibaba.nacos.client.remote.worker |LoggerUtils.java:60 |com.alibaba.nacos.common.remote.client |[43079e54-a455-4151-a573-324306593690] Fail to connect server, after trying 17 times, last try server is {serverIp = 'localhost', server main port = 8848}, error = unknown
