2024-04-02 12:14:08 |INFO  |main |StartupInfoLogger.java:55 |ljl.bilibili.search.SearchApplication |Starting SearchApplication using Java 1.8.0_65 on DESKTOP-4C1V07J with PID 12360 (E:\bilibili\search\target\classes started by Administrator in E:\bilibili)
2024-04-02 12:14:08 |INFO  |main |SpringApplication.java:645 |ljl.bilibili.search.SearchApplication |No active profile set, falling back to 1 default profile: "default"
2024-04-02 12:14:11 |INFO  |main |RepositoryConfigurationDelegate.java:262 |org.springframework.data.repository.config.RepositoryConfigurationDelegate |Multiple Spring Data modules found, entering strict repository configuration mode
2024-04-02 12:14:11 |INFO  |main |RepositoryConfigurationDelegate.java:132 |org.springframework.data.repository.config.RepositoryConfigurationDelegate |Bootstrapping Spring Data Elasticsearch repositories in DEFAULT mode.
2024-04-02 12:14:11 |INFO  |main |RepositoryConfigurationDelegate.java:201 |org.springframework.data.repository.config.RepositoryConfigurationDelegate |Finished Spring Data repository scanning in 8 ms. Found 0 Elasticsearch repository interfaces.
2024-04-02 12:14:11 |INFO  |main |RepositoryConfigurationDelegate.java:262 |org.springframework.data.repository.config.RepositoryConfigurationDelegate |Multiple Spring Data modules found, entering strict repository configuration mode
2024-04-02 12:14:11 |INFO  |main |RepositoryConfigurationDelegate.java:132 |org.springframework.data.repository.config.RepositoryConfigurationDelegate |Bootstrapping Spring Data Reactive Elasticsearch repositories in DEFAULT mode.
2024-04-02 12:14:11 |INFO  |main |RepositoryConfigurationDelegate.java:201 |org.springframework.data.repository.config.RepositoryConfigurationDelegate |Finished Spring Data repository scanning in 2 ms. Found 0 Reactive Elasticsearch repository interfaces.
2024-04-02 12:14:11 |INFO  |main |RepositoryConfigurationDelegate.java:262 |org.springframework.data.repository.config.RepositoryConfigurationDelegate |Multiple Spring Data modules found, entering strict repository configuration mode
2024-04-02 12:14:11 |INFO  |main |RepositoryConfigurationDelegate.java:132 |org.springframework.data.repository.config.RepositoryConfigurationDelegate |Bootstrapping Spring Data Redis repositories in DEFAULT mode.
2024-04-02 12:14:11 |INFO  |main |RepositoryConfigurationDelegate.java:201 |org.springframework.data.repository.config.RepositoryConfigurationDelegate |Finished Spring Data repository scanning in 3 ms. Found 0 Redis repository interfaces.
2024-04-02 12:14:12 |INFO  |main |GenericScope.java:283 |org.springframework.cloud.context.scope.GenericScope |BeanFactory id=20aff51d-5265-313d-adf0-3c95e5cc4ca3
2024-04-02 12:14:13 |INFO  |main |TomcatWebServer.java:108 |org.springframework.boot.web.embedded.tomcat.TomcatWebServer |Tomcat initialized with port(s): 8201 (http)
2024-04-02 12:14:13 |INFO  |main |DirectJDKLog.java:173 |org.apache.coyote.http11.Http11NioProtocol |Initializing ProtocolHandler ["http-nio-8201"]
2024-04-02 12:14:13 |INFO  |main |DirectJDKLog.java:173 |org.apache.catalina.core.StandardService |Starting service [Tomcat]
2024-04-02 12:14:13 |INFO  |main |DirectJDKLog.java:173 |org.apache.catalina.core.StandardEngine |Starting Servlet engine: [Apache Tomcat/9.0.65]
2024-04-02 12:14:14 |INFO  |main |DirectJDKLog.java:173 |org.apache.catalina.core.ContainerBase.[Tomcat].[localhost].[/] |Initializing Spring embedded WebApplicationContext
2024-04-02 12:14:14 |INFO  |main |ServletWebServerApplicationContext.java:290 |org.springframework.boot.web.servlet.context.ServletWebServerApplicationContext |Root WebApplicationContext: initialization completed in 5526 ms
2024-04-02 12:14:16 |INFO  |main |ElasticsearchClientConfig.java:59 |ljl.bilibili.search.config.ElasticsearchClientConfig |Connecting Elasticsearch...
2024-04-02 12:14:16 |INFO  |main |ElasticsearchClientConfig.java:74 |ljl.bilibili.search.config.ElasticsearchClientConfig |Elasticsearch Connected!
2024-04-02 12:14:16 |INFO  |main |MybatisPlusJoinAutoConfiguration.java:140 |com.github.yulichang.autoconfigure.MybatisPlusJoinAutoConfiguration |mybatis plus join properties config complete
2024-04-02 12:14:16 |INFO  |main |MybatisPlusJoinAutoConfiguration.java:140 |com.github.yulichang.autoconfigure.MybatisPlusJoinAutoConfiguration |mybatis plus join SqlInjector init
2024-04-02 12:14:20 |INFO  |main |WebMvcPropertySourcedRequestMappingHandlerMapping.java:69 |springfox.documentation.spring.web.WebMvcPropertySourcedRequestMappingHandlerMapping |Mapped URL path [/v2/api-docs] onto method [springfox.documentation.swagger2.web.Swagger2ControllerWebMvc#getDocumentation(String, HttpServletRequest)]
2024-04-02 12:14:20 |INFO  |main |XxlJobConfig.java:46 |ljl.bilibili.search.config.XxlJobConfig |>>>>>>>>>>> xxl-job config init.
2024-04-02 12:14:21 |INFO  |main |RpcClientFactory.java:80 |com.alibaba.nacos.common.remote.client |[RpcClientFactory] create a new rpc client of 1b28ef36-ab23-4310-ae26-ceafdaf2c294
2024-04-02 12:14:21 |INFO  |main |Reflections.java:232 |org.reflections.Reflections |Reflections took 90 ms to scan 1 urls, producing 3 keys and 6 values 
2024-04-02 12:14:21 |INFO  |main |Reflections.java:232 |org.reflections.Reflections |Reflections took 30 ms to scan 1 urls, producing 4 keys and 9 values 
2024-04-02 12:14:21 |INFO  |main |Reflections.java:232 |org.reflections.Reflections |Reflections took 24 ms to scan 1 urls, producing 3 keys and 10 values 
2024-04-02 12:14:21 |INFO  |main |Reflections.java:232 |org.reflections.Reflections |Reflections took 205 ms to scan 275 urls, producing 0 keys and 0 values 
2024-04-02 12:14:21 |INFO  |main |Reflections.java:232 |org.reflections.Reflections |Reflections took 13 ms to scan 1 urls, producing 1 keys and 5 values 
2024-04-02 12:14:21 |INFO  |main |Reflections.java:232 |org.reflections.Reflections |Reflections took 12 ms to scan 1 urls, producing 1 keys and 7 values 
2024-04-02 12:14:21 |INFO  |main |Reflections.java:232 |org.reflections.Reflections |Reflections took 11 ms to scan 1 urls, producing 2 keys and 8 values 
2024-04-02 12:14:22 |INFO  |main |Reflections.java:232 |org.reflections.Reflections |Reflections took 222 ms to scan 275 urls, producing 0 keys and 0 values 
2024-04-02 12:14:22 |INFO  |main |LoggerUtils.java:60 |com.alibaba.nacos.common.remote.client |[1b28ef36-ab23-4310-ae26-ceafdaf2c294] RpcClient init label, labels = {module=naming, source=sdk}
2024-04-02 12:14:22 |INFO  |main |LoggerUtils.java:60 |com.alibaba.nacos.common.remote.client |[1b28ef36-ab23-4310-ae26-ceafdaf2c294] RpcClient init, ServerListFactory = com.alibaba.nacos.client.naming.core.ServerListManager
2024-04-02 12:14:22 |INFO  |main |LoggerUtils.java:60 |com.alibaba.nacos.common.remote.client |[1b28ef36-ab23-4310-ae26-ceafdaf2c294] Registry connection listener to current client:com.alibaba.nacos.client.naming.remote.gprc.redo.NamingGrpcRedoService
2024-04-02 12:14:22 |INFO  |main |LoggerUtils.java:60 |com.alibaba.nacos.common.remote.client |[1b28ef36-ab23-4310-ae26-ceafdaf2c294] Register server push request handler:com.alibaba.nacos.client.naming.remote.gprc.NamingPushRequestHandler
2024-04-02 12:14:22 |INFO  |main |LoggerUtils.java:60 |com.alibaba.nacos.common.remote.client |[1b28ef36-ab23-4310-ae26-ceafdaf2c294] Try to connect to server on start up, server: {serverIp = '116.62.71.84', server main port = 8848}
2024-04-02 12:14:24 |INFO  |main |LoggerUtils.java:60 |com.alibaba.nacos.common.remote.client |[1b28ef36-ab23-4310-ae26-ceafdaf2c294] Success to connect to server [116.62.71.84:8848] on start up, connectionId = 1712031264422_120.227.128.116_11141
2024-04-02 12:14:24 |INFO  |com.alibaba.nacos.client.remote.worker |LoggerUtils.java:60 |com.alibaba.nacos.common.remote.client |[1b28ef36-ab23-4310-ae26-ceafdaf2c294] Notify connected event to listeners.
2024-04-02 12:14:24 |INFO  |main |LoggerUtils.java:60 |com.alibaba.nacos.common.remote.client |[1b28ef36-ab23-4310-ae26-ceafdaf2c294] Register server push request handler:com.alibaba.nacos.common.remote.client.RpcClient$ConnectResetRequestHandler
2024-04-02 12:14:24 |INFO  |main |LoggerUtils.java:60 |com.alibaba.nacos.common.remote.client |[1b28ef36-ab23-4310-ae26-ceafdaf2c294] Register server push request handler:com.alibaba.nacos.common.remote.client.RpcClient$$Lambda$1205/227935585
2024-04-02 12:14:29 |INFO  |main |XxlJobExecutor.java:183 |com.xxl.job.core.executor.XxlJobExecutor |>>>>>>>>>>> xxl-job register jobhandler success, name:mysqlToEs, jobHandler:com.xxl.job.core.handler.impl.MethodJobHandler@7bc4ac3e[class ljl.bilibili.search.handler.MysqlToEsHandler#mysqlToEsHandler]
2024-04-02 12:14:30 |INFO  |main |DirectJDKLog.java:173 |org.apache.coyote.http11.Http11NioProtocol |Starting ProtocolHandler ["http-nio-8201"]
2024-04-02 12:14:30 |INFO  |main |TomcatWebServer.java:220 |org.springframework.boot.web.embedded.tomcat.TomcatWebServer |Tomcat started on port(s): 8201 (http) with context path ''
2024-04-02 12:14:30 |INFO  |main |NacosServiceRegistry.java:65 |com.alibaba.cloud.nacos.registry.NacosServiceRegistry |nacos registry, DEFAULT_GROUP search 192.168.0.100:8201 register finished
2024-04-02 12:14:31 |INFO  |Thread-70 |EmbedServer.java:82 |com.xxl.job.core.server.EmbedServer |>>>>>>>>>>> xxl-job remoting server start success, nettype = class com.xxl.job.core.server.EmbedServer, port = 9916
2024-04-02 12:14:31 |INFO  |main |DocumentationPluginsBootstrapper.java:93 |springfox.documentation.spring.web.plugins.DocumentationPluginsBootstrapper |Documentation plugins bootstrapped
2024-04-02 12:14:31 |INFO  |main |AbstractDocumentationPluginsBootstrapper.java:79 |springfox.documentation.spring.web.plugins.DocumentationPluginsBootstrapper |Found 1 custom documentation plugin(s)
2024-04-02 12:14:32 |INFO  |main |ApiListingReferenceScanner.java:44 |springfox.documentation.spring.web.scanners.ApiListingReferenceScanner |Scanning for api listing references
2024-04-02 12:14:32 |INFO  |main |StartupInfoLogger.java:61 |ljl.bilibili.search.SearchApplication |Started SearchApplication in 29.694 seconds (JVM running for 60.166)
2024-04-02 12:14:45 |INFO  |http-nio-8201-exec-1 |DirectJDKLog.java:173 |org.apache.catalina.core.ContainerBase.[Tomcat].[localhost].[/] |Initializing Spring DispatcherServlet 'dispatcherServlet'
2024-04-02 12:14:45 |INFO  |http-nio-8201-exec-1 |FrameworkServlet.java:525 |org.springframework.web.servlet.DispatcherServlet |Initializing Servlet 'dispatcherServlet'
2024-04-02 12:14:45 |INFO  |http-nio-8201-exec-1 |FrameworkServlet.java:547 |org.springframework.web.servlet.DispatcherServlet |Completed initialization in 2 ms
2024-04-02 12:16:11 |INFO  |http-nio-8201-exec-2 |SearchController.java:67 |ljl.bilibili.search.controller.SearchController |1
2024-04-02 12:17:21 |INFO  |http-nio-8201-exec-9 |SearchController.java:67 |ljl.bilibili.search.controller.SearchController |1
2024-04-02 12:21:20 |INFO  |http-nio-8201-exec-5 |TimeBasedFilter.java:24 |ljl.bilibili.filter.TimeBasedFilter |






2024-04-02 12:21:20 |INFO  |http-nio-8201-exec-5 |SearchController.java:67 |ljl.bilibili.search.controller.SearchController |1
2024-04-02 12:23:05 |INFO  |xxl-job, executor ExecutorRegistryThread |ExecutorRegistryThread.java:54 |com.xxl.job.core.thread.ExecutorRegistryThread |>>>>>>>>>>> xxl-job registry fail, registryParam:RegistryParam{registryGroup='EXECUTOR', registryKey='demo-service-impl', registryValue='http://192.168.0.100:9916/'}, registryResult:ReturnT [code=500, msg=xxl-job remoting error(Read timed out), for url : http://114.55.116.140:8120/xxl-job-admin/api/registry, content=null]
2024-04-02 12:24:04 |INFO  |http-nio-8201-exec-7 |SearchController.java:67 |ljl.bilibili.search.controller.SearchController |1
2024-04-02 12:24:11 |INFO  |Thread-27 |ZipkinAutoConfiguration.java:144 |org.springframework.cloud.sleuth.autoconfig.zipkin2.ZipkinAutoConfiguration |Flushing remaining spans on shutdown
2024-04-02 12:24:12 |INFO  |SpringApplicationShutdownHook |NacosServiceRegistry.java:80 |com.alibaba.cloud.nacos.registry.NacosServiceRegistry |De-registering from Nacos Server now...
2024-04-02 12:24:12 |INFO  |SpringApplicationShutdownHook |NacosServiceRegistry.java:100 |com.alibaba.cloud.nacos.registry.NacosServiceRegistry |De-registration finished.
2024-04-02 12:24:12 |INFO  |Thread-70 |EmbedServer.java:91 |com.xxl.job.core.server.EmbedServer |>>>>>>>>>>> xxl-job remoting server stop.
2024-04-02 12:24:12 |INFO  |xxl-job, executor ExecutorRegistryThread |ExecutorRegistryThread.java:87 |com.xxl.job.core.thread.ExecutorRegistryThread |>>>>>>>>>>> xxl-job registry-remove success, registryParam:RegistryParam{registryGroup='EXECUTOR', registryKey='demo-service-impl', registryValue='http://192.168.0.100:9916/'}, registryResult:ReturnT [code=200, msg=null, content=null]
2024-04-02 12:24:12 |INFO  |xxl-job, executor ExecutorRegistryThread |ExecutorRegistryThread.java:105 |com.xxl.job.core.thread.ExecutorRegistryThread |>>>>>>>>>>> xxl-job, executor registry thread destroy.
2024-04-02 12:24:12 |INFO  |SpringApplicationShutdownHook |EmbedServer.java:117 |com.xxl.job.core.server.EmbedServer |>>>>>>>>>>> xxl-job remoting server destroy success.
2024-04-02 12:24:12 |INFO  |xxl-job, executor TriggerCallbackThread |TriggerCallbackThread.java:98 |com.xxl.job.core.thread.TriggerCallbackThread |>>>>>>>>>>> xxl-job, executor callback thread destroy.
2024-04-02 12:24:12 |INFO  |Thread-69 |TriggerCallbackThread.java:128 |com.xxl.job.core.thread.TriggerCallbackThread |>>>>>>>>>>> xxl-job, executor retry callback thread destroy.
2024-04-02 12:24:12 |INFO  |SpringApplicationShutdownHook |DruidDataSource.java:2063 |com.alibaba.druid.pool.DruidDataSource |{dataSource-0} closing ...
2024-04-02 12:24:29 |INFO  |main |StartupInfoLogger.java:55 |ljl.bilibili.search.SearchApplication |Starting SearchApplication using Java 1.8.0_65 on DESKTOP-4C1V07J with PID 8420 (E:\bilibili\search\target\classes started by Administrator in E:\bilibili)
2024-04-02 12:24:29 |INFO  |main |SpringApplication.java:645 |ljl.bilibili.search.SearchApplication |No active profile set, falling back to 1 default profile: "default"
2024-04-02 12:24:32 |INFO  |main |RepositoryConfigurationDelegate.java:262 |org.springframework.data.repository.config.RepositoryConfigurationDelegate |Multiple Spring Data modules found, entering strict repository configuration mode
2024-04-02 12:24:32 |INFO  |main |RepositoryConfigurationDelegate.java:132 |org.springframework.data.repository.config.RepositoryConfigurationDelegate |Bootstrapping Spring Data Elasticsearch repositories in DEFAULT mode.
2024-04-02 12:24:32 |INFO  |main |RepositoryConfigurationDelegate.java:201 |org.springframework.data.repository.config.RepositoryConfigurationDelegate |Finished Spring Data repository scanning in 13 ms. Found 0 Elasticsearch repository interfaces.
2024-04-02 12:24:32 |INFO  |main |RepositoryConfigurationDelegate.java:262 |org.springframework.data.repository.config.RepositoryConfigurationDelegate |Multiple Spring Data modules found, entering strict repository configuration mode
2024-04-02 12:24:32 |INFO  |main |RepositoryConfigurationDelegate.java:132 |org.springframework.data.repository.config.RepositoryConfigurationDelegate |Bootstrapping Spring Data Reactive Elasticsearch repositories in DEFAULT mode.
2024-04-02 12:24:32 |INFO  |main |RepositoryConfigurationDelegate.java:201 |org.springframework.data.repository.config.RepositoryConfigurationDelegate |Finished Spring Data repository scanning in 4 ms. Found 0 Reactive Elasticsearch repository interfaces.
2024-04-02 12:24:32 |INFO  |main |RepositoryConfigurationDelegate.java:262 |org.springframework.data.repository.config.RepositoryConfigurationDelegate |Multiple Spring Data modules found, entering strict repository configuration mode
2024-04-02 12:24:32 |INFO  |main |RepositoryConfigurationDelegate.java:132 |org.springframework.data.repository.config.RepositoryConfigurationDelegate |Bootstrapping Spring Data Redis repositories in DEFAULT mode.
2024-04-02 12:24:32 |INFO  |main |RepositoryConfigurationDelegate.java:201 |org.springframework.data.repository.config.RepositoryConfigurationDelegate |Finished Spring Data repository scanning in 4 ms. Found 0 Redis repository interfaces.
2024-04-02 12:24:33 |INFO  |main |GenericScope.java:283 |org.springframework.cloud.context.scope.GenericScope |BeanFactory id=20aff51d-5265-313d-adf0-3c95e5cc4ca3
2024-04-02 12:24:34 |INFO  |main |TomcatWebServer.java:108 |org.springframework.boot.web.embedded.tomcat.TomcatWebServer |Tomcat initialized with port(s): 8201 (http)
2024-04-02 12:24:34 |INFO  |main |DirectJDKLog.java:173 |org.apache.coyote.http11.Http11NioProtocol |Initializing ProtocolHandler ["http-nio-8201"]
2024-04-02 12:24:34 |INFO  |main |DirectJDKLog.java:173 |org.apache.catalina.core.StandardService |Starting service [Tomcat]
2024-04-02 12:24:34 |INFO  |main |DirectJDKLog.java:173 |org.apache.catalina.core.StandardEngine |Starting Servlet engine: [Apache Tomcat/9.0.65]
2024-04-02 12:24:34 |INFO  |main |DirectJDKLog.java:173 |org.apache.catalina.core.ContainerBase.[Tomcat].[localhost].[/] |Initializing Spring embedded WebApplicationContext
2024-04-02 12:24:34 |INFO  |main |ServletWebServerApplicationContext.java:290 |org.springframework.boot.web.servlet.context.ServletWebServerApplicationContext |Root WebApplicationContext: initialization completed in 5098 ms
2024-04-02 12:24:36 |INFO  |main |ElasticsearchClientConfig.java:59 |ljl.bilibili.search.config.ElasticsearchClientConfig |Connecting Elasticsearch...
2024-04-02 12:24:36 |INFO  |main |ElasticsearchClientConfig.java:74 |ljl.bilibili.search.config.ElasticsearchClientConfig |Elasticsearch Connected!
2024-04-02 12:24:36 |INFO  |main |MybatisPlusJoinAutoConfiguration.java:140 |com.github.yulichang.autoconfigure.MybatisPlusJoinAutoConfiguration |mybatis plus join properties config complete
2024-04-02 12:24:36 |INFO  |main |MybatisPlusJoinAutoConfiguration.java:140 |com.github.yulichang.autoconfigure.MybatisPlusJoinAutoConfiguration |mybatis plus join SqlInjector init
2024-04-02 12:24:39 |INFO  |main |WebMvcPropertySourcedRequestMappingHandlerMapping.java:69 |springfox.documentation.spring.web.WebMvcPropertySourcedRequestMappingHandlerMapping |Mapped URL path [/v2/api-docs] onto method [springfox.documentation.swagger2.web.Swagger2ControllerWebMvc#getDocumentation(String, HttpServletRequest)]
2024-04-02 12:24:39 |INFO  |main |XxlJobConfig.java:46 |ljl.bilibili.search.config.XxlJobConfig |>>>>>>>>>>> xxl-job config init.
2024-04-02 12:24:40 |INFO  |main |RpcClientFactory.java:80 |com.alibaba.nacos.common.remote.client |[RpcClientFactory] create a new rpc client of 8a04867e-7b40-4086-af29-a3ea9e58066b
2024-04-02 12:24:40 |INFO  |main |Reflections.java:232 |org.reflections.Reflections |Reflections took 35 ms to scan 1 urls, producing 3 keys and 6 values 
2024-04-02 12:24:40 |INFO  |main |Reflections.java:232 |org.reflections.Reflections |Reflections took 18 ms to scan 1 urls, producing 4 keys and 9 values 
2024-04-02 12:24:40 |INFO  |main |Reflections.java:232 |org.reflections.Reflections |Reflections took 12 ms to scan 1 urls, producing 3 keys and 10 values 
2024-04-02 12:24:40 |INFO  |main |Reflections.java:232 |org.reflections.Reflections |Reflections took 210 ms to scan 275 urls, producing 0 keys and 0 values 
2024-04-02 12:24:40 |INFO  |main |Reflections.java:232 |org.reflections.Reflections |Reflections took 13 ms to scan 1 urls, producing 1 keys and 5 values 
2024-04-02 12:24:40 |INFO  |main |Reflections.java:232 |org.reflections.Reflections |Reflections took 14 ms to scan 1 urls, producing 1 keys and 7 values 
2024-04-02 12:24:40 |INFO  |main |Reflections.java:232 |org.reflections.Reflections |Reflections took 22 ms to scan 1 urls, producing 2 keys and 8 values 
2024-04-02 12:24:40 |INFO  |main |Reflections.java:232 |org.reflections.Reflections |Reflections took 190 ms to scan 275 urls, producing 0 keys and 0 values 
2024-04-02 12:24:40 |INFO  |main |LoggerUtils.java:60 |com.alibaba.nacos.common.remote.client |[8a04867e-7b40-4086-af29-a3ea9e58066b] RpcClient init label, labels = {module=naming, source=sdk}
2024-04-02 12:24:40 |INFO  |main |LoggerUtils.java:60 |com.alibaba.nacos.common.remote.client |[8a04867e-7b40-4086-af29-a3ea9e58066b] RpcClient init, ServerListFactory = com.alibaba.nacos.client.naming.core.ServerListManager
2024-04-02 12:24:40 |INFO  |main |LoggerUtils.java:60 |com.alibaba.nacos.common.remote.client |[8a04867e-7b40-4086-af29-a3ea9e58066b] Registry connection listener to current client:com.alibaba.nacos.client.naming.remote.gprc.redo.NamingGrpcRedoService
2024-04-02 12:24:40 |INFO  |main |LoggerUtils.java:60 |com.alibaba.nacos.common.remote.client |[8a04867e-7b40-4086-af29-a3ea9e58066b] Register server push request handler:com.alibaba.nacos.client.naming.remote.gprc.NamingPushRequestHandler
2024-04-02 12:24:40 |INFO  |main |LoggerUtils.java:60 |com.alibaba.nacos.common.remote.client |[8a04867e-7b40-4086-af29-a3ea9e58066b] Try to connect to server on start up, server: {serverIp = '116.62.71.84', server main port = 8848}
2024-04-02 12:24:42 |INFO  |main |LoggerUtils.java:60 |com.alibaba.nacos.common.remote.client |[8a04867e-7b40-4086-af29-a3ea9e58066b] Success to connect to server [116.62.71.84:8848] on start up, connectionId = 1712031882220_120.227.128.116_10871
2024-04-02 12:24:42 |INFO  |com.alibaba.nacos.client.remote.worker |LoggerUtils.java:60 |com.alibaba.nacos.common.remote.client |[8a04867e-7b40-4086-af29-a3ea9e58066b] Notify connected event to listeners.
2024-04-02 12:24:42 |INFO  |main |LoggerUtils.java:60 |com.alibaba.nacos.common.remote.client |[8a04867e-7b40-4086-af29-a3ea9e58066b] Register server push request handler:com.alibaba.nacos.common.remote.client.RpcClient$ConnectResetRequestHandler
2024-04-02 12:24:42 |INFO  |main |LoggerUtils.java:60 |com.alibaba.nacos.common.remote.client |[8a04867e-7b40-4086-af29-a3ea9e58066b] Register server push request handler:com.alibaba.nacos.common.remote.client.RpcClient$$Lambda$1205/1016893923
2024-04-02 12:24:44 |INFO  |main |XxlJobExecutor.java:183 |com.xxl.job.core.executor.XxlJobExecutor |>>>>>>>>>>> xxl-job register jobhandler success, name:mysqlToEs, jobHandler:com.xxl.job.core.handler.impl.MethodJobHandler@44723d95[class ljl.bilibili.search.handler.MysqlToEsHandler#mysqlToEsHandler]
2024-04-02 12:24:44 |INFO  |main |DirectJDKLog.java:173 |org.apache.coyote.http11.Http11NioProtocol |Starting ProtocolHandler ["http-nio-8201"]
2024-04-02 12:24:45 |INFO  |main |TomcatWebServer.java:220 |org.springframework.boot.web.embedded.tomcat.TomcatWebServer |Tomcat started on port(s): 8201 (http) with context path ''
2024-04-02 12:24:45 |INFO  |main |NacosServiceRegistry.java:65 |com.alibaba.cloud.nacos.registry.NacosServiceRegistry |nacos registry, DEFAULT_GROUP search 192.168.0.100:8201 register finished
2024-04-02 12:24:45 |INFO  |Thread-43 |EmbedServer.java:82 |com.xxl.job.core.server.EmbedServer |>>>>>>>>>>> xxl-job remoting server start success, nettype = class com.xxl.job.core.server.EmbedServer, port = 9916
2024-04-02 12:24:45 |INFO  |main |DocumentationPluginsBootstrapper.java:93 |springfox.documentation.spring.web.plugins.DocumentationPluginsBootstrapper |Documentation plugins bootstrapped
2024-04-02 12:24:45 |INFO  |main |AbstractDocumentationPluginsBootstrapper.java:79 |springfox.documentation.spring.web.plugins.DocumentationPluginsBootstrapper |Found 1 custom documentation plugin(s)
2024-04-02 12:24:45 |INFO  |main |ApiListingReferenceScanner.java:44 |springfox.documentation.spring.web.scanners.ApiListingReferenceScanner |Scanning for api listing references
2024-04-02 12:24:45 |INFO  |main |StartupInfoLogger.java:61 |ljl.bilibili.search.SearchApplication |Started SearchApplication in 18.283 seconds (JVM running for 27.214)
2024-04-02 12:24:49 |INFO  |http-nio-8201-exec-9 |DirectJDKLog.java:173 |org.apache.catalina.core.ContainerBase.[Tomcat].[localhost].[/] |Initializing Spring DispatcherServlet 'dispatcherServlet'
2024-04-02 12:24:49 |INFO  |http-nio-8201-exec-9 |FrameworkServlet.java:525 |org.springframework.web.servlet.DispatcherServlet |Initializing Servlet 'dispatcherServlet'
2024-04-02 12:24:49 |INFO  |http-nio-8201-exec-9 |FrameworkServlet.java:547 |org.springframework.web.servlet.DispatcherServlet |Completed initialization in 2 ms
2024-04-02 12:24:49 |INFO  |http-nio-8201-exec-9 |SearchController.java:67 |ljl.bilibili.search.controller.SearchController |1
2024-04-02 12:24:54 |INFO  |http-nio-8201-exec-8 |SearchController.java:67 |ljl.bilibili.search.controller.SearchController |1
2024-04-02 12:33:11 |INFO  |http-nio-8201-exec-4 |TimeBasedFilter.java:24 |ljl.bilibili.filter.TimeBasedFilter |






2024-04-02 12:33:11 |INFO  |http-nio-8201-exec-4 |SearchController.java:67 |ljl.bilibili.search.controller.SearchController |1
2024-04-02 12:33:20 |INFO  |http-nio-8201-exec-2 |SearchController.java:67 |ljl.bilibili.search.controller.SearchController |1
2024-04-02 12:33:27 |INFO  |http-nio-8201-exec-1 |SearchController.java:67 |ljl.bilibili.search.controller.SearchController |1
2024-04-02 12:33:56 |INFO  |Thread-11 |ZipkinAutoConfiguration.java:144 |org.springframework.cloud.sleuth.autoconfig.zipkin2.ZipkinAutoConfiguration |Flushing remaining spans on shutdown
2024-04-02 12:33:57 |INFO  |SpringApplicationShutdownHook |NacosServiceRegistry.java:80 |com.alibaba.cloud.nacos.registry.NacosServiceRegistry |De-registering from Nacos Server now...
2024-04-02 12:33:57 |INFO  |SpringApplicationShutdownHook |NacosServiceRegistry.java:100 |com.alibaba.cloud.nacos.registry.NacosServiceRegistry |De-registration finished.
2024-04-02 12:33:57 |INFO  |Thread-43 |EmbedServer.java:91 |com.xxl.job.core.server.EmbedServer |>>>>>>>>>>> xxl-job remoting server stop.
2024-04-02 12:33:57 |INFO  |xxl-job, executor ExecutorRegistryThread |ExecutorRegistryThread.java:87 |com.xxl.job.core.thread.ExecutorRegistryThread |>>>>>>>>>>> xxl-job registry-remove success, registryParam:RegistryParam{registryGroup='EXECUTOR', registryKey='demo-service-impl', registryValue='http://192.168.0.100:9916/'}, registryResult:ReturnT [code=200, msg=null, content=null]
2024-04-02 12:33:57 |INFO  |xxl-job, executor ExecutorRegistryThread |ExecutorRegistryThread.java:105 |com.xxl.job.core.thread.ExecutorRegistryThread |>>>>>>>>>>> xxl-job, executor registry thread destroy.
2024-04-02 12:33:57 |INFO  |SpringApplicationShutdownHook |EmbedServer.java:117 |com.xxl.job.core.server.EmbedServer |>>>>>>>>>>> xxl-job remoting server destroy success.
2024-04-02 12:33:57 |INFO  |xxl-job, executor TriggerCallbackThread |TriggerCallbackThread.java:98 |com.xxl.job.core.thread.TriggerCallbackThread |>>>>>>>>>>> xxl-job, executor callback thread destroy.
2024-04-02 12:33:57 |INFO  |Thread-42 |TriggerCallbackThread.java:128 |com.xxl.job.core.thread.TriggerCallbackThread |>>>>>>>>>>> xxl-job, executor retry callback thread destroy.
2024-04-02 12:33:57 |INFO  |SpringApplicationShutdownHook |DruidDataSource.java:2063 |com.alibaba.druid.pool.DruidDataSource |{dataSource-0} closing ...
